[ 2015-03-21T23:04:56+08:00 ] ::1 /scuthelper/3/
INFO: [ app_init ] --START--
INFO: Run Behavior\BuildLiteBehavior [ RunTime:0.000039s ]
INFO: [ app_init ] --END-- [ RunTime:0.013455s ]
INFO: [ app_begin ] --START--
INFO: Run Behavior\ReadHtmlCacheBehavior [ RunTime:0.010170s ]
INFO: [ app_begin ] --END-- [ RunTime:0.010356s ]
INFO: [ view_parse ] --START--
INFO: [ template_filter ] --START--
INFO: Run Behavior\ContentReplaceBehavior [ RunTime:0.000142s ]
INFO: [ template_filter ] --END-- [ RunTime:0.000352s ]
INFO: Run Behavior\ParseTemplateBehavior [ RunTime:0.053203s ]
INFO: [ view_parse ] --END-- [ RunTime:0.053363s ]
INFO: [ view_filter ] --START--
INFO: Run Behavior\WriteHtmlCacheBehavior [ RunTime:0.008837s ]
INFO: [ view_filter ] --END-- [ RunTime:0.008996s ]
INFO: [ app_end ] --START--
INFO: Run Behavior\ShowPageTraceBehavior [ RunTime:0.010252s ]
INFO: [ app_end ] --END-- [ RunTime:0.010436s ]

[ 2015-03-21T23:22:29+08:00 ] ::1 /scuthelper/3/
INFO: [ app_init ] --START--
INFO: Run Behavior\BuildLiteBehavior [ RunTime:0.000028s ]
INFO: [ app_init ] --END-- [ RunTime:0.000660s ]
INFO: [ app_begin ] --START--
INFO: Run Behavior\ReadHtmlCacheBehavior [ RunTime:0.001346s ]
INFO: [ app_begin ] --END-- [ RunTime:0.001604s ]
INFO: [ view_parse ] --START--
INFO: [ template_filter ] --START--
INFO: Run Behavior\ContentReplaceBehavior [ RunTime:0.000132s ]
INFO: [ template_filter ] --END-- [ RunTime:0.000303s ]
NOTIC: [2] PDO::__construct() [<a href='pdo.--construct'>pdo.--construct</a>]: php_network_getaddresses: getaddrinfo failed: ²»ÖªµÀÕâÑùµÄÖ÷»ú¡£  D:\wamp\Web\scuthelper\3\ThinkPHP\Library\Think\Db\Driver.class.php ç¬¬ 103 è¡Œ.
NOTIC: [2] PDO::__construct() [<a href='pdo.--construct'>pdo.--construct</a>]: [2002] php_network_getaddresses: getaddrinfo failed: ²»ÖªµÀÕâÑùµÄÖ÷»ú¡£  (trying to connect via tcp://localhost/phpmyadmin/:3307) D:\wamp\Web\scuthelper\3\ThinkPHP\Library\Think\Db\Driver.class.php ç¬¬ 103 è¡Œ.
ERR: SQLSTATE[HY000] [2002] php_network_getaddresses: getaddrinfo failed: ²»ÖªµÀÕâÑùµÄÖ÷»ú¡£ 

[ 2015-03-21T23:25:03+08:00 ] ::1 /scuthelper/3/
INFO: [ app_init ] --START--
INFO: Run Behavior\BuildLiteBehavior [ RunTime:0.000048s ]
INFO: [ app_init ] --END-- [ RunTime:0.000761s ]
INFO: [ app_begin ] --START--
INFO: Run Behavior\ReadHtmlCacheBehavior [ RunTime:0.000966s ]
INFO: [ app_begin ] --END-- [ RunTime:0.001115s ]
INFO: [ view_parse ] --START--
INFO: [ template_filter ] --START--
INFO: Run Behavior\ContentReplaceBehavior [ RunTime:0.000100s ]
INFO: [ template_filter ] --END-- [ RunTime:0.000219s ]
NOTIC: [2] PDO::__construct() [<a href='pdo.--construct'>pdo.--construct</a>]: php_network_getaddresses: getaddrinfo failed: ²»ÖªµÀÕâÑùµÄÖ÷»ú¡£  D:\wamp\Web\scuthelper\3\ThinkPHP\Library\Think\Db\Driver.class.php ç¬¬ 103 è¡Œ.
NOTIC: [2] PDO::__construct() [<a href='pdo.--construct'>pdo.--construct</a>]: [2002] php_network_getaddresses: getaddrinfo failed: ²»ÖªµÀÕâÑùµÄÖ÷»ú¡£  (trying to connect via tcp://localhost/phpmyadmin/:3307) D:\wamp\Web\scuthelper\3\ThinkPHP\Library\Think\Db\Driver.class.php ç¬¬ 103 è¡Œ.
ERR: SQLSTATE[HY000] [2002] php_network_getaddresses: getaddrinfo failed: ²»ÖªµÀÕâÑùµÄÖ÷»ú¡£ 

[ 2015-03-21T23:56:55+08:00 ] ::1 /scuthelper/3/
INFO: [ app_init ] --START--
INFO: Run Behavior\BuildLiteBehavior [ RunTime:0.000039s ]
INFO: [ app_init ] --END-- [ RunTime:0.000933s ]
INFO: [ app_begin ] --START--
INFO: Run Behavior\ReadHtmlCacheBehavior [ RunTime:0.001898s ]
INFO: [ app_begin ] --END-- [ RunTime:0.002100s ]
NOTIC: [2] PDO::__construct() [<a href='pdo.--construct'>pdo.--construct</a>]: php_network_getaddresses: getaddrinfo failed: ²»ÖªµÀÕâÑùµÄÖ÷»ú¡£  D:\wamp\Web\scuthelper\3\ThinkPHP\Library\Think\Db\Driver.class.php ç¬¬ 103 è¡Œ.
NOTIC: [2] PDO::__construct() [<a href='pdo.--construct'>pdo.--construct</a>]: [2002] php_network_getaddresses: getaddrinfo failed: ²»ÖªµÀÕâÑùµÄÖ÷»ú¡£  (trying to connect via tcp://localhost/phpmyadmin/:3307) D:\wamp\Web\scuthelper\3\ThinkPHP\Library\Think\Db\Driver.class.php ç¬¬ 103 è¡Œ.
ERR: SQLSTATE[HY000] [2002] php_network_getaddresses: getaddrinfo failed: ²»ÖªµÀÕâÑùµÄÖ÷»ú¡£ 

[ 2015-03-21T23:59:35+08:00 ] ::1 /scuthelper/3/
INFO: [ app_init ] --START--
INFO: Run Behavior\BuildLiteBehavior [ RunTime:0.000035s ]
INFO: [ app_init ] --END-- [ RunTime:0.000600s ]
INFO: [ app_begin ] --START--
INFO: Run Behavior\ReadHtmlCacheBehavior [ RunTime:0.001468s ]
INFO: [ app_begin ] --END-- [ RunTime:0.001651s ]
NOTIC: [2] PDO::__construct() [<a href='pdo.--construct'>pdo.--construct</a>]: php_network_getaddresses: getaddrinfo failed: ²»ÖªµÀÕâÑùµÄÖ÷»ú¡£  D:\wamp\Web\scuthelper\3\ThinkPHP\Library\Think\Db\Driver.class.php ç¬¬ 103 è¡Œ.
NOTIC: [2] PDO::__construct() [<a href='pdo.--construct'>pdo.--construct</a>]: [2002] php_network_getaddresses: getaddrinfo failed: ²»ÖªµÀÕâÑùµÄÖ÷»ú¡£  (trying to connect via tcp://localhost/phpmyadmin/:3306) D:\wamp\Web\scuthelper\3\ThinkPHP\Library\Think\Db\Driver.class.php ç¬¬ 103 è¡Œ.
ERR: SQLSTATE[HY000] [2002] php_network_getaddresses: getaddrinfo failed: ²»ÖªµÀÕâÑùµÄÖ÷»ú¡£ 

