[ 2016-04-09T00:00:25+08:00 ] ::1 /scuthelper/3/market/ordersAndProducts?seller_note=&order_reject_button=
INFO: [ app_init ] --START--
INFO: Run Behavior\BuildLiteBehavior [ RunTime:0.000000s ]
INFO: [ app_init ] --END-- [ RunTime:0.001000s ]
INFO: [ app_begin ] --START--
INFO: Run Behavior\ReadHtmlCacheBehavior [ RunTime:0.001000s ]
INFO: [ app_begin ] --END-- [ RunTime:0.001000s ]
NOTIC: [8] A session had already been started - ignoring session_start() E:\wamp\www\scuthelper\3\Application\Home\Controller\PersonalController.class.php 第 251 行.
SQL: SHOW COLUMNS FROM `orders` [ RunTime:0.0030s ]
SQL: SELECT `order_id`,products.name,orders.time,`latest_time`,orders.quantity,addresses.content,`address2`,`status` FROM `orders` INNER JOIN products ON products.product_id=orders.product_id INNER JOIN addresses ON addresses.address_id = orders.address1  WHERE ( orders.user_id=21 ) ORDER BY latest_time desc  [ RunTime:0.0010s ]
SQL: SHOW COLUMNS FROM `products` [ RunTime:0.0030s ]
SQL: SELECT * FROM `products` WHERE ( user_id=21 ) ORDER BY modify_time desc  [ RunTime:0.0010s ]
SQL: SELECT `order_id`,products.product_id,products.name,orders.time,orders.quantity,orders.address2,addresses.content,`buyer_note`,`min_price`,`max_price`,`expect_exchange_time` FROM `orders` INNER JOIN products ON products.product_id=orders.product_id INNER JOIN addresses ON addresses.address_id = orders.address1  WHERE ( orders.status=0 AND products.user_id=21 ) ORDER BY time desc  [ RunTime:0.0000s ]
SQL: SHOW COLUMNS FROM `users` [ RunTime:0.0030s ]
SQL: SELECT * FROM `users` WHERE ( user_id=21 ) LIMIT 1   [ RunTime:0.0000s ]
NOTIC: [2] file_get_contents(isMobile?user_agent=Mozilla/5.0 (Windows NT 6.1; WOW64; rv:45.0) Gecko/20100101 Firefox/45.0): failed to open stream: Result too large E:\wamp\www\scuthelper\3\Application\Home\Controller\PersonalController.class.php 第 264 行.
INFO: [ view_parse ] --START--
INFO: [ template_filter ] --START--
INFO: Run Behavior\ContentReplaceBehavior [ RunTime:0.000000s ]
INFO: [ template_filter ] --END-- [ RunTime:0.001000s ]
INFO: Run Behavior\ParseTemplateBehavior [ RunTime:0.011001s ]
INFO: [ view_parse ] --END-- [ RunTime:0.011001s ]
INFO: [ view_filter ] --START--
INFO: Run Behavior\WriteHtmlCacheBehavior [ RunTime:0.000000s ]
INFO: [ view_filter ] --END-- [ RunTime:0.000000s ]
INFO: [ view_parse ] --START--
INFO: [ template_filter ] --START--
INFO: Run Behavior\ContentReplaceBehavior [ RunTime:0.000000s ]
INFO: [ template_filter ] --END-- [ RunTime:-0.019001s ]
INFO: Run Behavior\ParseTemplateBehavior [ RunTime:0.023001s ]
INFO: [ view_parse ] --END-- [ RunTime:-0.002000s ]
INFO: [ view_filter ] --START--
INFO: Run Behavior\WriteHtmlCacheBehavior [ RunTime:0.000000s ]
INFO: [ view_filter ] --END-- [ RunTime:-0.024001s ]
INFO: [ view_parse ] --START--
INFO: [ template_filter ] --START--
INFO: Run Behavior\ContentReplaceBehavior [ RunTime:0.000000s ]
INFO: [ template_filter ] --END-- [ RunTime:-0.030002s ]
INFO: Run Behavior\ParseTemplateBehavior [ RunTime:0.003001s ]
INFO: [ view_parse ] --END-- [ RunTime:-0.027001s ]
INFO: [ view_filter ] --START--
INFO: Run Behavior\WriteHtmlCacheBehavior [ RunTime:0.000000s ]
INFO: [ view_filter ] --END-- [ RunTime:-0.029002s ]
NOTIC: [2] Cannot modify header information - headers already sent by (output started at E:\wamp\www\scuthelper\3\ThinkPHP\Library\Think\View.class.php:95) E:\wamp\www\scuthelper\3\ThinkPHP\Library\Think\View.class.php 第 91 行.
NOTIC: [2] Cannot modify header information - headers already sent by (output started at E:\wamp\www\scuthelper\3\ThinkPHP\Library\Think\View.class.php:95) E:\wamp\www\scuthelper\3\ThinkPHP\Library\Think\View.class.php 第 92 行.
NOTIC: [2] Cannot modify header information - headers already sent by (output started at E:\wamp\www\scuthelper\3\ThinkPHP\Library\Think\View.class.php:95) E:\wamp\www\scuthelper\3\ThinkPHP\Library\Think\View.class.php 第 93 行.
INFO: [ app_end ] --START--
INFO: Run Behavior\ShowPageTraceBehavior [ RunTime:0.001000s ]
INFO: [ app_end ] --END-- [ RunTime:0.001000s ]

[ 2016-04-09T00:00:34+08:00 ] ::1 /scuthelper/3/market/updateOrder
INFO: [ app_init ] --START--
INFO: Run Behavior\BuildLiteBehavior [ RunTime:0.000000s ]
INFO: [ app_init ] --END-- [ RunTime:0.002000s ]
INFO: [ app_begin ] --START--
INFO: Run Behavior\ReadHtmlCacheBehavior [ RunTime:0.001000s ]
INFO: [ app_begin ] --END-- [ RunTime:0.002000s ]
SQL: SHOW COLUMNS FROM `orders` [ RunTime:0.0050s ]
SQL: SELECT * FROM `orders` WHERE ( order_id=1 ) LIMIT 1   [ RunTime:0.0010s ]
SQL: SHOW COLUMNS FROM `products` [ RunTime:0.0050s ]
SQL: SELECT * FROM `products` WHERE ( product_id=9 ) LIMIT 1   [ RunTime:0.0000s ]
INFO: [ app_end ] --START--
INFO: Run Behavior\ShowPageTraceBehavior [ RunTime:0.001000s ]
INFO: [ app_end ] --END-- [ RunTime:0.002000s ]

[ 2016-04-09T00:01:58+08:00 ] ::1 /scuthelper/3/market/ordersAndProducts?seller_note=&order_reject_button=
INFO: [ app_init ] --START--
INFO: Run Behavior\BuildLiteBehavior [ RunTime:0.000000s ]
INFO: [ app_init ] --END-- [ RunTime:0.001000s ]
INFO: [ app_begin ] --START--
INFO: Run Behavior\ReadHtmlCacheBehavior [ RunTime:0.001000s ]
INFO: [ app_begin ] --END-- [ RunTime:0.003000s ]
NOTIC: [8] A session had already been started - ignoring session_start() E:\wamp\www\scuthelper\3\Application\Home\Controller\PersonalController.class.php 第 251 行.
SQL: SHOW COLUMNS FROM `orders` [ RunTime:0.0040s ]
SQL: SELECT `order_id`,products.name,orders.time,`latest_time`,orders.quantity,addresses.content,`address2`,`status` FROM `orders` INNER JOIN products ON products.product_id=orders.product_id INNER JOIN addresses ON addresses.address_id = orders.address1  WHERE ( orders.user_id=21 ) ORDER BY latest_time desc  [ RunTime:0.0010s ]
SQL: SHOW COLUMNS FROM `products` [ RunTime:0.0040s ]
SQL: SELECT * FROM `products` WHERE ( user_id=21 ) ORDER BY modify_time desc  [ RunTime:0.0010s ]
SQL: SELECT `order_id`,products.product_id,products.name,orders.time,orders.quantity,orders.address2,addresses.content,`buyer_note`,`min_price`,`max_price`,`expect_exchange_time` FROM `orders` INNER JOIN products ON products.product_id=orders.product_id INNER JOIN addresses ON addresses.address_id = orders.address1  WHERE ( orders.status=0 AND products.user_id=21 ) ORDER BY time desc  [ RunTime:0.0010s ]
SQL: SHOW COLUMNS FROM `users` [ RunTime:0.0040s ]
SQL: SELECT * FROM `users` WHERE ( user_id=21 ) LIMIT 1   [ RunTime:0.0010s ]
NOTIC: [2] file_get_contents(isMobile?user_agent=Mozilla/5.0 (Windows NT 6.1; WOW64; rv:45.0) Gecko/20100101 Firefox/45.0): failed to open stream: No such file or directory E:\wamp\www\scuthelper\3\Application\Home\Controller\PersonalController.class.php 第 264 行.
INFO: [ view_parse ] --START--
INFO: [ template_filter ] --START--
INFO: Run Behavior\ContentReplaceBehavior [ RunTime:0.001000s ]
INFO: [ template_filter ] --END-- [ RunTime:0.002000s ]
INFO: Run Behavior\ParseTemplateBehavior [ RunTime:0.023002s ]
INFO: [ view_parse ] --END-- [ RunTime:0.023002s ]
INFO: [ view_filter ] --START--
INFO: Run Behavior\WriteHtmlCacheBehavior [ RunTime:0.001000s ]
INFO: [ view_filter ] --END-- [ RunTime:0.001000s ]
INFO: [ view_parse ] --START--
INFO: [ template_filter ] --START--
INFO: Run Behavior\ContentReplaceBehavior [ RunTime:0.000000s ]
INFO: [ template_filter ] --END-- [ RunTime:-0.040003s ]
INFO: Run Behavior\ParseTemplateBehavior [ RunTime:0.049003s ]
INFO: [ view_parse ] --END-- [ RunTime:-0.003000s ]
INFO: [ view_filter ] --START--
INFO: Run Behavior\WriteHtmlCacheBehavior [ RunTime:0.001000s ]
INFO: [ view_filter ] --END-- [ RunTime:-0.050003s ]
INFO: [ view_parse ] --START--
INFO: [ template_filter ] --START--
INFO: Run Behavior\ContentReplaceBehavior [ RunTime:0.000000s ]
INFO: [ template_filter ] --END-- [ RunTime:-0.063004s ]
INFO: Run Behavior\ParseTemplateBehavior [ RunTime:0.008000s ]
INFO: [ view_parse ] --END-- [ RunTime:-0.054003s ]
INFO: [ view_filter ] --START--
INFO: Run Behavior\WriteHtmlCacheBehavior [ RunTime:0.000000s ]
INFO: [ view_filter ] --END-- [ RunTime:-0.060003s ]
NOTIC: [2] Cannot modify header information - headers already sent by (output started at E:\wamp\www\scuthelper\3\ThinkPHP\Library\Think\View.class.php:95) E:\wamp\www\scuthelper\3\ThinkPHP\Library\Think\View.class.php 第 91 行.
NOTIC: [2] Cannot modify header information - headers already sent by (output started at E:\wamp\www\scuthelper\3\ThinkPHP\Library\Think\View.class.php:95) E:\wamp\www\scuthelper\3\ThinkPHP\Library\Think\View.class.php 第 92 行.
NOTIC: [2] Cannot modify header information - headers already sent by (output started at E:\wamp\www\scuthelper\3\ThinkPHP\Library\Think\View.class.php:95) E:\wamp\www\scuthelper\3\ThinkPHP\Library\Think\View.class.php 第 93 行.
INFO: [ app_end ] --START--
INFO: Run Behavior\ShowPageTraceBehavior [ RunTime:0.002000s ]
INFO: [ app_end ] --END-- [ RunTime:0.002000s ]

[ 2016-04-09T00:02:22+08:00 ] ::1 /scuthelper/3/market/ordersAndProducts?seller_note=&order_reject_button=
INFO: [ app_init ] --START--
INFO: Run Behavior\BuildLiteBehavior [ RunTime:0.000000s ]
INFO: [ app_init ] --END-- [ RunTime:0.001000s ]
INFO: [ app_begin ] --START--
INFO: Run Behavior\ReadHtmlCacheBehavior [ RunTime:0.001000s ]
INFO: [ app_begin ] --END-- [ RunTime:0.001000s ]
NOTIC: [8] A session had already been started - ignoring session_start() E:\wamp\www\scuthelper\3\Application\Home\Controller\PersonalController.class.php 第 251 行.
SQL: SHOW COLUMNS FROM `orders` [ RunTime:0.0060s ]
SQL: SELECT `order_id`,products.name,orders.time,`latest_time`,orders.quantity,addresses.content,`address2`,`status` FROM `orders` INNER JOIN products ON products.product_id=orders.product_id INNER JOIN addresses ON addresses.address_id = orders.address1  WHERE ( orders.user_id=21 ) ORDER BY latest_time desc  [ RunTime:0.0010s ]
SQL: SHOW COLUMNS FROM `products` [ RunTime:0.0040s ]
SQL: SELECT * FROM `products` WHERE ( user_id=21 ) ORDER BY modify_time desc  [ RunTime:0.0000s ]
SQL: SELECT `order_id`,products.product_id,products.name,orders.time,orders.quantity,orders.address2,addresses.content,`buyer_note`,`min_price`,`max_price`,`expect_exchange_time` FROM `orders` INNER JOIN products ON products.product_id=orders.product_id INNER JOIN addresses ON addresses.address_id = orders.address1  WHERE ( orders.status=0 AND products.user_id=21 ) ORDER BY time desc  [ RunTime:0.0000s ]
SQL: SHOW COLUMNS FROM `users` [ RunTime:0.0040s ]
SQL: SELECT * FROM `users` WHERE ( user_id=21 ) LIMIT 1   [ RunTime:0.0010s ]
NOTIC: [2] file_get_contents(isMobile?user_agent=Mozilla/5.0 (Windows NT 6.1; WOW64; rv:45.0) Gecko/20100101 Firefox/45.0): failed to open stream: Result too large E:\wamp\www\scuthelper\3\Application\Home\Controller\PersonalController.class.php 第 264 行.
INFO: [ view_parse ] --START--
INFO: [ template_filter ] --START--
INFO: Run Behavior\ContentReplaceBehavior [ RunTime:0.000000s ]
INFO: [ template_filter ] --END-- [ RunTime:0.000000s ]
INFO: Run Behavior\ParseTemplateBehavior [ RunTime:0.011001s ]
INFO: [ view_parse ] --END-- [ RunTime:0.011001s ]
INFO: [ view_filter ] --START--
INFO: Run Behavior\WriteHtmlCacheBehavior [ RunTime:0.001000s ]
INFO: [ view_filter ] --END-- [ RunTime:0.001000s ]
INFO: [ view_parse ] --START--
INFO: [ template_filter ] --START--
INFO: Run Behavior\ContentReplaceBehavior [ RunTime:0.001000s ]
INFO: [ template_filter ] --END-- [ RunTime:-0.027001s ]
INFO: Run Behavior\ParseTemplateBehavior [ RunTime:0.038002s ]
INFO: [ view_parse ] --END-- [ RunTime:-0.003000s ]
INFO: [ view_filter ] --START--
INFO: Run Behavior\WriteHtmlCacheBehavior [ RunTime:0.001000s ]
INFO: [ view_filter ] --END-- [ RunTime:-0.039002s ]
INFO: [ view_parse ] --START--
INFO: [ template_filter ] --START--
INFO: Run Behavior\ContentReplaceBehavior [ RunTime:0.000000s ]
INFO: [ template_filter ] --END-- [ RunTime:-0.050002s ]
INFO: Run Behavior\ParseTemplateBehavior [ RunTime:0.007001s ]
INFO: [ view_parse ] --END-- [ RunTime:-0.043002s ]
INFO: [ view_filter ] --START--
INFO: Run Behavior\WriteHtmlCacheBehavior [ RunTime:0.000000s ]
INFO: [ view_filter ] --END-- [ RunTime:-0.050003s ]
NOTIC: [2] Cannot modify header information - headers already sent by (output started at E:\wamp\www\scuthelper\3\ThinkPHP\Library\Think\View.class.php:95) E:\wamp\www\scuthelper\3\ThinkPHP\Library\Think\View.class.php 第 91 行.
NOTIC: [2] Cannot modify header information - headers already sent by (output started at E:\wamp\www\scuthelper\3\ThinkPHP\Library\Think\View.class.php:95) E:\wamp\www\scuthelper\3\ThinkPHP\Library\Think\View.class.php 第 92 行.
NOTIC: [2] Cannot modify header information - headers already sent by (output started at E:\wamp\www\scuthelper\3\ThinkPHP\Library\Think\View.class.php:95) E:\wamp\www\scuthelper\3\ThinkPHP\Library\Think\View.class.php 第 93 行.
INFO: [ app_end ] --START--
INFO: Run Behavior\ShowPageTraceBehavior [ RunTime:0.002000s ]
INFO: [ app_end ] --END-- [ RunTime:0.002000s ]

[ 2016-04-09T00:02:30+08:00 ] ::1 /scuthelper/3/market/updateOrder
INFO: [ app_init ] --START--
INFO: Run Behavior\BuildLiteBehavior [ RunTime:0.000000s ]
INFO: [ app_init ] --END-- [ RunTime:0.002000s ]
INFO: [ app_begin ] --START--
INFO: Run Behavior\ReadHtmlCacheBehavior [ RunTime:0.002000s ]
INFO: [ app_begin ] --END-- [ RunTime:0.002000s ]
SQL: SHOW COLUMNS FROM `orders` [ RunTime:0.0040s ]
SQL: SELECT * FROM `orders` WHERE ( order_id=1 ) LIMIT 1   [ RunTime:0.0010s ]
SQL: SHOW COLUMNS FROM `products` [ RunTime:0.0050s ]
SQL: SELECT * FROM `products` WHERE ( product_id=9 ) LIMIT 1   [ RunTime:0.0010s ]
INFO: [ app_end ] --START--
INFO: Run Behavior\ShowPageTraceBehavior [ RunTime:0.002000s ]
INFO: [ app_end ] --END-- [ RunTime:0.002000s ]

[ 2016-04-09T00:02:32+08:00 ] ::1 /scuthelper/3/market/updateOrder
INFO: [ app_init ] --START--
INFO: Run Behavior\BuildLiteBehavior [ RunTime:0.000000s ]
INFO: [ app_init ] --END-- [ RunTime:0.001000s ]
INFO: [ app_begin ] --START--
INFO: Run Behavior\ReadHtmlCacheBehavior [ RunTime:0.002000s ]
INFO: [ app_begin ] --END-- [ RunTime:0.002000s ]
SQL: SHOW COLUMNS FROM `orders` [ RunTime:0.0040s ]
SQL: SELECT * FROM `orders` WHERE ( order_id=1 ) LIMIT 1   [ RunTime:0.0010s ]
SQL: SHOW COLUMNS FROM `products` [ RunTime:0.0050s ]
SQL: SELECT * FROM `products` WHERE ( product_id=9 ) LIMIT 1   [ RunTime:0.0010s ]
INFO: [ app_end ] --START--
INFO: Run Behavior\ShowPageTraceBehavior [ RunTime:0.002000s ]
INFO: [ app_end ] --END-- [ RunTime:0.003000s ]

[ 2016-04-09T00:03:03+08:00 ] ::1 /scuthelper/3/market/ordersAndProducts?seller_note=&order_reject_button=
INFO: [ app_init ] --START--
INFO: Run Behavior\BuildLiteBehavior [ RunTime:0.000000s ]
INFO: [ app_init ] --END-- [ RunTime:0.003000s ]
INFO: [ app_begin ] --START--
INFO: Run Behavior\ReadHtmlCacheBehavior [ RunTime:0.002000s ]
INFO: [ app_begin ] --END-- [ RunTime:0.002000s ]
NOTIC: [8] A session had already been started - ignoring session_start() E:\wamp\www\scuthelper\3\Application\Home\Controller\PersonalController.class.php 第 251 行.
SQL: SHOW COLUMNS FROM `orders` [ RunTime:0.0060s ]
SQL: SELECT `order_id`,products.name,orders.time,`latest_time`,orders.quantity,addresses.content,`address2`,`status` FROM `orders` INNER JOIN products ON products.product_id=orders.product_id INNER JOIN addresses ON addresses.address_id = orders.address1  WHERE ( orders.user_id=21 ) ORDER BY latest_time desc  [ RunTime:0.0010s ]
SQL: SHOW COLUMNS FROM `products` [ RunTime:0.0060s ]
SQL: SELECT * FROM `products` WHERE ( user_id=21 ) ORDER BY modify_time desc  [ RunTime:0.0010s ]
SQL: SELECT `order_id`,products.product_id,products.name,orders.time,orders.quantity,orders.address2,addresses.content,`buyer_note`,`min_price`,`max_price`,`expect_exchange_time` FROM `orders` INNER JOIN products ON products.product_id=orders.product_id INNER JOIN addresses ON addresses.address_id = orders.address1  WHERE ( orders.status=0 AND products.user_id=21 ) ORDER BY time desc  [ RunTime:0.0020s ]
SQL: SHOW COLUMNS FROM `users` [ RunTime:0.0050s ]
SQL: SELECT * FROM `users` WHERE ( user_id=21 ) LIMIT 1   [ RunTime:0.0010s ]
NOTIC: [2] file_get_contents(isMobile?user_agent=Mozilla/5.0 (Windows NT 6.1; WOW64; rv:45.0) Gecko/20100101 Firefox/45.0): failed to open stream: No such file or directory E:\wamp\www\scuthelper\3\Application\Home\Controller\PersonalController.class.php 第 264 行.
INFO: [ view_parse ] --START--
INFO: [ template_filter ] --START--
INFO: Run Behavior\ContentReplaceBehavior [ RunTime:0.000000s ]
INFO: [ template_filter ] --END-- [ RunTime:0.001000s ]
INFO: Run Behavior\ParseTemplateBehavior [ RunTime:0.024002s ]
INFO: [ view_parse ] --END-- [ RunTime:0.024002s ]
INFO: [ view_filter ] --START--
INFO: Run Behavior\WriteHtmlCacheBehavior [ RunTime:0.002000s ]
INFO: [ view_filter ] --END-- [ RunTime:0.002000s ]
INFO: [ view_parse ] --START--
INFO: [ template_filter ] --START--
INFO: Run Behavior\ContentReplaceBehavior [ RunTime:0.001000s ]
INFO: [ template_filter ] --END-- [ RunTime:-0.045003s ]
INFO: Run Behavior\ParseTemplateBehavior [ RunTime:0.052003s ]
INFO: [ view_parse ] --END-- [ RunTime:-0.003000s ]
INFO: [ view_filter ] --START--
INFO: Run Behavior\WriteHtmlCacheBehavior [ RunTime:0.000000s ]
INFO: [ view_filter ] --END-- [ RunTime:-0.054003s ]
INFO: [ view_parse ] --START--
INFO: [ template_filter ] --START--
INFO: Run Behavior\ContentReplaceBehavior [ RunTime:0.000000s ]
INFO: [ template_filter ] --END-- [ RunTime:-0.070004s ]
INFO: Run Behavior\ParseTemplateBehavior [ RunTime:0.010001s ]
INFO: [ view_parse ] --END-- [ RunTime:-0.059003s ]
INFO: [ view_filter ] --START--
INFO: Run Behavior\WriteHtmlCacheBehavior [ RunTime:0.000000s ]
INFO: [ view_filter ] --END-- [ RunTime:-0.068004s ]
NOTIC: [2] Cannot modify header information - headers already sent by (output started at E:\wamp\www\scuthelper\3\ThinkPHP\Library\Think\View.class.php:95) E:\wamp\www\scuthelper\3\ThinkPHP\Library\Think\View.class.php 第 91 行.
NOTIC: [2] Cannot modify header information - headers already sent by (output started at E:\wamp\www\scuthelper\3\ThinkPHP\Library\Think\View.class.php:95) E:\wamp\www\scuthelper\3\ThinkPHP\Library\Think\View.class.php 第 92 行.
NOTIC: [2] Cannot modify header information - headers already sent by (output started at E:\wamp\www\scuthelper\3\ThinkPHP\Library\Think\View.class.php:95) E:\wamp\www\scuthelper\3\ThinkPHP\Library\Think\View.class.php 第 93 行.
INFO: [ app_end ] --START--
INFO: Run Behavior\ShowPageTraceBehavior [ RunTime:0.002000s ]
INFO: [ app_end ] --END-- [ RunTime:0.002000s ]

[ 2016-04-09T00:03:20+08:00 ] ::1 /scuthelper/3/market/ordersAndProducts?seller_note=&order_reject_button=
INFO: [ app_init ] --START--
INFO: Run Behavior\BuildLiteBehavior [ RunTime:0.000000s ]
INFO: [ app_init ] --END-- [ RunTime:0.002000s ]
INFO: [ app_begin ] --START--
INFO: Run Behavior\ReadHtmlCacheBehavior [ RunTime:0.001000s ]
INFO: [ app_begin ] --END-- [ RunTime:0.001000s ]
NOTIC: [8] A session had already been started - ignoring session_start() E:\wamp\www\scuthelper\3\Application\Home\Controller\PersonalController.class.php 第 251 行.
SQL: SHOW COLUMNS FROM `orders` [ RunTime:0.0050s ]
SQL: SELECT `order_id`,products.name,orders.time,`latest_time`,orders.quantity,addresses.content,`address2`,`status` FROM `orders` INNER JOIN products ON products.product_id=orders.product_id INNER JOIN addresses ON addresses.address_id = orders.address1  WHERE ( orders.user_id=21 ) ORDER BY latest_time desc  [ RunTime:0.0010s ]
SQL: SHOW COLUMNS FROM `products` [ RunTime:0.0050s ]
SQL: SELECT * FROM `products` WHERE ( user_id=21 ) ORDER BY modify_time desc  [ RunTime:0.0010s ]
SQL: SELECT `order_id`,products.product_id,products.name,orders.time,orders.quantity,orders.address2,addresses.content,`buyer_note`,`min_price`,`max_price`,`expect_exchange_time` FROM `orders` INNER JOIN products ON products.product_id=orders.product_id INNER JOIN addresses ON addresses.address_id = orders.address1  WHERE ( orders.status=0 AND products.user_id=21 ) ORDER BY time desc  [ RunTime:0.0010s ]
SQL: SHOW COLUMNS FROM `users` [ RunTime:0.0050s ]
SQL: SELECT * FROM `users` WHERE ( user_id=21 ) LIMIT 1   [ RunTime:0.0010s ]
NOTIC: [2] file_get_contents(isMobile?user_agent=Mozilla/5.0 (Windows NT 6.1; WOW64; rv:45.0) Gecko/20100101 Firefox/45.0): failed to open stream: No such file or directory E:\wamp\www\scuthelper\3\Application\Home\Controller\PersonalController.class.php 第 264 行.
INFO: [ view_parse ] --START--
INFO: [ template_filter ] --START--
INFO: Run Behavior\ContentReplaceBehavior [ RunTime:0.000000s ]
INFO: [ template_filter ] --END-- [ RunTime:0.000000s ]
INFO: Run Behavior\ParseTemplateBehavior [ RunTime:0.022001s ]
INFO: [ view_parse ] --END-- [ RunTime:0.024001s ]
INFO: [ view_filter ] --START--
INFO: Run Behavior\WriteHtmlCacheBehavior [ RunTime:0.001000s ]
INFO: [ view_filter ] --END-- [ RunTime:0.001000s ]
INFO: [ view_parse ] --START--
INFO: [ template_filter ] --START--
INFO: Run Behavior\ContentReplaceBehavior [ RunTime:0.001000s ]
INFO: [ template_filter ] --END-- [ RunTime:-0.039002s ]
INFO: Run Behavior\ParseTemplateBehavior [ RunTime:0.045003s ]
INFO: [ view_parse ] --END-- [ RunTime:-0.002000s ]
INFO: [ view_filter ] --START--
INFO: Run Behavior\WriteHtmlCacheBehavior [ RunTime:0.000000s ]
INFO: [ view_filter ] --END-- [ RunTime:-0.048003s ]
INFO: [ view_parse ] --START--
INFO: [ template_filter ] --START--
INFO: Run Behavior\ContentReplaceBehavior [ RunTime:0.000000s ]
INFO: [ template_filter ] --END-- [ RunTime:-0.064004s ]
INFO: Run Behavior\ParseTemplateBehavior [ RunTime:0.011001s ]
INFO: [ view_parse ] --END-- [ RunTime:-0.052003s ]
INFO: [ view_filter ] --START--
INFO: Run Behavior\WriteHtmlCacheBehavior [ RunTime:0.001000s ]
INFO: [ view_filter ] --END-- [ RunTime:-0.062004s ]
NOTIC: [2] Cannot modify header information - headers already sent by (output started at E:\wamp\www\scuthelper\3\ThinkPHP\Library\Think\View.class.php:95) E:\wamp\www\scuthelper\3\ThinkPHP\Library\Think\View.class.php 第 91 行.
NOTIC: [2] Cannot modify header information - headers already sent by (output started at E:\wamp\www\scuthelper\3\ThinkPHP\Library\Think\View.class.php:95) E:\wamp\www\scuthelper\3\ThinkPHP\Library\Think\View.class.php 第 92 行.
NOTIC: [2] Cannot modify header information - headers already sent by (output started at E:\wamp\www\scuthelper\3\ThinkPHP\Library\Think\View.class.php:95) E:\wamp\www\scuthelper\3\ThinkPHP\Library\Think\View.class.php 第 93 行.
INFO: [ app_end ] --START--
INFO: Run Behavior\ShowPageTraceBehavior [ RunTime:0.002000s ]
INFO: [ app_end ] --END-- [ RunTime:0.002000s ]

[ 2016-04-09T00:03:30+08:00 ] ::1 /scuthelper/3/market/updateOrder
INFO: [ app_init ] --START--
INFO: Run Behavior\BuildLiteBehavior [ RunTime:0.000000s ]
INFO: [ app_init ] --END-- [ RunTime:0.002000s ]
INFO: [ app_begin ] --START--
INFO: Run Behavior\ReadHtmlCacheBehavior [ RunTime:0.001000s ]
INFO: [ app_begin ] --END-- [ RunTime:0.002000s ]
NOTIC: [8] Undefined index: real_exchange_time E:\wamp\www\scuthelper\3\Application\Home\Controller\OrdersController.class.php 第 107 行.
NOTIC: [8] Undefined index: seller_note E:\wamp\www\scuthelper\3\Application\Home\Controller\OrdersController.class.php 第 108 行.
NOTIC: [8] Undefined index: address1 E:\wamp\www\scuthelper\3\Application\Home\Controller\OrdersController.class.php 第 109 行.
NOTIC: [8] Undefined index: address2 E:\wamp\www\scuthelper\3\Application\Home\Controller\OrdersController.class.php 第 110 行.
NOTIC: [8] Undefined index: payment_amount E:\wamp\www\scuthelper\3\Application\Home\Controller\OrdersController.class.php 第 112 行.
SQL: SHOW COLUMNS FROM `orders` [ RunTime:0.0030s ]
SQL: SELECT * FROM `orders` WHERE ( order_id=1 ) LIMIT 1   [ RunTime:0.0010s ]
SQL: SHOW COLUMNS FROM `products` [ RunTime:0.0040s ]
SQL: SELECT * FROM `products` WHERE ( product_id=9 ) LIMIT 1   [ RunTime:0.0010s ]
INFO: [ app_end ] --START--
INFO: Run Behavior\ShowPageTraceBehavior [ RunTime:0.001000s ]
INFO: [ app_end ] --END-- [ RunTime:0.002000s ]

[ 2016-04-09T00:06:57+08:00 ] ::1 /scuthelper/3/market/ordersAndProducts?seller_note=&order_reject_button=
INFO: [ app_init ] --START--
INFO: Run Behavior\BuildLiteBehavior [ RunTime:0.000000s ]
INFO: [ app_init ] --END-- [ RunTime:0.001000s ]
INFO: [ app_begin ] --START--
INFO: Run Behavior\ReadHtmlCacheBehavior [ RunTime:0.002000s ]
INFO: [ app_begin ] --END-- [ RunTime:0.002000s ]
NOTIC: [8] A session had already been started - ignoring session_start() E:\wamp\www\scuthelper\3\Application\Home\Controller\PersonalController.class.php 第 251 行.
SQL: SHOW COLUMNS FROM `orders` [ RunTime:0.0050s ]
SQL: SELECT `order_id`,products.name,orders.time,`latest_time`,orders.quantity,addresses.content,`address2`,`status` FROM `orders` INNER JOIN products ON products.product_id=orders.product_id INNER JOIN addresses ON addresses.address_id = orders.address1  WHERE ( orders.user_id=21 ) ORDER BY latest_time desc  [ RunTime:0.0010s ]
SQL: SHOW COLUMNS FROM `products` [ RunTime:0.0040s ]
SQL: SELECT * FROM `products` WHERE ( user_id=21 ) ORDER BY modify_time desc  [ RunTime:0.0020s ]
SQL: SELECT `order_id`,products.product_id,products.name,orders.time,orders.quantity,orders.address2,addresses.content,`buyer_note`,`min_price`,`max_price`,`expect_exchange_time` FROM `orders` INNER JOIN products ON products.product_id=orders.product_id INNER JOIN addresses ON addresses.address_id = orders.address1  WHERE ( orders.status=0 AND products.user_id=21 ) ORDER BY time desc  [ RunTime:0.0030s ]
SQL: SHOW COLUMNS FROM `users` [ RunTime:0.0080s ]
SQL: SELECT * FROM `users` WHERE ( user_id=21 ) LIMIT 1   [ RunTime:0.0020s ]
NOTIC: [2] file_get_contents(isMobile?user_agent=Mozilla/5.0 (Windows NT 6.1; WOW64; rv:45.0) Gecko/20100101 Firefox/45.0): failed to open stream: No such file or directory E:\wamp\www\scuthelper\3\Application\Home\Controller\PersonalController.class.php 第 264 行.
INFO: [ view_parse ] --START--
INFO: [ template_filter ] --START--
INFO: Run Behavior\ContentReplaceBehavior [ RunTime:0.000000s ]
INFO: [ template_filter ] --END-- [ RunTime:0.001000s ]
INFO: Run Behavior\ParseTemplateBehavior [ RunTime:0.021001s ]
INFO: [ view_parse ] --END-- [ RunTime:0.021001s ]
INFO: [ view_filter ] --START--
INFO: Run Behavior\WriteHtmlCacheBehavior [ RunTime:0.001000s ]
INFO: [ view_filter ] --END-- [ RunTime:0.001000s ]
INFO: [ view_parse ] --START--
INFO: [ template_filter ] --START--
INFO: Run Behavior\ContentReplaceBehavior [ RunTime:0.000000s ]
INFO: [ template_filter ] --END-- [ RunTime:-0.043003s ]
INFO: Run Behavior\ParseTemplateBehavior [ RunTime:0.051002s ]
INFO: [ view_parse ] --END-- [ RunTime:-0.003001s ]
INFO: [ view_filter ] --START--
INFO: Run Behavior\WriteHtmlCacheBehavior [ RunTime:0.000000s ]
INFO: [ view_filter ] --END-- [ RunTime:-0.053003s ]
INFO: [ view_parse ] --START--
INFO: [ template_filter ] --START--
INFO: Run Behavior\ContentReplaceBehavior [ RunTime:0.000000s ]
INFO: [ template_filter ] --END-- [ RunTime:-0.067004s ]
INFO: Run Behavior\ParseTemplateBehavior [ RunTime:0.010000s ]
INFO: [ view_parse ] --END-- [ RunTime:-0.056004s ]
INFO: [ view_filter ] --START--
INFO: Run Behavior\WriteHtmlCacheBehavior [ RunTime:0.000000s ]
INFO: [ view_filter ] --END-- [ RunTime:-0.065004s ]
NOTIC: [2] Cannot modify header information - headers already sent by (output started at E:\wamp\www\scuthelper\3\ThinkPHP\Library\Think\View.class.php:95) E:\wamp\www\scuthelper\3\ThinkPHP\Library\Think\View.class.php 第 91 行.
NOTIC: [2] Cannot modify header information - headers already sent by (output started at E:\wamp\www\scuthelper\3\ThinkPHP\Library\Think\View.class.php:95) E:\wamp\www\scuthelper\3\ThinkPHP\Library\Think\View.class.php 第 92 行.
NOTIC: [2] Cannot modify header information - headers already sent by (output started at E:\wamp\www\scuthelper\3\ThinkPHP\Library\Think\View.class.php:95) E:\wamp\www\scuthelper\3\ThinkPHP\Library\Think\View.class.php 第 93 行.
INFO: [ app_end ] --START--
INFO: Run Behavior\ShowPageTraceBehavior [ RunTime:0.003000s ]
INFO: [ app_end ] --END-- [ RunTime:0.003000s ]

[ 2016-04-09T00:07:05+08:00 ] ::1 /scuthelper/3/market/updateOrder
INFO: [ app_init ] --START--
INFO: Run Behavior\BuildLiteBehavior [ RunTime:0.000000s ]
INFO: [ app_init ] --END-- [ RunTime:0.001000s ]
INFO: [ app_begin ] --START--
INFO: Run Behavior\ReadHtmlCacheBehavior [ RunTime:0.001000s ]
INFO: [ app_begin ] --END-- [ RunTime:0.002000s ]
NOTIC: [8] Undefined index: real_exchange_time E:\wamp\www\scuthelper\3\Application\Home\Controller\OrdersController.class.php 第 107 行.
NOTIC: [8] Undefined index: seller_note E:\wamp\www\scuthelper\3\Application\Home\Controller\OrdersController.class.php 第 108 行.
NOTIC: [8] Undefined index: address1 E:\wamp\www\scuthelper\3\Application\Home\Controller\OrdersController.class.php 第 109 行.
NOTIC: [8] Undefined index: address2 E:\wamp\www\scuthelper\3\Application\Home\Controller\OrdersController.class.php 第 110 行.
NOTIC: [8] Undefined index: payment_amount E:\wamp\www\scuthelper\3\Application\Home\Controller\OrdersController.class.php 第 112 行.
SQL: SHOW COLUMNS FROM `orders` [ RunTime:0.0040s ]
SQL: SELECT * FROM `orders` WHERE ( order_id=1 ) LIMIT 1   [ RunTime:0.0010s ]
SQL: SHOW COLUMNS FROM `products` [ RunTime:0.0050s ]
SQL: SELECT * FROM `products` WHERE ( product_id=9 ) LIMIT 1   [ RunTime:0.0010s ]
SQL: UPDATE `orders` SET `latest_time`='2016-04-09 00:07:02',`status`='3',`real_exchange_time`='2016-03-01 12:24:25' WHERE `order_id` = 1 [ RunTime:0.0790s ]
SQL: SELECT * FROM `orders` WHERE ( order_id=1 ) LIMIT 1   [ RunTime:0.0010s ]
SQL: UPDATE `products` SET `product_id`='9',`user_id`='21',`name`='GRE大讲堂',`min_price`='25',`max_price`='35',`category`='1',`quantity`='5',`quantity_sold`='60',`fineness`='3',`description`='顶顶顶顶顶顶顶顶顶顶',`source`='0',`times_read`='0',`time`='2016-03-05 23:14:38',`modify_time`='2016-03-05 23:14:38',`is_deleted`='0' WHERE ( product_id=9 ) [ RunTime:0.0970s ]
INFO: [ app_end ] --START--
INFO: Run Behavior\ShowPageTraceBehavior [ RunTime:0.002001s ]
INFO: [ app_end ] --END-- [ RunTime:0.002001s ]

[ 2016-04-09T00:19:14+08:00 ] ::1 /scuthelper/3/market/ordersAndProducts?seller_note=&order_reject_button=
INFO: [ app_init ] --START--
INFO: Run Behavior\BuildLiteBehavior [ RunTime:0.000000s ]
INFO: [ app_init ] --END-- [ RunTime:0.002000s ]
INFO: [ app_begin ] --START--
INFO: Run Behavior\ReadHtmlCacheBehavior [ RunTime:0.002000s ]
INFO: [ app_begin ] --END-- [ RunTime:0.002000s ]
NOTIC: [8] A session had already been started - ignoring session_start() E:\wamp\www\scuthelper\3\Application\Home\Controller\PersonalController.class.php 第 251 行.
SQL: SHOW COLUMNS FROM `orders` [ RunTime:0.0070s ]
SQL: SELECT `order_id`,products.name,orders.time,`latest_time`,orders.quantity,addresses.content,`address2`,`status` FROM `orders` INNER JOIN products ON products.product_id=orders.product_id INNER JOIN addresses ON addresses.address_id = orders.address1  WHERE ( orders.user_id=21 ) ORDER BY latest_time desc  [ RunTime:0.0010s ]
SQL: SHOW COLUMNS FROM `products` [ RunTime:0.0040s ]
SQL: SELECT * FROM `products` WHERE ( user_id=21 ) ORDER BY modify_time desc  [ RunTime:0.0010s ]
SQL: SELECT `order_id`,products.product_id,products.name,orders.time,orders.quantity,orders.address2,addresses.content,`buyer_note`,`min_price`,`max_price`,`expect_exchange_time` FROM `orders` INNER JOIN products ON products.product_id=orders.product_id INNER JOIN addresses ON addresses.address_id = orders.address1  WHERE ( orders.status=0 AND products.user_id=21 ) ORDER BY time desc  [ RunTime:0.0010s ]
SQL: SHOW COLUMNS FROM `users` [ RunTime:0.0040s ]
SQL: SELECT * FROM `users` WHERE ( user_id=21 ) LIMIT 1   [ RunTime:0.0010s ]
NOTIC: [2] file_get_contents(isMobile?user_agent=Mozilla/5.0 (Windows NT 6.1; WOW64; rv:45.0) Gecko/20100101 Firefox/45.0): failed to open stream: No such file or directory E:\wamp\www\scuthelper\3\Application\Home\Controller\PersonalController.class.php 第 264 行.
INFO: [ view_parse ] --START--
INFO: [ template_filter ] --START--
INFO: Run Behavior\ContentReplaceBehavior [ RunTime:0.000000s ]
INFO: [ template_filter ] --END-- [ RunTime:0.001000s ]
INFO: Run Behavior\ParseTemplateBehavior [ RunTime:0.020001s ]
INFO: [ view_parse ] --END-- [ RunTime:0.021001s ]
INFO: [ view_filter ] --START--
INFO: Run Behavior\WriteHtmlCacheBehavior [ RunTime:0.001000s ]
INFO: [ view_filter ] --END-- [ RunTime:0.002001s ]
INFO: [ view_parse ] --START--
INFO: [ template_filter ] --START--
INFO: Run Behavior\ContentReplaceBehavior [ RunTime:0.000000s ]
INFO: [ template_filter ] --END-- [ RunTime:-0.045003s ]
INFO: Run Behavior\ParseTemplateBehavior [ RunTime:0.057003s ]
INFO: [ view_parse ] --END-- [ RunTime:-0.003001s ]
INFO: [ view_filter ] --START--
INFO: Run Behavior\WriteHtmlCacheBehavior [ RunTime:0.000000s ]
INFO: [ view_filter ] --END-- [ RunTime:-0.059003s ]
INFO: [ view_parse ] --START--
INFO: [ template_filter ] --START--
INFO: Run Behavior\ContentReplaceBehavior [ RunTime:0.001001s ]
INFO: [ template_filter ] --END-- [ RunTime:-0.074004s ]
INFO: Run Behavior\ParseTemplateBehavior [ RunTime:0.011001s ]
INFO: [ view_parse ] --END-- [ RunTime:-0.064004s ]
INFO: [ view_filter ] --START--
INFO: Run Behavior\WriteHtmlCacheBehavior [ RunTime:0.000000s ]
INFO: [ view_filter ] --END-- [ RunTime:-0.074004s ]
NOTIC: [2] Cannot modify header information - headers already sent by (output started at E:\wamp\www\scuthelper\3\ThinkPHP\Library\Think\View.class.php:95) E:\wamp\www\scuthelper\3\ThinkPHP\Library\Think\View.class.php 第 91 行.
NOTIC: [2] Cannot modify header information - headers already sent by (output started at E:\wamp\www\scuthelper\3\ThinkPHP\Library\Think\View.class.php:95) E:\wamp\www\scuthelper\3\ThinkPHP\Library\Think\View.class.php 第 92 行.
NOTIC: [2] Cannot modify header information - headers already sent by (output started at E:\wamp\www\scuthelper\3\ThinkPHP\Library\Think\View.class.php:95) E:\wamp\www\scuthelper\3\ThinkPHP\Library\Think\View.class.php 第 93 行.
INFO: [ app_end ] --START--
INFO: Run Behavior\ShowPageTraceBehavior [ RunTime:0.002000s ]
INFO: [ app_end ] --END-- [ RunTime:0.004000s ]

[ 2016-04-09T00:19:58+08:00 ] ::1 /scuthelper/3/market/ordersAndProducts?seller_note=&order_reject_button=
INFO: [ app_init ] --START--
INFO: Run Behavior\BuildLiteBehavior [ RunTime:0.000000s ]
INFO: [ app_init ] --END-- [ RunTime:0.002000s ]
INFO: [ app_begin ] --START--
INFO: Run Behavior\ReadHtmlCacheBehavior [ RunTime:0.002000s ]
INFO: [ app_begin ] --END-- [ RunTime:0.002000s ]
NOTIC: [8] A session had already been started - ignoring session_start() E:\wamp\www\scuthelper\3\Application\Home\Controller\PersonalController.class.php 第 251 行.
SQL: SHOW COLUMNS FROM `orders` [ RunTime:0.0040s ]
SQL: SELECT `order_id`,products.name,orders.time,`latest_time`,orders.quantity,addresses.content,`address2`,`status` FROM `orders` INNER JOIN products ON products.product_id=orders.product_id INNER JOIN addresses ON addresses.address_id = orders.address1  WHERE ( orders.user_id=21 ) ORDER BY latest_time desc  [ RunTime:0.0010s ]
SQL: SHOW COLUMNS FROM `products` [ RunTime:0.0040s ]
SQL: SELECT * FROM `products` WHERE ( user_id=21 ) ORDER BY modify_time desc  [ RunTime:0.0020s ]
SQL: SELECT `order_id`,products.product_id,products.name,orders.time,orders.quantity,orders.address2,addresses.content,`buyer_note`,`min_price`,`max_price`,`expect_exchange_time` FROM `orders` INNER JOIN products ON products.product_id=orders.product_id INNER JOIN addresses ON addresses.address_id = orders.address1  WHERE ( orders.status=0 AND products.user_id=21 ) ORDER BY time desc  [ RunTime:0.0010s ]
SQL: SHOW COLUMNS FROM `users` [ RunTime:0.0040s ]
SQL: SELECT * FROM `users` WHERE ( user_id=21 ) LIMIT 1   [ RunTime:0.0000s ]
NOTIC: [2] file_get_contents(isMobile?user_agent=Mozilla/5.0 (Windows NT 6.1; WOW64; rv:45.0) Gecko/20100101 Firefox/45.0): failed to open stream: Result too large E:\wamp\www\scuthelper\3\Application\Home\Controller\PersonalController.class.php 第 264 行.
INFO: [ view_parse ] --START--
INFO: [ template_filter ] --START--
INFO: Run Behavior\ContentReplaceBehavior [ RunTime:0.001000s ]
INFO: [ template_filter ] --END-- [ RunTime:0.001000s ]
INFO: Run Behavior\ParseTemplateBehavior [ RunTime:0.021001s ]
INFO: [ view_parse ] --END-- [ RunTime:0.022001s ]
INFO: [ view_filter ] --START--
INFO: Run Behavior\WriteHtmlCacheBehavior [ RunTime:0.002001s ]
INFO: [ view_filter ] --END-- [ RunTime:0.002001s ]
INFO: [ view_parse ] --START--
INFO: [ template_filter ] --START--
INFO: Run Behavior\ContentReplaceBehavior [ RunTime:0.000000s ]
INFO: [ template_filter ] --END-- [ RunTime:-0.040002s ]
INFO: Run Behavior\ParseTemplateBehavior [ RunTime:0.045002s ]
INFO: [ view_parse ] --END-- [ RunTime:-0.003001s ]
INFO: [ view_filter ] --START--
INFO: Run Behavior\WriteHtmlCacheBehavior [ RunTime:0.000000s ]
INFO: [ view_filter ] --END-- [ RunTime:-0.048002s ]
INFO: [ view_parse ] --START--
INFO: [ template_filter ] --START--
INFO: Run Behavior\ContentReplaceBehavior [ RunTime:0.000000s ]
INFO: [ template_filter ] --END-- [ RunTime:-0.063004s ]
INFO: Run Behavior\ParseTemplateBehavior [ RunTime:0.007000s ]
INFO: [ view_parse ] --END-- [ RunTime:-0.054004s ]
INFO: [ view_filter ] --START--
INFO: Run Behavior\WriteHtmlCacheBehavior [ RunTime:0.000000s ]
INFO: [ view_filter ] --END-- [ RunTime:-0.060003s ]
NOTIC: [2] Cannot modify header information - headers already sent by (output started at E:\wamp\www\scuthelper\3\ThinkPHP\Library\Think\View.class.php:95) E:\wamp\www\scuthelper\3\ThinkPHP\Library\Think\View.class.php 第 91 行.
NOTIC: [2] Cannot modify header information - headers already sent by (output started at E:\wamp\www\scuthelper\3\ThinkPHP\Library\Think\View.class.php:95) E:\wamp\www\scuthelper\3\ThinkPHP\Library\Think\View.class.php 第 92 行.
NOTIC: [2] Cannot modify header information - headers already sent by (output started at E:\wamp\www\scuthelper\3\ThinkPHP\Library\Think\View.class.php:95) E:\wamp\www\scuthelper\3\ThinkPHP\Library\Think\View.class.php 第 93 行.
INFO: [ app_end ] --START--
INFO: Run Behavior\ShowPageTraceBehavior [ RunTime:0.002000s ]
INFO: [ app_end ] --END-- [ RunTime:0.002000s ]

[ 2016-04-09T00:20:21+08:00 ] ::1 /scuthelper/3/market/ordersAndProducts?seller_note=&order_reject_button=
INFO: [ app_init ] --START--
INFO: Run Behavior\BuildLiteBehavior [ RunTime:0.000000s ]
INFO: [ app_init ] --END-- [ RunTime:0.001001s ]
INFO: [ app_begin ] --START--
INFO: Run Behavior\ReadHtmlCacheBehavior [ RunTime:0.002001s ]
INFO: [ app_begin ] --END-- [ RunTime:0.003001s ]
NOTIC: [8] A session had already been started - ignoring session_start() E:\wamp\www\scuthelper\3\Application\Home\Controller\PersonalController.class.php 第 251 行.
SQL: SHOW COLUMNS FROM `orders` [ RunTime:0.0040s ]
SQL: SELECT `order_id`,products.name,orders.time,`latest_time`,orders.quantity,addresses.content,`address2`,`status` FROM `orders` INNER JOIN products ON products.product_id=orders.product_id INNER JOIN addresses ON addresses.address_id = orders.address1  WHERE ( orders.user_id=21 ) ORDER BY latest_time desc  [ RunTime:0.0010s ]
SQL: SHOW COLUMNS FROM `products` [ RunTime:0.0040s ]
SQL: SELECT * FROM `products` WHERE ( user_id=21 ) ORDER BY modify_time desc  [ RunTime:0.0010s ]
SQL: SELECT `order_id`,products.product_id,products.name,orders.time,orders.quantity,orders.address2,addresses.content,`buyer_note`,`min_price`,`max_price`,`expect_exchange_time` FROM `orders` INNER JOIN products ON products.product_id=orders.product_id INNER JOIN addresses ON addresses.address_id = orders.address1  WHERE ( orders.status=0 AND products.user_id=21 ) ORDER BY time desc  [ RunTime:0.0020s ]
SQL: SHOW COLUMNS FROM `users` [ RunTime:0.0050s ]
SQL: SELECT * FROM `users` WHERE ( user_id=21 ) LIMIT 1   [ RunTime:0.0010s ]
NOTIC: [2] file_get_contents(isMobile?user_agent=Mozilla/5.0 (Windows NT 6.1; WOW64; rv:45.0) Gecko/20100101 Firefox/45.0): failed to open stream: No such file or directory E:\wamp\www\scuthelper\3\Application\Home\Controller\PersonalController.class.php 第 264 行.
INFO: [ view_parse ] --START--
INFO: [ template_filter ] --START--
INFO: Run Behavior\ContentReplaceBehavior [ RunTime:0.000000s ]
INFO: [ template_filter ] --END-- [ RunTime:0.001000s ]
INFO: Run Behavior\ParseTemplateBehavior [ RunTime:0.021001s ]
INFO: [ view_parse ] --END-- [ RunTime:0.021001s ]
INFO: [ view_filter ] --START--
INFO: Run Behavior\WriteHtmlCacheBehavior [ RunTime:0.002000s ]
INFO: [ view_filter ] --END-- [ RunTime:0.002000s ]
INFO: [ view_parse ] --START--
INFO: [ template_filter ] --START--
INFO: Run Behavior\ContentReplaceBehavior [ RunTime:0.000000s ]
INFO: [ template_filter ] --END-- [ RunTime:-0.037002s ]
INFO: Run Behavior\ParseTemplateBehavior [ RunTime:0.043002s ]
INFO: [ view_parse ] --END-- [ RunTime:-0.003001s ]
INFO: [ view_filter ] --START--
INFO: Run Behavior\WriteHtmlCacheBehavior [ RunTime:0.000000s ]
INFO: [ view_filter ] --END-- [ RunTime:-0.044003s ]
INFO: [ view_parse ] --START--
INFO: [ template_filter ] --START--
INFO: Run Behavior\ContentReplaceBehavior [ RunTime:0.000000s ]
INFO: [ template_filter ] --END-- [ RunTime:-0.057003s ]
INFO: Run Behavior\ParseTemplateBehavior [ RunTime:0.008001s ]
INFO: [ view_parse ] --END-- [ RunTime:-0.048003s ]
INFO: [ view_filter ] --START--
INFO: Run Behavior\WriteHtmlCacheBehavior [ RunTime:0.000000s ]
INFO: [ view_filter ] --END-- [ RunTime:-0.055004s ]
NOTIC: [2] Cannot modify header information - headers already sent by (output started at E:\wamp\www\scuthelper\3\ThinkPHP\Library\Think\View.class.php:95) E:\wamp\www\scuthelper\3\ThinkPHP\Library\Think\View.class.php 第 91 行.
NOTIC: [2] Cannot modify header information - headers already sent by (output started at E:\wamp\www\scuthelper\3\ThinkPHP\Library\Think\View.class.php:95) E:\wamp\www\scuthelper\3\ThinkPHP\Library\Think\View.class.php 第 92 行.
NOTIC: [2] Cannot modify header information - headers already sent by (output started at E:\wamp\www\scuthelper\3\ThinkPHP\Library\Think\View.class.php:95) E:\wamp\www\scuthelper\3\ThinkPHP\Library\Think\View.class.php 第 93 行.
INFO: [ app_end ] --START--
INFO: Run Behavior\ShowPageTraceBehavior [ RunTime:0.002000s ]
INFO: [ app_end ] --END-- [ RunTime:0.002000s ]

[ 2016-04-09T00:20:38+08:00 ] ::1 /scuthelper/3/market/ordersAndProducts?seller_note=&order_reject_button=
INFO: [ app_init ] --START--
INFO: Run Behavior\BuildLiteBehavior [ RunTime:0.000000s ]
INFO: [ app_init ] --END-- [ RunTime:0.001000s ]
INFO: [ app_begin ] --START--
INFO: Run Behavior\ReadHtmlCacheBehavior [ RunTime:0.002000s ]
INFO: [ app_begin ] --END-- [ RunTime:0.002000s ]
NOTIC: [8] A session had already been started - ignoring session_start() E:\wamp\www\scuthelper\3\Application\Home\Controller\PersonalController.class.php 第 251 行.
SQL: SHOW COLUMNS FROM `orders` [ RunTime:0.0040s ]
SQL: SELECT `order_id`,products.name,orders.time,`latest_time`,orders.quantity,addresses.content,`address2`,`status` FROM `orders` INNER JOIN products ON products.product_id=orders.product_id INNER JOIN addresses ON addresses.address_id = orders.address1  WHERE ( orders.user_id=21 ) ORDER BY latest_time desc  [ RunTime:0.0010s ]
SQL: SHOW COLUMNS FROM `products` [ RunTime:0.0050s ]
SQL: SELECT * FROM `products` WHERE ( user_id=21 ) ORDER BY modify_time desc  [ RunTime:0.0010s ]
SQL: SELECT `order_id`,products.product_id,products.name,orders.time,orders.quantity,orders.address2,addresses.content,`buyer_note`,`min_price`,`max_price`,`expect_exchange_time` FROM `orders` INNER JOIN products ON products.product_id=orders.product_id INNER JOIN addresses ON addresses.address_id = orders.address1  WHERE ( orders.status=0 AND products.user_id=21 ) ORDER BY time desc  [ RunTime:0.0010s ]
SQL: SHOW COLUMNS FROM `users` [ RunTime:0.0040s ]
SQL: SELECT * FROM `users` WHERE ( user_id=21 ) LIMIT 1   [ RunTime:0.0010s ]
NOTIC: [2] file_get_contents(isMobile?user_agent=Mozilla/5.0 (Windows NT 6.1; WOW64; rv:45.0) Gecko/20100101 Firefox/45.0): failed to open stream: No such file or directory E:\wamp\www\scuthelper\3\Application\Home\Controller\PersonalController.class.php 第 264 行.
INFO: [ view_parse ] --START--
INFO: [ template_filter ] --START--
INFO: Run Behavior\ContentReplaceBehavior [ RunTime:0.000000s ]
INFO: [ template_filter ] --END-- [ RunTime:0.000000s ]
INFO: Run Behavior\ParseTemplateBehavior [ RunTime:0.027001s ]
INFO: [ view_parse ] --END-- [ RunTime:0.028001s ]
INFO: [ view_filter ] --START--
INFO: Run Behavior\WriteHtmlCacheBehavior [ RunTime:0.002000s ]
INFO: [ view_filter ] --END-- [ RunTime:0.004001s ]
INFO: [ view_parse ] --START--
INFO: [ template_filter ] --START--
INFO: Run Behavior\ContentReplaceBehavior [ RunTime:0.000000s ]
INFO: [ template_filter ] --END-- [ RunTime:-0.045003s ]
INFO: Run Behavior\ParseTemplateBehavior [ RunTime:0.049003s ]
INFO: [ view_parse ] --END-- [ RunTime:-0.006001s ]
INFO: [ view_filter ] --START--
INFO: Run Behavior\WriteHtmlCacheBehavior [ RunTime:0.000000s ]
INFO: [ view_filter ] --END-- [ RunTime:-0.052003s ]
INFO: [ view_parse ] --START--
INFO: [ template_filter ] --START--
INFO: Run Behavior\ContentReplaceBehavior [ RunTime:0.000000s ]
INFO: [ template_filter ] --END-- [ RunTime:-0.086005s ]
INFO: Run Behavior\ParseTemplateBehavior [ RunTime:0.010000s ]
INFO: [ view_parse ] --END-- [ RunTime:-0.075005s ]
INFO: [ view_filter ] --START--
INFO: Run Behavior\WriteHtmlCacheBehavior [ RunTime:0.000000s ]
INFO: [ view_filter ] --END-- [ RunTime:-0.083004s ]
NOTIC: [2] Cannot modify header information - headers already sent by (output started at E:\wamp\www\scuthelper\3\ThinkPHP\Library\Think\View.class.php:95) E:\wamp\www\scuthelper\3\ThinkPHP\Library\Think\View.class.php 第 91 行.
NOTIC: [2] Cannot modify header information - headers already sent by (output started at E:\wamp\www\scuthelper\3\ThinkPHP\Library\Think\View.class.php:95) E:\wamp\www\scuthelper\3\ThinkPHP\Library\Think\View.class.php 第 92 行.
NOTIC: [2] Cannot modify header information - headers already sent by (output started at E:\wamp\www\scuthelper\3\ThinkPHP\Library\Think\View.class.php:95) E:\wamp\www\scuthelper\3\ThinkPHP\Library\Think\View.class.php 第 93 行.
INFO: [ app_end ] --START--
INFO: Run Behavior\ShowPageTraceBehavior [ RunTime:0.002000s ]
INFO: [ app_end ] --END-- [ RunTime:0.002000s ]

[ 2016-04-09T00:35:08+08:00 ] ::1 /scuthelper/3/market/ordersAndProducts?seller_note=&order_reject_button=
INFO: [ app_init ] --START--
INFO: Run Behavior\BuildLiteBehavior [ RunTime:0.000000s ]
INFO: [ app_init ] --END-- [ RunTime:0.001000s ]
INFO: [ app_begin ] --START--
INFO: Run Behavior\ReadHtmlCacheBehavior [ RunTime:0.002000s ]
INFO: [ app_begin ] --END-- [ RunTime:0.002000s ]
NOTIC: [8] A session had already been started - ignoring session_start() E:\wamp\www\scuthelper\3\Application\Home\Controller\PersonalController.class.php 第 251 行.
SQL: SHOW COLUMNS FROM `orders` [ RunTime:0.0040s ]
SQL: SELECT `order_id`,products.name,orders.time,`latest_time`,orders.quantity,addresses.content,`address2`,`status` FROM `orders` INNER JOIN products ON products.product_id=orders.product_id INNER JOIN addresses ON addresses.address_id = orders.address1  WHERE ( orders.user_id=21 ) ORDER BY latest_time desc  [ RunTime:0.0010s ]
SQL: SHOW COLUMNS FROM `products` [ RunTime:0.0080s ]
SQL: SELECT * FROM `products` WHERE ( user_id=21 ) ORDER BY modify_time desc  [ RunTime:0.0010s ]
SQL: SELECT `order_id`,products.product_id,products.name,orders.time,orders.quantity,orders.address2,addresses.content,`buyer_note`,`min_price`,`max_price`,`expect_exchange_time` FROM `orders` INNER JOIN products ON products.product_id=orders.product_id INNER JOIN addresses ON addresses.address_id = orders.address1  WHERE ( orders.status=0 AND products.user_id=21 ) ORDER BY time desc  [ RunTime:0.0020s ]
SQL: SHOW COLUMNS FROM `users` [ RunTime:0.0060s ]
SQL: SELECT * FROM `users` WHERE ( user_id=21 ) LIMIT 1   [ RunTime:0.0010s ]
NOTIC: [2] file_get_contents(isMobile?user_agent=Mozilla/5.0 (Windows NT 6.1; WOW64; rv:45.0) Gecko/20100101 Firefox/45.0): failed to open stream: No such file or directory E:\wamp\www\scuthelper\3\Application\Home\Controller\PersonalController.class.php 第 264 行.
INFO: [ view_parse ] --START--
INFO: [ template_filter ] --START--
INFO: Run Behavior\ContentReplaceBehavior [ RunTime:0.000000s ]
INFO: [ template_filter ] --END-- [ RunTime:0.001000s ]
INFO: Run Behavior\ParseTemplateBehavior [ RunTime:0.021001s ]
INFO: [ view_parse ] --END-- [ RunTime:0.023002s ]
INFO: [ view_filter ] --START--
INFO: Run Behavior\WriteHtmlCacheBehavior [ RunTime:0.003000s ]
INFO: [ view_filter ] --END-- [ RunTime:0.003000s ]
INFO: [ view_parse ] --START--
INFO: [ template_filter ] --START--
INFO: Run Behavior\ContentReplaceBehavior [ RunTime:0.001000s ]
INFO: [ template_filter ] --END-- [ RunTime:-0.041003s ]
INFO: Run Behavior\ParseTemplateBehavior [ RunTime:0.047003s ]
INFO: [ view_parse ] --END-- [ RunTime:-0.004000s ]
INFO: [ view_filter ] --START--
INFO: Run Behavior\WriteHtmlCacheBehavior [ RunTime:0.000000s ]
INFO: [ view_filter ] --END-- [ RunTime:-0.050003s ]
INFO: [ view_parse ] --START--
INFO: [ template_filter ] --START--
INFO: Run Behavior\ContentReplaceBehavior [ RunTime:0.000000s ]
INFO: [ template_filter ] --END-- [ RunTime:-0.070004s ]
INFO: Run Behavior\ParseTemplateBehavior [ RunTime:0.010001s ]
INFO: [ view_parse ] --END-- [ RunTime:-0.055003s ]
INFO: [ view_filter ] --START--
INFO: Run Behavior\WriteHtmlCacheBehavior [ RunTime:0.000000s ]
INFO: [ view_filter ] --END-- [ RunTime:-0.066004s ]
NOTIC: [2] Cannot modify header information - headers already sent by (output started at E:\wamp\www\scuthelper\3\ThinkPHP\Library\Think\View.class.php:95) E:\wamp\www\scuthelper\3\ThinkPHP\Library\Think\View.class.php 第 91 行.
NOTIC: [2] Cannot modify header information - headers already sent by (output started at E:\wamp\www\scuthelper\3\ThinkPHP\Library\Think\View.class.php:95) E:\wamp\www\scuthelper\3\ThinkPHP\Library\Think\View.class.php 第 92 行.
NOTIC: [2] Cannot modify header information - headers already sent by (output started at E:\wamp\www\scuthelper\3\ThinkPHP\Library\Think\View.class.php:95) E:\wamp\www\scuthelper\3\ThinkPHP\Library\Think\View.class.php 第 93 行.
INFO: [ app_end ] --START--
INFO: Run Behavior\ShowPageTraceBehavior [ RunTime:0.002000s ]
INFO: [ app_end ] --END-- [ RunTime:0.003000s ]

[ 2016-04-09T00:58:14+08:00 ] ::1 /scuthelper/3/market/ordersAndProducts?seller_note=&order_reject_button=
INFO: [ app_init ] --START--
INFO: Run Behavior\BuildLiteBehavior [ RunTime:0.000000s ]
INFO: [ app_init ] --END-- [ RunTime:0.001000s ]
INFO: [ app_begin ] --START--
INFO: Run Behavior\ReadHtmlCacheBehavior [ RunTime:0.001000s ]
INFO: [ app_begin ] --END-- [ RunTime:0.002000s ]
NOTIC: [8] A session had already been started - ignoring session_start() E:\wamp\www\scuthelper\3\Application\Home\Controller\PersonalController.class.php 第 251 行.
SQL: SHOW COLUMNS FROM `orders` [ RunTime:0.0050s ]
SQL: SELECT `order_id`,products.name,orders.time,`latest_time`,orders.quantity,addresses.content,`address2`,`status` FROM `orders` INNER JOIN products ON products.product_id=orders.product_id INNER JOIN addresses ON addresses.address_id = orders.address1  WHERE ( orders.user_id=21 ) ORDER BY latest_time desc  [ RunTime:0.0010s ]
SQL: SHOW COLUMNS FROM `products` [ RunTime:0.0050s ]
SQL: SELECT * FROM `products` WHERE ( user_id=21 ) ORDER BY modify_time desc  [ RunTime:0.0010s ]
SQL: SELECT `order_id`,products.product_id,products.name,orders.time,orders.quantity,orders.address2,addresses.content,`buyer_note`,`min_price`,`max_price`,`expect_exchange_time` FROM `orders` INNER JOIN products ON products.product_id=orders.product_id INNER JOIN addresses ON addresses.address_id = orders.address1  WHERE ( orders.status=0 AND products.user_id=21 ) ORDER BY time desc  [ RunTime:0.0020s ]
SQL: SHOW COLUMNS FROM `users` [ RunTime:0.0070s ]
SQL: SELECT * FROM `users` WHERE ( user_id=21 ) LIMIT 1   [ RunTime:0.0020s ]
NOTIC: [2] file_get_contents(isMobile?user_agent=Mozilla/5.0 (Windows NT 6.1; WOW64; rv:45.0) Gecko/20100101 Firefox/45.0): failed to open stream: No such file or directory E:\wamp\www\scuthelper\3\Application\Home\Controller\PersonalController.class.php 第 264 行.
INFO: [ view_parse ] --START--
INFO: [ template_filter ] --START--
INFO: Run Behavior\ContentReplaceBehavior [ RunTime:0.000000s ]
INFO: [ template_filter ] --END-- [ RunTime:0.001000s ]
INFO: Run Behavior\ParseTemplateBehavior [ RunTime:0.020001s ]
INFO: [ view_parse ] --END-- [ RunTime:0.020001s ]
INFO: [ view_filter ] --START--
INFO: Run Behavior\WriteHtmlCacheBehavior [ RunTime:0.001000s ]
INFO: [ view_filter ] --END-- [ RunTime:0.001000s ]
INFO: [ view_parse ] --START--
INFO: [ template_filter ] --START--
INFO: Run Behavior\ContentReplaceBehavior [ RunTime:0.000000s ]
INFO: [ template_filter ] --END-- [ RunTime:-0.039002s ]
INFO: Run Behavior\ParseTemplateBehavior [ RunTime:0.048003s ]
INFO: [ view_parse ] --END-- [ RunTime:-0.002000s ]
INFO: [ view_filter ] --START--
INFO: Run Behavior\WriteHtmlCacheBehavior [ RunTime:0.000000s ]
INFO: [ view_filter ] --END-- [ RunTime:-0.050003s ]
INFO: [ view_parse ] --START--
INFO: [ template_filter ] --START--
INFO: Run Behavior\ContentReplaceBehavior [ RunTime:0.000000s ]
INFO: [ template_filter ] --END-- [ RunTime:-0.064003s ]
INFO: Run Behavior\ParseTemplateBehavior [ RunTime:0.006000s ]
INFO: [ view_parse ] --END-- [ RunTime:-0.053003s ]
INFO: [ view_filter ] --START--
INFO: Run Behavior\WriteHtmlCacheBehavior [ RunTime:0.000000s ]
INFO: [ view_filter ] --END-- [ RunTime:-0.064004s ]
NOTIC: [2] Cannot modify header information - headers already sent by (output started at E:\wamp\www\scuthelper\3\ThinkPHP\Library\Think\View.class.php:95) E:\wamp\www\scuthelper\3\ThinkPHP\Library\Think\View.class.php 第 91 行.
NOTIC: [2] Cannot modify header information - headers already sent by (output started at E:\wamp\www\scuthelper\3\ThinkPHP\Library\Think\View.class.php:95) E:\wamp\www\scuthelper\3\ThinkPHP\Library\Think\View.class.php 第 92 行.
NOTIC: [2] Cannot modify header information - headers already sent by (output started at E:\wamp\www\scuthelper\3\ThinkPHP\Library\Think\View.class.php:95) E:\wamp\www\scuthelper\3\ThinkPHP\Library\Think\View.class.php 第 93 行.
INFO: [ app_end ] --START--
INFO: Run Behavior\ShowPageTraceBehavior [ RunTime:0.001000s ]
INFO: [ app_end ] --END-- [ RunTime:0.002000s ]

[ 2016-04-09T00:59:09+08:00 ] ::1 /scuthelper/3/market/ordersAndProducts?seller_note=&order_reject_button=
INFO: [ app_init ] --START--
INFO: Run Behavior\BuildLiteBehavior [ RunTime:0.000000s ]
INFO: [ app_init ] --END-- [ RunTime:0.002000s ]
INFO: [ app_begin ] --START--
INFO: Run Behavior\ReadHtmlCacheBehavior [ RunTime:0.002001s ]
INFO: [ app_begin ] --END-- [ RunTime:0.018001s ]
NOTIC: [8] A session had already been started - ignoring session_start() E:\wamp\www\scuthelper\3\Application\Home\Controller\PersonalController.class.php 第 251 行.
SQL: SHOW COLUMNS FROM `orders` [ RunTime:0.0040s ]
SQL: SELECT `order_id`,products.name,orders.time,`latest_time`,orders.quantity,addresses.content,`address2`,`status` FROM `orders` INNER JOIN products ON products.product_id=orders.product_id INNER JOIN addresses ON addresses.address_id = orders.address1  WHERE ( orders.user_id=21 ) ORDER BY latest_time desc  [ RunTime:0.0010s ]
SQL: SHOW COLUMNS FROM `products` [ RunTime:0.0040s ]
SQL: SELECT * FROM `products` WHERE ( user_id=21 ) ORDER BY modify_time desc  [ RunTime:0.0010s ]
SQL: SELECT `order_id`,products.product_id,products.name,orders.time,orders.quantity,orders.address2,addresses.content,`buyer_note`,`min_price`,`max_price`,`expect_exchange_time` FROM `orders` INNER JOIN products ON products.product_id=orders.product_id INNER JOIN addresses ON addresses.address_id = orders.address1  WHERE ( orders.status=0 AND products.user_id=21 ) ORDER BY time desc  [ RunTime:0.0010s ]
SQL: SHOW COLUMNS FROM `users` [ RunTime:0.0030s ]
SQL: SELECT * FROM `users` WHERE ( user_id=21 ) LIMIT 1   [ RunTime:0.0010s ]
NOTIC: [2] file_get_contents(isMobile?user_agent=Mozilla/5.0 (Windows NT 6.1; WOW64; rv:45.0) Gecko/20100101 Firefox/45.0): failed to open stream: No such file or directory E:\wamp\www\scuthelper\3\Application\Home\Controller\PersonalController.class.php 第 264 行.
INFO: [ view_parse ] --START--
INFO: [ template_filter ] --START--
INFO: Run Behavior\ContentReplaceBehavior [ RunTime:0.001000s ]
INFO: [ template_filter ] --END-- [ RunTime:0.001000s ]
INFO: Run Behavior\ParseTemplateBehavior [ RunTime:0.018001s ]
INFO: [ view_parse ] --END-- [ RunTime:0.018001s ]
INFO: [ view_filter ] --START--
INFO: Run Behavior\WriteHtmlCacheBehavior [ RunTime:0.002000s ]
INFO: [ view_filter ] --END-- [ RunTime:0.002000s ]
INFO: [ view_parse ] --START--
INFO: [ template_filter ] --START--
INFO: Run Behavior\ContentReplaceBehavior [ RunTime:0.000000s ]
INFO: [ template_filter ] --END-- [ RunTime:-0.029002s ]
INFO: Run Behavior\ParseTemplateBehavior [ RunTime:0.035002s ]
INFO: [ view_parse ] --END-- [ RunTime:-0.003000s ]
INFO: [ view_filter ] --START--
INFO: Run Behavior\WriteHtmlCacheBehavior [ RunTime:0.000000s ]
INFO: [ view_filter ] --END-- [ RunTime:-0.037002s ]
INFO: [ view_parse ] --START--
INFO: [ template_filter ] --START--
INFO: Run Behavior\ContentReplaceBehavior [ RunTime:0.001000s ]
INFO: [ template_filter ] --END-- [ RunTime:-0.047003s ]
INFO: Run Behavior\ParseTemplateBehavior [ RunTime:0.007000s ]
INFO: [ view_parse ] --END-- [ RunTime:-0.040002s ]
INFO: [ view_filter ] --START--
INFO: Run Behavior\WriteHtmlCacheBehavior [ RunTime:0.000000s ]
INFO: [ view_filter ] --END-- [ RunTime:-0.045002s ]
NOTIC: [2] Cannot modify header information - headers already sent by (output started at E:\wamp\www\scuthelper\3\ThinkPHP\Library\Think\View.class.php:95) E:\wamp\www\scuthelper\3\ThinkPHP\Library\Think\View.class.php 第 91 行.
NOTIC: [2] Cannot modify header information - headers already sent by (output started at E:\wamp\www\scuthelper\3\ThinkPHP\Library\Think\View.class.php:95) E:\wamp\www\scuthelper\3\ThinkPHP\Library\Think\View.class.php 第 92 行.
NOTIC: [2] Cannot modify header information - headers already sent by (output started at E:\wamp\www\scuthelper\3\ThinkPHP\Library\Think\View.class.php:95) E:\wamp\www\scuthelper\3\ThinkPHP\Library\Think\View.class.php 第 93 行.
INFO: [ app_end ] --START--
INFO: Run Behavior\ShowPageTraceBehavior [ RunTime:0.001000s ]
INFO: [ app_end ] --END-- [ RunTime:0.001000s ]

[ 2016-04-09T00:59:30+08:00 ] ::1 /scuthelper/3/market/deleteOrder
INFO: [ app_init ] --START--
INFO: Run Behavior\BuildLiteBehavior [ RunTime:0.000000s ]
INFO: [ app_init ] --END-- [ RunTime:0.006000s ]
INFO: [ app_begin ] --START--
INFO: Run Behavior\ReadHtmlCacheBehavior [ RunTime:0.001000s ]
INFO: [ app_begin ] --END-- [ RunTime:0.002000s ]
NOTIC: [8] Undefined index: order_id E:\wamp\www\scuthelper\3\Application\Home\Controller\OrdersController.class.php 第 81 行.
SQL: SHOW COLUMNS FROM `orders` [ RunTime:0.0050s ]
ERR: SQLSTATE[42000]: Syntax error or access violation: 1064 You have an error in your SQL syntax; check the manual that corresponds to your MySQL server version for the right syntax to use near ') LIMIT 1' at line 1

[ 2016-04-09T00:59:30+08:00 ] ::1 /scuthelper/3/market/deleteOrder
INFO: [ app_init ] --START--
INFO: Run Behavior\BuildLiteBehavior [ RunTime:0.000000s ]
INFO: [ app_init ] --END-- [ RunTime:0.003001s ]
INFO: [ app_begin ] --START--
INFO: Run Behavior\ReadHtmlCacheBehavior [ RunTime:0.003001s ]
INFO: [ app_begin ] --END-- [ RunTime:0.003001s ]
SQL: SHOW COLUMNS FROM `orders` [ RunTime:0.0050s ]
SQL: SELECT * FROM `orders` WHERE ( order_id=4 ) LIMIT 1   [ RunTime:0.0010s ]
SQL: UPDATE `orders` SET `status`='4' WHERE ( order_id=4 ) [ RunTime:0.0790s ]
SQL: SHOW COLUMNS FROM `products` [ RunTime:0.0040s ]
SQL: SELECT * FROM `products` WHERE ( product_id=1 ) LIMIT 1   [ RunTime:0.0010s ]
SQL: UPDATE `products` SET `product_id`='1',`user_id`='4',`name`='数学分析',`min_price`='20',`max_price`='0',`category`='1',`quantity`='5',`quantity_sold`='3',`fineness`='1',`description`='数学分析数学分析数学分析数学分析数学分析',`source`='1',`times_read`='0',`time`='2016-02-29 12:00:00',`modify_time`='2016-02-29 12:00:00',`is_deleted`='0' WHERE ( product_id=1 ) [ RunTime:0.0460s ]
INFO: [ app_end ] --START--
INFO: Run Behavior\ShowPageTraceBehavior [ RunTime:0.001000s ]
INFO: [ app_end ] --END-- [ RunTime:0.002000s ]

[ 2016-04-09T00:59:35+08:00 ] ::1 /scuthelper/3/market/ordersAndProducts?seller_note=&order_reject_button=
INFO: [ app_init ] --START--
INFO: Run Behavior\BuildLiteBehavior [ RunTime:0.000000s ]
INFO: [ app_init ] --END-- [ RunTime:0.001000s ]
INFO: [ app_begin ] --START--
INFO: Run Behavior\ReadHtmlCacheBehavior [ RunTime:0.002000s ]
INFO: [ app_begin ] --END-- [ RunTime:0.002000s ]
NOTIC: [8] A session had already been started - ignoring session_start() E:\wamp\www\scuthelper\3\Application\Home\Controller\PersonalController.class.php 第 251 行.
SQL: SHOW COLUMNS FROM `orders` [ RunTime:0.0050s ]
SQL: SELECT `order_id`,products.name,orders.time,`latest_time`,orders.quantity,addresses.content,`address2`,`status` FROM `orders` INNER JOIN products ON products.product_id=orders.product_id INNER JOIN addresses ON addresses.address_id = orders.address1  WHERE ( orders.user_id=21 ) ORDER BY latest_time desc  [ RunTime:0.0010s ]
SQL: SHOW COLUMNS FROM `products` [ RunTime:0.0050s ]
SQL: SELECT * FROM `products` WHERE ( user_id=21 ) ORDER BY modify_time desc  [ RunTime:0.0010s ]
SQL: SELECT `order_id`,products.product_id,products.name,orders.time,orders.quantity,orders.address2,addresses.content,`buyer_note`,`min_price`,`max_price`,`expect_exchange_time` FROM `orders` INNER JOIN products ON products.product_id=orders.product_id INNER JOIN addresses ON addresses.address_id = orders.address1  WHERE ( orders.status=0 AND products.user_id=21 ) ORDER BY time desc  [ RunTime:0.0020s ]
SQL: SHOW COLUMNS FROM `users` [ RunTime:0.0050s ]
SQL: SELECT * FROM `users` WHERE ( user_id=21 ) LIMIT 1   [ RunTime:0.0010s ]
NOTIC: [2] file_get_contents(isMobile?user_agent=Mozilla/5.0 (Windows NT 6.1; WOW64; rv:45.0) Gecko/20100101 Firefox/45.0): failed to open stream: No such file or directory E:\wamp\www\scuthelper\3\Application\Home\Controller\PersonalController.class.php 第 264 行.
INFO: [ view_parse ] --START--
INFO: [ template_filter ] --START--
INFO: Run Behavior\ContentReplaceBehavior [ RunTime:0.001000s ]
INFO: [ template_filter ] --END-- [ RunTime:0.001000s ]
INFO: Run Behavior\ParseTemplateBehavior [ RunTime:0.020002s ]
INFO: [ view_parse ] --END-- [ RunTime:0.020002s ]
INFO: [ view_filter ] --START--
INFO: Run Behavior\WriteHtmlCacheBehavior [ RunTime:0.001000s ]
INFO: [ view_filter ] --END-- [ RunTime:0.002000s ]
INFO: [ view_parse ] --START--
INFO: [ template_filter ] --START--
INFO: Run Behavior\ContentReplaceBehavior [ RunTime:0.000000s ]
INFO: [ template_filter ] --END-- [ RunTime:-0.034002s ]
INFO: Run Behavior\ParseTemplateBehavior [ RunTime:0.042002s ]
INFO: [ view_parse ] --END-- [ RunTime:-0.003000s ]
INFO: [ view_filter ] --START--
INFO: Run Behavior\WriteHtmlCacheBehavior [ RunTime:0.000000s ]
INFO: [ view_filter ] --END-- [ RunTime:-0.043002s ]
INFO: [ view_parse ] --START--
INFO: [ template_filter ] --START--
INFO: Run Behavior\ContentReplaceBehavior [ RunTime:0.000000s ]
INFO: [ template_filter ] --END-- [ RunTime:-0.054004s ]
INFO: Run Behavior\ParseTemplateBehavior [ RunTime:0.006001s ]
INFO: [ view_parse ] --END-- [ RunTime:-0.047002s ]
INFO: [ view_filter ] --START--
INFO: Run Behavior\WriteHtmlCacheBehavior [ RunTime:0.001000s ]
INFO: [ view_filter ] --END-- [ RunTime:-0.051003s ]
NOTIC: [2] Cannot modify header information - headers already sent by (output started at E:\wamp\www\scuthelper\3\ThinkPHP\Library\Think\View.class.php:95) E:\wamp\www\scuthelper\3\ThinkPHP\Library\Think\View.class.php 第 91 行.
NOTIC: [2] Cannot modify header information - headers already sent by (output started at E:\wamp\www\scuthelper\3\ThinkPHP\Library\Think\View.class.php:95) E:\wamp\www\scuthelper\3\ThinkPHP\Library\Think\View.class.php 第 92 行.
NOTIC: [2] Cannot modify header information - headers already sent by (output started at E:\wamp\www\scuthelper\3\ThinkPHP\Library\Think\View.class.php:95) E:\wamp\www\scuthelper\3\ThinkPHP\Library\Think\View.class.php 第 93 行.
INFO: [ app_end ] --START--
INFO: Run Behavior\ShowPageTraceBehavior [ RunTime:0.001000s ]
INFO: [ app_end ] --END-- [ RunTime:0.002000s ]

[ 2016-04-09T01:01:52+08:00 ] ::1 /scuthelper/3/market/ordersAndProducts?seller_note=&order_reject_button=
INFO: [ app_init ] --START--
INFO: Run Behavior\BuildLiteBehavior [ RunTime:0.000000s ]
INFO: [ app_init ] --END-- [ RunTime:0.004000s ]
INFO: [ app_begin ] --START--
INFO: Run Behavior\ReadHtmlCacheBehavior [ RunTime:0.001000s ]
INFO: [ app_begin ] --END-- [ RunTime:0.002000s ]
NOTIC: [8] A session had already been started - ignoring session_start() E:\wamp\www\scuthelper\3\Application\Home\Controller\PersonalController.class.php 第 251 行.
SQL: SHOW COLUMNS FROM `orders` [ RunTime:0.0040s ]
SQL: SELECT `order_id`,products.name,orders.time,`latest_time`,orders.quantity,addresses.content,`address2`,`status` FROM `orders` INNER JOIN products ON products.product_id=orders.product_id INNER JOIN addresses ON addresses.address_id = orders.address1  WHERE ( orders.user_id=21 ) ORDER BY latest_time desc  [ RunTime:0.0020s ]
SQL: SHOW COLUMNS FROM `products` [ RunTime:0.0050s ]
SQL: SELECT * FROM `products` WHERE ( user_id=21 ) ORDER BY modify_time desc  [ RunTime:0.0220s ]
SQL: SELECT `order_id`,products.product_id,products.name,orders.time,orders.quantity,orders.address2,addresses.content,`buyer_note`,`min_price`,`max_price`,`expect_exchange_time` FROM `orders` INNER JOIN products ON products.product_id=orders.product_id INNER JOIN addresses ON addresses.address_id = orders.address1  WHERE ( orders.status=0 AND products.user_id=21 ) ORDER BY time desc  [ RunTime:0.0010s ]
SQL: SHOW COLUMNS FROM `users` [ RunTime:0.0090s ]
SQL: SELECT * FROM `users` WHERE ( user_id=21 ) LIMIT 1   [ RunTime:0.0010s ]
NOTIC: [2] file_get_contents(isMobile?user_agent=Mozilla/5.0 (Windows NT 6.1; WOW64; rv:45.0) Gecko/20100101 Firefox/45.0): failed to open stream: No such file or directory E:\wamp\www\scuthelper\3\Application\Home\Controller\PersonalController.class.php 第 264 行.
INFO: [ view_parse ] --START--
INFO: [ template_filter ] --START--
INFO: Run Behavior\ContentReplaceBehavior [ RunTime:0.000000s ]
INFO: [ template_filter ] --END-- [ RunTime:0.001000s ]
INFO: Run Behavior\ParseTemplateBehavior [ RunTime:0.019001s ]
INFO: [ view_parse ] --END-- [ RunTime:0.021001s ]
INFO: [ view_filter ] --START--
INFO: Run Behavior\WriteHtmlCacheBehavior [ RunTime:0.001000s ]
INFO: [ view_filter ] --END-- [ RunTime:0.001000s ]
INFO: [ view_parse ] --START--
INFO: [ template_filter ] --START--
INFO: Run Behavior\ContentReplaceBehavior [ RunTime:0.001000s ]
INFO: [ template_filter ] --END-- [ RunTime:-0.035002s ]
INFO: Run Behavior\ParseTemplateBehavior [ RunTime:0.045003s ]
INFO: [ view_parse ] --END-- [ RunTime:-0.002000s ]
INFO: [ view_filter ] --START--
INFO: Run Behavior\WriteHtmlCacheBehavior [ RunTime:0.000000s ]
INFO: [ view_filter ] --END-- [ RunTime:-0.046003s ]
INFO: [ view_parse ] --START--
INFO: [ template_filter ] --START--
INFO: Run Behavior\ContentReplaceBehavior [ RunTime:0.000000s ]
INFO: [ template_filter ] --END-- [ RunTime:-0.059003s ]
INFO: Run Behavior\ParseTemplateBehavior [ RunTime:0.008001s ]
INFO: [ view_parse ] --END-- [ RunTime:-0.049003s ]
INFO: [ view_filter ] --START--
INFO: Run Behavior\WriteHtmlCacheBehavior [ RunTime:0.001000s ]
INFO: [ view_filter ] --END-- [ RunTime:-0.057004s ]
NOTIC: [2] Cannot modify header information - headers already sent by (output started at E:\wamp\www\scuthelper\3\ThinkPHP\Library\Think\View.class.php:95) E:\wamp\www\scuthelper\3\ThinkPHP\Library\Think\View.class.php 第 91 行.
NOTIC: [2] Cannot modify header information - headers already sent by (output started at E:\wamp\www\scuthelper\3\ThinkPHP\Library\Think\View.class.php:95) E:\wamp\www\scuthelper\3\ThinkPHP\Library\Think\View.class.php 第 92 行.
NOTIC: [2] Cannot modify header information - headers already sent by (output started at E:\wamp\www\scuthelper\3\ThinkPHP\Library\Think\View.class.php:95) E:\wamp\www\scuthelper\3\ThinkPHP\Library\Think\View.class.php 第 93 行.
INFO: [ app_end ] --START--
INFO: Run Behavior\ShowPageTraceBehavior [ RunTime:0.001000s ]
INFO: [ app_end ] --END-- [ RunTime:0.002000s ]

