[ 2016-02-27T14:51:35+08:00 ] 127.0.0.1 /scuthelper/3/index.php/Home/Market
INFO: [ app_init ] --START--
INFO: Run Behavior\BuildLiteBehavior [ RunTime:0.000000s ]
INFO: [ app_init ] --END-- [ RunTime:0.002000s ]
INFO: [ app_begin ] --START--
INFO: Run Behavior\ReadHtmlCacheBehavior [ RunTime:0.014001s ]
INFO: [ app_begin ] --END-- [ RunTime:0.014001s ]
INFO: [ app_end ] --START--
INFO: Run Behavior\ShowPageTraceBehavior [ RunTime:0.003000s ]
INFO: [ app_end ] --END-- [ RunTime:0.003000s ]

[ 2016-02-27T14:51:53+08:00 ] 127.0.0.1 /scuthelper/3/index.php/market/updatePersonalInfo
INFO: [ app_init ] --START--
INFO: Run Behavior\BuildLiteBehavior [ RunTime:0.000000s ]
INFO: [ app_init ] --END-- [ RunTime:0.001000s ]
INFO: [ app_begin ] --START--
INFO: Run Behavior\ReadHtmlCacheBehavior [ RunTime:0.002000s ]
INFO: [ app_begin ] --END-- [ RunTime:0.002000s ]

[ 2016-02-27T14:52:13+08:00 ] 127.0.0.1 /scuthelper/3/index.php/market/updatePersonalInfo
INFO: [ app_init ] --START--
INFO: Run Behavior\BuildLiteBehavior [ RunTime:0.000000s ]
INFO: [ app_init ] --END-- [ RunTime:0.001000s ]
INFO: [ app_begin ] --START--
INFO: Run Behavior\ReadHtmlCacheBehavior [ RunTime:0.002001s ]
INFO: [ app_begin ] --END-- [ RunTime:0.002001s ]

[ 2016-02-27T14:52:49+08:00 ] 127.0.0.1 /scuthelper/3/index.php/market/updatePersonalInfo
INFO: [ app_init ] --START--
INFO: Run Behavior\BuildLiteBehavior [ RunTime:0.001000s ]
INFO: [ app_init ] --END-- [ RunTime:0.002000s ]
INFO: [ app_begin ] --START--
INFO: Run Behavior\ReadHtmlCacheBehavior [ RunTime:0.002000s ]
INFO: [ app_begin ] --END-- [ RunTime:0.002000s ]
SQL: SHOW COLUMNS FROM `addresses` [ RunTime:0.0040s ]
SQL: SHOW COLUMNS FROM `schools` [ RunTime:0.0040s ]
SQL: SHOW COLUMNS FROM `majors` [ RunTime:0.0070s ]
INFO: [ app_end ] --START--
INFO: Run Behavior\ShowPageTraceBehavior [ RunTime:0.002000s ]
INFO: [ app_end ] --END-- [ RunTime:0.002000s ]

[ 2016-02-27T14:53:23+08:00 ] 127.0.0.1 /scuthelper/3/index.php/market/updatePersonalInfo
INFO: [ app_init ] --START--
INFO: Run Behavior\BuildLiteBehavior [ RunTime:0.000000s ]
INFO: [ app_init ] --END-- [ RunTime:0.001000s ]
INFO: [ app_begin ] --START--
INFO: Run Behavior\ReadHtmlCacheBehavior [ RunTime:0.002000s ]
INFO: [ app_begin ] --END-- [ RunTime:0.003000s ]
SQL: SHOW COLUMNS FROM `addresses` [ RunTime:0.0070s ]
SQL: SHOW COLUMNS FROM `schools` [ RunTime:0.0070s ]
SQL: SHOW COLUMNS FROM `majors` [ RunTime:0.0040s ]
INFO: [ app_end ] --START--
INFO: Run Behavior\ShowPageTraceBehavior [ RunTime:0.003000s ]
INFO: [ app_end ] --END-- [ RunTime:0.004000s ]

[ 2016-02-27T14:53:49+08:00 ] 127.0.0.1 /scuthelper/3/index.php/market/updatePersonalInfo
INFO: [ app_init ] --START--
INFO: Run Behavior\BuildLiteBehavior [ RunTime:0.000000s ]
INFO: [ app_init ] --END-- [ RunTime:0.002000s ]
INFO: [ app_begin ] --START--
INFO: Run Behavior\ReadHtmlCacheBehavior [ RunTime:0.002000s ]
INFO: [ app_begin ] --END-- [ RunTime:0.002000s ]
SQL: SHOW COLUMNS FROM `addresses` [ RunTime:0.0050s ]
SQL: SHOW COLUMNS FROM `schools` [ RunTime:0.0030s ]
SQL: SHOW COLUMNS FROM `majors` [ RunTime:0.0050s ]
INFO: [ app_end ] --START--
INFO: Run Behavior\ShowPageTraceBehavior [ RunTime:0.002000s ]
INFO: [ app_end ] --END-- [ RunTime:0.002000s ]

[ 2016-02-27T14:55:15+08:00 ] 127.0.0.1 /scuthelper/3/index.php/market/updatePersonalInfo
INFO: [ app_init ] --START--
INFO: Run Behavior\BuildLiteBehavior [ RunTime:0.000000s ]
INFO: [ app_init ] --END-- [ RunTime:0.001000s ]
INFO: [ app_begin ] --START--
INFO: Run Behavior\ReadHtmlCacheBehavior [ RunTime:0.002001s ]
INFO: [ app_begin ] --END-- [ RunTime:0.002001s ]
SQL: SHOW COLUMNS FROM `addresses` [ RunTime:0.0040s ]
SQL: SHOW COLUMNS FROM `schools` [ RunTime:0.0060s ]
SQL: SHOW COLUMNS FROM `majors` [ RunTime:0.0040s ]
INFO: [ app_end ] --START--
INFO: Run Behavior\ShowPageTraceBehavior [ RunTime:0.002000s ]
INFO: [ app_end ] --END-- [ RunTime:0.002000s ]

[ 2016-02-27T14:56:34+08:00 ] 127.0.0.1 /scuthelper/3/index.php/market/updatePersonalInfo
INFO: [ app_init ] --START--
INFO: Run Behavior\BuildLiteBehavior [ RunTime:0.000000s ]
INFO: [ app_init ] --END-- [ RunTime:0.001000s ]
INFO: [ app_begin ] --START--
INFO: Run Behavior\ReadHtmlCacheBehavior [ RunTime:0.002001s ]
INFO: [ app_begin ] --END-- [ RunTime:0.002001s ]
SQL: SHOW COLUMNS FROM `addresses` [ RunTime:0.0040s ]
SQL: SHOW COLUMNS FROM `schools` [ RunTime:0.0040s ]
SQL: SHOW COLUMNS FROM `majors` [ RunTime:0.0040s ]
INFO: [ app_end ] --START--
INFO: Run Behavior\ShowPageTraceBehavior [ RunTime:0.002000s ]
INFO: [ app_end ] --END-- [ RunTime:0.003000s ]

[ 2016-02-27T14:56:37+08:00 ] 127.0.0.1 /scuthelper/3/index.php/market/updatePersonalInfo
INFO: [ app_init ] --START--
INFO: Run Behavior\BuildLiteBehavior [ RunTime:0.000000s ]
INFO: [ app_init ] --END-- [ RunTime:0.002000s ]
INFO: [ app_begin ] --START--
INFO: Run Behavior\ReadHtmlCacheBehavior [ RunTime:0.001000s ]
INFO: [ app_begin ] --END-- [ RunTime:0.002000s ]
SQL: SHOW COLUMNS FROM `addresses` [ RunTime:0.0040s ]
SQL: SHOW COLUMNS FROM `schools` [ RunTime:0.0040s ]
SQL: SHOW COLUMNS FROM `majors` [ RunTime:0.0040s ]
INFO: [ app_end ] --START--
INFO: Run Behavior\ShowPageTraceBehavior [ RunTime:0.001000s ]
INFO: [ app_end ] --END-- [ RunTime:0.003000s ]

[ 2016-02-27T14:57:05+08:00 ] 127.0.0.1 /scuthelper/3/index.php/market/updatePersonalInfo
INFO: [ app_init ] --START--
INFO: Run Behavior\BuildLiteBehavior [ RunTime:0.000000s ]
INFO: [ app_init ] --END-- [ RunTime:0.002000s ]
INFO: [ app_begin ] --START--
INFO: Run Behavior\ReadHtmlCacheBehavior [ RunTime:0.002000s ]
INFO: [ app_begin ] --END-- [ RunTime:0.002000s ]
SQL: SHOW COLUMNS FROM `addresses` [ RunTime:0.0040s ]
SQL: SHOW COLUMNS FROM `schools` [ RunTime:0.0030s ]
SQL: SHOW COLUMNS FROM `majors` [ RunTime:0.0050s ]
INFO: [ app_end ] --START--
INFO: Run Behavior\ShowPageTraceBehavior [ RunTime:0.004000s ]
INFO: [ app_end ] --END-- [ RunTime:0.006000s ]

[ 2016-02-27T14:57:46+08:00 ] 127.0.0.1 /scuthelper/3/index.php/market/updatePersonalInfo
INFO: [ app_init ] --START--
INFO: Run Behavior\BuildLiteBehavior [ RunTime:0.000000s ]
INFO: [ app_init ] --END-- [ RunTime:0.001000s ]
INFO: [ app_begin ] --START--
INFO: Run Behavior\ReadHtmlCacheBehavior [ RunTime:0.002000s ]
INFO: [ app_begin ] --END-- [ RunTime:0.002000s ]
SQL: SHOW COLUMNS FROM `addresses` [ RunTime:0.0040s ]
SQL: SHOW COLUMNS FROM `schools` [ RunTime:0.0040s ]
SQL: SHOW COLUMNS FROM `majors` [ RunTime:0.0040s ]
INFO: [ app_end ] --START--
INFO: Run Behavior\ShowPageTraceBehavior [ RunTime:0.001000s ]
INFO: [ app_end ] --END-- [ RunTime:0.003000s ]

[ 2016-02-27T14:58:47+08:00 ] 127.0.0.1 /scuthelper/3/index.php/market/updatePersonalInfo
INFO: [ app_init ] --START--
INFO: Run Behavior\BuildLiteBehavior [ RunTime:0.000000s ]
INFO: [ app_init ] --END-- [ RunTime:0.001000s ]
INFO: [ app_begin ] --START--
INFO: Run Behavior\ReadHtmlCacheBehavior [ RunTime:0.001001s ]
INFO: [ app_begin ] --END-- [ RunTime:0.002001s ]
SQL: SHOW COLUMNS FROM `addresses` [ RunTime:0.0050s ]
SQL: SHOW COLUMNS FROM `schools` [ RunTime:0.0050s ]
SQL: SHOW COLUMNS FROM `majors` [ RunTime:0.0030s ]
INFO: [ app_end ] --START--
INFO: Run Behavior\ShowPageTraceBehavior [ RunTime:0.002000s ]
INFO: [ app_end ] --END-- [ RunTime:0.002000s ]

[ 2016-02-27T14:58:59+08:00 ] 127.0.0.1 /scuthelper/3/index.php/market/updatePersonalInfo
INFO: [ app_init ] --START--
INFO: Run Behavior\BuildLiteBehavior [ RunTime:0.000000s ]
INFO: [ app_init ] --END-- [ RunTime:0.002000s ]
INFO: [ app_begin ] --START--
INFO: Run Behavior\ReadHtmlCacheBehavior [ RunTime:0.003000s ]
INFO: [ app_begin ] --END-- [ RunTime:0.003000s ]
SQL: SHOW COLUMNS FROM `addresses` [ RunTime:0.0030s ]
SQL: SHOW COLUMNS FROM `schools` [ RunTime:0.0040s ]
SQL: SHOW COLUMNS FROM `majors` [ RunTime:0.0040s ]
INFO: [ app_end ] --START--
INFO: Run Behavior\ShowPageTraceBehavior [ RunTime:0.002000s ]
INFO: [ app_end ] --END-- [ RunTime:0.002000s ]

[ 2016-02-27T14:59:10+08:00 ] 127.0.0.1 /scuthelper/3/index.php/market/updatePersonalInfo
INFO: [ app_init ] --START--
INFO: Run Behavior\BuildLiteBehavior [ RunTime:0.000000s ]
INFO: [ app_init ] --END-- [ RunTime:0.001000s ]
INFO: [ app_begin ] --START--
INFO: Run Behavior\ReadHtmlCacheBehavior [ RunTime:0.005000s ]
INFO: [ app_begin ] --END-- [ RunTime:0.006000s ]
SQL: SHOW COLUMNS FROM `addresses` [ RunTime:0.0040s ]
SQL: SHOW COLUMNS FROM `schools` [ RunTime:0.0030s ]
SQL: SHOW COLUMNS FROM `majors` [ RunTime:0.0040s ]
INFO: [ app_end ] --START--
INFO: Run Behavior\ShowPageTraceBehavior [ RunTime:0.001000s ]
INFO: [ app_end ] --END-- [ RunTime:0.002000s ]

[ 2016-02-27T15:05:50+08:00 ] 127.0.0.1 /scuthelper/3/index.php/market/updatePersonalInfo
INFO: [ app_init ] --START--
INFO: Run Behavior\BuildLiteBehavior [ RunTime:0.000000s ]
INFO: [ app_init ] --END-- [ RunTime:0.001000s ]
INFO: [ app_begin ] --START--
INFO: Run Behavior\ReadHtmlCacheBehavior [ RunTime:0.002000s ]
INFO: [ app_begin ] --END-- [ RunTime:0.002000s ]
SQL: SHOW COLUMNS FROM `addresses` [ RunTime:0.0040s ]
SQL: SHOW COLUMNS FROM `schools` [ RunTime:0.0040s ]
SQL: SHOW COLUMNS FROM `majors` [ RunTime:0.0040s ]
INFO: [ app_end ] --START--
INFO: Run Behavior\ShowPageTraceBehavior [ RunTime:0.002000s ]
INFO: [ app_end ] --END-- [ RunTime:0.002000s ]

[ 2016-02-27T15:06:09+08:00 ] 127.0.0.1 /scuthelper/3/index.php/market/updatePersonalInfo
INFO: [ app_init ] --START--
INFO: Run Behavior\BuildLiteBehavior [ RunTime:0.000000s ]
INFO: [ app_init ] --END-- [ RunTime:0.001000s ]
INFO: [ app_begin ] --START--
INFO: Run Behavior\ReadHtmlCacheBehavior [ RunTime:0.001000s ]
INFO: [ app_begin ] --END-- [ RunTime:0.002000s ]
SQL: SHOW COLUMNS FROM `addresses` [ RunTime:0.0030s ]
SQL: SHOW COLUMNS FROM `schools` [ RunTime:0.0030s ]
SQL: SHOW COLUMNS FROM `majors` [ RunTime:0.0040s ]
INFO: [ app_end ] --START--
INFO: Run Behavior\ShowPageTraceBehavior [ RunTime:0.002000s ]
INFO: [ app_end ] --END-- [ RunTime:0.002000s ]

[ 2016-02-27T15:06:11+08:00 ] 127.0.0.1 /scuthelper/3/index.php/market/updatePersonalInfo
INFO: [ app_init ] --START--
INFO: Run Behavior\BuildLiteBehavior [ RunTime:0.000000s ]
INFO: [ app_init ] --END-- [ RunTime:0.002001s ]
INFO: [ app_begin ] --START--
INFO: Run Behavior\ReadHtmlCacheBehavior [ RunTime:0.001000s ]
INFO: [ app_begin ] --END-- [ RunTime:0.002000s ]
SQL: SHOW COLUMNS FROM `addresses` [ RunTime:0.0040s ]
SQL: SHOW COLUMNS FROM `schools` [ RunTime:0.0040s ]
SQL: SHOW COLUMNS FROM `majors` [ RunTime:0.0030s ]
INFO: [ app_end ] --START--
INFO: Run Behavior\ShowPageTraceBehavior [ RunTime:0.002000s ]
INFO: [ app_end ] --END-- [ RunTime:0.002000s ]

[ 2016-02-27T15:07:26+08:00 ] 127.0.0.1 /scuthelper/3/index.php/market/updatePersonalInfo
INFO: [ app_init ] --START--
INFO: Run Behavior\BuildLiteBehavior [ RunTime:0.000000s ]
INFO: [ app_init ] --END-- [ RunTime:0.001000s ]
INFO: [ app_begin ] --START--
INFO: Run Behavior\ReadHtmlCacheBehavior [ RunTime:0.002001s ]
INFO: [ app_begin ] --END-- [ RunTime:0.004001s ]

[ 2016-02-27T15:07:42+08:00 ] 127.0.0.1 /scuthelper/3/index.php/market/updatePersonalInfo
INFO: [ app_init ] --START--
INFO: Run Behavior\BuildLiteBehavior [ RunTime:0.000000s ]
INFO: [ app_init ] --END-- [ RunTime:0.001000s ]
INFO: [ app_begin ] --START--
INFO: Run Behavior\ReadHtmlCacheBehavior [ RunTime:0.004000s ]
INFO: [ app_begin ] --END-- [ RunTime:0.006000s ]
SQL: SHOW COLUMNS FROM `addresses` [ RunTime:0.0030s ]
SQL: SHOW COLUMNS FROM `schools` [ RunTime:0.0040s ]
SQL: SHOW COLUMNS FROM `majors` [ RunTime:0.0030s ]
SQL: SELECT * FROM `addresses` WHERE ( address_id=2 ) LIMIT 1   [ RunTime:0.0010s ]
INFO: [ app_end ] --START--
INFO: Run Behavior\ShowPageTraceBehavior [ RunTime:0.002000s ]
INFO: [ app_end ] --END-- [ RunTime:0.002000s ]

[ 2016-02-27T15:08:01+08:00 ] 127.0.0.1 /scuthelper/3/index.php/market/updatePersonalInfo
INFO: [ app_init ] --START--
INFO: Run Behavior\BuildLiteBehavior [ RunTime:0.000000s ]
INFO: [ app_init ] --END-- [ RunTime:0.001000s ]
INFO: [ app_begin ] --START--
INFO: Run Behavior\ReadHtmlCacheBehavior [ RunTime:0.002000s ]
INFO: [ app_begin ] --END-- [ RunTime:0.002000s ]
SQL: SHOW COLUMNS FROM `addresses` [ RunTime:0.0040s ]
SQL: SHOW COLUMNS FROM `schools` [ RunTime:0.0040s ]
SQL: SHOW COLUMNS FROM `majors` [ RunTime:0.0030s ]
SQL: SELECT * FROM `addresses` WHERE ( address_id=1 ) LIMIT 1   [ RunTime:0.0000s ]
SQL: SELECT * FROM `schools` WHERE ( school_id=2 ) LIMIT 1   [ RunTime:0.0000s ]
INFO: [ app_end ] --START--
INFO: Run Behavior\ShowPageTraceBehavior [ RunTime:0.002000s ]
INFO: [ app_end ] --END-- [ RunTime:0.002000s ]

[ 2016-02-27T15:08:12+08:00 ] 127.0.0.1 /scuthelper/3/index.php/market/updatePersonalInfo
INFO: [ app_init ] --START--
INFO: Run Behavior\BuildLiteBehavior [ RunTime:0.000000s ]
INFO: [ app_init ] --END-- [ RunTime:0.001000s ]
INFO: [ app_begin ] --START--
INFO: Run Behavior\ReadHtmlCacheBehavior [ RunTime:0.002000s ]
INFO: [ app_begin ] --END-- [ RunTime:0.002000s ]
SQL: SHOW COLUMNS FROM `addresses` [ RunTime:0.0040s ]
SQL: SHOW COLUMNS FROM `schools` [ RunTime:0.0030s ]
SQL: SHOW COLUMNS FROM `majors` [ RunTime:0.0040s ]
SQL: SELECT * FROM `addresses` WHERE ( address_id=1 ) LIMIT 1   [ RunTime:0.0020s ]
SQL: SELECT * FROM `schools` WHERE ( school_id=1 ) LIMIT 1   [ RunTime:0.0010s ]
SQL: SELECT * FROM `majors` WHERE ( major_id=2 ) LIMIT 1   [ RunTime:0.0000s ]
INFO: [ app_end ] --START--
INFO: Run Behavior\ShowPageTraceBehavior [ RunTime:0.002000s ]
INFO: [ app_end ] --END-- [ RunTime:0.002000s ]

[ 2016-02-27T15:10:11+08:00 ] 127.0.0.1 /scuthelper/3/index.php/market/updatePersonalInfo
INFO: [ app_init ] --START--
INFO: Run Behavior\BuildLiteBehavior [ RunTime:0.000000s ]
INFO: [ app_init ] --END-- [ RunTime:0.001000s ]
INFO: [ app_begin ] --START--
INFO: Run Behavior\ReadHtmlCacheBehavior [ RunTime:0.002000s ]
INFO: [ app_begin ] --END-- [ RunTime:0.002000s ]
SQL: SHOW COLUMNS FROM `addresses` [ RunTime:0.0040s ]
SQL: SHOW COLUMNS FROM `schools` [ RunTime:0.0040s ]
SQL: SHOW COLUMNS FROM `majors` [ RunTime:0.0040s ]
SQL: SELECT * FROM `addresses` WHERE ( address_id=1 ) LIMIT 1   [ RunTime:0.0010s ]
SQL: SELECT * FROM `schools` WHERE ( school_id=1 ) LIMIT 1   [ RunTime:0.0010s ]
SQL: SELECT * FROM `majors` WHERE ( major_id=1 ) LIMIT 1   [ RunTime:0.0010s ]
SQL: SHOW COLUMNS FROM `users` [ RunTime:0.0040s ]
NOTIC: [8] Undefined variable: user E:\wamp\www\scuthelper\3\Application\Home\Controller\PersonalController.class.php 第 202 行.

[ 2016-02-27T15:10:24+08:00 ] 127.0.0.1 /scuthelper/3/index.php/market/updatePersonalInfo
INFO: [ app_init ] --START--
INFO: Run Behavior\BuildLiteBehavior [ RunTime:0.000000s ]
INFO: [ app_init ] --END-- [ RunTime:0.002000s ]
INFO: [ app_begin ] --START--
INFO: Run Behavior\ReadHtmlCacheBehavior [ RunTime:0.001000s ]
INFO: [ app_begin ] --END-- [ RunTime:0.002000s ]
SQL: SHOW COLUMNS FROM `addresses` [ RunTime:0.0030s ]
SQL: SHOW COLUMNS FROM `schools` [ RunTime:0.0040s ]
SQL: SHOW COLUMNS FROM `majors` [ RunTime:0.0050s ]
SQL: SELECT * FROM `addresses` WHERE ( address_id=1 ) LIMIT 1   [ RunTime:0.0010s ]
SQL: SELECT * FROM `schools` WHERE ( school_id=1 ) LIMIT 1   [ RunTime:0.0000s ]
SQL: SELECT * FROM `majors` WHERE ( major_id=1 ) LIMIT 1   [ RunTime:0.0010s ]
SQL: SHOW COLUMNS FROM `users` [ RunTime:0.0040s ]
SQL: UPDATE `users` SET `real_name`='郭',`nickname`='QQQQQQQQQQQ',`email`='895931@qq.com',`qq`='895931778',`phone`='15521184338',`short_phone`='',`address1`='1',`address2`='308',`campus`='1',`school`='1',`major`='1',`year`='2012',`education`='1',`recommend_day`='6',`recommend_hour`='8' WHERE ( user_id=201236670504 ) [ RunTime:0.0010s ]
INFO: [ app_end ] --START--
INFO: Run Behavior\ShowPageTraceBehavior [ RunTime:0.001000s ]
INFO: [ app_end ] --END-- [ RunTime:0.003000s ]

[ 2016-02-27T15:10:53+08:00 ] 127.0.0.1 /scuthelper/3/index.php/market/updatePersonalInfo
INFO: [ app_init ] --START--
INFO: Run Behavior\BuildLiteBehavior [ RunTime:0.000000s ]
INFO: [ app_init ] --END-- [ RunTime:0.001000s ]
INFO: [ app_begin ] --START--
INFO: Run Behavior\ReadHtmlCacheBehavior [ RunTime:0.002000s ]
INFO: [ app_begin ] --END-- [ RunTime:0.005000s ]
SQL: SHOW COLUMNS FROM `addresses` [ RunTime:0.0040s ]
SQL: SHOW COLUMNS FROM `schools` [ RunTime:0.0030s ]
SQL: SHOW COLUMNS FROM `majors` [ RunTime:0.0050s ]
SQL: SELECT * FROM `addresses` WHERE ( address_id=1 ) LIMIT 1   [ RunTime:0.0010s ]
SQL: SELECT * FROM `schools` WHERE ( school_id=1 ) LIMIT 1   [ RunTime:0.0010s ]
SQL: SELECT * FROM `majors` WHERE ( major_id=1 ) LIMIT 1   [ RunTime:0.0000s ]
SQL: SHOW COLUMNS FROM `users` [ RunTime:0.0040s ]
SQL: UPDATE `users` SET `real_name`='郭',`nickname`='QQQQQQQQQQQ',`email`='895931@qq.com',`qq`='895931778',`phone`='15521184338',`short_phone`='',`address1`='1',`address2`='308',`campus`='1',`school`='1',`major`='1',`year`='2012',`education`='1',`recommend_day`='6',`recommend_hour`='8' WHERE ( user_id=4 ) [ RunTime:0.0820s ]
INFO: [ app_end ] --START--
INFO: Run Behavior\ShowPageTraceBehavior [ RunTime:0.002000s ]
INFO: [ app_end ] --END-- [ RunTime:0.002000s ]

[ 2016-02-27T17:18:42+08:00 ] 127.0.0.1 /scuthelper/3/index.php/market/modifyPassword
INFO: [ app_init ] --START--
INFO: Run Behavior\BuildLiteBehavior [ RunTime:0.000000s ]
INFO: [ app_init ] --END-- [ RunTime:0.002001s ]
INFO: [ app_begin ] --START--
INFO: Run Behavior\ReadHtmlCacheBehavior [ RunTime:0.002000s ]
INFO: [ app_begin ] --END-- [ RunTime:0.002000s ]
SQL: SHOW COLUMNS FROM `users` [ RunTime:0.0040s ]
SQL: SELECT * FROM `users` WHERE ( user_id=6 ) LIMIT 1   [ RunTime:0.0010s ]
INFO: [ app_end ] --START--
INFO: Run Behavior\ShowPageTraceBehavior [ RunTime:0.002000s ]
INFO: [ app_end ] --END-- [ RunTime:0.002000s ]

[ 2016-02-27T17:18:58+08:00 ] 127.0.0.1 /scuthelper/3/index.php/market/modifyPassword
INFO: [ app_init ] --START--
INFO: Run Behavior\BuildLiteBehavior [ RunTime:0.000000s ]
INFO: [ app_init ] --END-- [ RunTime:0.001000s ]
INFO: [ app_begin ] --START--
INFO: Run Behavior\ReadHtmlCacheBehavior [ RunTime:0.001000s ]
INFO: [ app_begin ] --END-- [ RunTime:0.002000s ]
SQL: SHOW COLUMNS FROM `users` [ RunTime:0.0050s ]
SQL: SELECT * FROM `users` WHERE ( user_id=4 ) LIMIT 1   [ RunTime:0.0010s ]
INFO: [ app_end ] --START--
INFO: Run Behavior\ShowPageTraceBehavior [ RunTime:0.002000s ]
INFO: [ app_end ] --END-- [ RunTime:0.003000s ]

[ 2016-02-27T17:19:09+08:00 ] 127.0.0.1 /scuthelper/3/index.php/market/modifyPassword
INFO: [ app_init ] --START--
INFO: Run Behavior\BuildLiteBehavior [ RunTime:0.000000s ]
INFO: [ app_init ] --END-- [ RunTime:0.001000s ]
INFO: [ app_begin ] --START--
INFO: Run Behavior\ReadHtmlCacheBehavior [ RunTime:0.002000s ]
INFO: [ app_begin ] --END-- [ RunTime:0.002000s ]
SQL: SHOW COLUMNS FROM `users` [ RunTime:0.0050s ]
SQL: SELECT * FROM `users` WHERE ( user_id=4 ) LIMIT 1   [ RunTime:0.0000s ]
INFO: [ app_end ] --START--
INFO: Run Behavior\ShowPageTraceBehavior [ RunTime:0.002000s ]
INFO: [ app_end ] --END-- [ RunTime:0.002000s ]

[ 2016-02-27T17:19:23+08:00 ] 127.0.0.1 /scuthelper/3/index.php/market/modifyPassword
INFO: [ app_init ] --START--
INFO: Run Behavior\BuildLiteBehavior [ RunTime:0.000000s ]
INFO: [ app_init ] --END-- [ RunTime:0.001000s ]
INFO: [ app_begin ] --START--
INFO: Run Behavior\ReadHtmlCacheBehavior [ RunTime:0.001000s ]
INFO: [ app_begin ] --END-- [ RunTime:0.002000s ]
SQL: SHOW COLUMNS FROM `users` [ RunTime:0.0040s ]
SQL: SELECT * FROM `users` WHERE ( user_id=4 ) LIMIT 1   [ RunTime:0.0010s ]
INFO: [ app_end ] --START--
INFO: Run Behavior\ShowPageTraceBehavior [ RunTime:0.001000s ]
INFO: [ app_end ] --END-- [ RunTime:0.003000s ]

[ 2016-02-27T17:19:54+08:00 ] 127.0.0.1 /scuthelper/3/index.php/market/modifyPassword
INFO: [ app_init ] --START--
INFO: Run Behavior\BuildLiteBehavior [ RunTime:0.000000s ]
INFO: [ app_init ] --END-- [ RunTime:0.000000s ]
INFO: [ app_begin ] --START--
INFO: Run Behavior\ReadHtmlCacheBehavior [ RunTime:0.002000s ]
INFO: [ app_begin ] --END-- [ RunTime:0.002000s ]
SQL: SHOW COLUMNS FROM `users` [ RunTime:0.0050s ]
SQL: SELECT * FROM `users` WHERE ( user_id=4 ) LIMIT 1   [ RunTime:0.0000s ]

[ 2016-02-27T17:20:14+08:00 ] 127.0.0.1 /scuthelper/3/index.php/market/modifyPassword
INFO: [ app_init ] --START--
INFO: Run Behavior\BuildLiteBehavior [ RunTime:0.000000s ]
INFO: [ app_init ] --END-- [ RunTime:0.002000s ]
INFO: [ app_begin ] --START--
INFO: Run Behavior\ReadHtmlCacheBehavior [ RunTime:0.002001s ]
INFO: [ app_begin ] --END-- [ RunTime:0.003001s ]
SQL: SHOW COLUMNS FROM `users` [ RunTime:0.0050s ]
SQL: SELECT * FROM `users` WHERE ( user_id=4 ) LIMIT 1   [ RunTime:0.0010s ]
SQL: UPDATE `users` SET `password`='5befbd47bf0c31e62211a7b6f55fef63' WHERE ( user_id=4 ) [ RunTime:0.0700s ]
INFO: [ app_end ] --START--
INFO: Run Behavior\ShowPageTraceBehavior [ RunTime:0.002000s ]
INFO: [ app_end ] --END-- [ RunTime:0.002000s ]

[ 2016-02-27T17:20:36+08:00 ] 127.0.0.1 /scuthelper/3/index.php/market/modifyPassword
INFO: [ app_init ] --START--
INFO: Run Behavior\BuildLiteBehavior [ RunTime:0.000000s ]
INFO: [ app_init ] --END-- [ RunTime:0.002001s ]
INFO: [ app_begin ] --START--
INFO: Run Behavior\ReadHtmlCacheBehavior [ RunTime:0.002000s ]
INFO: [ app_begin ] --END-- [ RunTime:0.002000s ]
SQL: SHOW COLUMNS FROM `users` [ RunTime:0.0040s ]
SQL: SELECT * FROM `users` WHERE ( user_id=4 ) LIMIT 1   [ RunTime:0.0010s ]
SQL: UPDATE `users` SET `password`='af0d194476bb2d08d7b544664f0ff0b1' WHERE ( user_id=4 ) [ RunTime:0.0920s ]
INFO: [ app_end ] --START--
INFO: Run Behavior\ShowPageTraceBehavior [ RunTime:0.001000s ]
INFO: [ app_end ] --END-- [ RunTime:0.002000s ]

[ 2016-02-27T17:21:00+08:00 ] 127.0.0.1 /scuthelper/3/index.php/market/modifyPassword
INFO: [ app_init ] --START--
INFO: Run Behavior\BuildLiteBehavior [ RunTime:0.000000s ]
INFO: [ app_init ] --END-- [ RunTime:0.000000s ]
INFO: [ app_begin ] --START--
INFO: Run Behavior\ReadHtmlCacheBehavior [ RunTime:0.002001s ]
INFO: [ app_begin ] --END-- [ RunTime:0.003001s ]
SQL: SHOW COLUMNS FROM `users` [ RunTime:0.0040s ]
SQL: SELECT * FROM `users` WHERE ( user_id=4 ) LIMIT 1   [ RunTime:0.0010s ]
SQL: UPDATE `users` SET `password`='5befbd47bf0c31e62211a7b6f55fef63' WHERE ( user_id=4 ) [ RunTime:0.0590s ]
INFO: [ app_end ] --START--
INFO: Run Behavior\ShowPageTraceBehavior [ RunTime:0.002001s ]
INFO: [ app_end ] --END-- [ RunTime:0.002001s ]

[ 2016-02-27T17:23:07+08:00 ] 127.0.0.1 /scuthelper/3/index.php/market/modifyPassword
INFO: [ app_init ] --START--
INFO: Run Behavior\BuildLiteBehavior [ RunTime:0.000000s ]
INFO: [ app_init ] --END-- [ RunTime:0.002000s ]
INFO: [ app_begin ] --START--
INFO: Run Behavior\ReadHtmlCacheBehavior [ RunTime:0.002001s ]
INFO: [ app_begin ] --END-- [ RunTime:0.002001s ]
SQL: SHOW COLUMNS FROM `token_for_new_password` [ RunTime:0.0040s ]
SQL: SELECT * FROM `token_for_new_password` WHERE ( token=12355 ) LIMIT 1   [ RunTime:0.0000s ]
NOTIC: [8] Undefined variable: user E:\wamp\www\scuthelper\3\Application\Home\Controller\PersonalController.class.php 第 269 行.

[ 2016-02-27T17:23:27+08:00 ] 127.0.0.1 /scuthelper/3/index.php/market/modifyPassword
INFO: [ app_init ] --START--
INFO: Run Behavior\BuildLiteBehavior [ RunTime:0.000000s ]
INFO: [ app_init ] --END-- [ RunTime:0.002000s ]
INFO: [ app_begin ] --START--
INFO: Run Behavior\ReadHtmlCacheBehavior [ RunTime:0.002000s ]
INFO: [ app_begin ] --END-- [ RunTime:0.003000s ]
SQL: SHOW COLUMNS FROM `token_for_new_password` [ RunTime:0.0040s ]
SQL: SELECT * FROM `token_for_new_password` WHERE ( token=12355 ) LIMIT 1   [ RunTime:0.0010s ]
SQL: SHOW COLUMNS FROM `users` [ RunTime:0.0040s ]
ERR: SQLSTATE[42000]: Syntax error or access violation: 1064 You have an error in your SQL syntax; check the manual that corresponds to your MySQL server version for the right syntax to use near ')' at line 1

[ 2016-02-27T17:24:55+08:00 ] 127.0.0.1 /scuthelper/3/index.php/market/modifyPassword
INFO: [ app_init ] --START--
INFO: Run Behavior\BuildLiteBehavior [ RunTime:0.000000s ]
INFO: [ app_init ] --END-- [ RunTime:0.000000s ]
INFO: [ app_begin ] --START--
INFO: Run Behavior\ReadHtmlCacheBehavior [ RunTime:0.000000s ]
INFO: [ app_begin ] --END-- [ RunTime:0.000000s ]
SQL: SHOW COLUMNS FROM `token_for_new_password` [ RunTime:0.0100s ]
SQL: SELECT * FROM `token_for_new_password` WHERE ( token=12355 ) LIMIT 1   [ RunTime:0.0000s ]
SQL: SHOW COLUMNS FROM `users` [ RunTime:0.0000s ]
ERR: SQLSTATE[42000]: Syntax error or access violation: 1064 You have an error in your SQL syntax; check the manual that corresponds to your MySQL server version for the right syntax to use near ')' at line 1

[ 2016-02-27T17:25:48+08:00 ] 127.0.0.1 /scuthelper/3/index.php/market/modifyPassword
INFO: [ app_init ] --START--
INFO: Run Behavior\BuildLiteBehavior [ RunTime:0.001000s ]
INFO: [ app_init ] --END-- [ RunTime:0.001000s ]
INFO: [ app_begin ] --START--
INFO: Run Behavior\ReadHtmlCacheBehavior [ RunTime:0.001001s ]
INFO: [ app_begin ] --END-- [ RunTime:0.003001s ]
SQL: SHOW COLUMNS FROM `token_for_new_password` [ RunTime:0.0040s ]
SQL: SELECT * FROM `token_for_new_password` WHERE ( token=12355 ) LIMIT 1   [ RunTime:0.0000s ]
INFO: [ app_end ] --START--
INFO: Run Behavior\ShowPageTraceBehavior [ RunTime:0.002000s ]
INFO: [ app_end ] --END-- [ RunTime:0.003000s ]

[ 2016-02-27T17:26:07+08:00 ] 127.0.0.1 /scuthelper/3/index.php/market/modifyPassword
INFO: [ app_init ] --START--
INFO: Run Behavior\BuildLiteBehavior [ RunTime:0.000000s ]
INFO: [ app_init ] --END-- [ RunTime:0.002000s ]
INFO: [ app_begin ] --START--
INFO: Run Behavior\ReadHtmlCacheBehavior [ RunTime:0.001000s ]
INFO: [ app_begin ] --END-- [ RunTime:0.002000s ]
SQL: SHOW COLUMNS FROM `token_for_new_password` [ RunTime:0.0040s ]
SQL: SELECT * FROM `token_for_new_password` WHERE ( token=12355 ) LIMIT 1   [ RunTime:0.0010s ]
SQL: SHOW COLUMNS FROM `users` [ RunTime:0.0040s ]
ERR: SQLSTATE[42000]: Syntax error or access violation: 1064 You have an error in your SQL syntax; check the manual that corresponds to your MySQL server version for the right syntax to use near ')' at line 1

[ 2016-02-27T17:26:22+08:00 ] 127.0.0.1 /scuthelper/3/index.php/market/modifyPassword
INFO: [ app_init ] --START--
INFO: Run Behavior\BuildLiteBehavior [ RunTime:0.000000s ]
INFO: [ app_init ] --END-- [ RunTime:0.001000s ]
INFO: [ app_begin ] --START--
INFO: Run Behavior\ReadHtmlCacheBehavior [ RunTime:0.002000s ]
INFO: [ app_begin ] --END-- [ RunTime:0.003000s ]
SQL: SHOW COLUMNS FROM `token_for_new_password` [ RunTime:0.0050s ]
SQL: SELECT * FROM `token_for_new_password` WHERE ( token=12355 ) LIMIT 1   [ RunTime:0.0010s ]
SQL: SHOW COLUMNS FROM `users` [ RunTime:0.0040s ]
ERR: SQLSTATE[42000]: Syntax error or access violation: 1064 You have an error in your SQL syntax; check the manual that corresponds to your MySQL server version for the right syntax to use near ')' at line 1

[ 2016-02-27T17:27:13+08:00 ] 127.0.0.1 /scuthelper/3/index.php/market/modifyPassword
INFO: [ app_init ] --START--
INFO: Run Behavior\BuildLiteBehavior [ RunTime:0.000000s ]
INFO: [ app_init ] --END-- [ RunTime:0.001000s ]
INFO: [ app_begin ] --START--
INFO: Run Behavior\ReadHtmlCacheBehavior [ RunTime:0.002001s ]
INFO: [ app_begin ] --END-- [ RunTime:0.004001s ]
SQL: SHOW COLUMNS FROM `token_for_new_password` [ RunTime:0.0040s ]
SQL: SELECT * FROM `token_for_new_password` WHERE ( token=12355 ) LIMIT 1   [ RunTime:0.0000s ]
SQL: SHOW COLUMNS FROM `users` [ RunTime:0.0040s ]
ERR: SQLSTATE[42000]: Syntax error or access violation: 1064 You have an error in your SQL syntax; check the manual that corresponds to your MySQL server version for the right syntax to use near ')' at line 1

[ 2016-02-27T17:30:10+08:00 ] 127.0.0.1 /scuthelper/3/index.php/market/modifyPassword
INFO: [ app_init ] --START--
INFO: Run Behavior\BuildLiteBehavior [ RunTime:0.000000s ]
INFO: [ app_init ] --END-- [ RunTime:0.002000s ]
INFO: [ app_begin ] --START--
INFO: Run Behavior\ReadHtmlCacheBehavior [ RunTime:0.002000s ]
INFO: [ app_begin ] --END-- [ RunTime:0.002000s ]
SQL: SHOW COLUMNS FROM `token_for_new_password` [ RunTime:0.0030s ]
SQL: SELECT * FROM `token_for_new_password` WHERE ( token=12355 ) LIMIT 1   [ RunTime:0.0010s ]
NOTIC: [8] A non well formed numeric value encountered E:\wamp\www\scuthelper\3\Application\Home\Controller\PersonalController.class.php 第 264 行.
NOTIC: [8] A non well formed numeric value encountered E:\wamp\www\scuthelper\3\Application\Home\Controller\PersonalController.class.php 第 265 行.
INFO: [ app_end ] --START--
INFO: Run Behavior\ShowPageTraceBehavior [ RunTime:0.002000s ]
INFO: [ app_end ] --END-- [ RunTime:0.002000s ]

[ 2016-02-27T17:30:15+08:00 ] 127.0.0.1 /scuthelper/3/index.php/market/modifyPassword
INFO: [ app_init ] --START--
INFO: Run Behavior\BuildLiteBehavior [ RunTime:0.000000s ]
INFO: [ app_init ] --END-- [ RunTime:0.001000s ]
INFO: [ app_begin ] --START--
INFO: Run Behavior\ReadHtmlCacheBehavior [ RunTime:0.002000s ]
INFO: [ app_begin ] --END-- [ RunTime:0.002000s ]
SQL: SHOW COLUMNS FROM `token_for_new_password` [ RunTime:0.0040s ]
SQL: SELECT * FROM `token_for_new_password` WHERE ( token=12355 ) LIMIT 1   [ RunTime:0.0000s ]
NOTIC: [8] A non well formed numeric value encountered E:\wamp\www\scuthelper\3\Application\Home\Controller\PersonalController.class.php 第 264 行.
NOTIC: [8] A non well formed numeric value encountered E:\wamp\www\scuthelper\3\Application\Home\Controller\PersonalController.class.php 第 265 行.
INFO: [ app_end ] --START--
INFO: Run Behavior\ShowPageTraceBehavior [ RunTime:0.002001s ]
INFO: [ app_end ] --END-- [ RunTime:0.003001s ]

[ 2016-02-27T17:30:39+08:00 ] 127.0.0.1 /scuthelper/3/index.php/market/modifyPassword
INFO: [ app_init ] --START--
INFO: Run Behavior\BuildLiteBehavior [ RunTime:0.000000s ]
INFO: [ app_init ] --END-- [ RunTime:0.001000s ]
INFO: [ app_begin ] --START--
INFO: Run Behavior\ReadHtmlCacheBehavior [ RunTime:0.001000s ]
INFO: [ app_begin ] --END-- [ RunTime:0.002001s ]
SQL: SHOW COLUMNS FROM `token_for_new_password` [ RunTime:0.0040s ]
SQL: SELECT * FROM `token_for_new_password` WHERE ( token=12355 ) LIMIT 1   [ RunTime:0.0010s ]
NOTIC: [8] A non well formed numeric value encountered E:\wamp\www\scuthelper\3\Application\Home\Controller\PersonalController.class.php 第 264 行.
INFO: [ app_end ] --START--
INFO: Run Behavior\ShowPageTraceBehavior [ RunTime:0.002000s ]
INFO: [ app_end ] --END-- [ RunTime:0.003000s ]

[ 2016-02-27T17:30:42+08:00 ] 127.0.0.1 /scuthelper/3/index.php/market/modifyPassword
INFO: [ app_init ] --START--
INFO: Run Behavior\BuildLiteBehavior [ RunTime:0.000000s ]
INFO: [ app_init ] --END-- [ RunTime:0.002000s ]
INFO: [ app_begin ] --START--
INFO: Run Behavior\ReadHtmlCacheBehavior [ RunTime:0.002001s ]
INFO: [ app_begin ] --END-- [ RunTime:0.002001s ]
SQL: SHOW COLUMNS FROM `token_for_new_password` [ RunTime:0.0040s ]
SQL: SELECT * FROM `token_for_new_password` WHERE ( token=12355 ) LIMIT 1   [ RunTime:0.0010s ]
NOTIC: [8] A non well formed numeric value encountered E:\wamp\www\scuthelper\3\Application\Home\Controller\PersonalController.class.php 第 264 行.
INFO: [ app_end ] --START--
INFO: Run Behavior\ShowPageTraceBehavior [ RunTime:0.001000s ]
INFO: [ app_end ] --END-- [ RunTime:0.003000s ]

[ 2016-02-27T17:31:45+08:00 ] 127.0.0.1 /scuthelper/3/index.php/market/modifyPassword
INFO: [ app_init ] --START--
INFO: Run Behavior\BuildLiteBehavior [ RunTime:0.000000s ]
INFO: [ app_init ] --END-- [ RunTime:0.001000s ]
INFO: [ app_begin ] --START--
INFO: Run Behavior\ReadHtmlCacheBehavior [ RunTime:0.001000s ]
INFO: [ app_begin ] --END-- [ RunTime:0.003001s ]
SQL: SHOW COLUMNS FROM `token_for_new_password` [ RunTime:0.0040s ]
SQL: SELECT * FROM `token_for_new_password` WHERE ( token=12355 ) LIMIT 1   [ RunTime:0.0010s ]
SQL: SHOW COLUMNS FROM `users` [ RunTime:0.0050s ]
ERR: SQLSTATE[42000]: Syntax error or access violation: 1064 You have an error in your SQL syntax; check the manual that corresponds to your MySQL server version for the right syntax to use near ')' at line 1

[ 2016-02-27T17:32:24+08:00 ] 127.0.0.1 /scuthelper/3/index.php/market/modifyPassword
INFO: [ app_init ] --START--
INFO: Run Behavior\BuildLiteBehavior [ RunTime:0.000000s ]
INFO: [ app_init ] --END-- [ RunTime:0.001000s ]
INFO: [ app_begin ] --START--
INFO: Run Behavior\ReadHtmlCacheBehavior [ RunTime:0.002000s ]
INFO: [ app_begin ] --END-- [ RunTime:0.002000s ]
SQL: SHOW COLUMNS FROM `token_for_new_password` [ RunTime:0.0040s ]
SQL: SELECT * FROM `token_for_new_password` WHERE ( token=12355 ) LIMIT 1   [ RunTime:0.0000s ]
SQL: SHOW COLUMNS FROM `users` [ RunTime:0.0050s ]
ERR: SQLSTATE[42000]: Syntax error or access violation: 1064 You have an error in your SQL syntax; check the manual that corresponds to your MySQL server version for the right syntax to use near ')' at line 1

[ 2016-02-27T17:34:43+08:00 ] 127.0.0.1 /scuthelper/3/index.php/market/modifyPassword
INFO: [ app_init ] --START--
INFO: Run Behavior\BuildLiteBehavior [ RunTime:0.000000s ]
INFO: [ app_init ] --END-- [ RunTime:0.001000s ]
INFO: [ app_begin ] --START--
INFO: Run Behavior\ReadHtmlCacheBehavior [ RunTime:0.002000s ]
INFO: [ app_begin ] --END-- [ RunTime:0.002000s ]
SQL: SHOW COLUMNS FROM `token_for_new_password` [ RunTime:0.0030s ]
SQL: SELECT * FROM `token_for_new_password` WHERE ( token=12355 ) LIMIT 1   [ RunTime:0.0000s ]
SQL: SHOW COLUMNS FROM `users` [ RunTime:0.0050s ]
ERR: SQLSTATE[42000]: Syntax error or access violation: 1064 You have an error in your SQL syntax; check the manual that corresponds to your MySQL server version for the right syntax to use near ')' at line 1

[ 2016-02-27T17:35:02+08:00 ] 127.0.0.1 /scuthelper/3/index.php/market/modifyPassword
INFO: [ app_init ] --START--
INFO: Run Behavior\BuildLiteBehavior [ RunTime:0.000000s ]
INFO: [ app_init ] --END-- [ RunTime:0.002000s ]
INFO: [ app_begin ] --START--
INFO: Run Behavior\ReadHtmlCacheBehavior [ RunTime:0.002000s ]
INFO: [ app_begin ] --END-- [ RunTime:0.002000s ]
SQL: SHOW COLUMNS FROM `token_for_new_password` [ RunTime:0.0030s ]
SQL: SELECT * FROM `token_for_new_password` WHERE ( token=12355 ) LIMIT 1   [ RunTime:0.0010s ]
SQL: SHOW COLUMNS FROM `users` [ RunTime:0.0050s ]
ERR: SQLSTATE[42000]: Syntax error or access violation: 1064 You have an error in your SQL syntax; check the manual that corresponds to your MySQL server version for the right syntax to use near ')' at line 1

[ 2016-02-27T17:35:12+08:00 ] 127.0.0.1 /scuthelper/3/index.php/market/modifyPassword
INFO: [ app_init ] --START--
INFO: Run Behavior\BuildLiteBehavior [ RunTime:0.000000s ]
INFO: [ app_init ] --END-- [ RunTime:0.001000s ]
INFO: [ app_begin ] --START--
INFO: Run Behavior\ReadHtmlCacheBehavior [ RunTime:0.002001s ]
INFO: [ app_begin ] --END-- [ RunTime:0.002001s ]
SQL: SHOW COLUMNS FROM `token_for_new_password` [ RunTime:0.0040s ]
SQL: SELECT * FROM `token_for_new_password` WHERE ( token=123556 ) LIMIT 1   [ RunTime:0.0010s ]
INFO: [ app_end ] --START--
INFO: Run Behavior\ShowPageTraceBehavior [ RunTime:0.002000s ]
INFO: [ app_end ] --END-- [ RunTime:0.002000s ]

[ 2016-02-27T17:35:31+08:00 ] 127.0.0.1 /scuthelper/3/index.php/market/modifyPassword
INFO: [ app_init ] --START--
INFO: Run Behavior\BuildLiteBehavior [ RunTime:0.000000s ]
INFO: [ app_init ] --END-- [ RunTime:0.002000s ]
INFO: [ app_begin ] --START--
INFO: Run Behavior\ReadHtmlCacheBehavior [ RunTime:0.002000s ]
INFO: [ app_begin ] --END-- [ RunTime:0.002000s ]
SQL: SHOW COLUMNS FROM `token_for_new_password` [ RunTime:0.0050s ]
SQL: SELECT * FROM `token_for_new_password` WHERE ( token=12355 ) LIMIT 1   [ RunTime:0.0000s ]
INFO: [ app_end ] --START--
INFO: Run Behavior\ShowPageTraceBehavior [ RunTime:0.002000s ]
INFO: [ app_end ] --END-- [ RunTime:0.002000s ]

[ 2016-02-27T17:41:07+08:00 ] 127.0.0.1 /scuthelper/3/index.php/market/modifyPassword
INFO: [ app_init ] --START--
INFO: Run Behavior\BuildLiteBehavior [ RunTime:0.000000s ]
INFO: [ app_init ] --END-- [ RunTime:0.002000s ]
INFO: [ app_begin ] --START--
INFO: Run Behavior\ReadHtmlCacheBehavior [ RunTime:0.002000s ]
INFO: [ app_begin ] --END-- [ RunTime:0.002000s ]
SQL: SHOW COLUMNS FROM `token_for_new_password` [ RunTime:0.0040s ]
SQL: SELECT * FROM `token_for_new_password` WHERE ( token=12355 ) LIMIT 1   [ RunTime:0.0010s ]
INFO: [ app_end ] --START--
INFO: Run Behavior\ShowPageTraceBehavior [ RunTime:0.001000s ]
INFO: [ app_end ] --END-- [ RunTime:0.002000s ]

[ 2016-02-27T17:41:20+08:00 ] 127.0.0.1 /scuthelper/3/index.php/market/modifyPassword
INFO: [ app_init ] --START--
INFO: Run Behavior\BuildLiteBehavior [ RunTime:0.000000s ]
INFO: [ app_init ] --END-- [ RunTime:0.002000s ]
INFO: [ app_begin ] --START--
INFO: Run Behavior\ReadHtmlCacheBehavior [ RunTime:0.001000s ]
INFO: [ app_begin ] --END-- [ RunTime:0.003000s ]
SQL: SHOW COLUMNS FROM `token_for_new_password` [ RunTime:0.0030s ]
SQL: SELECT * FROM `token_for_new_password` WHERE ( token=12355 ) LIMIT 1   [ RunTime:0.0010s ]
INFO: [ app_end ] --START--
INFO: Run Behavior\ShowPageTraceBehavior [ RunTime:0.001000s ]
INFO: [ app_end ] --END-- [ RunTime:0.002000s ]

[ 2016-02-27T17:41:30+08:00 ] 127.0.0.1 /scuthelper/3/index.php/market/modifyPassword
INFO: [ app_init ] --START--
INFO: Run Behavior\BuildLiteBehavior [ RunTime:0.000000s ]
INFO: [ app_init ] --END-- [ RunTime:0.001000s ]
INFO: [ app_begin ] --START--
INFO: Run Behavior\ReadHtmlCacheBehavior [ RunTime:0.002000s ]
INFO: [ app_begin ] --END-- [ RunTime:0.003000s ]
SQL: SHOW COLUMNS FROM `token_for_new_password` [ RunTime:0.0060s ]
SQL: SELECT * FROM `token_for_new_password` WHERE ( token=12355 ) LIMIT 1   [ RunTime:0.0010s ]
SQL: SHOW COLUMNS FROM `users` [ RunTime:0.0040s ]
ERR: SQLSTATE[42000]: Syntax error or access violation: 1064 You have an error in your SQL syntax; check the manual that corresponds to your MySQL server version for the right syntax to use near ')' at line 1

[ 2016-02-27T17:42:40+08:00 ] 127.0.0.1 /scuthelper/3/index.php/market/modifyPassword
INFO: [ app_init ] --START--
INFO: Run Behavior\BuildLiteBehavior [ RunTime:0.000000s ]
INFO: [ app_init ] --END-- [ RunTime:0.001000s ]
INFO: [ app_begin ] --START--
INFO: Run Behavior\ReadHtmlCacheBehavior [ RunTime:0.002001s ]
INFO: [ app_begin ] --END-- [ RunTime:0.002001s ]
SQL: SHOW COLUMNS FROM `token_for_new_password` [ RunTime:0.0030s ]
SQL: SELECT * FROM `token_for_new_password` WHERE ( token=12355 ) LIMIT 1   [ RunTime:0.0010s ]
INFO: [ app_end ] --START--
INFO: Run Behavior\ShowPageTraceBehavior [ RunTime:0.002000s ]
INFO: [ app_end ] --END-- [ RunTime:0.002000s ]

[ 2016-02-27T17:43:35+08:00 ] 127.0.0.1 /scuthelper/3/index.php/market/modifyPassword
INFO: [ app_init ] --START--
INFO: Run Behavior\BuildLiteBehavior [ RunTime:0.000000s ]
INFO: [ app_init ] --END-- [ RunTime:0.002000s ]
INFO: [ app_begin ] --START--
INFO: Run Behavior\ReadHtmlCacheBehavior [ RunTime:0.002000s ]
INFO: [ app_begin ] --END-- [ RunTime:0.002000s ]
SQL: SHOW COLUMNS FROM `token_for_new_password` [ RunTime:0.0030s ]
SQL: SELECT * FROM `token_for_new_password` WHERE ( token=12355 ) LIMIT 1   [ RunTime:0.0010s ]
INFO: [ app_end ] --START--
INFO: Run Behavior\ShowPageTraceBehavior [ RunTime:0.001000s ]
INFO: [ app_end ] --END-- [ RunTime:0.002000s ]

[ 2016-02-27T17:44:10+08:00 ] 127.0.0.1 /scuthelper/3/index.php/market/modifyPassword
INFO: [ app_init ] --START--
INFO: Run Behavior\BuildLiteBehavior [ RunTime:0.000000s ]
INFO: [ app_init ] --END-- [ RunTime:0.002000s ]
INFO: [ app_begin ] --START--
INFO: Run Behavior\ReadHtmlCacheBehavior [ RunTime:0.002000s ]
INFO: [ app_begin ] --END-- [ RunTime:0.002000s ]
SQL: SHOW COLUMNS FROM `token_for_new_password` [ RunTime:0.0050s ]
SQL: SELECT * FROM `token_for_new_password` WHERE ( token=12355 ) LIMIT 1   [ RunTime:0.0010s ]
INFO: [ app_end ] --START--
INFO: Run Behavior\ShowPageTraceBehavior [ RunTime:0.001000s ]
INFO: [ app_end ] --END-- [ RunTime:0.002000s ]

[ 2016-02-27T17:45:21+08:00 ] 127.0.0.1 /scuthelper/3/index.php/market/modifyPassword
INFO: [ app_init ] --START--
INFO: Run Behavior\BuildLiteBehavior [ RunTime:0.000000s ]
INFO: [ app_init ] --END-- [ RunTime:0.002000s ]
INFO: [ app_begin ] --START--
INFO: Run Behavior\ReadHtmlCacheBehavior [ RunTime:0.002000s ]
INFO: [ app_begin ] --END-- [ RunTime:0.002000s ]
SQL: SHOW COLUMNS FROM `token_for_new_password` [ RunTime:0.0030s ]
SQL: SELECT * FROM `token_for_new_password` WHERE ( token=12355 ) LIMIT 1   [ RunTime:0.0000s ]
SQL: SHOW COLUMNS FROM `users` [ RunTime:0.0040s ]
ERR: SQLSTATE[42000]: Syntax error or access violation: 1064 You have an error in your SQL syntax; check the manual that corresponds to your MySQL server version for the right syntax to use near ')' at line 1

[ 2016-02-27T17:47:22+08:00 ] 127.0.0.1 /scuthelper/3/index.php/market/modifyPassword
INFO: [ app_init ] --START--
INFO: Run Behavior\BuildLiteBehavior [ RunTime:0.001000s ]
INFO: [ app_init ] --END-- [ RunTime:0.002000s ]
INFO: [ app_begin ] --START--
INFO: Run Behavior\ReadHtmlCacheBehavior [ RunTime:0.002000s ]
INFO: [ app_begin ] --END-- [ RunTime:0.003000s ]
SQL: SHOW COLUMNS FROM `token_for_new_password` [ RunTime:0.0040s ]
SQL: SELECT * FROM `token_for_new_password` WHERE ( token=12355 ) LIMIT 1   [ RunTime:0.0010s ]
INFO: [ app_end ] --START--
INFO: Run Behavior\ShowPageTraceBehavior [ RunTime:0.002000s ]
INFO: [ app_end ] --END-- [ RunTime:0.002000s ]

[ 2016-02-27T17:48:46+08:00 ] 127.0.0.1 /scuthelper/3/index.php/market/modifyPassword
INFO: [ app_init ] --START--
INFO: Run Behavior\BuildLiteBehavior [ RunTime:0.000000s ]
INFO: [ app_init ] --END-- [ RunTime:0.000000s ]
INFO: [ app_begin ] --START--
INFO: Run Behavior\ReadHtmlCacheBehavior [ RunTime:0.002000s ]
INFO: [ app_begin ] --END-- [ RunTime:0.002000s ]
SQL: SHOW COLUMNS FROM `token_for_new_password` [ RunTime:0.0060s ]
SQL: SELECT * FROM `token_for_new_password` WHERE ( token=12355 ) LIMIT 1   [ RunTime:0.0010s ]
SQL: SHOW COLUMNS FROM `users` [ RunTime:0.0040s ]
SQL: UPDATE `users` SET `password`='af0d194476bb2d08d7b544664f0ff0b1' WHERE ( user_id=4 ) [ RunTime:0.0760s ]
INFO: [ app_end ] --START--
INFO: Run Behavior\ShowPageTraceBehavior [ RunTime:0.002000s ]
INFO: [ app_end ] --END-- [ RunTime:0.003000s ]

[ 2016-02-27T17:49:07+08:00 ] 127.0.0.1 /scuthelper/3/index.php/market/modifyPassword
INFO: [ app_init ] --START--
INFO: Run Behavior\BuildLiteBehavior [ RunTime:0.000000s ]
INFO: [ app_init ] --END-- [ RunTime:0.000000s ]
INFO: [ app_begin ] --START--
INFO: Run Behavior\ReadHtmlCacheBehavior [ RunTime:0.001000s ]
INFO: [ app_begin ] --END-- [ RunTime:0.002000s ]
SQL: SHOW COLUMNS FROM `token_for_new_password` [ RunTime:0.0040s ]
SQL: SELECT * FROM `token_for_new_password` WHERE ( token=12355 ) LIMIT 1   [ RunTime:0.0010s ]
SQL: SHOW COLUMNS FROM `users` [ RunTime:0.0040s ]
SQL: UPDATE `users` SET `password`='5befbd47bf0c31e62211a7b6f55fef63' WHERE ( user_id=4 ) [ RunTime:0.0680s ]
INFO: [ app_end ] --START--
INFO: Run Behavior\ShowPageTraceBehavior [ RunTime:0.002000s ]
INFO: [ app_end ] --END-- [ RunTime:0.002000s ]

[ 2016-02-27T17:50:03+08:00 ] 127.0.0.1 /scuthelper/3/index.php/market/modifyPassword
INFO: [ app_init ] --START--
INFO: Run Behavior\BuildLiteBehavior [ RunTime:0.000000s ]
INFO: [ app_init ] --END-- [ RunTime:0.002001s ]
INFO: [ app_begin ] --START--
INFO: Run Behavior\ReadHtmlCacheBehavior [ RunTime:0.001000s ]
INFO: [ app_begin ] --END-- [ RunTime:0.002000s ]
INFO: [ app_end ] --START--
INFO: Run Behavior\ShowPageTraceBehavior [ RunTime:0.002000s ]
INFO: [ app_end ] --END-- [ RunTime:0.002000s ]

