[ 2016-03-05T15:27:10+08:00 ] 127.0.0.1 /scuthelper/3/index.php/Home/market/releaseProduct
INFO: [ app_init ] --START--
INFO: Run Behavior\BuildLiteBehavior [ RunTime:0.000000s ]
INFO: [ app_init ] --END-- [ RunTime:0.008000s ]
INFO: [ app_begin ] --START--
INFO: Run Behavior\ReadHtmlCacheBehavior [ RunTime:0.023002s ]
INFO: [ app_begin ] --END-- [ RunTime:0.023002s ]

[ 2016-03-05T15:27:33+08:00 ] 127.0.0.1 /scuthelper/3/index.php/Home/market/releaseProduct
INFO: [ app_init ] --START--
INFO: Run Behavior\BuildLiteBehavior [ RunTime:0.000000s ]
INFO: [ app_init ] --END-- [ RunTime:0.001000s ]
INFO: [ app_begin ] --START--
INFO: Run Behavior\ReadHtmlCacheBehavior [ RunTime:0.002000s ]
INFO: [ app_begin ] --END-- [ RunTime:0.003000s ]

[ 2016-03-05T15:28:04+08:00 ] 127.0.0.1 /scuthelper/3/index.php/Home/market/releaseProduct
INFO: [ app_init ] --START--
INFO: Run Behavior\BuildLiteBehavior [ RunTime:0.000000s ]
INFO: [ app_init ] --END-- [ RunTime:0.001000s ]
INFO: [ app_begin ] --START--
INFO: Run Behavior\ReadHtmlCacheBehavior [ RunTime:0.001000s ]
INFO: [ app_begin ] --END-- [ RunTime:0.002000s ]
INFO: [ app_end ] --START--
INFO: Run Behavior\ShowPageTraceBehavior [ RunTime:0.026002s ]
INFO: [ app_end ] --END-- [ RunTime:0.027002s ]

[ 2016-03-05T15:28:36+08:00 ] 127.0.0.1 /scuthelper/3/index.php/Home/market/releaseProduct
INFO: [ app_init ] --START--
INFO: Run Behavior\BuildLiteBehavior [ RunTime:0.000000s ]
INFO: [ app_init ] --END-- [ RunTime:0.002000s ]
INFO: [ app_begin ] --START--
INFO: Run Behavior\ReadHtmlCacheBehavior [ RunTime:0.002000s ]
INFO: [ app_begin ] --END-- [ RunTime:0.002000s ]
INFO: [ app_end ] --START--
INFO: Run Behavior\ShowPageTraceBehavior [ RunTime:0.002000s ]
INFO: [ app_end ] --END-- [ RunTime:0.002000s ]

[ 2016-03-05T15:29:02+08:00 ] 127.0.0.1 /scuthelper/3/index.php/Home/market/releaseProduct
INFO: [ app_init ] --START--
INFO: Run Behavior\BuildLiteBehavior [ RunTime:0.000000s ]
INFO: [ app_init ] --END-- [ RunTime:0.001000s ]
INFO: [ app_begin ] --START--
INFO: Run Behavior\ReadHtmlCacheBehavior [ RunTime:0.002000s ]
INFO: [ app_begin ] --END-- [ RunTime:0.002000s ]
INFO: [ app_end ] --START--
INFO: Run Behavior\ShowPageTraceBehavior [ RunTime:0.002000s ]
INFO: [ app_end ] --END-- [ RunTime:0.002000s ]

[ 2016-03-05T15:29:09+08:00 ] 127.0.0.1 /scuthelper/3/index.php/Home/market/releaseProduct
INFO: [ app_init ] --START--
INFO: Run Behavior\BuildLiteBehavior [ RunTime:0.000000s ]
INFO: [ app_init ] --END-- [ RunTime:0.002000s ]
INFO: [ app_begin ] --START--
INFO: Run Behavior\ReadHtmlCacheBehavior [ RunTime:0.001000s ]
INFO: [ app_begin ] --END-- [ RunTime:0.002000s ]
INFO: [ app_end ] --START--
INFO: Run Behavior\ShowPageTraceBehavior [ RunTime:0.003000s ]
INFO: [ app_end ] --END-- [ RunTime:0.003000s ]

[ 2016-03-05T15:29:58+08:00 ] 127.0.0.1 /scuthelper/3/index.php/Home/market/releaseProduct
INFO: [ app_init ] --START--
INFO: Run Behavior\BuildLiteBehavior [ RunTime:0.000000s ]
INFO: [ app_init ] --END-- [ RunTime:0.001000s ]
INFO: [ app_begin ] --START--
INFO: Run Behavior\ReadHtmlCacheBehavior [ RunTime:0.003000s ]
INFO: [ app_begin ] --END-- [ RunTime:0.003000s ]
INFO: [ app_end ] --START--
INFO: Run Behavior\ShowPageTraceBehavior [ RunTime:0.001000s ]
INFO: [ app_end ] --END-- [ RunTime:0.002000s ]

[ 2016-03-05T15:30:07+08:00 ] 127.0.0.1 /scuthelper/3/index.php/Home/market/releaseProduct
INFO: [ app_init ] --START--
INFO: Run Behavior\BuildLiteBehavior [ RunTime:0.000000s ]
INFO: [ app_init ] --END-- [ RunTime:0.002001s ]
INFO: [ app_begin ] --START--
INFO: Run Behavior\ReadHtmlCacheBehavior [ RunTime:0.001000s ]
INFO: [ app_begin ] --END-- [ RunTime:0.002000s ]
INFO: [ app_end ] --START--
INFO: Run Behavior\ShowPageTraceBehavior [ RunTime:0.002000s ]
INFO: [ app_end ] --END-- [ RunTime:0.002000s ]

[ 2016-03-05T15:30:25+08:00 ] 127.0.0.1 /scuthelper/3/index.php/Home/market/releaseProduct
INFO: [ app_init ] --START--
INFO: Run Behavior\BuildLiteBehavior [ RunTime:0.000000s ]
INFO: [ app_init ] --END-- [ RunTime:0.002000s ]
INFO: [ app_begin ] --START--
INFO: Run Behavior\ReadHtmlCacheBehavior [ RunTime:0.002000s ]
INFO: [ app_begin ] --END-- [ RunTime:0.002000s ]
SQL: SHOW COLUMNS FROM `categories_list_1` [ RunTime:0.0040s ]
SQL: SELECT * FROM `categories_list_1` WHERE ( category_id=3 ) LIMIT 1   [ RunTime:0.0290s ]
INFO: [ app_end ] --START--
INFO: Run Behavior\ShowPageTraceBehavior [ RunTime:0.002000s ]
INFO: [ app_end ] --END-- [ RunTime:0.002000s ]

[ 2016-03-05T15:30:46+08:00 ] 127.0.0.1 /scuthelper/3/index.php/Home/market/releaseProduct
INFO: [ app_init ] --START--
INFO: Run Behavior\BuildLiteBehavior [ RunTime:0.000000s ]
INFO: [ app_init ] --END-- [ RunTime:0.001000s ]
INFO: [ app_begin ] --START--
INFO: Run Behavior\ReadHtmlCacheBehavior [ RunTime:0.001000s ]
INFO: [ app_begin ] --END-- [ RunTime:0.001000s ]
SQL: SHOW COLUMNS FROM `categories_list_1` [ RunTime:0.0080s ]
SQL: SELECT * FROM `categories_list_1` WHERE ( category_id=1 ) LIMIT 1   [ RunTime:0.0010s ]
SQL: SHOW COLUMNS FROM `categories_list_2` [ RunTime:0.0040s ]
SQL: SELECT * FROM `categories_list_2` WHERE ( category_1_Id=1 and category_2_Id=2 ) LIMIT 1   [ RunTime:0.0000s ]
INFO: [ app_end ] --START--
INFO: Run Behavior\ShowPageTraceBehavior [ RunTime:0.002000s ]
INFO: [ app_end ] --END-- [ RunTime:0.002000s ]

[ 2016-03-05T15:31:58+08:00 ] 127.0.0.1 /scuthelper/3/index.php/Home/market/releaseProduct
INFO: [ app_init ] --START--
INFO: Run Behavior\BuildLiteBehavior [ RunTime:0.000000s ]
INFO: [ app_init ] --END-- [ RunTime:0.002000s ]
INFO: [ app_begin ] --START--
INFO: Run Behavior\ReadHtmlCacheBehavior [ RunTime:0.002000s ]
INFO: [ app_begin ] --END-- [ RunTime:0.002000s ]
SQL: SHOW COLUMNS FROM `categories_list_1` [ RunTime:0.0040s ]
SQL: SELECT * FROM `categories_list_1` WHERE ( category_id=2 ) LIMIT 1   [ RunTime:0.0010s ]
SQL: SHOW COLUMNS FROM `categories_list_2` [ RunTime:0.0040s ]
ERR: SQLSTATE[42000]: Syntax error or access violation: 1064 You have an error in your SQL syntax; check the manual that corresponds to your MySQL server version for the right syntax to use near ') LIMIT 1' at line 1

[ 2016-03-05T15:35:39+08:00 ] 127.0.0.1 /scuthelper/3/index.php/Home/market/releaseProduct
INFO: [ app_init ] --START--
INFO: Run Behavior\BuildLiteBehavior [ RunTime:0.000000s ]
INFO: [ app_init ] --END-- [ RunTime:0.001000s ]
INFO: [ app_begin ] --START--
INFO: Run Behavior\ReadHtmlCacheBehavior [ RunTime:0.001000s ]
INFO: [ app_begin ] --END-- [ RunTime:0.002000s ]
SQL: SHOW COLUMNS FROM `categories_list_1` [ RunTime:0.0100s ]
SQL: SELECT * FROM `categories_list_1` WHERE ( category_id=2 ) LIMIT 1   [ RunTime:0.0000s ]
SQL: SHOW COLUMNS FROM `categories_list_2` [ RunTime:0.0030s ]
SQL: SELECT * FROM `categories_list_2` WHERE ( category_1_Id=2 ) LIMIT 1   [ RunTime:0.0710s ]
INFO: [ app_end ] --START--
INFO: Run Behavior\ShowPageTraceBehavior [ RunTime:0.001000s ]
INFO: [ app_end ] --END-- [ RunTime:0.002000s ]

[ 2016-03-05T15:35:49+08:00 ] 127.0.0.1 /scuthelper/3/index.php/Home/market/releaseProduct
INFO: [ app_init ] --START--
INFO: Run Behavior\BuildLiteBehavior [ RunTime:0.000000s ]
INFO: [ app_init ] --END-- [ RunTime:0.001000s ]
INFO: [ app_begin ] --START--
INFO: Run Behavior\ReadHtmlCacheBehavior [ RunTime:0.001000s ]
INFO: [ app_begin ] --END-- [ RunTime:0.001000s ]
INFO: [ app_end ] --START--
INFO: Run Behavior\ShowPageTraceBehavior [ RunTime:0.002000s ]
INFO: [ app_end ] --END-- [ RunTime:0.002000s ]

[ 2016-03-05T15:36:11+08:00 ] 127.0.0.1 /scuthelper/3/index.php/Home/market/releaseProduct
INFO: [ app_init ] --START--
INFO: Run Behavior\BuildLiteBehavior [ RunTime:0.000000s ]
INFO: [ app_init ] --END-- [ RunTime:0.002000s ]
INFO: [ app_begin ] --START--
INFO: Run Behavior\ReadHtmlCacheBehavior [ RunTime:0.001000s ]
INFO: [ app_begin ] --END-- [ RunTime:0.002000s ]
INFO: [ app_end ] --START--
INFO: Run Behavior\ShowPageTraceBehavior [ RunTime:0.001000s ]
INFO: [ app_end ] --END-- [ RunTime:0.003000s ]

[ 2016-03-05T15:36:31+08:00 ] 127.0.0.1 /scuthelper/3/index.php/Home/market/releaseProduct
INFO: [ app_init ] --START--
INFO: Run Behavior\BuildLiteBehavior [ RunTime:0.001000s ]
INFO: [ app_init ] --END-- [ RunTime:0.001000s ]
INFO: [ app_begin ] --START--
INFO: Run Behavior\ReadHtmlCacheBehavior [ RunTime:0.001000s ]
INFO: [ app_begin ] --END-- [ RunTime:0.002000s ]
INFO: [ app_end ] --START--
INFO: Run Behavior\ShowPageTraceBehavior [ RunTime:0.001000s ]
INFO: [ app_end ] --END-- [ RunTime:0.002000s ]

[ 2016-03-05T15:36:40+08:00 ] 127.0.0.1 /scuthelper/3/index.php/Home/market/releaseProduct
INFO: [ app_init ] --START--
INFO: Run Behavior\BuildLiteBehavior [ RunTime:0.000000s ]
INFO: [ app_init ] --END-- [ RunTime:0.001000s ]
INFO: [ app_begin ] --START--
INFO: Run Behavior\ReadHtmlCacheBehavior [ RunTime:0.001000s ]
INFO: [ app_begin ] --END-- [ RunTime:0.003000s ]
INFO: [ app_end ] --START--
INFO: Run Behavior\ShowPageTraceBehavior [ RunTime:0.002000s ]
INFO: [ app_end ] --END-- [ RunTime:0.002000s ]

[ 2016-03-05T15:36:46+08:00 ] 127.0.0.1 /scuthelper/3/index.php/Home/market/releaseProduct
INFO: [ app_init ] --START--
INFO: Run Behavior\BuildLiteBehavior [ RunTime:0.000000s ]
INFO: [ app_init ] --END-- [ RunTime:0.002000s ]
INFO: [ app_begin ] --START--
INFO: Run Behavior\ReadHtmlCacheBehavior [ RunTime:0.002000s ]
INFO: [ app_begin ] --END-- [ RunTime:0.002000s ]
INFO: [ app_end ] --START--
INFO: Run Behavior\ShowPageTraceBehavior [ RunTime:0.001000s ]
INFO: [ app_end ] --END-- [ RunTime:0.001000s ]

[ 2016-03-05T15:36:47+08:00 ] 127.0.0.1 /scuthelper/3/index.php/Home/market/releaseProduct
INFO: [ app_init ] --START--
INFO: Run Behavior\BuildLiteBehavior [ RunTime:0.000000s ]
INFO: [ app_init ] --END-- [ RunTime:0.001000s ]
INFO: [ app_begin ] --START--
INFO: Run Behavior\ReadHtmlCacheBehavior [ RunTime:0.001000s ]
INFO: [ app_begin ] --END-- [ RunTime:0.002000s ]
INFO: [ app_end ] --START--
INFO: Run Behavior\ShowPageTraceBehavior [ RunTime:0.002000s ]
INFO: [ app_end ] --END-- [ RunTime:0.002000s ]

[ 2016-03-05T15:37:06+08:00 ] 127.0.0.1 /scuthelper/3/index.php/Home/market/releaseProduct
INFO: [ app_init ] --START--
INFO: Run Behavior\BuildLiteBehavior [ RunTime:0.000000s ]
INFO: [ app_init ] --END-- [ RunTime:0.001000s ]
INFO: [ app_begin ] --START--
INFO: Run Behavior\ReadHtmlCacheBehavior [ RunTime:0.001000s ]
INFO: [ app_begin ] --END-- [ RunTime:0.002000s ]
INFO: [ app_end ] --START--
INFO: Run Behavior\ShowPageTraceBehavior [ RunTime:0.002000s ]
INFO: [ app_end ] --END-- [ RunTime:0.002000s ]

[ 2016-03-05T15:37:59+08:00 ] 127.0.0.1 /scuthelper/3/index.php/Home/market/releaseProduct
INFO: [ app_init ] --START--
INFO: Run Behavior\BuildLiteBehavior [ RunTime:0.000000s ]
INFO: [ app_init ] --END-- [ RunTime:0.001000s ]
INFO: [ app_begin ] --START--
INFO: Run Behavior\ReadHtmlCacheBehavior [ RunTime:0.001000s ]
INFO: [ app_begin ] --END-- [ RunTime:0.003000s ]
SQL: SHOW COLUMNS FROM `products` [ RunTime:0.0050s ]
ERR: SQLSTATE[23000]: Integrity constraint violation: 1452 Cannot add or update a child row: a foreign key constraint fails (`scut123`.`products`, CONSTRAINT `products_ibfk_2` FOREIGN KEY (`user_id`) REFERENCES `users` (`user_id`))

[ 2016-03-05T15:38:19+08:00 ] 127.0.0.1 /scuthelper/3/index.php/Home/market/releaseProduct
INFO: [ app_init ] --START--
INFO: Run Behavior\BuildLiteBehavior [ RunTime:0.000000s ]
INFO: [ app_init ] --END-- [ RunTime:0.001000s ]
INFO: [ app_begin ] --START--
INFO: Run Behavior\ReadHtmlCacheBehavior [ RunTime:0.002000s ]
INFO: [ app_begin ] --END-- [ RunTime:0.002000s ]
INFO: [ app_end ] --START--
INFO: Run Behavior\ShowPageTraceBehavior [ RunTime:0.001001s ]
INFO: [ app_end ] --END-- [ RunTime:0.001001s ]

[ 2016-03-05T15:38:41+08:00 ] 127.0.0.1 /scuthelper/3/index.php/Home/market/releaseProduct
INFO: [ app_init ] --START--
INFO: Run Behavior\BuildLiteBehavior [ RunTime:0.000000s ]
INFO: [ app_init ] --END-- [ RunTime:0.001000s ]
INFO: [ app_begin ] --START--
INFO: Run Behavior\ReadHtmlCacheBehavior [ RunTime:0.001000s ]
INFO: [ app_begin ] --END-- [ RunTime:0.002000s ]
INFO: [ app_end ] --START--
INFO: Run Behavior\ShowPageTraceBehavior [ RunTime:0.002000s ]
INFO: [ app_end ] --END-- [ RunTime:0.002000s ]

[ 2016-03-05T15:38:47+08:00 ] 127.0.0.1 /scuthelper/3/index.php/Home/market/releaseProduct
INFO: [ app_init ] --START--
INFO: Run Behavior\BuildLiteBehavior [ RunTime:0.000000s ]
INFO: [ app_init ] --END-- [ RunTime:0.001000s ]
INFO: [ app_begin ] --START--
INFO: Run Behavior\ReadHtmlCacheBehavior [ RunTime:0.001000s ]
INFO: [ app_begin ] --END-- [ RunTime:0.002000s ]
INFO: [ app_end ] --START--
INFO: Run Behavior\ShowPageTraceBehavior [ RunTime:0.001000s ]
INFO: [ app_end ] --END-- [ RunTime:0.002000s ]

[ 2016-03-05T15:39:00+08:00 ] 127.0.0.1 /scuthelper/3/index.php/Home/market/releaseProduct
INFO: [ app_init ] --START--
INFO: Run Behavior\BuildLiteBehavior [ RunTime:0.000000s ]
INFO: [ app_init ] --END-- [ RunTime:0.001000s ]
INFO: [ app_begin ] --START--
INFO: Run Behavior\ReadHtmlCacheBehavior [ RunTime:0.001000s ]
INFO: [ app_begin ] --END-- [ RunTime:0.001000s ]
INFO: [ app_end ] --START--
INFO: Run Behavior\ShowPageTraceBehavior [ RunTime:0.001000s ]
INFO: [ app_end ] --END-- [ RunTime:0.002001s ]

[ 2016-03-05T15:39:15+08:00 ] 127.0.0.1 /scuthelper/3/index.php/Home/market/releaseProduct
INFO: [ app_init ] --START--
INFO: Run Behavior\BuildLiteBehavior [ RunTime:0.000000s ]
INFO: [ app_init ] --END-- [ RunTime:0.001000s ]
INFO: [ app_begin ] --START--
INFO: Run Behavior\ReadHtmlCacheBehavior [ RunTime:0.001000s ]
INFO: [ app_begin ] --END-- [ RunTime:0.002000s ]
SQL: SHOW COLUMNS FROM `products` [ RunTime:0.0050s ]
ERR: SQLSTATE[23000]: Integrity constraint violation: 1452 Cannot add or update a child row: a foreign key constraint fails (`scut123`.`products`, CONSTRAINT `products_ibfk_2` FOREIGN KEY (`user_id`) REFERENCES `users` (`user_id`))

[ 2016-03-05T15:41:38+08:00 ] 127.0.0.1 /scuthelper/3/index.php/Home/market/releaseProduct
INFO: [ app_init ] --START--
INFO: Run Behavior\BuildLiteBehavior [ RunTime:0.000000s ]
INFO: [ app_init ] --END-- [ RunTime:0.001000s ]
INFO: [ app_begin ] --START--
INFO: Run Behavior\ReadHtmlCacheBehavior [ RunTime:0.002000s ]
INFO: [ app_begin ] --END-- [ RunTime:0.002000s ]
SQL: SHOW COLUMNS FROM `products` [ RunTime:0.0040s ]
ERR: SQLSTATE[23000]: Integrity constraint violation: 1452 Cannot add or update a child row: a foreign key constraint fails (`scut123`.`products`, CONSTRAINT `products_ibfk_2` FOREIGN KEY (`user_id`) REFERENCES `users` (`user_id`))

[ 2016-03-05T15:42:02+08:00 ] 127.0.0.1 /scuthelper/3/index.php/Home/market/releaseProduct
INFO: [ app_init ] --START--
INFO: Run Behavior\BuildLiteBehavior [ RunTime:0.000000s ]
INFO: [ app_init ] --END-- [ RunTime:0.001000s ]
INFO: [ app_begin ] --START--
INFO: Run Behavior\ReadHtmlCacheBehavior [ RunTime:0.002000s ]
INFO: [ app_begin ] --END-- [ RunTime:0.002000s ]
SQL: SHOW COLUMNS FROM `products` [ RunTime:0.0130s ]
SQL: INSERT INTO `products` (`user_id`,`name`,`min_price`,`max_price`,`category1`,`category2`,`quantity`,`fineness`,`description`,`source`) VALUES ('4','手机','1500','2000','2','0','2','2','买不了吃亏','0') [ RunTime:0.0910s ]
NOTIC: [8] Use of undefined constant i - assumed 'i' E:\wamp\www\scuthelper\3\Application\Home\Controller\ProductsController.class.php 第 228 行.
NOTIC: [8] Undefined variable: r E:\wamp\www\scuthelper\3\Application\Home\Controller\ProductsController.class.php 第 239 行.
INFO: [ app_end ] --START--
INFO: Run Behavior\ShowPageTraceBehavior [ RunTime:0.002000s ]
INFO: [ app_end ] --END-- [ RunTime:0.002000s ]

[ 2016-03-05T15:44:33+08:00 ] 127.0.0.1 /scuthelper/3/index.php/Home/market/releaseProduct
INFO: [ app_init ] --START--
INFO: Run Behavior\BuildLiteBehavior [ RunTime:0.000000s ]
INFO: [ app_init ] --END-- [ RunTime:0.001001s ]
INFO: [ app_begin ] --START--
INFO: Run Behavior\ReadHtmlCacheBehavior [ RunTime:0.001000s ]
INFO: [ app_begin ] --END-- [ RunTime:0.003000s ]
SQL: SHOW COLUMNS FROM `products` [ RunTime:0.0060s ]
SQL: INSERT INTO `products` (`user_id`,`name`,`min_price`,`max_price`,`category1`,`category2`,`quantity`,`fineness`,`description`,`source`) VALUES ('4','手机','1500','2000','2','0','2','2','买不了吃亏','0') [ RunTime:0.0540s ]
NOTIC: [8] Use of undefined constant i - assumed 'i' E:\wamp\www\scuthelper\3\Application\Home\Controller\ProductsController.class.php 第 229 行.
INFO: [ app_end ] --START--
INFO: Run Behavior\ShowPageTraceBehavior [ RunTime:0.002000s ]
INFO: [ app_end ] --END-- [ RunTime:0.002000s ]

[ 2016-03-05T15:45:06+08:00 ] 127.0.0.1 /scuthelper/3/index.php/Home/market/releaseProduct
INFO: [ app_init ] --START--
INFO: Run Behavior\BuildLiteBehavior [ RunTime:0.000000s ]
INFO: [ app_init ] --END-- [ RunTime:0.001000s ]
INFO: [ app_begin ] --START--
INFO: Run Behavior\ReadHtmlCacheBehavior [ RunTime:0.002000s ]
INFO: [ app_begin ] --END-- [ RunTime:0.002000s ]
SQL: SHOW COLUMNS FROM `products` [ RunTime:0.0040s ]
SQL: INSERT INTO `products` (`user_id`,`name`,`min_price`,`max_price`,`category1`,`category2`,`quantity`,`fineness`,`description`,`source`) VALUES ('4','手机','1500','2000','2','0','2','2','买不了吃亏','0') [ RunTime:0.0690s ]
SQL: SHOW COLUMNS FROM `pictures` [ RunTime:0.0040s ]
SQL: INSERT INTO `pictures` (`product_id`,`subsequence`,`url`) VALUES ('7','1','http://www.baidu.com') [ RunTime:0.0500s ]
INFO: [ app_end ] --START--
INFO: Run Behavior\ShowPageTraceBehavior [ RunTime:0.002000s ]
INFO: [ app_end ] --END-- [ RunTime:0.002000s ]

[ 2016-03-05T15:47:02+08:00 ] 127.0.0.1 /scuthelper/3/index.php/Home/market/deleteProduct
INFO: [ app_init ] --START--
INFO: Run Behavior\BuildLiteBehavior [ RunTime:0.000000s ]
INFO: [ app_init ] --END-- [ RunTime:0.001000s ]
INFO: [ app_begin ] --START--
INFO: Run Behavior\ReadHtmlCacheBehavior [ RunTime:0.001000s ]
INFO: [ app_begin ] --END-- [ RunTime:0.002001s ]

[ 2016-03-05T15:47:28+08:00 ] 127.0.0.1 /scuthelper/3/index.php/Home/market/deleteProduct
INFO: [ app_init ] --START--
INFO: Run Behavior\BuildLiteBehavior [ RunTime:0.000000s ]
INFO: [ app_init ] --END-- [ RunTime:0.001000s ]
INFO: [ app_begin ] --START--
INFO: Run Behavior\ReadHtmlCacheBehavior [ RunTime:0.004000s ]
INFO: [ app_begin ] --END-- [ RunTime:0.004000s ]
NOTIC: [8] Undefined index: user_id E:\wamp\www\scuthelper\3\Application\Home\Controller\ProductsController.class.php 第 327 行.
NOTIC: [8] Undefined index: product_id E:\wamp\www\scuthelper\3\Application\Home\Controller\ProductsController.class.php 第 328 行.
SQL: SHOW COLUMNS FROM `products` [ RunTime:0.0040s ]
ERR: SQLSTATE[42000]: Syntax error or access violation: 1064 You have an error in your SQL syntax; check the manual that corresponds to your MySQL server version for the right syntax to use near ') LIMIT 1' at line 1

[ 2016-03-05T15:47:53+08:00 ] 127.0.0.1 /scuthelper/3/index.php/Home/market/modifyProduct
INFO: [ app_init ] --START--
INFO: Run Behavior\BuildLiteBehavior [ RunTime:0.000000s ]
INFO: [ app_init ] --END-- [ RunTime:0.002000s ]
INFO: [ app_begin ] --START--
INFO: Run Behavior\ReadHtmlCacheBehavior [ RunTime:0.001000s ]
INFO: [ app_begin ] --END-- [ RunTime:0.002000s ]
SQL: SHOW COLUMNS FROM `products` [ RunTime:0.0040s ]
SQL: SELECT * FROM `products` WHERE ( product_id=9 ) LIMIT 1   [ RunTime:0.0010s ]
INFO: [ app_end ] --START--
INFO: Run Behavior\ShowPageTraceBehavior [ RunTime:0.001000s ]
INFO: [ app_end ] --END-- [ RunTime:0.002000s ]

[ 2016-03-05T15:48:06+08:00 ] 127.0.0.1 /scuthelper/3/index.php/Home/market/modifyProduct
INFO: [ app_init ] --START--
INFO: Run Behavior\BuildLiteBehavior [ RunTime:0.001000s ]
INFO: [ app_init ] --END-- [ RunTime:0.001000s ]
INFO: [ app_begin ] --START--
INFO: Run Behavior\ReadHtmlCacheBehavior [ RunTime:0.002000s ]
INFO: [ app_begin ] --END-- [ RunTime:0.002000s ]
SQL: SHOW COLUMNS FROM `products` [ RunTime:0.0050s ]
SQL: SELECT * FROM `products` WHERE ( product_id=7 ) LIMIT 1   [ RunTime:0.0010s ]
SQL: SHOW COLUMNS FROM `categories_list_1` [ RunTime:0.0040s ]
SQL: SELECT * FROM `categories_list_1` WHERE ( category_id=2 ) LIMIT 1   [ RunTime:0.0010s ]
SQL: SHOW COLUMNS FROM `categories_list_2` [ RunTime:0.0040s ]
SQL: SELECT * FROM `categories_list_2` WHERE ( category_1_Id=2 and category_2_Id=0 ) LIMIT 1   [ RunTime:0.0010s ]
INFO: [ app_end ] --START--
INFO: Run Behavior\ShowPageTraceBehavior [ RunTime:0.002001s ]
INFO: [ app_end ] --END-- [ RunTime:0.002001s ]

[ 2016-03-05T15:48:35+08:00 ] 127.0.0.1 /scuthelper/3/index.php/Home/market/modifyProduct
INFO: [ app_init ] --START--
INFO: Run Behavior\BuildLiteBehavior [ RunTime:0.000000s ]
INFO: [ app_init ] --END-- [ RunTime:0.001000s ]
INFO: [ app_begin ] --START--
INFO: Run Behavior\ReadHtmlCacheBehavior [ RunTime:0.002000s ]
INFO: [ app_begin ] --END-- [ RunTime:0.002000s ]
SQL: SHOW COLUMNS FROM `products` [ RunTime:0.0120s ]
SQL: SELECT * FROM `products` WHERE ( product_id=7 ) LIMIT 1   [ RunTime:0.0000s ]
SQL: UPDATE `products` SET `product_id`='7',`user_id`='4',`name`='手机',`min_price`='1200',`max_price`='2000',`category1`='2',`category2`='0',`quantity`='2',`fineness`='2',`description`='买不了吃亏',`source`='0',`time`='2016-03-05 15:45:06',`modify_time`='2016-03-05 15:45:06',`is_deleted`='0' WHERE ( product_id=7 ) [ RunTime:0.0780s ]
INFO: [ app_end ] --START--
INFO: Run Behavior\ShowPageTraceBehavior [ RunTime:0.001000s ]
INFO: [ app_end ] --END-- [ RunTime:0.003000s ]

[ 2016-03-05T15:49:35+08:00 ] 127.0.0.1 /scuthelper/3/index.php/Home/market/modifyProduct
INFO: [ app_init ] --START--
INFO: Run Behavior\BuildLiteBehavior [ RunTime:0.000000s ]
INFO: [ app_init ] --END-- [ RunTime:0.002000s ]
INFO: [ app_begin ] --START--
INFO: Run Behavior\ReadHtmlCacheBehavior [ RunTime:0.002000s ]
INFO: [ app_begin ] --END-- [ RunTime:0.002000s ]
SQL: SHOW COLUMNS FROM `products` [ RunTime:0.0050s ]
SQL: SELECT * FROM `products` WHERE ( product_id=7 ) LIMIT 1   [ RunTime:0.0010s ]
SQL: UPDATE `products` SET `product_id`='7',`user_id`='4',`name`='手机',`min_price`='1200',`max_price`='2000',`category1`='2',`category2`='0',`quantity`='2',`fineness`='2',`description`='买不了吃亏d',`source`='0',`time`='2016-03-05 15:45:06',`modify_time`='2016-03-05 15:03:35',`is_deleted`='0' WHERE ( product_id=7 ) [ RunTime:0.0710s ]
INFO: [ app_end ] --START--
INFO: Run Behavior\ShowPageTraceBehavior [ RunTime:0.002000s ]
INFO: [ app_end ] --END-- [ RunTime:0.002000s ]

[ 2016-03-05T15:50:10+08:00 ] 127.0.0.1 /scuthelper/3/index.php/Home/market/modifyProduct
INFO: [ app_init ] --START--
INFO: Run Behavior\BuildLiteBehavior [ RunTime:0.000000s ]
INFO: [ app_init ] --END-- [ RunTime:0.001000s ]
INFO: [ app_begin ] --START--
INFO: Run Behavior\ReadHtmlCacheBehavior [ RunTime:0.002001s ]
INFO: [ app_begin ] --END-- [ RunTime:0.002001s ]
SQL: SHOW COLUMNS FROM `products` [ RunTime:0.0050s ]
SQL: SELECT * FROM `products` WHERE ( product_id=7 ) LIMIT 1   [ RunTime:0.0020s ]
SQL: UPDATE `products` SET `product_id`='7',`user_id`='4',`name`='手机',`min_price`='1200',`max_price`='2000',`category1`='2',`category2`='0',`quantity`='2',`fineness`='2',`description`='买不了吃亏d',`source`='0',`time`='2016-03-05 15:45:06',`modify_time`='2016-03-05 15:03:09',`is_deleted`='0' WHERE ( product_id=7 ) [ RunTime:0.0860s ]
INFO: [ app_end ] --START--
INFO: Run Behavior\ShowPageTraceBehavior [ RunTime:0.002000s ]
INFO: [ app_end ] --END-- [ RunTime:0.002000s ]

[ 2016-03-05T15:51:16+08:00 ] 127.0.0.1 /scuthelper/3/index.php/Home/market/modifyProduct
INFO: [ app_init ] --START--
INFO: Run Behavior\BuildLiteBehavior [ RunTime:0.000000s ]
INFO: [ app_init ] --END-- [ RunTime:0.002000s ]
INFO: [ app_begin ] --START--
INFO: Run Behavior\ReadHtmlCacheBehavior [ RunTime:0.002000s ]
INFO: [ app_begin ] --END-- [ RunTime:0.002000s ]
SQL: SHOW COLUMNS FROM `products` [ RunTime:0.0050s ]
SQL: SELECT * FROM `products` WHERE ( product_id=7 ) LIMIT 1   [ RunTime:0.0010s ]
SQL: UPDATE `products` SET `product_id`='7',`user_id`='4',`name`='手机',`min_price`='1200',`max_price`='2000',`category1`='2',`category2`='0',`quantity`='2',`fineness`='2',`description`='买不了吃亏d',`source`='0',`time`='2016-03-05 15:45:06',`modify_time`='2016-03-05 15:03:16',`is_deleted`='0' WHERE ( product_id=7 ) [ RunTime:0.0520s ]
INFO: [ app_end ] --START--
INFO: Run Behavior\ShowPageTraceBehavior [ RunTime:0.002000s ]
INFO: [ app_end ] --END-- [ RunTime:0.002000s ]

[ 2016-03-05T15:51:22+08:00 ] 127.0.0.1 /scuthelper/3/index.php/Home/market/modifyProduct
INFO: [ app_init ] --START--
INFO: Run Behavior\BuildLiteBehavior [ RunTime:0.000000s ]
INFO: [ app_init ] --END-- [ RunTime:0.001000s ]
INFO: [ app_begin ] --START--
INFO: Run Behavior\ReadHtmlCacheBehavior [ RunTime:0.001000s ]
INFO: [ app_begin ] --END-- [ RunTime:0.002000s ]
SQL: SHOW COLUMNS FROM `products` [ RunTime:0.0050s ]
SQL: SELECT * FROM `products` WHERE ( product_id=7 ) LIMIT 1   [ RunTime:0.0010s ]
SQL: UPDATE `products` SET `product_id`='7',`user_id`='4',`name`='手机',`min_price`='1200',`max_price`='2000',`category1`='2',`category2`='0',`quantity`='2',`fineness`='2',`description`='买不了吃亏d',`source`='0',`time`='2016-03-05 15:45:06',`modify_time`='2016-03-05 15:03:22',`is_deleted`='0' WHERE ( product_id=7 ) [ RunTime:0.0550s ]
INFO: [ app_end ] --START--
INFO: Run Behavior\ShowPageTraceBehavior [ RunTime:0.002000s ]
INFO: [ app_end ] --END-- [ RunTime:0.002000s ]

[ 2016-03-05T15:51:32+08:00 ] 127.0.0.1 /scuthelper/3/index.php/Home/market/modifyProduct
INFO: [ app_init ] --START--
INFO: Run Behavior\BuildLiteBehavior [ RunTime:0.000000s ]
INFO: [ app_init ] --END-- [ RunTime:0.001000s ]
INFO: [ app_begin ] --START--
INFO: Run Behavior\ReadHtmlCacheBehavior [ RunTime:0.001000s ]
INFO: [ app_begin ] --END-- [ RunTime:0.003000s ]
SQL: SHOW COLUMNS FROM `products` [ RunTime:0.0050s ]
SQL: SELECT * FROM `products` WHERE ( product_id=7 ) LIMIT 1   [ RunTime:0.0010s ]
SQL: UPDATE `products` SET `product_id`='7',`user_id`='4',`name`='手机',`min_price`='1200',`max_price`='2000',`category1`='2',`category2`='0',`quantity`='2',`fineness`='2',`description`='买不了吃亏d',`source`='0',`time`='2016-03-05 15:45:06',`modify_time`='2016-03-05 15:03:32',`is_deleted`='0' WHERE ( product_id=7 ) [ RunTime:0.3220s ]
INFO: [ app_end ] --START--
INFO: Run Behavior\ShowPageTraceBehavior [ RunTime:0.002000s ]
INFO: [ app_end ] --END-- [ RunTime:0.003000s ]

[ 2016-03-05T15:52:29+08:00 ] 127.0.0.1 /scuthelper/3/index.php/Home/market/modifyProduct
INFO: [ app_init ] --START--
INFO: Run Behavior\BuildLiteBehavior [ RunTime:0.000000s ]
INFO: [ app_init ] --END-- [ RunTime:0.001000s ]
INFO: [ app_begin ] --START--
INFO: Run Behavior\ReadHtmlCacheBehavior [ RunTime:0.001000s ]
INFO: [ app_begin ] --END-- [ RunTime:0.002000s ]
SQL: SHOW COLUMNS FROM `products` [ RunTime:0.0100s ]
SQL: SELECT * FROM `products` WHERE ( product_id=7 ) LIMIT 1   [ RunTime:0.0010s ]
SQL: UPDATE `products` SET `product_id`='7',`user_id`='4',`name`='手机',`min_price`='1200',`max_price`='2000',`category1`='2',`category2`='0',`quantity`='2',`fineness`='2',`description`='买不了吃亏d',`source`='0',`time`='2016-03-05 15:45:06',`modify_time`='2016-03-05 15:03:28',`is_deleted`='0' WHERE ( product_id=7 ) [ RunTime:0.0680s ]
INFO: [ app_end ] --START--
INFO: Run Behavior\ShowPageTraceBehavior [ RunTime:0.002000s ]
INFO: [ app_end ] --END-- [ RunTime:0.002000s ]

[ 2016-03-05T15:52:37+08:00 ] 127.0.0.1 /scuthelper/3/index.php/Home/market/modifyProduct
INFO: [ app_init ] --START--
INFO: Run Behavior\BuildLiteBehavior [ RunTime:0.000000s ]
INFO: [ app_init ] --END-- [ RunTime:0.001000s ]
INFO: [ app_begin ] --START--
INFO: Run Behavior\ReadHtmlCacheBehavior [ RunTime:0.002000s ]
INFO: [ app_begin ] --END-- [ RunTime:0.002000s ]
SQL: SHOW COLUMNS FROM `products` [ RunTime:0.0040s ]
SQL: SELECT * FROM `products` WHERE ( product_id=7 ) LIMIT 1   [ RunTime:0.0020s ]
SQL: UPDATE `products` SET `product_id`='7',`user_id`='4',`name`='手机',`min_price`='1200',`max_price`='2000',`category1`='2',`category2`='0',`quantity`='2',`fineness`='2',`description`='买不了吃亏d',`source`='0',`time`='2016-03-05 15:45:06',`modify_time`='2016-03-05 15:03:37',`is_deleted`='0' WHERE ( product_id=7 ) [ RunTime:0.0700s ]
INFO: [ app_end ] --START--
INFO: Run Behavior\ShowPageTraceBehavior [ RunTime:0.002000s ]
INFO: [ app_end ] --END-- [ RunTime:0.003000s ]

[ 2016-03-05T15:52:44+08:00 ] 127.0.0.1 /scuthelper/3/index.php/Home/market/modifyProduct
INFO: [ app_init ] --START--
INFO: Run Behavior\BuildLiteBehavior [ RunTime:0.000000s ]
INFO: [ app_init ] --END-- [ RunTime:0.001000s ]
INFO: [ app_begin ] --START--
INFO: Run Behavior\ReadHtmlCacheBehavior [ RunTime:0.001000s ]
INFO: [ app_begin ] --END-- [ RunTime:0.002000s ]
SQL: SHOW COLUMNS FROM `products` [ RunTime:0.0050s ]
SQL: SELECT * FROM `products` WHERE ( product_id=7 ) LIMIT 1   [ RunTime:0.0010s ]
SQL: UPDATE `products` SET `product_id`='7',`user_id`='4',`name`='手机',`min_price`='1200',`max_price`='2000',`category1`='2',`category2`='0',`quantity`='2',`fineness`='2',`description`='买不了吃亏d',`source`='0',`time`='2016-03-05 15:45:06',`modify_time`='2016-03-05 15:03:44',`is_deleted`='0' WHERE ( product_id=7 ) [ RunTime:0.3580s ]
INFO: [ app_end ] --START--
INFO: Run Behavior\ShowPageTraceBehavior [ RunTime:0.002000s ]
INFO: [ app_end ] --END-- [ RunTime:0.002000s ]

[ 2016-03-05T15:52:52+08:00 ] 127.0.0.1 /scuthelper/3/index.php/Home/market/modifyProduct
INFO: [ app_init ] --START--
INFO: Run Behavior\BuildLiteBehavior [ RunTime:0.000000s ]
INFO: [ app_init ] --END-- [ RunTime:0.001000s ]
INFO: [ app_begin ] --START--
INFO: Run Behavior\ReadHtmlCacheBehavior [ RunTime:0.001000s ]
INFO: [ app_begin ] --END-- [ RunTime:0.003000s ]
SQL: SHOW COLUMNS FROM `products` [ RunTime:0.0040s ]
SQL: SELECT * FROM `products` WHERE ( product_id=7 ) LIMIT 1   [ RunTime:0.0010s ]
SQL: UPDATE `products` SET `product_id`='7',`user_id`='4',`name`='手机',`min_price`='1200',`max_price`='2000',`category1`='2',`category2`='0',`quantity`='2',`fineness`='2',`description`='买不了吃亏d',`source`='0',`time`='2016-03-05 15:45:06',`modify_time`='2016-03-05 15:03:52',`is_deleted`='0' WHERE ( product_id=7 ) [ RunTime:0.0700s ]
INFO: [ app_end ] --START--
INFO: Run Behavior\ShowPageTraceBehavior [ RunTime:0.002000s ]
INFO: [ app_end ] --END-- [ RunTime:0.002000s ]

[ 2016-03-05T15:53:01+08:00 ] 127.0.0.1 /scuthelper/3/index.php/Home/market/modifyProduct
INFO: [ app_init ] --START--
INFO: Run Behavior\BuildLiteBehavior [ RunTime:0.000000s ]
INFO: [ app_init ] --END-- [ RunTime:0.002000s ]
INFO: [ app_begin ] --START--
INFO: Run Behavior\ReadHtmlCacheBehavior [ RunTime:0.002000s ]
INFO: [ app_begin ] --END-- [ RunTime:0.002000s ]
SQL: SHOW COLUMNS FROM `products` [ RunTime:0.0040s ]
SQL: SELECT * FROM `products` WHERE ( product_id=7 ) LIMIT 1   [ RunTime:0.0020s ]
SQL: UPDATE `products` SET `product_id`='7',`user_id`='4',`name`='手机',`min_price`='1200',`max_price`='2000',`category1`='2',`category2`='0',`quantity`='2',`fineness`='2',`description`='买不了吃亏d',`source`='0',`time`='2016-03-05 15:45:06',`modify_time`='2016-03-05 15:03:01',`is_deleted`='0' WHERE ( product_id=7 ) [ RunTime:0.0890s ]
INFO: [ app_end ] --START--
INFO: Run Behavior\ShowPageTraceBehavior [ RunTime:0.002000s ]
INFO: [ app_end ] --END-- [ RunTime:0.002000s ]

[ 2016-03-05T15:53:39+08:00 ] 127.0.0.1 /scuthelper/3/index.php/Home/market/modifyProduct
INFO: [ app_init ] --START--
INFO: Run Behavior\BuildLiteBehavior [ RunTime:0.000000s ]
INFO: [ app_init ] --END-- [ RunTime:0.002000s ]
INFO: [ app_begin ] --START--
INFO: Run Behavior\ReadHtmlCacheBehavior [ RunTime:0.002000s ]
INFO: [ app_begin ] --END-- [ RunTime:0.002000s ]
SQL: SHOW COLUMNS FROM `products` [ RunTime:0.0050s ]
SQL: SELECT * FROM `products` WHERE ( product_id=7 ) LIMIT 1   [ RunTime:0.0010s ]
SQL: UPDATE `products` SET `product_id`='7',`user_id`='4',`name`='手机',`min_price`='1200',`max_price`='2000',`category1`='2',`category2`='0',`quantity`='2',`fineness`='2',`description`='买不了吃亏d',`source`='0',`time`='2016-03-05 15:45:06',`modify_time`='2016-03-05 15:53:39',`is_deleted`='0' WHERE ( product_id=7 ) [ RunTime:0.0700s ]
INFO: [ app_end ] --START--
INFO: Run Behavior\ShowPageTraceBehavior [ RunTime:0.002000s ]
INFO: [ app_end ] --END-- [ RunTime:0.002000s ]

[ 2016-03-05T15:54:46+08:00 ] 127.0.0.1 /scuthelper/3/index.php/Home/market/deleteProduct
INFO: [ app_init ] --START--
INFO: Run Behavior\BuildLiteBehavior [ RunTime:0.000000s ]
INFO: [ app_init ] --END-- [ RunTime:0.001000s ]
INFO: [ app_begin ] --START--
INFO: Run Behavior\ReadHtmlCacheBehavior [ RunTime:0.002001s ]
INFO: [ app_begin ] --END-- [ RunTime:0.002001s ]
SQL: SHOW COLUMNS FROM `products` [ RunTime:0.0050s ]
SQL: SELECT * FROM `products` WHERE ( product_id=7 ) LIMIT 1   [ RunTime:0.0000s ]
NOTIC: [8] Undefined index: userId E:\wamp\www\scuthelper\3\Application\Home\Controller\ProductsController.class.php 第 323 行.
INFO: [ app_end ] --START--
INFO: Run Behavior\ShowPageTraceBehavior [ RunTime:0.002000s ]
INFO: [ app_end ] --END-- [ RunTime:0.002000s ]

[ 2016-03-05T15:54:56+08:00 ] 127.0.0.1 /scuthelper/3/index.php/Home/market/deleteProduct
INFO: [ app_init ] --START--
INFO: Run Behavior\BuildLiteBehavior [ RunTime:0.000000s ]
INFO: [ app_init ] --END-- [ RunTime:0.002001s ]
INFO: [ app_begin ] --START--
INFO: Run Behavior\ReadHtmlCacheBehavior [ RunTime:0.002000s ]
INFO: [ app_begin ] --END-- [ RunTime:0.002000s ]
SQL: SHOW COLUMNS FROM `products` [ RunTime:0.0050s ]
SQL: SELECT * FROM `products` WHERE ( product_id=7 ) LIMIT 1   [ RunTime:0.0010s ]
NOTIC: [8] Undefined index: userId E:\wamp\www\scuthelper\3\Application\Home\Controller\ProductsController.class.php 第 323 行.
INFO: [ app_end ] --START--
INFO: Run Behavior\ShowPageTraceBehavior [ RunTime:0.002000s ]
INFO: [ app_end ] --END-- [ RunTime:0.002000s ]

[ 2016-03-05T15:54:58+08:00 ] 127.0.0.1 /scuthelper/3/index.php/Home/market/deleteProduct
INFO: [ app_init ] --START--
INFO: Run Behavior\BuildLiteBehavior [ RunTime:0.000000s ]
INFO: [ app_init ] --END-- [ RunTime:0.002000s ]
INFO: [ app_begin ] --START--
INFO: Run Behavior\ReadHtmlCacheBehavior [ RunTime:0.001000s ]
INFO: [ app_begin ] --END-- [ RunTime:0.003000s ]
SQL: SHOW COLUMNS FROM `products` [ RunTime:0.0050s ]
SQL: SELECT * FROM `products` WHERE ( product_id=7 ) LIMIT 1   [ RunTime:0.0010s ]
NOTIC: [8] Undefined index: userId E:\wamp\www\scuthelper\3\Application\Home\Controller\ProductsController.class.php 第 323 行.
INFO: [ app_end ] --START--
INFO: Run Behavior\ShowPageTraceBehavior [ RunTime:0.001000s ]
INFO: [ app_end ] --END-- [ RunTime:0.003000s ]

[ 2016-03-05T15:55:17+08:00 ] 127.0.0.1 /scuthelper/3/index.php/Home/market/deleteProduct
INFO: [ app_init ] --START--
INFO: Run Behavior\BuildLiteBehavior [ RunTime:0.000000s ]
INFO: [ app_init ] --END-- [ RunTime:0.002000s ]
INFO: [ app_begin ] --START--
INFO: Run Behavior\ReadHtmlCacheBehavior [ RunTime:0.002000s ]
INFO: [ app_begin ] --END-- [ RunTime:0.002000s ]
SQL: SHOW COLUMNS FROM `products` [ RunTime:0.0050s ]
SQL: SELECT * FROM `products` WHERE ( product_id=7 ) LIMIT 1   [ RunTime:0.0010s ]
SQL: UPDATE `products` SET `is_deleted`='1' WHERE ( product_id=7 ) [ RunTime:0.0920s ]
INFO: [ app_end ] --START--
INFO: Run Behavior\ShowPageTraceBehavior [ RunTime:0.002001s ]
INFO: [ app_end ] --END-- [ RunTime:0.002001s ]

[ 2016-03-05T16:31:44+08:00 ] 127.0.0.1 /scuthelper/3/index.php/Home/market/deleteProduct
INFO: [ app_init ] --START--
INFO: Run Behavior\BuildLiteBehavior [ RunTime:0.000000s ]
INFO: [ app_init ] --END-- [ RunTime:0.002000s ]
INFO: [ app_begin ] --START--
INFO: Run Behavior\ReadHtmlCacheBehavior [ RunTime:0.002000s ]
INFO: [ app_begin ] --END-- [ RunTime:0.002000s ]
SQL: SHOW COLUMNS FROM `products` [ RunTime:0.0050s ]
SQL: SELECT * FROM `products` WHERE ( product_id=7 ) LIMIT 1   [ RunTime:0.0010s ]
SQL: UPDATE `products` SET `is_deleted`='1' WHERE ( product_id=7 ) [ RunTime:0.0870s ]
INFO: [ app_end ] --START--
INFO: Run Behavior\ShowPageTraceBehavior [ RunTime:0.001001s ]
INFO: [ app_end ] --END-- [ RunTime:0.003001s ]

[ 2016-03-05T23:20:16+08:00 ] 127.0.0.1 /scuthelper/3/index.php/Home/market/recommendation/autorecommendate?start_code=JeGXnigU9VWHnzOATH0Twd7ATpXhlLCa
INFO: [ app_init ] --START--
INFO: Run Behavior\BuildLiteBehavior [ RunTime:0.000000s ]
INFO: [ app_init ] --END-- [ RunTime:0.002001s ]
INFO: [ app_begin ] --START--
INFO: Run Behavior\ReadHtmlCacheBehavior [ RunTime:0.015001s ]
INFO: [ app_begin ] --END-- [ RunTime:0.016001s ]
NOTIC: [8] Undefined index: start_code E:\wamp\www\scuthelper\3\Application\Home\Controller\RecommendationsController.class.php 第 6 行.
SQL: SHOW COLUMNS FROM `administrator_settings` [ RunTime:0.0040s ]
SQL: SELECT * FROM `administrator_settings` LIMIT 1   [ RunTime:0.0010s ]
INFO: [ app_end ] --START--
INFO: Run Behavior\ShowPageTraceBehavior [ RunTime:0.003000s ]
INFO: [ app_end ] --END-- [ RunTime:0.003000s ]

[ 2016-03-05T23:21:32+08:00 ] 127.0.0.1 /scuthelper/3/index.php/Home/market/recommendation/autorecommendate?start_code=JeGXnigU9VWHnzOATH0Twd7ATpXhlLCa
INFO: [ app_init ] --START--
INFO: Run Behavior\BuildLiteBehavior [ RunTime:0.001000s ]
INFO: [ app_init ] --END-- [ RunTime:0.002000s ]
INFO: [ app_begin ] --START--
INFO: Run Behavior\ReadHtmlCacheBehavior [ RunTime:0.002000s ]
INFO: [ app_begin ] --END-- [ RunTime:0.003000s ]
SQL: SHOW COLUMNS FROM `administrator_settings` [ RunTime:0.0060s ]
SQL: SELECT * FROM `administrator_settings` LIMIT 1   [ RunTime:0.0010s ]
SQL: SHOW COLUMNS FROM `products` [ RunTime:0.0040s ]
SQL: SELECT `product_id` FROM `products` WHERE ( is_deleted=0 and quantity>=0 )  [ RunTime:0.0000s ]
SQL: SHOW COLUMNS FROM `users` [ RunTime:0.0050s ]
SQL: SELECT `user_id` FROM `users`  [ RunTime:0.0010s ]
SQL: SHOW COLUMNS FROM `visit_records` [ RunTime:0.0050s ]
SQL: SHOW COLUMNS FROM `favour` [ RunTime:0.0050s ]
SQL: SHOW COLUMNS FROM `similarities` [ RunTime:0.0050s ]
NOTIC: [8] Array to string conversion E:\wamp\www\scuthelper\3\Application\Home\Controller\RecommendationsController.class.php 第 47 行.
NOTIC: [8] Array to string conversion E:\wamp\www\scuthelper\3\Application\Home\Controller\RecommendationsController.class.php 第 47 行.
ERR: SQLSTATE[42S22]: Column not found: 1054 Unknown column 'Array' in 'where clause'

[ 2016-03-05T23:22:12+08:00 ] 127.0.0.1 /scuthelper/3/index.php/Home/market/recommendation/autorecommendate?start_code=JeGXnigU9VWHnzOATH0Twd7ATpXhlLCa
INFO: [ app_init ] --START--
INFO: Run Behavior\BuildLiteBehavior [ RunTime:0.000000s ]
INFO: [ app_init ] --END-- [ RunTime:0.001000s ]
INFO: [ app_begin ] --START--
INFO: Run Behavior\ReadHtmlCacheBehavior [ RunTime:0.003000s ]
INFO: [ app_begin ] --END-- [ RunTime:0.003000s ]
SQL: SHOW COLUMNS FROM `administrator_settings` [ RunTime:0.0050s ]
SQL: SELECT * FROM `administrator_settings` LIMIT 1   [ RunTime:0.0010s ]
SQL: SHOW COLUMNS FROM `products` [ RunTime:0.0060s ]
SQL: SELECT `product_id` FROM `products` WHERE ( is_deleted=0 and quantity>=0 )  [ RunTime:0.0010s ]
SQL: SHOW COLUMNS FROM `users` [ RunTime:0.0040s ]
SQL: SELECT `user_id` FROM `users`  [ RunTime:0.0010s ]
SQL: SHOW COLUMNS FROM `visit_records` [ RunTime:0.0060s ]
SQL: SHOW COLUMNS FROM `favour` [ RunTime:0.0030s ]
SQL: SHOW COLUMNS FROM `similarities` [ RunTime:0.0040s ]
NOTIC: [8] Array to string conversion E:\wamp\www\scuthelper\3\Application\Home\Controller\RecommendationsController.class.php 第 46 行.
NOTIC: [8] Array to string conversion E:\wamp\www\scuthelper\3\Application\Home\Controller\RecommendationsController.class.php 第 46 行.
ERR: SQLSTATE[42S22]: Column not found: 1054 Unknown column 'Array' in 'where clause'

[ 2016-03-05T23:23:44+08:00 ] 127.0.0.1 /scuthelper/3/index.php/Home/market/recommendation/autorecommendate?start_code=JeGXnigU9VWHnzOATH0Twd7ATpXhlLCa
INFO: [ app_init ] --START--
INFO: Run Behavior\BuildLiteBehavior [ RunTime:0.000000s ]
INFO: [ app_init ] --END-- [ RunTime:0.001000s ]
INFO: [ app_begin ] --START--
INFO: Run Behavior\ReadHtmlCacheBehavior [ RunTime:0.001000s ]
INFO: [ app_begin ] --END-- [ RunTime:0.002000s ]
SQL: SHOW COLUMNS FROM `administrator_settings` [ RunTime:0.0050s ]
SQL: SELECT * FROM `administrator_settings` LIMIT 1   [ RunTime:0.0000s ]
SQL: SHOW COLUMNS FROM `products` [ RunTime:0.0050s ]
SQL: SELECT `product_id` FROM `products` WHERE ( is_deleted=0 and quantity>=0 )  [ RunTime:0.0010s ]
SQL: SHOW COLUMNS FROM `users` [ RunTime:0.0050s ]
SQL: SELECT `user_id` FROM `users`  [ RunTime:0.0010s ]
SQL: SHOW COLUMNS FROM `visit_records` [ RunTime:0.0040s ]
SQL: SHOW COLUMNS FROM `favour` [ RunTime:0.0040s ]
SQL: SHOW COLUMNS FROM `similarities` [ RunTime:0.0040s ]
SQL: SELECT * FROM `similarities` WHERE ( product1=1 and product2=7 ) LIMIT 1   [ RunTime:0.0010s ]
NOTIC: [8] Undefined offset: 0 E:\wamp\www\scuthelper\3\ThinkPHP\Library\Think\Db\Driver.class.php 第 790 行.
NOTIC: [8] Undefined offset: 0 E:\wamp\www\scuthelper\3\ThinkPHP\Library\Think\Db\Driver.class.php 第 790 行.
SQL: INSERT INTO `similarities` (`similarity`) VALUES ('1') [ RunTime:0.0600s ]
SQL: SELECT * FROM `similarities` WHERE ( product1=1 and product2=8 ) LIMIT 1   [ RunTime:0.0010s ]
NOTIC: [8] Undefined offset: 0 E:\wamp\www\scuthelper\3\ThinkPHP\Library\Think\Db\Driver.class.php 第 790 行.
NOTIC: [8] Undefined offset: 0 E:\wamp\www\scuthelper\3\ThinkPHP\Library\Think\Db\Driver.class.php 第 790 行.
ERR: SQLSTATE[23000]: Integrity constraint violation: 1062 Duplicate entry '0-0' for key 'PRIMARY'

[ 2016-03-05T23:24:19+08:00 ] 127.0.0.1 /scuthelper/3/index.php/Home/market/recommendation/autorecommendate?start_code=JeGXnigU9VWHnzOATH0Twd7ATpXhlLCa
INFO: [ app_init ] --START--
INFO: Run Behavior\BuildLiteBehavior [ RunTime:0.001000s ]
INFO: [ app_init ] --END-- [ RunTime:0.001000s ]
INFO: [ app_begin ] --START--
INFO: Run Behavior\ReadHtmlCacheBehavior [ RunTime:0.001000s ]
INFO: [ app_begin ] --END-- [ RunTime:0.002000s ]
SQL: SHOW COLUMNS FROM `administrator_settings` [ RunTime:0.0050s ]
SQL: SELECT * FROM `administrator_settings` LIMIT 1   [ RunTime:0.0000s ]
SQL: SHOW COLUMNS FROM `products` [ RunTime:0.0050s ]
SQL: SELECT `product_id` FROM `products` WHERE ( is_deleted=0 and quantity>=0 )  [ RunTime:0.0010s ]
SQL: SHOW COLUMNS FROM `users` [ RunTime:0.0050s ]
SQL: SELECT `user_id` FROM `users`  [ RunTime:0.0010s ]
SQL: SHOW COLUMNS FROM `visit_records` [ RunTime:0.0060s ]
SQL: SHOW COLUMNS FROM `favour` [ RunTime:0.0040s ]
SQL: SHOW COLUMNS FROM `similarities` [ RunTime:0.0040s ]
SQL: SELECT * FROM `similarities` WHERE ( product1=1 and product2=7 ) LIMIT 1   [ RunTime:0.0000s ]
SQL: INSERT INTO `similarities` (`product1`,`product2`,`similarity`) VALUES ('1','7','1') [ RunTime:0.0680s ]
SQL: SELECT * FROM `similarities` WHERE ( product1=1 and product2=8 ) LIMIT 1   [ RunTime:0.0010s ]
SQL: INSERT INTO `similarities` (`product1`,`product2`,`similarity`) VALUES ('1','8','1') [ RunTime:0.0830s ]
SQL: SELECT * FROM `similarities` WHERE ( product1=1 and product2=9 ) LIMIT 1   [ RunTime:0.0010s ]
SQL: INSERT INTO `similarities` (`product1`,`product2`,`similarity`) VALUES ('1','9','1') [ RunTime:0.1050s ]
SQL: SELECT * FROM `similarities` WHERE ( product1=1 and product2=10 ) LIMIT 1   [ RunTime:0.0000s ]
SQL: INSERT INTO `similarities` (`product1`,`product2`,`similarity`) VALUES ('1','10','1') [ RunTime:0.0390s ]
SQL: SELECT * FROM `similarities` WHERE ( product1=7 and product2=8 ) LIMIT 1   [ RunTime:0.0010s ]
SQL: INSERT INTO `similarities` (`product1`,`product2`,`similarity`) VALUES ('7','8','1') [ RunTime:0.0390s ]
SQL: SELECT * FROM `similarities` WHERE ( product1=7 and product2=9 ) LIMIT 1   [ RunTime:0.0010s ]
SQL: INSERT INTO `similarities` (`product1`,`product2`,`similarity`) VALUES ('7','9','1') [ RunTime:0.0390s ]
SQL: SELECT * FROM `similarities` WHERE ( product1=7 and product2=10 ) LIMIT 1   [ RunTime:0.0000s ]
SQL: INSERT INTO `similarities` (`product1`,`product2`,`similarity`) VALUES ('7','10','1') [ RunTime:0.0390s ]
SQL: SELECT * FROM `similarities` WHERE ( product1=8 and product2=9 ) LIMIT 1   [ RunTime:0.0010s ]
SQL: INSERT INTO `similarities` (`product1`,`product2`,`similarity`) VALUES ('8','9','1') [ RunTime:0.0380s ]
SQL: SELECT * FROM `similarities` WHERE ( product1=8 and product2=10 ) LIMIT 1   [ RunTime:0.0000s ]
SQL: INSERT INTO `similarities` (`product1`,`product2`,`similarity`) VALUES ('8','10','1') [ RunTime:0.0610s ]
SQL: SELECT * FROM `similarities` WHERE ( product1=9 and product2=10 ) LIMIT 1   [ RunTime:0.0010s ]
SQL: INSERT INTO `similarities` (`product1`,`product2`,`similarity`) VALUES ('9','10','1') [ RunTime:0.0400s ]
INFO: [ app_end ] --START--
INFO: Run Behavior\ShowPageTraceBehavior [ RunTime:0.002000s ]
INFO: [ app_end ] --END-- [ RunTime:0.003000s ]

[ 2016-03-05T23:26:17+08:00 ] 127.0.0.1 /scuthelper/3/index.php/Home/market/recommendation/autorecommendate?start_code=JeGXnigU9VWHnzOATH0Twd7ATpXhlLCa
INFO: [ app_init ] --START--
INFO: Run Behavior\BuildLiteBehavior [ RunTime:0.000000s ]
INFO: [ app_init ] --END-- [ RunTime:0.002000s ]
INFO: [ app_begin ] --START--
INFO: Run Behavior\ReadHtmlCacheBehavior [ RunTime:0.002000s ]
INFO: [ app_begin ] --END-- [ RunTime:0.003000s ]
SQL: SHOW COLUMNS FROM `administrator_settings` [ RunTime:0.0070s ]
SQL: SELECT * FROM `administrator_settings` LIMIT 1   [ RunTime:0.0010s ]
SQL: SHOW COLUMNS FROM `products` [ RunTime:0.0040s ]
SQL: SELECT `product_id` FROM `products` WHERE ( is_deleted=0 and quantity>=0 )  [ RunTime:0.0010s ]
SQL: SHOW COLUMNS FROM `users` [ RunTime:0.0050s ]
SQL: SELECT `user_id` FROM `users`  [ RunTime:0.0010s ]
SQL: SHOW COLUMNS FROM `visit_records` [ RunTime:0.0030s ]
SQL: SHOW COLUMNS FROM `favour` [ RunTime:0.0030s ]
SQL: SHOW COLUMNS FROM `similarities` [ RunTime:0.0050s ]
SQL: SELECT * FROM `similarities` WHERE ( product1=1 and product2=7 ) LIMIT 1   [ RunTime:0.0010s ]
SQL: INSERT INTO `similarities` (`product1`,`product2`,`similarity`) VALUES ('1','7','1') [ RunTime:0.1830s ]
SQL: SELECT * FROM `similarities` WHERE ( product1=1 and product2=8 ) LIMIT 1   [ RunTime:0.0010s ]
SQL: INSERT INTO `similarities` (`product1`,`product2`,`similarity`) VALUES ('1','8','1') [ RunTime:0.0500s ]
SQL: SELECT * FROM `similarities` WHERE ( product1=1 and product2=9 ) LIMIT 1   [ RunTime:0.0000s ]
SQL: INSERT INTO `similarities` (`product1`,`product2`,`similarity`) VALUES ('1','9','1') [ RunTime:0.1490s ]
SQL: SELECT * FROM `similarities` WHERE ( product1=1 and product2=10 ) LIMIT 1   [ RunTime:0.0010s ]
SQL: INSERT INTO `similarities` (`product1`,`product2`,`similarity`) VALUES ('1','10','1') [ RunTime:0.0400s ]
SQL: SELECT * FROM `similarities` WHERE ( product1=7 and product2=8 ) LIMIT 1   [ RunTime:0.0010s ]
SQL: INSERT INTO `similarities` (`product1`,`product2`,`similarity`) VALUES ('7','8','1') [ RunTime:0.0390s ]
SQL: SELECT * FROM `similarities` WHERE ( product1=7 and product2=9 ) LIMIT 1   [ RunTime:0.0010s ]
SQL: INSERT INTO `similarities` (`product1`,`product2`,`similarity`) VALUES ('7','9','1') [ RunTime:0.0380s ]
SQL: SELECT * FROM `similarities` WHERE ( product1=7 and product2=10 ) LIMIT 1   [ RunTime:0.0010s ]
SQL: INSERT INTO `similarities` (`product1`,`product2`,`similarity`) VALUES ('7','10','1') [ RunTime:0.0380s ]
SQL: SELECT * FROM `similarities` WHERE ( product1=8 and product2=9 ) LIMIT 1   [ RunTime:0.0010s ]
SQL: INSERT INTO `similarities` (`product1`,`product2`,`similarity`) VALUES ('8','9','1') [ RunTime:0.0620s ]
SQL: SELECT * FROM `similarities` WHERE ( product1=8 and product2=10 ) LIMIT 1   [ RunTime:0.0010s ]
SQL: INSERT INTO `similarities` (`product1`,`product2`,`similarity`) VALUES ('8','10','1') [ RunTime:0.0380s ]
SQL: SELECT * FROM `similarities` WHERE ( product1=9 and product2=10 ) LIMIT 1   [ RunTime:0.0010s ]
SQL: INSERT INTO `similarities` (`product1`,`product2`,`similarity`) VALUES ('9','10','1') [ RunTime:0.0400s ]
INFO: [ app_end ] --START--
INFO: Run Behavior\ShowPageTraceBehavior [ RunTime:0.002000s ]
INFO: [ app_end ] --END-- [ RunTime:0.003000s ]

[ 2016-03-05T23:30:24+08:00 ] 127.0.0.1 /scuthelper/3/index.php/Home/market/recommendation/autorecommendate?start_code=JeGXnigU9VWHnzOATH0Twd7ATpXhlLCa
INFO: [ app_init ] --START--
INFO: Run Behavior\BuildLiteBehavior [ RunTime:0.000000s ]
INFO: [ app_init ] --END-- [ RunTime:0.002000s ]
INFO: [ app_begin ] --START--
INFO: Run Behavior\ReadHtmlCacheBehavior [ RunTime:0.001000s ]
INFO: [ app_begin ] --END-- [ RunTime:0.002001s ]
SQL: SHOW COLUMNS FROM `administrator_settings` [ RunTime:0.0050s ]
SQL: SELECT * FROM `administrator_settings` LIMIT 1   [ RunTime:0.0010s ]
SQL: SHOW COLUMNS FROM `products` [ RunTime:0.0060s ]
SQL: SELECT `product_id` FROM `products` WHERE ( is_deleted=0 and quantity>=0 )  [ RunTime:0.0010s ]
SQL: SHOW COLUMNS FROM `users` [ RunTime:0.0050s ]
SQL: SELECT `user_id` FROM `users`  [ RunTime:0.0000s ]
SQL: SHOW COLUMNS FROM `visit_records` [ RunTime:0.0060s ]
SQL: SHOW COLUMNS FROM `favour` [ RunTime:0.0050s ]
SQL: SHOW COLUMNS FROM `similarities` [ RunTime:0.0040s ]
SQL: SELECT * FROM `similarities` WHERE ( product1=1 and product2=7 ) LIMIT 1   [ RunTime:0.0010s ]
SQL: INSERT INTO `similarities` (`product1`,`product2`,`similarity`) VALUES ('1','7','1') [ RunTime:0.0540s ]
SQL: SELECT * FROM `similarities` WHERE ( product1=1 and product2=8 ) LIMIT 1   [ RunTime:0.0010s ]
SQL: INSERT INTO `similarities` (`product1`,`product2`,`similarity`) VALUES ('1','8','1') [ RunTime:0.0390s ]
SQL: SELECT * FROM `similarities` WHERE ( product1=1 and product2=9 ) LIMIT 1   [ RunTime:0.0000s ]
SQL: INSERT INTO `similarities` (`product1`,`product2`,`similarity`) VALUES ('1','9','1') [ RunTime:0.1510s ]
SQL: SELECT * FROM `similarities` WHERE ( product1=1 and product2=10 ) LIMIT 1   [ RunTime:0.0010s ]
SQL: INSERT INTO `similarities` (`product1`,`product2`,`similarity`) VALUES ('1','10','1') [ RunTime:0.0380s ]
SQL: SELECT * FROM `similarities` WHERE ( product1=7 and product2=8 ) LIMIT 1   [ RunTime:0.0010s ]
SQL: INSERT INTO `similarities` (`product1`,`product2`,`similarity`) VALUES ('7','8','1') [ RunTime:0.0400s ]
SQL: SELECT * FROM `similarities` WHERE ( product1=7 and product2=9 ) LIMIT 1   [ RunTime:0.0000s ]
SQL: INSERT INTO `similarities` (`product1`,`product2`,`similarity`) VALUES ('7','9','1') [ RunTime:0.0380s ]
SQL: SELECT * FROM `similarities` WHERE ( product1=7 and product2=10 ) LIMIT 1   [ RunTime:0.0010s ]
SQL: INSERT INTO `similarities` (`product1`,`product2`,`similarity`) VALUES ('7','10','1') [ RunTime:0.0400s ]
SQL: SELECT * FROM `similarities` WHERE ( product1=8 and product2=9 ) LIMIT 1   [ RunTime:0.0010s ]
SQL: INSERT INTO `similarities` (`product1`,`product2`,`similarity`) VALUES ('8','9','1') [ RunTime:0.0610s ]
SQL: SELECT * FROM `similarities` WHERE ( product1=8 and product2=10 ) LIMIT 1   [ RunTime:0.0010s ]
SQL: INSERT INTO `similarities` (`product1`,`product2`,`similarity`) VALUES ('8','10','1') [ RunTime:0.0400s ]
SQL: SELECT * FROM `similarities` WHERE ( product1=9 and product2=10 ) LIMIT 1   [ RunTime:0.0000s ]
SQL: INSERT INTO `similarities` (`product1`,`product2`,`similarity`) VALUES ('9','10','1') [ RunTime:0.0380s ]
INFO: [ app_end ] --START--
INFO: Run Behavior\ShowPageTraceBehavior [ RunTime:0.002000s ]
INFO: [ app_end ] --END-- [ RunTime:0.002000s ]

[ 2016-03-05T23:32:18+08:00 ] 127.0.0.1 /scuthelper/3/index.php/Home/market/recommendation/autorecommendate?start_code=JeGXnigU9VWHnzOATH0Twd7ATpXhlLCa
INFO: [ app_init ] --START--
INFO: Run Behavior\BuildLiteBehavior [ RunTime:0.000000s ]
INFO: [ app_init ] --END-- [ RunTime:0.002000s ]
INFO: [ app_begin ] --START--
INFO: Run Behavior\ReadHtmlCacheBehavior [ RunTime:0.002000s ]
INFO: [ app_begin ] --END-- [ RunTime:0.002000s ]
SQL: SHOW COLUMNS FROM `administrator_settings` [ RunTime:0.0050s ]
SQL: SELECT * FROM `administrator_settings` LIMIT 1   [ RunTime:0.0010s ]
SQL: SHOW COLUMNS FROM `products` [ RunTime:0.0050s ]
SQL: SELECT `product_id` FROM `products` WHERE ( is_deleted=0 and quantity>=0 )  [ RunTime:0.0010s ]
SQL: SHOW COLUMNS FROM `users` [ RunTime:0.0040s ]
SQL: SELECT `user_id` FROM `users`  [ RunTime:0.0010s ]
SQL: SHOW COLUMNS FROM `visit_records` [ RunTime:0.0050s ]
SQL: SHOW COLUMNS FROM `favour` [ RunTime:0.0040s ]
SQL: SHOW COLUMNS FROM `similarities` [ RunTime:0.0040s ]
SQL: SELECT * FROM `similarities` WHERE ( product1=1 and product2=7 ) LIMIT 1   [ RunTime:0.0010s ]
SQL: INSERT INTO `similarities` (`product1`,`product2`,`similarity`) VALUES ('1','7','1') [ RunTime:0.0900s ]
SQL: SELECT * FROM `similarities` WHERE ( product1=1 and product2=8 ) LIMIT 1   [ RunTime:0.0000s ]
SQL: INSERT INTO `similarities` (`product1`,`product2`,`similarity`) VALUES ('1','8','1') [ RunTime:0.0960s ]
SQL: SELECT * FROM `similarities` WHERE ( product1=1 and product2=9 ) LIMIT 1   [ RunTime:0.0000s ]
SQL: INSERT INTO `similarities` (`product1`,`product2`,`similarity`) VALUES ('1','9','1') [ RunTime:0.1270s ]
SQL: SELECT * FROM `similarities` WHERE ( product1=1 and product2=10 ) LIMIT 1   [ RunTime:0.0000s ]
SQL: INSERT INTO `similarities` (`product1`,`product2`,`similarity`) VALUES ('1','10','1') [ RunTime:0.0390s ]
SQL: SELECT * FROM `similarities` WHERE ( product1=7 and product2=8 ) LIMIT 1   [ RunTime:0.0000s ]
SQL: INSERT INTO `similarities` (`product1`,`product2`,`similarity`) VALUES ('7','8','1') [ RunTime:0.0600s ]
SQL: SELECT * FROM `similarities` WHERE ( product1=7 and product2=9 ) LIMIT 1   [ RunTime:0.0000s ]
SQL: INSERT INTO `similarities` (`product1`,`product2`,`similarity`) VALUES ('7','9','1') [ RunTime:0.0400s ]
SQL: SELECT * FROM `similarities` WHERE ( product1=7 and product2=10 ) LIMIT 1   [ RunTime:0.0000s ]
SQL: INSERT INTO `similarities` (`product1`,`product2`,`similarity`) VALUES ('7','10','1') [ RunTime:0.0380s ]
SQL: SELECT * FROM `similarities` WHERE ( product1=8 and product2=9 ) LIMIT 1   [ RunTime:0.0010s ]
SQL: INSERT INTO `similarities` (`product1`,`product2`,`similarity`) VALUES ('8','9','1') [ RunTime:0.0500s ]
SQL: SELECT * FROM `similarities` WHERE ( product1=8 and product2=10 ) LIMIT 1   [ RunTime:0.0000s ]
SQL: INSERT INTO `similarities` (`product1`,`product2`,`similarity`) VALUES ('8','10','1') [ RunTime:0.0380s ]
SQL: SELECT * FROM `similarities` WHERE ( product1=9 and product2=10 ) LIMIT 1   [ RunTime:0.0010s ]
SQL: INSERT INTO `similarities` (`product1`,`product2`,`similarity`) VALUES ('9','10','1') [ RunTime:0.0500s ]
INFO: [ app_end ] --START--
INFO: Run Behavior\ShowPageTraceBehavior [ RunTime:0.002000s ]
INFO: [ app_end ] --END-- [ RunTime:0.002000s ]

[ 2016-03-05T23:34:50+08:00 ] 127.0.0.1 /scuthelper/3/index.php/Home/market/recommendation/autorecommendate?start_code=JeGXnigU9VWHnzOATH0Twd7ATpXhlLCa
INFO: [ app_init ] --START--
INFO: Run Behavior\BuildLiteBehavior [ RunTime:0.000000s ]
INFO: [ app_init ] --END-- [ RunTime:0.002001s ]
INFO: [ app_begin ] --START--
INFO: Run Behavior\ReadHtmlCacheBehavior [ RunTime:0.002001s ]
INFO: [ app_begin ] --END-- [ RunTime:0.002001s ]
SQL: SHOW COLUMNS FROM `administrator_settings` [ RunTime:0.0030s ]
SQL: SELECT * FROM `administrator_settings` LIMIT 1   [ RunTime:0.0010s ]
SQL: SHOW COLUMNS FROM `products` [ RunTime:0.0040s ]
SQL: SELECT `product_id` FROM `products` WHERE ( is_deleted=0 and quantity>=0 )  [ RunTime:0.0010s ]
SQL: SHOW COLUMNS FROM `users` [ RunTime:0.0040s ]
SQL: SELECT `user_id` FROM `users`  [ RunTime:0.0010s ]
SQL: SHOW COLUMNS FROM `visit_records` [ RunTime:0.0030s ]
SQL: SELECT * FROM `visit_records` WHERE ( user_id=4 and product_id=1 )  [ RunTime:0.0230s ]
SQL: SHOW COLUMNS FROM `favour` [ RunTime:0.0040s ]
SQL: SELECT `favour_id` FROM `favour` WHERE ( user_id=4 and product_id=1 ) LIMIT 1   [ RunTime:0.0010s ]
SQL: SELECT * FROM `visit_records` WHERE ( user_id=4 and product_id=7 )  [ RunTime:0.0030s ]
SQL: SELECT `favour_id` FROM `favour` WHERE ( user_id=4 and product_id=7 ) LIMIT 1   [ RunTime:0.0030s ]
SQL: SELECT * FROM `visit_records` WHERE ( user_id=5 and product_id=1 )  [ RunTime:0.0040s ]
SQL: SELECT `favour_id` FROM `favour` WHERE ( user_id=5 and product_id=1 ) LIMIT 1   [ RunTime:0.0020s ]
SQL: SELECT * FROM `visit_records` WHERE ( user_id=5 and product_id=7 )  [ RunTime:0.0020s ]
SQL: SELECT `favour_id` FROM `favour` WHERE ( user_id=5 and product_id=7 ) LIMIT 1   [ RunTime:0.0000s ]
SQL: SELECT * FROM `visit_records` WHERE ( user_id=8 and product_id=1 )  [ RunTime:0.0000s ]
SQL: SELECT `favour_id` FROM `favour` WHERE ( user_id=8 and product_id=1 ) LIMIT 1   [ RunTime:0.0010s ]
SQL: SELECT * FROM `visit_records` WHERE ( user_id=8 and product_id=7 )  [ RunTime:0.0000s ]
SQL: SELECT `favour_id` FROM `favour` WHERE ( user_id=8 and product_id=7 ) LIMIT 1   [ RunTime:0.0000s ]
SQL: SELECT * FROM `visit_records` WHERE ( user_id=6 and product_id=1 )  [ RunTime:0.0010s ]
SQL: SELECT `favour_id` FROM `favour` WHERE ( user_id=6 and product_id=1 ) LIMIT 1   [ RunTime:0.0000s ]
SQL: SELECT * FROM `visit_records` WHERE ( user_id=6 and product_id=7 )  [ RunTime:0.0010s ]
SQL: SELECT `favour_id` FROM `favour` WHERE ( user_id=6 and product_id=7 ) LIMIT 1   [ RunTime:0.0010s ]
SQL: SELECT * FROM `visit_records` WHERE ( user_id=7 and product_id=1 )  [ RunTime:0.0010s ]
SQL: SELECT `favour_id` FROM `favour` WHERE ( user_id=7 and product_id=1 ) LIMIT 1   [ RunTime:0.0020s ]
SQL: SELECT * FROM `visit_records` WHERE ( user_id=7 and product_id=7 )  [ RunTime:0.0000s ]
SQL: SELECT `favour_id` FROM `favour` WHERE ( user_id=7 and product_id=7 ) LIMIT 1   [ RunTime:0.0010s ]
SQL: SELECT * FROM `visit_records` WHERE ( user_id=4 and product_id=1 )  [ RunTime:0.0010s ]
SQL: SELECT `favour_id` FROM `favour` WHERE ( user_id=4 and product_id=1 ) LIMIT 1   [ RunTime:0.0000s ]
SQL: SELECT * FROM `visit_records` WHERE ( user_id=4 and product_id=8 )  [ RunTime:0.0020s ]
SQL: SELECT `favour_id` FROM `favour` WHERE ( user_id=4 and product_id=8 ) LIMIT 1   [ RunTime:0.0000s ]
SQL: SELECT * FROM `visit_records` WHERE ( user_id=5 and product_id=1 )  [ RunTime:0.0010s ]
SQL: SELECT `favour_id` FROM `favour` WHERE ( user_id=5 and product_id=1 ) LIMIT 1   [ RunTime:0.0000s ]
SQL: SELECT * FROM `visit_records` WHERE ( user_id=5 and product_id=8 )  [ RunTime:0.0010s ]
SQL: SELECT `favour_id` FROM `favour` WHERE ( user_id=5 and product_id=8 ) LIMIT 1   [ RunTime:0.0000s ]
SQL: SELECT * FROM `visit_records` WHERE ( user_id=8 and product_id=1 )  [ RunTime:0.0010s ]
SQL: SELECT `favour_id` FROM `favour` WHERE ( user_id=8 and product_id=1 ) LIMIT 1   [ RunTime:0.0000s ]
SQL: SELECT * FROM `visit_records` WHERE ( user_id=8 and product_id=8 )  [ RunTime:0.0010s ]
SQL: SELECT `favour_id` FROM `favour` WHERE ( user_id=8 and product_id=8 ) LIMIT 1   [ RunTime:0.0000s ]
SQL: SELECT * FROM `visit_records` WHERE ( user_id=6 and product_id=1 )  [ RunTime:0.0000s ]
SQL: SELECT `favour_id` FROM `favour` WHERE ( user_id=6 and product_id=1 ) LIMIT 1   [ RunTime:0.0010s ]
SQL: SELECT * FROM `visit_records` WHERE ( user_id=6 and product_id=8 )  [ RunTime:0.0010s ]
SQL: SELECT `favour_id` FROM `favour` WHERE ( user_id=6 and product_id=8 ) LIMIT 1   [ RunTime:0.0000s ]
SQL: SELECT * FROM `visit_records` WHERE ( user_id=7 and product_id=1 )  [ RunTime:0.0010s ]
SQL: SELECT `favour_id` FROM `favour` WHERE ( user_id=7 and product_id=1 ) LIMIT 1   [ RunTime:0.0010s ]
SQL: SELECT * FROM `visit_records` WHERE ( user_id=7 and product_id=8 )  [ RunTime:0.0000s ]
SQL: SELECT `favour_id` FROM `favour` WHERE ( user_id=7 and product_id=8 ) LIMIT 1   [ RunTime:0.0000s ]
SQL: SELECT * FROM `visit_records` WHERE ( user_id=4 and product_id=1 )  [ RunTime:0.0010s ]
SQL: SELECT `favour_id` FROM `favour` WHERE ( user_id=4 and product_id=1 ) LIMIT 1   [ RunTime:0.0000s ]
SQL: SELECT * FROM `visit_records` WHERE ( user_id=4 and product_id=9 )  [ RunTime:0.0010s ]
SQL: SELECT `favour_id` FROM `favour` WHERE ( user_id=4 and product_id=9 ) LIMIT 1   [ RunTime:0.0010s ]
SQL: SELECT * FROM `visit_records` WHERE ( user_id=5 and product_id=1 )  [ RunTime:0.0000s ]
SQL: SELECT `favour_id` FROM `favour` WHERE ( user_id=5 and product_id=1 ) LIMIT 1   [ RunTime:0.0010s ]
SQL: SELECT * FROM `visit_records` WHERE ( user_id=5 and product_id=9 )  [ RunTime:0.0000s ]
SQL: SELECT `favour_id` FROM `favour` WHERE ( user_id=5 and product_id=9 ) LIMIT 1   [ RunTime:0.0010s ]
SQL: SELECT * FROM `visit_records` WHERE ( user_id=8 and product_id=1 )  [ RunTime:0.0000s ]
SQL: SELECT `favour_id` FROM `favour` WHERE ( user_id=8 and product_id=1 ) LIMIT 1   [ RunTime:0.0000s ]
SQL: SELECT * FROM `visit_records` WHERE ( user_id=8 and product_id=9 )  [ RunTime:0.0000s ]
SQL: SELECT `favour_id` FROM `favour` WHERE ( user_id=8 and product_id=9 ) LIMIT 1   [ RunTime:0.0000s ]
SQL: SELECT * FROM `visit_records` WHERE ( user_id=6 and product_id=1 )  [ RunTime:0.0010s ]
SQL: SELECT `favour_id` FROM `favour` WHERE ( user_id=6 and product_id=1 ) LIMIT 1   [ RunTime:0.0000s ]
SQL: SELECT * FROM `visit_records` WHERE ( user_id=6 and product_id=9 )  [ RunTime:0.0010s ]
SQL: SELECT `favour_id` FROM `favour` WHERE ( user_id=6 and product_id=9 ) LIMIT 1   [ RunTime:0.0010s ]
SQL: SELECT * FROM `visit_records` WHERE ( user_id=7 and product_id=1 )  [ RunTime:0.0000s ]
SQL: SELECT `favour_id` FROM `favour` WHERE ( user_id=7 and product_id=1 ) LIMIT 1   [ RunTime:0.0010s ]
SQL: SELECT * FROM `visit_records` WHERE ( user_id=7 and product_id=9 )  [ RunTime:0.0000s ]
SQL: SELECT `favour_id` FROM `favour` WHERE ( user_id=7 and product_id=9 ) LIMIT 1   [ RunTime:0.0010s ]
SQL: SELECT * FROM `visit_records` WHERE ( user_id=4 and product_id=1 )  [ RunTime:0.0010s ]
SQL: SELECT `favour_id` FROM `favour` WHERE ( user_id=4 and product_id=1 ) LIMIT 1   [ RunTime:0.0010s ]
SQL: SELECT * FROM `visit_records` WHERE ( user_id=4 and product_id=10 )  [ RunTime:0.0000s ]
SQL: SELECT `favour_id` FROM `favour` WHERE ( user_id=4 and product_id=10 ) LIMIT 1   [ RunTime:0.0010s ]
SQL: SELECT * FROM `visit_records` WHERE ( user_id=5 and product_id=1 )  [ RunTime:0.0000s ]
SQL: SELECT `favour_id` FROM `favour` WHERE ( user_id=5 and product_id=1 ) LIMIT 1   [ RunTime:0.0010s ]
SQL: SELECT * FROM `visit_records` WHERE ( user_id=5 and product_id=10 )  [ RunTime:0.0000s ]
SQL: SELECT `favour_id` FROM `favour` WHERE ( user_id=5 and product_id=10 ) LIMIT 1   [ RunTime:0.0060s ]
SQL: SELECT * FROM `visit_records` WHERE ( user_id=8 and product_id=1 )  [ RunTime:0.0000s ]
SQL: SELECT `favour_id` FROM `favour` WHERE ( user_id=8 and product_id=1 ) LIMIT 1   [ RunTime:0.0000s ]
SQL: SELECT * FROM `visit_records` WHERE ( user_id=8 and product_id=10 )  [ RunTime:0.0010s ]
SQL: SELECT `favour_id` FROM `favour` WHERE ( user_id=8 and product_id=10 ) LIMIT 1   [ RunTime:0.0000s ]
SQL: SELECT * FROM `visit_records` WHERE ( user_id=6 and product_id=1 )  [ RunTime:0.0010s ]
SQL: SELECT `favour_id` FROM `favour` WHERE ( user_id=6 and product_id=1 ) LIMIT 1   [ RunTime:0.0020s ]
SQL: SELECT * FROM `visit_records` WHERE ( user_id=6 and product_id=10 )  [ RunTime:0.0020s ]
SQL: SELECT `favour_id` FROM `favour` WHERE ( user_id=6 and product_id=10 ) LIMIT 1   [ RunTime:0.0000s ]
SQL: SELECT * FROM `visit_records` WHERE ( user_id=7 and product_id=1 )  [ RunTime:0.0010s ]
SQL: SELECT `favour_id` FROM `favour` WHERE ( user_id=7 and product_id=1 ) LIMIT 1   [ RunTime:0.0010s ]
SQL: SELECT * FROM `visit_records` WHERE ( user_id=7 and product_id=10 )  [ RunTime:0.0010s ]
SQL: SELECT `favour_id` FROM `favour` WHERE ( user_id=7 and product_id=10 ) LIMIT 1   [ RunTime:0.0010s ]
SQL: SELECT * FROM `visit_records` WHERE ( user_id=4 and product_id=7 )  [ RunTime:0.0010s ]
SQL: SELECT `favour_id` FROM `favour` WHERE ( user_id=4 and product_id=7 ) LIMIT 1   [ RunTime:0.0010s ]
SQL: SELECT * FROM `visit_records` WHERE ( user_id=4 and product_id=8 )  [ RunTime:0.0010s ]
SQL: SELECT `favour_id` FROM `favour` WHERE ( user_id=4 and product_id=8 ) LIMIT 1   [ RunTime:0.0010s ]
SQL: SELECT * FROM `visit_records` WHERE ( user_id=5 and product_id=7 )  [ RunTime:0.0010s ]
SQL: SELECT `favour_id` FROM `favour` WHERE ( user_id=5 and product_id=7 ) LIMIT 1   [ RunTime:0.0010s ]
SQL: SELECT * FROM `visit_records` WHERE ( user_id=5 and product_id=8 )  [ RunTime:0.0000s ]
SQL: SELECT `favour_id` FROM `favour` WHERE ( user_id=5 and product_id=8 ) LIMIT 1   [ RunTime:0.0000s ]
SQL: SELECT * FROM `visit_records` WHERE ( user_id=8 and product_id=7 )  [ RunTime:0.0000s ]
SQL: SELECT `favour_id` FROM `favour` WHERE ( user_id=8 and product_id=7 ) LIMIT 1   [ RunTime:0.0010s ]
SQL: SELECT * FROM `visit_records` WHERE ( user_id=8 and product_id=8 )  [ RunTime:0.0000s ]
SQL: SELECT `favour_id` FROM `favour` WHERE ( user_id=8 and product_id=8 ) LIMIT 1   [ RunTime:0.0010s ]
SQL: SELECT * FROM `visit_records` WHERE ( user_id=6 and product_id=7 )  [ RunTime:0.0010s ]
SQL: SELECT `favour_id` FROM `favour` WHERE ( user_id=6 and product_id=7 ) LIMIT 1   [ RunTime:0.0000s ]
SQL: SELECT * FROM `visit_records` WHERE ( user_id=6 and product_id=8 )  [ RunTime:0.0010s ]
SQL: SELECT `favour_id` FROM `favour` WHERE ( user_id=6 and product_id=8 ) LIMIT 1   [ RunTime:0.0000s ]
SQL: SELECT * FROM `visit_records` WHERE ( user_id=7 and product_id=7 )  [ RunTime:0.0010s ]
SQL: SELECT `favour_id` FROM `favour` WHERE ( user_id=7 and product_id=7 ) LIMIT 1   [ RunTime:0.0000s ]
SQL: SELECT * FROM `visit_records` WHERE ( user_id=7 and product_id=8 )  [ RunTime:0.0010s ]
SQL: SELECT `favour_id` FROM `favour` WHERE ( user_id=7 and product_id=8 ) LIMIT 1   [ RunTime:0.0000s ]
SQL: SELECT * FROM `visit_records` WHERE ( user_id=4 and product_id=7 )  [ RunTime:0.0000s ]
SQL: SELECT `favour_id` FROM `favour` WHERE ( user_id=4 and product_id=7 ) LIMIT 1   [ RunTime:0.0000s ]
SQL: SELECT * FROM `visit_records` WHERE ( user_id=4 and product_id=9 )  [ RunTime:0.0010s ]
SQL: SELECT `favour_id` FROM `favour` WHERE ( user_id=4 and product_id=9 ) LIMIT 1   [ RunTime:0.0010s ]
SQL: SELECT * FROM `visit_records` WHERE ( user_id=5 and product_id=7 )  [ RunTime:0.0000s ]
SQL: SELECT `favour_id` FROM `favour` WHERE ( user_id=5 and product_id=7 ) LIMIT 1   [ RunTime:0.0010s ]
SQL: SELECT * FROM `visit_records` WHERE ( user_id=5 and product_id=9 )  [ RunTime:0.0010s ]
SQL: SELECT `favour_id` FROM `favour` WHERE ( user_id=5 and product_id=9 ) LIMIT 1   [ RunTime:0.0010s ]
SQL: SELECT * FROM `visit_records` WHERE ( user_id=8 and product_id=7 )  [ RunTime:0.0010s ]
SQL: SELECT `favour_id` FROM `favour` WHERE ( user_id=8 and product_id=7 ) LIMIT 1   [ RunTime:0.0010s ]
SQL: SELECT * FROM `visit_records` WHERE ( user_id=8 and product_id=9 )  [ RunTime:0.0000s ]
SQL: SELECT `favour_id` FROM `favour` WHERE ( user_id=8 and product_id=9 ) LIMIT 1   [ RunTime:0.0010s ]
SQL: SELECT * FROM `visit_records` WHERE ( user_id=6 and product_id=7 )  [ RunTime:0.0000s ]
SQL: SELECT `favour_id` FROM `favour` WHERE ( user_id=6 and product_id=7 ) LIMIT 1   [ RunTime:0.0010s ]
SQL: SELECT * FROM `visit_records` WHERE ( user_id=6 and product_id=9 )  [ RunTime:0.0000s ]
SQL: SELECT `favour_id` FROM `favour` WHERE ( user_id=6 and product_id=9 ) LIMIT 1   [ RunTime:0.0000s ]
SQL: SELECT * FROM `visit_records` WHERE ( user_id=7 and product_id=7 )  [ RunTime:0.0010s ]
SQL: SELECT `favour_id` FROM `favour` WHERE ( user_id=7 and product_id=7 ) LIMIT 1   [ RunTime:0.0010s ]
SQL: SELECT * FROM `visit_records` WHERE ( user_id=7 and product_id=9 )  [ RunTime:0.0000s ]
SQL: SELECT `favour_id` FROM `favour` WHERE ( user_id=7 and product_id=9 ) LIMIT 1   [ RunTime:0.0000s ]
SQL: SELECT * FROM `visit_records` WHERE ( user_id=4 and product_id=7 )  [ RunTime:0.0010s ]
SQL: SELECT `favour_id` FROM `favour` WHERE ( user_id=4 and product_id=7 ) LIMIT 1   [ RunTime:0.0010s ]
SQL: SELECT * FROM `visit_records` WHERE ( user_id=4 and product_id=10 )  [ RunTime:0.0010s ]
SQL: SELECT `favour_id` FROM `favour` WHERE ( user_id=4 and product_id=10 ) LIMIT 1   [ RunTime:0.0000s ]
SQL: SELECT * FROM `visit_records` WHERE ( user_id=5 and product_id=7 )  [ RunTime:0.0010s ]
SQL: SELECT `favour_id` FROM `favour` WHERE ( user_id=5 and product_id=7 ) LIMIT 1   [ RunTime:0.0010s ]
SQL: SELECT * FROM `visit_records` WHERE ( user_id=5 and product_id=10 )  [ RunTime:0.0010s ]
SQL: SELECT `favour_id` FROM `favour` WHERE ( user_id=5 and product_id=10 ) LIMIT 1   [ RunTime:0.0010s ]
SQL: SELECT * FROM `visit_records` WHERE ( user_id=8 and product_id=7 )  [ RunTime:0.0010s ]
SQL: SELECT `favour_id` FROM `favour` WHERE ( user_id=8 and product_id=7 ) LIMIT 1   [ RunTime:0.0000s ]
SQL: SELECT * FROM `visit_records` WHERE ( user_id=8 and product_id=10 )  [ RunTime:0.0000s ]
SQL: SELECT `favour_id` FROM `favour` WHERE ( user_id=8 and product_id=10 ) LIMIT 1   [ RunTime:0.0010s ]
SQL: SELECT * FROM `visit_records` WHERE ( user_id=6 and product_id=7 )  [ RunTime:0.0000s ]
SQL: SELECT `favour_id` FROM `favour` WHERE ( user_id=6 and product_id=7 ) LIMIT 1   [ RunTime:0.0010s ]
SQL: SELECT * FROM `visit_records` WHERE ( user_id=6 and product_id=10 )  [ RunTime:0.0010s ]
SQL: SELECT `favour_id` FROM `favour` WHERE ( user_id=6 and product_id=10 ) LIMIT 1   [ RunTime:0.0010s ]
SQL: SELECT * FROM `visit_records` WHERE ( user_id=7 and product_id=7 )  [ RunTime:0.0010s ]
SQL: SELECT `favour_id` FROM `favour` WHERE ( user_id=7 and product_id=7 ) LIMIT 1   [ RunTime:0.0010s ]
SQL: SELECT * FROM `visit_records` WHERE ( user_id=7 and product_id=10 )  [ RunTime:0.0010s ]
SQL: SELECT `favour_id` FROM `favour` WHERE ( user_id=7 and product_id=10 ) LIMIT 1   [ RunTime:0.0010s ]
SQL: SELECT * FROM `visit_records` WHERE ( user_id=4 and product_id=8 )  [ RunTime:0.0000s ]
SQL: SELECT `favour_id` FROM `favour` WHERE ( user_id=4 and product_id=8 ) LIMIT 1   [ RunTime:0.0010s ]
SQL: SELECT * FROM `visit_records` WHERE ( user_id=4 and product_id=9 )  [ RunTime:0.0010s ]
SQL: SELECT `favour_id` FROM `favour` WHERE ( user_id=4 and product_id=9 ) LIMIT 1   [ RunTime:0.0000s ]
SQL: SELECT * FROM `visit_records` WHERE ( user_id=5 and product_id=8 )  [ RunTime:0.0010s ]
SQL: SELECT `favour_id` FROM `favour` WHERE ( user_id=5 and product_id=8 ) LIMIT 1   [ RunTime:0.0010s ]
SQL: SELECT * FROM `visit_records` WHERE ( user_id=5 and product_id=9 )  [ RunTime:0.0000s ]
SQL: SELECT `favour_id` FROM `favour` WHERE ( user_id=5 and product_id=9 ) LIMIT 1   [ RunTime:0.0010s ]
SQL: SELECT * FROM `visit_records` WHERE ( user_id=8 and product_id=8 )  [ RunTime:0.0010s ]
SQL: SELECT `favour_id` FROM `favour` WHERE ( user_id=8 and product_id=8 ) LIMIT 1   [ RunTime:0.0000s ]
SQL: SELECT * FROM `visit_records` WHERE ( user_id=8 and product_id=9 )  [ RunTime:0.0010s ]
SQL: SELECT `favour_id` FROM `favour` WHERE ( user_id=8 and product_id=9 ) LIMIT 1   [ RunTime:0.0000s ]
SQL: SELECT * FROM `visit_records` WHERE ( user_id=6 and product_id=8 )  [ RunTime:0.0000s ]
SQL: SELECT `favour_id` FROM `favour` WHERE ( user_id=6 and product_id=8 ) LIMIT 1   [ RunTime:0.0010s ]
SQL: SELECT * FROM `visit_records` WHERE ( user_id=6 and product_id=9 )  [ RunTime:0.0010s ]
SQL: SELECT `favour_id` FROM `favour` WHERE ( user_id=6 and product_id=9 ) LIMIT 1   [ RunTime:0.0000s ]
SQL: SELECT * FROM `visit_records` WHERE ( user_id=7 and product_id=8 )  [ RunTime:0.0000s ]
SQL: SELECT `favour_id` FROM `favour` WHERE ( user_id=7 and product_id=8 ) LIMIT 1   [ RunTime:0.0000s ]
SQL: SELECT * FROM `visit_records` WHERE ( user_id=7 and product_id=9 )  [ RunTime:0.0020s ]
SQL: SELECT `favour_id` FROM `favour` WHERE ( user_id=7 and product_id=9 ) LIMIT 1   [ RunTime:0.0000s ]
SQL: SHOW COLUMNS FROM `similarities` [ RunTime:0.0060s ]
SQL: SELECT * FROM `similarities` WHERE ( product1=8 and product2=9 ) LIMIT 1   [ RunTime:0.0000s ]
SQL: INSERT INTO `similarities` (`product1`,`product2`,`similarity`) VALUES ('8','9','0.70710678118655') [ RunTime:0.0450s ]
SQL: SELECT * FROM `visit_records` WHERE ( user_id=4 and product_id=8 )  [ RunTime:0.0010s ]
SQL: SELECT `favour_id` FROM `favour` WHERE ( user_id=4 and product_id=8 ) LIMIT 1   [ RunTime:0.0000s ]
SQL: SELECT * FROM `visit_records` WHERE ( user_id=4 and product_id=10 )  [ RunTime:0.0010s ]
SQL: SELECT `favour_id` FROM `favour` WHERE ( user_id=4 and product_id=10 ) LIMIT 1   [ RunTime:0.0010s ]
SQL: SELECT * FROM `visit_records` WHERE ( user_id=5 and product_id=8 )  [ RunTime:0.0000s ]
SQL: SELECT `favour_id` FROM `favour` WHERE ( user_id=5 and product_id=8 ) LIMIT 1   [ RunTime:0.0010s ]
SQL: SELECT * FROM `visit_records` WHERE ( user_id=5 and product_id=10 )  [ RunTime:0.0010s ]
SQL: SELECT `favour_id` FROM `favour` WHERE ( user_id=5 and product_id=10 ) LIMIT 1   [ RunTime:0.0010s ]
SQL: SELECT * FROM `visit_records` WHERE ( user_id=8 and product_id=8 )  [ RunTime:0.0010s ]
SQL: SELECT `favour_id` FROM `favour` WHERE ( user_id=8 and product_id=8 ) LIMIT 1   [ RunTime:0.0000s ]
SQL: SELECT * FROM `visit_records` WHERE ( user_id=8 and product_id=10 )  [ RunTime:0.0010s ]
SQL: SELECT `favour_id` FROM `favour` WHERE ( user_id=8 and product_id=10 ) LIMIT 1   [ RunTime:0.0000s ]
SQL: SELECT * FROM `visit_records` WHERE ( user_id=6 and product_id=8 )  [ RunTime:0.0010s ]
SQL: SELECT `favour_id` FROM `favour` WHERE ( user_id=6 and product_id=8 ) LIMIT 1   [ RunTime:0.0000s ]
SQL: SELECT * FROM `visit_records` WHERE ( user_id=6 and product_id=10 )  [ RunTime:0.0010s ]
SQL: SELECT `favour_id` FROM `favour` WHERE ( user_id=6 and product_id=10 ) LIMIT 1   [ RunTime:0.0000s ]
SQL: SELECT * FROM `visit_records` WHERE ( user_id=7 and product_id=8 )  [ RunTime:0.0000s ]
SQL: SELECT `favour_id` FROM `favour` WHERE ( user_id=7 and product_id=8 ) LIMIT 1   [ RunTime:0.0010s ]
SQL: SELECT * FROM `visit_records` WHERE ( user_id=7 and product_id=10 )  [ RunTime:0.0000s ]
SQL: SELECT `favour_id` FROM `favour` WHERE ( user_id=7 and product_id=10 ) LIMIT 1   [ RunTime:0.0010s ]
SQL: SELECT * FROM `similarities` WHERE ( product1=8 and product2=10 ) LIMIT 1   [ RunTime:0.0010s ]
SQL: INSERT INTO `similarities` (`product1`,`product2`,`similarity`) VALUES ('8','10','0.17149858514251') [ RunTime:0.0580s ]
SQL: SELECT * FROM `visit_records` WHERE ( user_id=4 and product_id=9 )  [ RunTime:0.0010s ]
SQL: SELECT `favour_id` FROM `favour` WHERE ( user_id=4 and product_id=9 ) LIMIT 1   [ RunTime:0.0010s ]
SQL: SELECT * FROM `visit_records` WHERE ( user_id=4 and product_id=10 )  [ RunTime:0.0010s ]
SQL: SELECT `favour_id` FROM `favour` WHERE ( user_id=4 and product_id=10 ) LIMIT 1   [ RunTime:0.0000s ]
SQL: SELECT * FROM `visit_records` WHERE ( user_id=5 and product_id=9 )  [ RunTime:0.0010s ]
SQL: SELECT `favour_id` FROM `favour` WHERE ( user_id=5 and product_id=9 ) LIMIT 1   [ RunTime:0.0010s ]
SQL: SELECT * FROM `visit_records` WHERE ( user_id=5 and product_id=10 )  [ RunTime:0.0000s ]
SQL: SELECT `favour_id` FROM `favour` WHERE ( user_id=5 and product_id=10 ) LIMIT 1   [ RunTime:0.0010s ]
SQL: SELECT * FROM `visit_records` WHERE ( user_id=8 and product_id=9 )  [ RunTime:0.0010s ]
SQL: SELECT `favour_id` FROM `favour` WHERE ( user_id=8 and product_id=9 ) LIMIT 1   [ RunTime:0.0000s ]
SQL: SELECT * FROM `visit_records` WHERE ( user_id=8 and product_id=10 )  [ RunTime:0.0010s ]
SQL: SELECT `favour_id` FROM `favour` WHERE ( user_id=8 and product_id=10 ) LIMIT 1   [ RunTime:0.0010s ]
SQL: SELECT * FROM `visit_records` WHERE ( user_id=6 and product_id=9 )  [ RunTime:0.0000s ]
SQL: SELECT `favour_id` FROM `favour` WHERE ( user_id=6 and product_id=9 ) LIMIT 1   [ RunTime:0.0000s ]
SQL: SELECT * FROM `visit_records` WHERE ( user_id=6 and product_id=10 )  [ RunTime:0.0010s ]
SQL: SELECT `favour_id` FROM `favour` WHERE ( user_id=6 and product_id=10 ) LIMIT 1   [ RunTime:0.0000s ]
SQL: SELECT * FROM `visit_records` WHERE ( user_id=7 and product_id=9 )  [ RunTime:0.0010s ]
SQL: SELECT `favour_id` FROM `favour` WHERE ( user_id=7 and product_id=9 ) LIMIT 1   [ RunTime:0.0010s ]
SQL: SELECT * FROM `visit_records` WHERE ( user_id=7 and product_id=10 )  [ RunTime:0.0010s ]
SQL: SELECT `favour_id` FROM `favour` WHERE ( user_id=7 and product_id=10 ) LIMIT 1   [ RunTime:0.0000s ]
SQL: SELECT * FROM `similarities` WHERE ( product1=9 and product2=10 ) LIMIT 1   [ RunTime:0.0010s ]
SQL: INSERT INTO `similarities` (`product1`,`product2`,`similarity`) VALUES ('9','10','0.24253562503633') [ RunTime:0.0920s ]
INFO: [ app_end ] --START--
INFO: Run Behavior\ShowPageTraceBehavior [ RunTime:0.002000s ]
INFO: [ app_end ] --END-- [ RunTime:0.002000s ]

