[ 2016-03-14T00:04:31+08:00 ] 127.0.0.1 /scuthelper/3/index.php/market/QAs
INFO: [ app_init ] --START--
INFO: Run Behavior\BuildLiteBehavior [ RunTime:0.001001s ]
INFO: [ app_init ] --END-- [ RunTime:0.001001s ]
INFO: [ app_begin ] --START--
INFO: Run Behavior\ReadHtmlCacheBehavior [ RunTime:0.002000s ]
INFO: [ app_begin ] --END-- [ RunTime:0.002000s ]
NOTIC: [8] A session had already been started - ignoring session_start() E:\wamp\www\scuthelper\3\Application\Home\Controller\QasController.class.php 第 83 行.
SQL: SHOW COLUMNS FROM `products` [ RunTime:0.0050s ]
SQL: SELECT `product_id` FROM `products` WHERE ( user_id=4 )  [ RunTime:0.0010s ]
SQL: SHOW COLUMNS FROM `q_and_a` [ RunTime:0.0040s ]
SQL: SELECT * FROM `q_and_a` WHERE ( status=0 AND product_id=1 ) ORDER BY release_time desc  [ RunTime:0.0010s ]
SQL: SELECT * FROM `q_and_a` WHERE ( status=2 AND product_id=1 ) ORDER BY modify_time desc  [ RunTime:0.0010s ]
SQL: SELECT * FROM `q_and_a` WHERE ( status=0 AND product_id=7 ) ORDER BY release_time desc  [ RunTime:0.0010s ]
SQL: SELECT * FROM `q_and_a` WHERE ( status=2 AND product_id=7 ) ORDER BY modify_time desc  [ RunTime:0.0010s ]
SQL: SHOW COLUMNS FROM `users` [ RunTime:0.0050s ]
SQL: SELECT * FROM `users` WHERE ( user_id=4 ) LIMIT 1   [ RunTime:0.0010s ]
NOTIC: [2] file_get_contents(isMobile?user_agent=Mozilla/5.0 (Windows NT 6.1; WOW64; rv:44.0) Gecko/20100101 Firefox/44.0): failed to open stream: No such file or directory E:\wamp\www\scuthelper\3\Application\Home\Controller\QasController.class.php 第 106 行.
INFO: [ view_parse ] --START--
INFO: [ template_filter ] --START--
INFO: Run Behavior\ContentReplaceBehavior [ RunTime:0.000000s ]
INFO: [ template_filter ] --END-- [ RunTime:0.000000s ]
INFO: Run Behavior\ParseTemplateBehavior [ RunTime:0.025001s ]
INFO: [ view_parse ] --END-- [ RunTime:0.026001s ]
INFO: [ view_filter ] --START--
INFO: Run Behavior\WriteHtmlCacheBehavior [ RunTime:0.001000s ]
INFO: [ view_filter ] --END-- [ RunTime:0.004001s ]
NOTIC: [8] Array to string conversion E:\wamp\www\scuthelper\3\ThinkPHP\Library\Think\View.class.php 第 91 行.
INFO: [ view_parse ] --START--
NOTIC: [2] md5() expects parameter 1 to be string, array given E:\wamp\www\scuthelper\3\ThinkPHP\Library\Behavior\ParseTemplateBehavior.class.php 第 89 行.
NOTIC: [2] is_file() expects parameter 1 to be a valid path, array given E:\wamp\www\scuthelper\3\ThinkPHP\Library\Think\Template.class.php 第 89 行.
NOTIC: [2] md5() expects parameter 1 to be string, array given E:\wamp\www\scuthelper\3\ThinkPHP\Library\Think\Template.class.php 第 97 行.
NOTIC: [2] preg_match() expects parameter 2 to be string, array given E:\wamp\www\scuthelper\3\ThinkPHP\Library\Think\Template.class.php 第 249 行.
NOTIC: [8] Array to string conversion E:\wamp\www\scuthelper\3\ThinkPHP\Library\Think\Template.class.php 第 262 行.
NOTIC: [2] preg_match() expects parameter 2 to be string, array given E:\wamp\www\scuthelper\3\ThinkPHP\Library\Think\Template.class.php 第 204 行.
NOTIC: [2] preg_match_all() expects parameter 2 to be string, array given E:\wamp\www\scuthelper\3\ThinkPHP\Library\Think\Template.class.php 第 231 行.
NOTIC: [2] preg_match() expects parameter 2 to be string, array given E:\wamp\www\scuthelper\3\ThinkPHP\Library\Think\Template.class.php 第 369 行.
NOTIC: [8] Array to string conversion E:\wamp\www\scuthelper\3\ThinkPHP\Library\Think\Template.class.php 第 130 行.
INFO: [ template_filter ] --START--
INFO: Run Behavior\ContentReplaceBehavior [ RunTime:0.001000s ]
INFO: [ template_filter ] --END-- [ RunTime:-0.050003s ]
INFO: Run Behavior\ParseTemplateBehavior [ RunTime:0.041002s ]
INFO: [ view_parse ] --END-- [ RunTime:-0.007001s ]
INFO: [ view_filter ] --START--
INFO: Run Behavior\WriteHtmlCacheBehavior [ RunTime:0.000000s ]
INFO: [ view_filter ] --END-- [ RunTime:-0.045002s ]
NOTIC: [8] Array to string conversion E:\wamp\www\scuthelper\3\ThinkPHP\Library\Think\View.class.php 第 91 行.
NOTIC: [8] Array to string conversion E:\wamp\www\scuthelper\3\ThinkPHP\Library\Think\View.class.php 第 91 行.
NOTIC: [2] Cannot modify header information - headers already sent by (output started at E:\wamp\www\scuthelper\3\ThinkPHP\Library\Think\View.class.php:95) E:\wamp\www\scuthelper\3\ThinkPHP\Library\Think\View.class.php 第 91 行.
NOTIC: [2] Cannot modify header information - headers already sent by (output started at E:\wamp\www\scuthelper\3\ThinkPHP\Library\Think\View.class.php:95) E:\wamp\www\scuthelper\3\ThinkPHP\Library\Think\View.class.php 第 92 行.
NOTIC: [2] Cannot modify header information - headers already sent by (output started at E:\wamp\www\scuthelper\3\ThinkPHP\Library\Think\View.class.php:95) E:\wamp\www\scuthelper\3\ThinkPHP\Library\Think\View.class.php 第 93 行.
INFO: [ view_parse ] --START--
INFO: [ template_filter ] --START--
INFO: Run Behavior\ContentReplaceBehavior [ RunTime:0.000000s ]
INFO: [ template_filter ] --END-- [ RunTime:-0.066004s ]
INFO: Run Behavior\ParseTemplateBehavior [ RunTime:0.011001s ]
INFO: [ view_parse ] --END-- [ RunTime:-0.052003s ]
INFO: [ view_filter ] --START--
INFO: Run Behavior\WriteHtmlCacheBehavior [ RunTime:0.000000s ]
INFO: [ view_filter ] --END-- [ RunTime:-0.060003s ]
NOTIC: [2] Cannot modify header information - headers already sent by (output started at E:\wamp\www\scuthelper\3\ThinkPHP\Library\Think\View.class.php:95) E:\wamp\www\scuthelper\3\ThinkPHP\Library\Think\View.class.php 第 91 行.
NOTIC: [2] Cannot modify header information - headers already sent by (output started at E:\wamp\www\scuthelper\3\ThinkPHP\Library\Think\View.class.php:95) E:\wamp\www\scuthelper\3\ThinkPHP\Library\Think\View.class.php 第 92 行.
NOTIC: [2] Cannot modify header information - headers already sent by (output started at E:\wamp\www\scuthelper\3\ThinkPHP\Library\Think\View.class.php:95) E:\wamp\www\scuthelper\3\ThinkPHP\Library\Think\View.class.php 第 93 行.
INFO: [ app_end ] --START--
INFO: Run Behavior\ShowPageTraceBehavior [ RunTime:0.004000s ]
INFO: [ app_end ] --END-- [ RunTime:0.004000s ]

[ 2016-03-14T00:06:08+08:00 ] 127.0.0.1 /scuthelper/3/index.php/market/QAs
INFO: [ app_init ] --START--
INFO: Run Behavior\BuildLiteBehavior [ RunTime:0.000000s ]
INFO: [ app_init ] --END-- [ RunTime:0.001000s ]
INFO: [ app_begin ] --START--
INFO: Run Behavior\ReadHtmlCacheBehavior [ RunTime:0.002000s ]
INFO: [ app_begin ] --END-- [ RunTime:0.002000s ]
NOTIC: [8] A session had already been started - ignoring session_start() E:\wamp\www\scuthelper\3\Application\Home\Controller\QasController.class.php 第 83 行.
SQL: SHOW COLUMNS FROM `products` [ RunTime:0.0040s ]
SQL: SELECT `product_id` FROM `products` WHERE ( user_id=4 )  [ RunTime:0.0010s ]
SQL: SHOW COLUMNS FROM `q_and_a` [ RunTime:0.0050s ]
SQL: SELECT * FROM `q_and_a` WHERE ( status=0 AND product_id=1 ) ORDER BY release_time desc  [ RunTime:0.0020s ]
SQL: SELECT * FROM `q_and_a` WHERE ( status=2 AND product_id=1 ) ORDER BY modify_time desc  [ RunTime:0.0180s ]
SQL: SELECT * FROM `q_and_a` WHERE ( status=0 AND product_id=7 ) ORDER BY release_time desc  [ RunTime:0.0230s ]
SQL: SELECT * FROM `q_and_a` WHERE ( status=2 AND product_id=7 ) ORDER BY modify_time desc  [ RunTime:0.0010s ]
SQL: SHOW COLUMNS FROM `users` [ RunTime:0.0060s ]
SQL: SELECT * FROM `users` WHERE ( user_id=4 ) LIMIT 1   [ RunTime:0.0010s ]
NOTIC: [2] file_get_contents(isMobile?user_agent=Mozilla/5.0 (Windows NT 6.1; WOW64; rv:44.0) Gecko/20100101 Firefox/44.0): failed to open stream: No such file or directory E:\wamp\www\scuthelper\3\Application\Home\Controller\QasController.class.php 第 106 行.
INFO: [ view_parse ] --START--
INFO: [ template_filter ] --START--
INFO: Run Behavior\ContentReplaceBehavior [ RunTime:0.000000s ]
INFO: [ template_filter ] --END-- [ RunTime:0.000000s ]
INFO: Run Behavior\ParseTemplateBehavior [ RunTime:0.018001s ]
INFO: [ view_parse ] --END-- [ RunTime:0.018001s ]
INFO: [ view_filter ] --START--
INFO: Run Behavior\WriteHtmlCacheBehavior [ RunTime:0.002000s ]
INFO: [ view_filter ] --END-- [ RunTime:0.002000s ]
NOTIC: [8] Array to string conversion E:\wamp\www\scuthelper\3\ThinkPHP\Library\Think\View.class.php 第 91 行.
INFO: [ view_parse ] --START--
NOTIC: [2] md5() expects parameter 1 to be string, array given E:\wamp\www\scuthelper\3\ThinkPHP\Library\Behavior\ParseTemplateBehavior.class.php 第 89 行.
NOTIC: [2] md5() expects parameter 1 to be string, array given E:\wamp\www\scuthelper\3\ThinkPHP\Library\Behavior\ParseTemplateBehavior.class.php 第 28 行.
INFO: Run Behavior\ParseTemplateBehavior [ RunTime:0.006000s ]
INFO: [ view_parse ] --END-- [ RunTime:-0.004000s ]
INFO: [ view_filter ] --START--
INFO: Run Behavior\WriteHtmlCacheBehavior [ RunTime:0.000000s ]
INFO: [ view_filter ] --END-- [ RunTime:-0.008000s ]
NOTIC: [8] Array to string conversion E:\wamp\www\scuthelper\3\ThinkPHP\Library\Think\View.class.php 第 91 行.
NOTIC: [8] Array to string conversion E:\wamp\www\scuthelper\3\ThinkPHP\Library\Think\View.class.php 第 91 行.
NOTIC: [2] Cannot modify header information - headers already sent by (output started at E:\wamp\www\scuthelper\3\ThinkPHP\Library\Think\View.class.php:95) E:\wamp\www\scuthelper\3\ThinkPHP\Library\Think\View.class.php 第 91 行.
NOTIC: [2] Cannot modify header information - headers already sent by (output started at E:\wamp\www\scuthelper\3\ThinkPHP\Library\Think\View.class.php:95) E:\wamp\www\scuthelper\3\ThinkPHP\Library\Think\View.class.php 第 92 行.
NOTIC: [2] Cannot modify header information - headers already sent by (output started at E:\wamp\www\scuthelper\3\ThinkPHP\Library\Think\View.class.php:95) E:\wamp\www\scuthelper\3\ThinkPHP\Library\Think\View.class.php 第 93 行.
INFO: [ view_parse ] --START--
INFO: [ template_filter ] --START--
INFO: Run Behavior\ContentReplaceBehavior [ RunTime:0.001000s ]
INFO: [ template_filter ] --END-- [ RunTime:-0.027002s ]
INFO: Run Behavior\ParseTemplateBehavior [ RunTime:0.013001s ]
INFO: [ view_parse ] --END-- [ RunTime:-0.016000s ]
INFO: [ view_filter ] --START--
INFO: Run Behavior\WriteHtmlCacheBehavior [ RunTime:0.000000s ]
INFO: [ view_filter ] --END-- [ RunTime:-0.026001s ]
NOTIC: [2] Cannot modify header information - headers already sent by (output started at E:\wamp\www\scuthelper\3\ThinkPHP\Library\Think\View.class.php:95) E:\wamp\www\scuthelper\3\ThinkPHP\Library\Think\View.class.php 第 91 行.
NOTIC: [2] Cannot modify header information - headers already sent by (output started at E:\wamp\www\scuthelper\3\ThinkPHP\Library\Think\View.class.php:95) E:\wamp\www\scuthelper\3\ThinkPHP\Library\Think\View.class.php 第 92 行.
NOTIC: [2] Cannot modify header information - headers already sent by (output started at E:\wamp\www\scuthelper\3\ThinkPHP\Library\Think\View.class.php:95) E:\wamp\www\scuthelper\3\ThinkPHP\Library\Think\View.class.php 第 93 行.
INFO: [ app_end ] --START--
INFO: Run Behavior\ShowPageTraceBehavior [ RunTime:0.003001s ]
INFO: [ app_end ] --END-- [ RunTime:0.003001s ]

[ 2016-03-14T00:06:38+08:00 ] 127.0.0.1 /scuthelper/3/index.php/market/QAs
INFO: [ app_init ] --START--
INFO: Run Behavior\BuildLiteBehavior [ RunTime:0.000000s ]
INFO: [ app_init ] --END-- [ RunTime:0.002000s ]
INFO: [ app_begin ] --START--
INFO: Run Behavior\ReadHtmlCacheBehavior [ RunTime:0.002000s ]
INFO: [ app_begin ] --END-- [ RunTime:0.003000s ]
NOTIC: [8] A session had already been started - ignoring session_start() E:\wamp\www\scuthelper\3\Application\Home\Controller\QasController.class.php 第 83 行.
SQL: SHOW COLUMNS FROM `products` [ RunTime:0.0040s ]
SQL: SELECT `product_id` FROM `products` WHERE ( user_id=4 )  [ RunTime:0.0010s ]
SQL: SHOW COLUMNS FROM `q_and_a` [ RunTime:0.0050s ]
SQL: SELECT * FROM `q_and_a` WHERE ( status=0 AND product_id=1 ) ORDER BY release_time desc  [ RunTime:0.0030s ]
SQL: SELECT * FROM `q_and_a` WHERE ( status=2 AND product_id=1 ) ORDER BY modify_time desc  [ RunTime:0.0010s ]
SQL: SELECT * FROM `q_and_a` WHERE ( status=0 AND product_id=7 ) ORDER BY release_time desc  [ RunTime:0.0010s ]
SQL: SELECT * FROM `q_and_a` WHERE ( status=2 AND product_id=7 ) ORDER BY modify_time desc  [ RunTime:0.0000s ]
SQL: SHOW COLUMNS FROM `users` [ RunTime:0.0040s ]
SQL: SELECT * FROM `users` WHERE ( user_id=4 ) LIMIT 1   [ RunTime:0.0010s ]
NOTIC: [2] file_get_contents(isMobile?user_agent=Mozilla/5.0 (Windows NT 6.1; WOW64; rv:44.0) Gecko/20100101 Firefox/44.0): failed to open stream: Result too large E:\wamp\www\scuthelper\3\Application\Home\Controller\QasController.class.php 第 106 行.
INFO: [ view_parse ] --START--
INFO: [ template_filter ] --START--
INFO: Run Behavior\ContentReplaceBehavior [ RunTime:0.001000s ]
INFO: [ template_filter ] --END-- [ RunTime:0.001000s ]
INFO: Run Behavior\ParseTemplateBehavior [ RunTime:0.023001s ]
INFO: [ view_parse ] --END-- [ RunTime:0.023001s ]
INFO: [ view_filter ] --START--
INFO: Run Behavior\WriteHtmlCacheBehavior [ RunTime:0.000000s ]
INFO: [ view_filter ] --END-- [ RunTime:0.002001s ]
NOTIC: [8] Array to string conversion E:\wamp\www\scuthelper\3\ThinkPHP\Library\Think\View.class.php 第 91 行.
INFO: [ view_parse ] --START--
NOTIC: [2] md5() expects parameter 1 to be string, array given E:\wamp\www\scuthelper\3\ThinkPHP\Library\Behavior\ParseTemplateBehavior.class.php 第 89 行.
NOTIC: [2] md5() expects parameter 1 to be string, array given E:\wamp\www\scuthelper\3\ThinkPHP\Library\Behavior\ParseTemplateBehavior.class.php 第 28 行.
INFO: Run Behavior\ParseTemplateBehavior [ RunTime:0.003000s ]
INFO: [ view_parse ] --END-- [ RunTime:-0.003001s ]
INFO: [ view_filter ] --START--
INFO: Run Behavior\WriteHtmlCacheBehavior [ RunTime:0.001000s ]
INFO: [ view_filter ] --END-- [ RunTime:-0.007000s ]
NOTIC: [8] Array to string conversion E:\wamp\www\scuthelper\3\ThinkPHP\Library\Think\View.class.php 第 91 行.
NOTIC: [8] Array to string conversion E:\wamp\www\scuthelper\3\ThinkPHP\Library\Think\View.class.php 第 91 行.
NOTIC: [2] Cannot modify header information - headers already sent by (output started at E:\wamp\www\scuthelper\3\ThinkPHP\Library\Think\View.class.php:95) E:\wamp\www\scuthelper\3\ThinkPHP\Library\Think\View.class.php 第 91 行.
NOTIC: [2] Cannot modify header information - headers already sent by (output started at E:\wamp\www\scuthelper\3\ThinkPHP\Library\Think\View.class.php:95) E:\wamp\www\scuthelper\3\ThinkPHP\Library\Think\View.class.php 第 92 行.
NOTIC: [2] Cannot modify header information - headers already sent by (output started at E:\wamp\www\scuthelper\3\ThinkPHP\Library\Think\View.class.php:95) E:\wamp\www\scuthelper\3\ThinkPHP\Library\Think\View.class.php 第 93 行.
INFO: [ view_parse ] --START--
INFO: [ template_filter ] --START--
INFO: Run Behavior\ContentReplaceBehavior [ RunTime:0.000000s ]
INFO: [ template_filter ] --END-- [ RunTime:-0.023002s ]
INFO: Run Behavior\ParseTemplateBehavior [ RunTime:0.010001s ]
INFO: [ view_parse ] --END-- [ RunTime:-0.013001s ]
INFO: [ view_filter ] --START--
INFO: Run Behavior\WriteHtmlCacheBehavior [ RunTime:0.000000s ]
INFO: [ view_filter ] --END-- [ RunTime:-0.022001s ]
NOTIC: [2] Cannot modify header information - headers already sent by (output started at E:\wamp\www\scuthelper\3\ThinkPHP\Library\Think\View.class.php:95) E:\wamp\www\scuthelper\3\ThinkPHP\Library\Think\View.class.php 第 91 行.
NOTIC: [2] Cannot modify header information - headers already sent by (output started at E:\wamp\www\scuthelper\3\ThinkPHP\Library\Think\View.class.php:95) E:\wamp\www\scuthelper\3\ThinkPHP\Library\Think\View.class.php 第 92 行.
NOTIC: [2] Cannot modify header information - headers already sent by (output started at E:\wamp\www\scuthelper\3\ThinkPHP\Library\Think\View.class.php:95) E:\wamp\www\scuthelper\3\ThinkPHP\Library\Think\View.class.php 第 93 行.
INFO: [ app_end ] --START--
INFO: Run Behavior\ShowPageTraceBehavior [ RunTime:0.003000s ]
INFO: [ app_end ] --END-- [ RunTime:0.003000s ]

[ 2016-03-14T00:07:36+08:00 ] 127.0.0.1 /scuthelper/3/index.php/market/QAs
INFO: [ app_init ] --START--
INFO: Run Behavior\BuildLiteBehavior [ RunTime:0.000000s ]
INFO: [ app_init ] --END-- [ RunTime:0.002000s ]
INFO: [ app_begin ] --START--
INFO: Run Behavior\ReadHtmlCacheBehavior [ RunTime:0.002000s ]
INFO: [ app_begin ] --END-- [ RunTime:0.002000s ]
NOTIC: [8] A session had already been started - ignoring session_start() E:\wamp\www\scuthelper\3\Application\Home\Controller\QasController.class.php 第 83 行.
SQL: SHOW COLUMNS FROM `products` [ RunTime:0.0040s ]
SQL: SELECT `product_id` FROM `products` WHERE ( user_id=4 )  [ RunTime:0.0010s ]
SQL: SHOW COLUMNS FROM `q_and_a` [ RunTime:0.0030s ]
SQL: SELECT * FROM `q_and_a` WHERE ( status=0 AND product_id=1 ) ORDER BY release_time desc  [ RunTime:0.0010s ]
SQL: SELECT * FROM `q_and_a` WHERE ( status=2 AND product_id=1 ) ORDER BY modify_time desc  [ RunTime:0.0000s ]
SQL: SELECT * FROM `q_and_a` WHERE ( status=0 AND product_id=7 ) ORDER BY release_time desc  [ RunTime:0.0010s ]
SQL: SELECT * FROM `q_and_a` WHERE ( status=2 AND product_id=7 ) ORDER BY modify_time desc  [ RunTime:0.0010s ]
SQL: SHOW COLUMNS FROM `users` [ RunTime:0.0040s ]
SQL: SELECT * FROM `users` WHERE ( user_id=4 ) LIMIT 1   [ RunTime:0.0010s ]
NOTIC: [2] file_get_contents(isMobile?user_agent=Mozilla/5.0 (Windows NT 6.1; WOW64; rv:44.0) Gecko/20100101 Firefox/44.0): failed to open stream: Result too large E:\wamp\www\scuthelper\3\Application\Home\Controller\QasController.class.php 第 106 行.
INFO: [ view_parse ] --START--
INFO: [ template_filter ] --START--
INFO: Run Behavior\ContentReplaceBehavior [ RunTime:0.000000s ]
INFO: [ template_filter ] --END-- [ RunTime:0.000000s ]
INFO: Run Behavior\ParseTemplateBehavior [ RunTime:0.021002s ]
INFO: [ view_parse ] --END-- [ RunTime:0.021002s ]
INFO: [ view_filter ] --START--
INFO: Run Behavior\WriteHtmlCacheBehavior [ RunTime:0.001000s ]
INFO: [ view_filter ] --END-- [ RunTime:0.001000s ]
NOTIC: [8] Array to string conversion E:\wamp\www\scuthelper\3\ThinkPHP\Library\Think\View.class.php 第 91 行.
INFO: [ view_parse ] --START--
NOTIC: [2] md5() expects parameter 1 to be string, array given E:\wamp\www\scuthelper\3\ThinkPHP\Library\Behavior\ParseTemplateBehavior.class.php 第 89 行.
NOTIC: [2] md5() expects parameter 1 to be string, array given E:\wamp\www\scuthelper\3\ThinkPHP\Library\Behavior\ParseTemplateBehavior.class.php 第 28 行.
INFO: Run Behavior\ParseTemplateBehavior [ RunTime:0.001000s ]
INFO: [ view_parse ] --END-- [ RunTime:-0.003000s ]
INFO: [ view_filter ] --START--
INFO: Run Behavior\WriteHtmlCacheBehavior [ RunTime:0.000000s ]
INFO: [ view_filter ] --END-- [ RunTime:-0.003000s ]
NOTIC: [8] Array to string conversion E:\wamp\www\scuthelper\3\ThinkPHP\Library\Think\View.class.php 第 91 行.
NOTIC: [8] Array to string conversion E:\wamp\www\scuthelper\3\ThinkPHP\Library\Think\View.class.php 第 91 行.
NOTIC: [2] Cannot modify header information - headers already sent by (output started at E:\wamp\www\scuthelper\3\ThinkPHP\Library\Think\View.class.php:95) E:\wamp\www\scuthelper\3\ThinkPHP\Library\Think\View.class.php 第 91 行.
NOTIC: [2] Cannot modify header information - headers already sent by (output started at E:\wamp\www\scuthelper\3\ThinkPHP\Library\Think\View.class.php:95) E:\wamp\www\scuthelper\3\ThinkPHP\Library\Think\View.class.php 第 92 行.
NOTIC: [2] Cannot modify header information - headers already sent by (output started at E:\wamp\www\scuthelper\3\ThinkPHP\Library\Think\View.class.php:95) E:\wamp\www\scuthelper\3\ThinkPHP\Library\Think\View.class.php 第 93 行.
INFO: [ view_parse ] --START--
INFO: [ template_filter ] --START--
INFO: Run Behavior\ContentReplaceBehavior [ RunTime:0.000000s ]
INFO: [ template_filter ] --END-- [ RunTime:-0.016001s ]
INFO: Run Behavior\ParseTemplateBehavior [ RunTime:0.007000s ]
INFO: [ view_parse ] --END-- [ RunTime:-0.007000s ]
INFO: [ view_filter ] --START--
INFO: Run Behavior\WriteHtmlCacheBehavior [ RunTime:0.000000s ]
INFO: [ view_filter ] --END-- [ RunTime:-0.014001s ]
NOTIC: [2] Cannot modify header information - headers already sent by (output started at E:\wamp\www\scuthelper\3\ThinkPHP\Library\Think\View.class.php:95) E:\wamp\www\scuthelper\3\ThinkPHP\Library\Think\View.class.php 第 91 行.
NOTIC: [2] Cannot modify header information - headers already sent by (output started at E:\wamp\www\scuthelper\3\ThinkPHP\Library\Think\View.class.php:95) E:\wamp\www\scuthelper\3\ThinkPHP\Library\Think\View.class.php 第 92 行.
NOTIC: [2] Cannot modify header information - headers already sent by (output started at E:\wamp\www\scuthelper\3\ThinkPHP\Library\Think\View.class.php:95) E:\wamp\www\scuthelper\3\ThinkPHP\Library\Think\View.class.php 第 93 行.
INFO: [ app_end ] --START--
INFO: Run Behavior\ShowPageTraceBehavior [ RunTime:0.001000s ]
INFO: [ app_end ] --END-- [ RunTime:0.003000s ]

[ 2016-03-14T00:07:53+08:00 ] ::1 /scuthelper/3/index.php/market/QAs
INFO: [ app_init ] --START--
INFO: Run Behavior\BuildLiteBehavior [ RunTime:0.000000s ]
INFO: [ app_init ] --END-- [ RunTime:0.001000s ]
INFO: [ app_begin ] --START--
INFO: Run Behavior\ReadHtmlCacheBehavior [ RunTime:0.001000s ]
INFO: [ app_begin ] --END-- [ RunTime:0.002000s ]
NOTIC: [8] A session had already been started - ignoring session_start() E:\wamp\www\scuthelper\3\Application\Home\Controller\QasController.class.php 第 83 行.

[ 2016-03-14T00:08:29+08:00 ] 127.0.0.1 /scuthelper/3/index.php/market/QAs
INFO: [ app_init ] --START--
INFO: Run Behavior\BuildLiteBehavior [ RunTime:0.000000s ]
INFO: [ app_init ] --END-- [ RunTime:0.001000s ]
INFO: [ app_begin ] --START--
INFO: Run Behavior\ReadHtmlCacheBehavior [ RunTime:0.002000s ]
INFO: [ app_begin ] --END-- [ RunTime:0.002000s ]
NOTIC: [8] A session had already been started - ignoring session_start() E:\wamp\www\scuthelper\3\Application\Home\Controller\QasController.class.php 第 83 行.
SQL: SHOW COLUMNS FROM `products` [ RunTime:0.0050s ]
SQL: SELECT `product_id` FROM `products` WHERE ( user_id=4 )  [ RunTime:0.0000s ]
SQL: SHOW COLUMNS FROM `users` [ RunTime:0.0040s ]
SQL: SELECT * FROM `users` WHERE ( user_id=4 ) LIMIT 1   [ RunTime:0.0000s ]
NOTIC: [2] file_get_contents(isMobile?user_agent=Mozilla/5.0 (Windows NT 6.1; WOW64; rv:44.0) Gecko/20100101 Firefox/44.0): failed to open stream: Result too large E:\wamp\www\scuthelper\3\Application\Home\Controller\QasController.class.php 第 106 行.
INFO: [ view_parse ] --START--
INFO: [ template_filter ] --START--
INFO: Run Behavior\ContentReplaceBehavior [ RunTime:0.000000s ]
INFO: [ template_filter ] --END-- [ RunTime:0.001000s ]
INFO: Run Behavior\ParseTemplateBehavior [ RunTime:0.025002s ]
INFO: [ view_parse ] --END-- [ RunTime:0.025002s ]
INFO: [ view_filter ] --START--
INFO: Run Behavior\WriteHtmlCacheBehavior [ RunTime:0.001000s ]
INFO: [ view_filter ] --END-- [ RunTime:0.001000s ]
NOTIC: [8] Array to string conversion E:\wamp\www\scuthelper\3\ThinkPHP\Library\Think\View.class.php 第 91 行.
INFO: [ view_parse ] --START--
INFO: [ template_filter ] --START--
INFO: Run Behavior\ContentReplaceBehavior [ RunTime:0.001001s ]
INFO: [ template_filter ] --END-- [ RunTime:-0.018001s ]
INFO: Run Behavior\ParseTemplateBehavior [ RunTime:0.012001s ]
INFO: [ view_parse ] --END-- [ RunTime:-0.005000s ]
INFO: [ view_filter ] --START--
INFO: Run Behavior\WriteHtmlCacheBehavior [ RunTime:0.000000s ]
INFO: [ view_filter ] --END-- [ RunTime:-0.017001s ]
NOTIC: [8] Array to string conversion E:\wamp\www\scuthelper\3\ThinkPHP\Library\Think\View.class.php 第 91 行.
NOTIC: [2] Cannot modify header information - headers already sent by (output started at E:\wamp\www\scuthelper\3\ThinkPHP\Library\Think\View.class.php:95) E:\wamp\www\scuthelper\3\ThinkPHP\Library\Think\View.class.php 第 91 行.
NOTIC: [2] Cannot modify header information - headers already sent by (output started at E:\wamp\www\scuthelper\3\ThinkPHP\Library\Think\View.class.php:95) E:\wamp\www\scuthelper\3\ThinkPHP\Library\Think\View.class.php 第 92 行.
NOTIC: [2] Cannot modify header information - headers already sent by (output started at E:\wamp\www\scuthelper\3\ThinkPHP\Library\Think\View.class.php:95) E:\wamp\www\scuthelper\3\ThinkPHP\Library\Think\View.class.php 第 93 行.
INFO: [ view_parse ] --START--
INFO: [ template_filter ] --START--
INFO: Run Behavior\ContentReplaceBehavior [ RunTime:0.001000s ]
INFO: [ template_filter ] --END-- [ RunTime:-0.030002s ]
INFO: Run Behavior\ParseTemplateBehavior [ RunTime:0.006000s ]
INFO: [ view_parse ] --END-- [ RunTime:-0.021001s ]
INFO: [ view_filter ] --START--
INFO: Run Behavior\WriteHtmlCacheBehavior [ RunTime:0.000000s ]
INFO: [ view_filter ] --END-- [ RunTime:-0.028001s ]
NOTIC: [2] Cannot modify header information - headers already sent by (output started at E:\wamp\www\scuthelper\3\ThinkPHP\Library\Think\View.class.php:95) E:\wamp\www\scuthelper\3\ThinkPHP\Library\Think\View.class.php 第 91 行.
NOTIC: [2] Cannot modify header information - headers already sent by (output started at E:\wamp\www\scuthelper\3\ThinkPHP\Library\Think\View.class.php:95) E:\wamp\www\scuthelper\3\ThinkPHP\Library\Think\View.class.php 第 92 行.
NOTIC: [2] Cannot modify header information - headers already sent by (output started at E:\wamp\www\scuthelper\3\ThinkPHP\Library\Think\View.class.php:95) E:\wamp\www\scuthelper\3\ThinkPHP\Library\Think\View.class.php 第 93 行.
INFO: [ app_end ] --START--
INFO: Run Behavior\ShowPageTraceBehavior [ RunTime:0.001001s ]
INFO: [ app_end ] --END-- [ RunTime:0.002001s ]

[ 2016-03-14T00:09:15+08:00 ] 127.0.0.1 /scuthelper/3/index.php/market/QAs
INFO: [ app_init ] --START--
INFO: Run Behavior\BuildLiteBehavior [ RunTime:0.000000s ]
INFO: [ app_init ] --END-- [ RunTime:0.002000s ]
INFO: [ app_begin ] --START--
INFO: Run Behavior\ReadHtmlCacheBehavior [ RunTime:0.001000s ]
INFO: [ app_begin ] --END-- [ RunTime:0.002000s ]
NOTIC: [8] A session had already been started - ignoring session_start() E:\wamp\www\scuthelper\3\Application\Home\Controller\QasController.class.php 第 83 行.
SQL: SHOW COLUMNS FROM `products` [ RunTime:0.0040s ]
SQL: SELECT `product_id` FROM `products` WHERE ( user_id=4 )  [ RunTime:0.0000s ]
SQL: SHOW COLUMNS FROM `users` [ RunTime:0.0060s ]
SQL: SELECT * FROM `users` WHERE ( user_id=4 ) LIMIT 1   [ RunTime:0.0010s ]
NOTIC: [2] file_get_contents(isMobile?user_agent=Mozilla/5.0 (Windows NT 6.1; WOW64; rv:44.0) Gecko/20100101 Firefox/44.0): failed to open stream: Result too large E:\wamp\www\scuthelper\3\Application\Home\Controller\QasController.class.php 第 106 行.
INFO: [ view_parse ] --START--
INFO: [ template_filter ] --START--
INFO: Run Behavior\ContentReplaceBehavior [ RunTime:0.000000s ]
INFO: [ template_filter ] --END-- [ RunTime:0.000000s ]
INFO: Run Behavior\ParseTemplateBehavior [ RunTime:0.016001s ]
INFO: [ view_parse ] --END-- [ RunTime:0.016001s ]
INFO: [ view_filter ] --START--
INFO: Run Behavior\WriteHtmlCacheBehavior [ RunTime:0.001000s ]
INFO: [ view_filter ] --END-- [ RunTime:0.001000s ]
NOTIC: [8] Array to string conversion E:\wamp\www\scuthelper\3\ThinkPHP\Library\Think\View.class.php 第 91 行.
INFO: [ view_parse ] --START--
INFO: [ template_filter ] --START--
INFO: Run Behavior\ContentReplaceBehavior [ RunTime:0.001000s ]
INFO: [ template_filter ] --END-- [ RunTime:-0.013001s ]
INFO: Run Behavior\ParseTemplateBehavior [ RunTime:0.009000s ]
INFO: [ view_parse ] --END-- [ RunTime:-0.003000s ]
INFO: [ view_filter ] --START--
INFO: Run Behavior\WriteHtmlCacheBehavior [ RunTime:0.000000s ]
INFO: [ view_filter ] --END-- [ RunTime:-0.012000s ]
NOTIC: [8] Array to string conversion E:\wamp\www\scuthelper\3\ThinkPHP\Library\Think\View.class.php 第 91 行.
NOTIC: [2] Cannot modify header information - headers already sent by (output started at E:\wamp\www\scuthelper\3\ThinkPHP\Library\Think\View.class.php:95) E:\wamp\www\scuthelper\3\ThinkPHP\Library\Think\View.class.php 第 91 行.
NOTIC: [2] Cannot modify header information - headers already sent by (output started at E:\wamp\www\scuthelper\3\ThinkPHP\Library\Think\View.class.php:95) E:\wamp\www\scuthelper\3\ThinkPHP\Library\Think\View.class.php 第 92 行.
NOTIC: [2] Cannot modify header information - headers already sent by (output started at E:\wamp\www\scuthelper\3\ThinkPHP\Library\Think\View.class.php:95) E:\wamp\www\scuthelper\3\ThinkPHP\Library\Think\View.class.php 第 93 行.
INFO: [ view_parse ] --START--
INFO: [ template_filter ] --START--
INFO: Run Behavior\ContentReplaceBehavior [ RunTime:0.000000s ]
INFO: [ template_filter ] --END-- [ RunTime:-0.022002s ]
INFO: Run Behavior\ParseTemplateBehavior [ RunTime:0.007001s ]
INFO: [ view_parse ] --END-- [ RunTime:-0.016000s ]
INFO: [ view_filter ] --START--
INFO: Run Behavior\WriteHtmlCacheBehavior [ RunTime:0.000000s ]
INFO: [ view_filter ] --END-- [ RunTime:-0.022001s ]
NOTIC: [2] Cannot modify header information - headers already sent by (output started at E:\wamp\www\scuthelper\3\ThinkPHP\Library\Think\View.class.php:95) E:\wamp\www\scuthelper\3\ThinkPHP\Library\Think\View.class.php 第 91 行.
NOTIC: [2] Cannot modify header information - headers already sent by (output started at E:\wamp\www\scuthelper\3\ThinkPHP\Library\Think\View.class.php:95) E:\wamp\www\scuthelper\3\ThinkPHP\Library\Think\View.class.php 第 92 行.
NOTIC: [2] Cannot modify header information - headers already sent by (output started at E:\wamp\www\scuthelper\3\ThinkPHP\Library\Think\View.class.php:95) E:\wamp\www\scuthelper\3\ThinkPHP\Library\Think\View.class.php 第 93 行.
INFO: [ app_end ] --START--
INFO: Run Behavior\ShowPageTraceBehavior [ RunTime:0.001000s ]
INFO: [ app_end ] --END-- [ RunTime:0.002000s ]

[ 2016-03-14T00:09:53+08:00 ] 127.0.0.1 /scuthelper/3/index.php/market/QAs
INFO: [ app_init ] --START--
INFO: Run Behavior\BuildLiteBehavior [ RunTime:0.001000s ]
INFO: [ app_init ] --END-- [ RunTime:0.001000s ]
INFO: [ app_begin ] --START--
INFO: Run Behavior\ReadHtmlCacheBehavior [ RunTime:0.001000s ]
INFO: [ app_begin ] --END-- [ RunTime:0.001000s ]
NOTIC: [8] A session had already been started - ignoring session_start() E:\wamp\www\scuthelper\3\Application\Home\Controller\QasController.class.php 第 83 行.
SQL: SHOW COLUMNS FROM `products` [ RunTime:0.0060s ]
SQL: SELECT `product_id` FROM `products` WHERE ( user_id=4 )  [ RunTime:0.0000s ]
SQL: SHOW COLUMNS FROM `q_and_a` [ RunTime:0.0040s ]
SQL: SELECT * FROM `q_and_a` WHERE ( status=0 AND product_id=1 ) ORDER BY release_time desc  [ RunTime:0.0000s ]
NOTIC: [2] array_push() expects parameter 1 to be array, null given E:\wamp\www\scuthelper\3\Application\Home\Controller\QasController.class.php 第 97 行.
SQL: SELECT * FROM `q_and_a` WHERE ( status=2 AND product_id=1 ) ORDER BY modify_time desc  [ RunTime:0.0000s ]
NOTIC: [2] array_push() expects parameter 1 to be array, null given E:\wamp\www\scuthelper\3\Application\Home\Controller\QasController.class.php 第 98 行.
SQL: SELECT * FROM `q_and_a` WHERE ( status=0 AND product_id=7 ) ORDER BY release_time desc  [ RunTime:0.0010s ]
NOTIC: [2] array_push() expects parameter 1 to be array, null given E:\wamp\www\scuthelper\3\Application\Home\Controller\QasController.class.php 第 97 行.
SQL: SELECT * FROM `q_and_a` WHERE ( status=2 AND product_id=7 ) ORDER BY modify_time desc  [ RunTime:0.0010s ]
NOTIC: [2] array_push() expects parameter 1 to be array, null given E:\wamp\www\scuthelper\3\Application\Home\Controller\QasController.class.php 第 98 行.
SQL: SHOW COLUMNS FROM `users` [ RunTime:0.0040s ]
SQL: SELECT * FROM `users` WHERE ( user_id=4 ) LIMIT 1   [ RunTime:0.0050s ]
NOTIC: [2] file_get_contents(isMobile?user_agent=Mozilla/5.0 (Windows NT 6.1; WOW64; rv:44.0) Gecko/20100101 Firefox/44.0): failed to open stream: Result too large E:\wamp\www\scuthelper\3\Application\Home\Controller\QasController.class.php 第 106 行.
INFO: [ view_parse ] --START--
INFO: [ template_filter ] --START--
INFO: Run Behavior\ContentReplaceBehavior [ RunTime:0.000000s ]
INFO: [ template_filter ] --END-- [ RunTime:0.000000s ]
INFO: Run Behavior\ParseTemplateBehavior [ RunTime:0.017001s ]
INFO: [ view_parse ] --END-- [ RunTime:0.018001s ]
INFO: [ view_filter ] --START--
INFO: Run Behavior\WriteHtmlCacheBehavior [ RunTime:0.000000s ]
INFO: [ view_filter ] --END-- [ RunTime:0.000000s ]
NOTIC: [8] Array to string conversion E:\wamp\www\scuthelper\3\ThinkPHP\Library\Think\View.class.php 第 91 行.
INFO: [ view_parse ] --START--
INFO: [ template_filter ] --START--
INFO: Run Behavior\ContentReplaceBehavior [ RunTime:0.000000s ]
INFO: [ template_filter ] --END-- [ RunTime:-0.012001s ]
INFO: Run Behavior\ParseTemplateBehavior [ RunTime:0.010001s ]
INFO: [ view_parse ] --END-- [ RunTime:-0.002000s ]
INFO: [ view_filter ] --START--
INFO: Run Behavior\WriteHtmlCacheBehavior [ RunTime:0.000000s ]
INFO: [ view_filter ] --END-- [ RunTime:-0.012001s ]
NOTIC: [8] Array to string conversion E:\wamp\www\scuthelper\3\ThinkPHP\Library\Think\View.class.php 第 91 行.
NOTIC: [2] Cannot modify header information - headers already sent by (output started at E:\wamp\www\scuthelper\3\ThinkPHP\Library\Think\View.class.php:95) E:\wamp\www\scuthelper\3\ThinkPHP\Library\Think\View.class.php 第 91 行.
NOTIC: [2] Cannot modify header information - headers already sent by (output started at E:\wamp\www\scuthelper\3\ThinkPHP\Library\Think\View.class.php:95) E:\wamp\www\scuthelper\3\ThinkPHP\Library\Think\View.class.php 第 92 行.
NOTIC: [2] Cannot modify header information - headers already sent by (output started at E:\wamp\www\scuthelper\3\ThinkPHP\Library\Think\View.class.php:95) E:\wamp\www\scuthelper\3\ThinkPHP\Library\Think\View.class.php 第 93 行.
INFO: [ view_parse ] --START--
INFO: [ template_filter ] --START--
INFO: Run Behavior\ContentReplaceBehavior [ RunTime:0.000000s ]
INFO: [ template_filter ] --END-- [ RunTime:-0.027001s ]
INFO: Run Behavior\ParseTemplateBehavior [ RunTime:0.016001s ]
INFO: [ view_parse ] --END-- [ RunTime:-0.016001s ]
INFO: [ view_filter ] --START--
INFO: Run Behavior\WriteHtmlCacheBehavior [ RunTime:0.000000s ]
INFO: [ view_filter ] --END-- [ RunTime:-0.032002s ]
NOTIC: [2] Cannot modify header information - headers already sent by (output started at E:\wamp\www\scuthelper\3\ThinkPHP\Library\Think\View.class.php:95) E:\wamp\www\scuthelper\3\ThinkPHP\Library\Think\View.class.php 第 91 行.
NOTIC: [2] Cannot modify header information - headers already sent by (output started at E:\wamp\www\scuthelper\3\ThinkPHP\Library\Think\View.class.php:95) E:\wamp\www\scuthelper\3\ThinkPHP\Library\Think\View.class.php 第 92 行.
NOTIC: [2] Cannot modify header information - headers already sent by (output started at E:\wamp\www\scuthelper\3\ThinkPHP\Library\Think\View.class.php:95) E:\wamp\www\scuthelper\3\ThinkPHP\Library\Think\View.class.php 第 93 行.
INFO: [ app_end ] --START--
INFO: Run Behavior\ShowPageTraceBehavior [ RunTime:0.002000s ]
INFO: [ app_end ] --END-- [ RunTime:0.002000s ]

