[ 2016-04-15T00:15:03+08:00 ] ::1 /scuthelper/3/market/type?category=1
INFO: [ app_init ] --START--
INFO: Run Behavior\BuildLiteBehavior [ RunTime:0.000000s ]
INFO: [ app_init ] --END-- [ RunTime:0.001000s ]
INFO: [ app_begin ] --START--
INFO: Run Behavior\ReadHtmlCacheBehavior [ RunTime:0.002000s ]
INFO: [ app_begin ] --END-- [ RunTime:0.002000s ]
NOTIC: [8] A session had already been started - ignoring session_start() E:\wamp\www\scuthelper\3\Application\Home\Controller\ProductsController.class.php 第 6 行.
NOTIC: [8] Undefined index: page E:\wamp\www\scuthelper\3\Application\Home\Controller\ProductsController.class.php 第 8 行.
SQL: SHOW COLUMNS FROM `categories` [ RunTime:0.0040s ]
SQL: SELECT * FROM `categories` WHERE ( category_id=1 ) LIMIT 1   [ RunTime:0.0010s ]
SQL: SHOW COLUMNS FROM `products` [ RunTime:0.0040s ]
SQL: SELECT * FROM `products` WHERE ( category=1 and quantity>quantity_sold and is_deleted=0 ) ORDER BY modify_time desc LIMIT 0,12   [ RunTime:0.0010s ]
SQL: SHOW COLUMNS FROM `pictures` [ RunTime:0.0050s ]
SQL: SELECT * FROM `pictures` WHERE ( subsequence=1 AND product_id=10 ) LIMIT 1   [ RunTime:0.0000s ]
SQL: SELECT * FROM `pictures` WHERE ( subsequence=1 AND product_id=8 ) LIMIT 1   [ RunTime:0.0010s ]
SQL: SELECT * FROM `pictures` WHERE ( subsequence=1 AND product_id=7 ) LIMIT 1   [ RunTime:0.0010s ]
SQL: SELECT * FROM `pictures` WHERE ( subsequence=1 AND product_id=1 ) LIMIT 1   [ RunTime:0.0010s ]
SQL: SHOW COLUMNS FROM `users` [ RunTime:0.0040s ]
SQL: SELECT * FROM `users` WHERE ( user_id=21 ) LIMIT 1   [ RunTime:0.0010s ]
SQL: SELECT * FROM `categories` WHERE ( category_id=1 ) LIMIT 1   [ RunTime:0.0010s ]
SQL: SELECT * FROM `categories` WHERE ( parent_category=0 )  [ RunTime:0.0010s ]
SQL: SELECT * FROM `categories` WHERE ( parent_category=1 )  [ RunTime:0.0000s ]
SQL: SELECT * FROM `categories` WHERE ( parent_category=3 )  [ RunTime:0.0020s ]
NOTIC: [2] file_get_contents(isMobile?user_agent=Mozilla/5.0 (Windows NT 6.1; WOW64; rv:45.0) Gecko/20100101 Firefox/45.0): failed to open stream: Result too large E:\wamp\www\scuthelper\3\Application\Home\Controller\ProductsController.class.php 第 54 行.
INFO: [ view_parse ] --START--
INFO: [ template_filter ] --START--
INFO: Run Behavior\ContentReplaceBehavior [ RunTime:0.001000s ]
INFO: [ template_filter ] --END-- [ RunTime:0.001000s ]
INFO: Run Behavior\ParseTemplateBehavior [ RunTime:0.020001s ]
INFO: [ view_parse ] --END-- [ RunTime:0.021001s ]
INFO: [ view_filter ] --START--
INFO: Run Behavior\WriteHtmlCacheBehavior [ RunTime:0.001000s ]
INFO: [ view_filter ] --END-- [ RunTime:0.001000s ]
INFO: [ view_parse ] --START--
NOTIC: [2] simplexml_load_string(): Entity: line 1: parser error : Unescaped '&lt;' not allowed in attributes values E:\wamp\www\scuthelper\3\ThinkPHP\Library\Think\Template\TagLib.class.php 第 80 行.
NOTIC: [2] simplexml_load_string(): &lt;tpl&gt;&lt;tag name=&quot;category_list_&lt;?php echo ($i); ? /&gt;&lt;/tpl&gt; E:\wamp\www\scuthelper\3\ThinkPHP\Library\Think\Template\TagLib.class.php 第 80 行.
NOTIC: [2] simplexml_load_string():                               ^ E:\wamp\www\scuthelper\3\ThinkPHP\Library\Think\Template\TagLib.class.php 第 80 行.
NOTIC: [2] simplexml_load_string(): Entity: line 1: parser error : attributes construct error E:\wamp\www\scuthelper\3\ThinkPHP\Library\Think\Template\TagLib.class.php 第 80 行.
NOTIC: [2] simplexml_load_string(): &lt;tpl&gt;&lt;tag name=&quot;category_list_&lt;?php echo ($i); ? /&gt;&lt;/tpl&gt; E:\wamp\www\scuthelper\3\ThinkPHP\Library\Think\Template\TagLib.class.php 第 80 行.
NOTIC: [2] simplexml_load_string():                               ^ E:\wamp\www\scuthelper\3\ThinkPHP\Library\Think\Template\TagLib.class.php 第 80 行.
NOTIC: [2] simplexml_load_string(): Entity: line 1: parser error : Couldn't find end of Start Tag tag line 1 E:\wamp\www\scuthelper\3\ThinkPHP\Library\Think\Template\TagLib.class.php 第 80 行.
NOTIC: [2] simplexml_load_string(): &lt;tpl&gt;&lt;tag name=&quot;category_list_&lt;?php echo ($i); ? /&gt;&lt;/tpl&gt; E:\wamp\www\scuthelper\3\ThinkPHP\Library\Think\Template\TagLib.class.php 第 80 行.
NOTIC: [2] simplexml_load_string():                               ^ E:\wamp\www\scuthelper\3\ThinkPHP\Library\Think\Template\TagLib.class.php 第 80 行.
NOTIC: [2] simplexml_load_string(): Entity: line 1: parser error : ParsePI: PI php never end ... E:\wamp\www\scuthelper\3\ThinkPHP\Library\Think\Template\TagLib.class.php 第 80 行.
NOTIC: [2] simplexml_load_string(): &lt;tpl&gt;&lt;tag name=&quot;category_list_&lt;?php echo ($i); ? /&gt;&lt;/tpl&gt; E:\wamp\www\scuthelper\3\ThinkPHP\Library\Think\Template\TagLib.class.php 第 80 行.
NOTIC: [2] simplexml_load_string():                                                          ^ E:\wamp\www\scuthelper\3\ThinkPHP\Library\Think\Template\TagLib.class.php 第 80 行.
NOTIC: [2] simplexml_load_string(): Entity: line 1: parser error : Premature end of data in tag tpl line 1 E:\wamp\www\scuthelper\3\ThinkPHP\Library\Think\Template\TagLib.class.php 第 80 行.
NOTIC: [2] simplexml_load_string(): &lt;tpl&gt;&lt;tag name=&quot;category_list_&lt;?php echo ($i); ? /&gt;&lt;/tpl&gt; E:\wamp\www\scuthelper\3\ThinkPHP\Library\Think\Template\TagLib.class.php 第 80 行.
NOTIC: [2] simplexml_load_string():                                                          ^ E:\wamp\www\scuthelper\3\ThinkPHP\Library\Think\Template\TagLib.class.php 第 80 行.
ERR: XML标签语法错误 : name="category_list_<?php echo ($i); ?

[ 2016-04-15T00:15:23+08:00 ] ::1 /scuthelper/3/market/type?category=1
INFO: [ app_init ] --START--
INFO: Run Behavior\BuildLiteBehavior [ RunTime:0.000000s ]
INFO: [ app_init ] --END-- [ RunTime:0.001000s ]
INFO: [ app_begin ] --START--
INFO: Run Behavior\ReadHtmlCacheBehavior [ RunTime:0.002000s ]
INFO: [ app_begin ] --END-- [ RunTime:0.002000s ]
NOTIC: [8] A session had already been started - ignoring session_start() E:\wamp\www\scuthelper\3\Application\Home\Controller\ProductsController.class.php 第 6 行.
NOTIC: [8] Undefined index: page E:\wamp\www\scuthelper\3\Application\Home\Controller\ProductsController.class.php 第 8 行.
SQL: SHOW COLUMNS FROM `categories` [ RunTime:0.0040s ]
SQL: SELECT * FROM `categories` WHERE ( category_id=1 ) LIMIT 1   [ RunTime:0.0010s ]
SQL: SHOW COLUMNS FROM `products` [ RunTime:0.0040s ]
SQL: SELECT * FROM `products` WHERE ( category=1 and quantity>quantity_sold and is_deleted=0 ) ORDER BY modify_time desc LIMIT 0,12   [ RunTime:0.0010s ]
SQL: SHOW COLUMNS FROM `pictures` [ RunTime:0.0050s ]
SQL: SELECT * FROM `pictures` WHERE ( subsequence=1 AND product_id=10 ) LIMIT 1   [ RunTime:0.0010s ]
SQL: SELECT * FROM `pictures` WHERE ( subsequence=1 AND product_id=8 ) LIMIT 1   [ RunTime:0.0010s ]
SQL: SELECT * FROM `pictures` WHERE ( subsequence=1 AND product_id=7 ) LIMIT 1   [ RunTime:0.0000s ]
SQL: SELECT * FROM `pictures` WHERE ( subsequence=1 AND product_id=1 ) LIMIT 1   [ RunTime:0.0000s ]
SQL: SHOW COLUMNS FROM `users` [ RunTime:0.0040s ]
SQL: SELECT * FROM `users` WHERE ( user_id=21 ) LIMIT 1   [ RunTime:0.0000s ]
SQL: SELECT * FROM `categories` WHERE ( category_id=1 ) LIMIT 1   [ RunTime:0.0000s ]
SQL: SELECT * FROM `categories` WHERE ( parent_category=0 )  [ RunTime:0.0010s ]
SQL: SELECT * FROM `categories` WHERE ( parent_category=1 )  [ RunTime:0.0010s ]
SQL: SELECT * FROM `categories` WHERE ( parent_category=3 )  [ RunTime:0.0010s ]
NOTIC: [2] file_get_contents(isMobile?user_agent=Mozilla/5.0 (Windows NT 6.1; WOW64; rv:45.0) Gecko/20100101 Firefox/45.0): failed to open stream: Result too large E:\wamp\www\scuthelper\3\Application\Home\Controller\ProductsController.class.php 第 54 行.
INFO: [ view_parse ] --START--
INFO: [ template_filter ] --START--
INFO: Run Behavior\ContentReplaceBehavior [ RunTime:0.001000s ]
INFO: [ template_filter ] --END-- [ RunTime:0.001000s ]
INFO: Run Behavior\ParseTemplateBehavior [ RunTime:0.021001s ]
INFO: [ view_parse ] --END-- [ RunTime:0.022001s ]
INFO: [ view_filter ] --START--
INFO: Run Behavior\WriteHtmlCacheBehavior [ RunTime:0.001000s ]
INFO: [ view_filter ] --END-- [ RunTime:0.001000s ]
INFO: [ view_parse ] --START--
NOTIC: [2] simplexml_load_string(): Entity: line 1: parser error : attributes construct error E:\wamp\www\scuthelper\3\ThinkPHP\Library\Think\Template\TagLib.class.php 第 80 行.
NOTIC: [2] simplexml_load_string(): &lt;tpl&gt;&lt;tag name=&quot;category_list_&quot;&lt;?php echo ($i); ? /&gt;&lt;/tpl&gt; E:\wamp\www\scuthelper\3\ThinkPHP\Library\Think\Template\TagLib.class.php 第 80 行.
NOTIC: [2] simplexml_load_string():                                ^ E:\wamp\www\scuthelper\3\ThinkPHP\Library\Think\Template\TagLib.class.php 第 80 行.
NOTIC: [2] simplexml_load_string(): Entity: line 1: parser error : Couldn't find end of Start Tag tag line 1 E:\wamp\www\scuthelper\3\ThinkPHP\Library\Think\Template\TagLib.class.php 第 80 行.
NOTIC: [2] simplexml_load_string(): &lt;tpl&gt;&lt;tag name=&quot;category_list_&quot;&lt;?php echo ($i); ? /&gt;&lt;/tpl&gt; E:\wamp\www\scuthelper\3\ThinkPHP\Library\Think\Template\TagLib.class.php 第 80 行.
NOTIC: [2] simplexml_load_string():                                ^ E:\wamp\www\scuthelper\3\ThinkPHP\Library\Think\Template\TagLib.class.php 第 80 行.
NOTIC: [2] simplexml_load_string(): Entity: line 1: parser error : ParsePI: PI php never end ... E:\wamp\www\scuthelper\3\ThinkPHP\Library\Think\Template\TagLib.class.php 第 80 行.
NOTIC: [2] simplexml_load_string(): &lt;tpl&gt;&lt;tag name=&quot;category_list_&quot;&lt;?php echo ($i); ? /&gt;&lt;/tpl&gt; E:\wamp\www\scuthelper\3\ThinkPHP\Library\Think\Template\TagLib.class.php 第 80 行.
NOTIC: [2] simplexml_load_string():                                                           ^ E:\wamp\www\scuthelper\3\ThinkPHP\Library\Think\Template\TagLib.class.php 第 80 行.
NOTIC: [2] simplexml_load_string(): Entity: line 1: parser error : Premature end of data in tag tpl line 1 E:\wamp\www\scuthelper\3\ThinkPHP\Library\Think\Template\TagLib.class.php 第 80 行.
NOTIC: [2] simplexml_load_string(): &lt;tpl&gt;&lt;tag name=&quot;category_list_&quot;&lt;?php echo ($i); ? /&gt;&lt;/tpl&gt; E:\wamp\www\scuthelper\3\ThinkPHP\Library\Think\Template\TagLib.class.php 第 80 行.
NOTIC: [2] simplexml_load_string():                                                           ^ E:\wamp\www\scuthelper\3\ThinkPHP\Library\Think\Template\TagLib.class.php 第 80 行.
ERR: XML标签语法错误 : name="category_list_"<?php echo ($i); ?

[ 2016-04-15T00:15:37+08:00 ] ::1 /scuthelper/3/market/type?category=1
INFO: [ app_init ] --START--
INFO: Run Behavior\BuildLiteBehavior [ RunTime:0.000000s ]
INFO: [ app_init ] --END-- [ RunTime:0.002000s ]
INFO: [ app_begin ] --START--
INFO: Run Behavior\ReadHtmlCacheBehavior [ RunTime:0.001000s ]
INFO: [ app_begin ] --END-- [ RunTime:0.002000s ]
NOTIC: [8] A session had already been started - ignoring session_start() E:\wamp\www\scuthelper\3\Application\Home\Controller\ProductsController.class.php 第 6 行.
NOTIC: [8] Undefined index: page E:\wamp\www\scuthelper\3\Application\Home\Controller\ProductsController.class.php 第 8 行.
SQL: SHOW COLUMNS FROM `categories` [ RunTime:0.0050s ]
SQL: SELECT * FROM `categories` WHERE ( category_id=1 ) LIMIT 1   [ RunTime:0.0010s ]
SQL: SHOW COLUMNS FROM `products` [ RunTime:0.0050s ]
SQL: SELECT * FROM `products` WHERE ( category=1 and quantity>quantity_sold and is_deleted=0 ) ORDER BY modify_time desc LIMIT 0,12   [ RunTime:0.0010s ]
SQL: SHOW COLUMNS FROM `pictures` [ RunTime:0.0050s ]
SQL: SELECT * FROM `pictures` WHERE ( subsequence=1 AND product_id=10 ) LIMIT 1   [ RunTime:0.0000s ]
SQL: SELECT * FROM `pictures` WHERE ( subsequence=1 AND product_id=8 ) LIMIT 1   [ RunTime:0.0010s ]
SQL: SELECT * FROM `pictures` WHERE ( subsequence=1 AND product_id=7 ) LIMIT 1   [ RunTime:0.0010s ]
SQL: SELECT * FROM `pictures` WHERE ( subsequence=1 AND product_id=1 ) LIMIT 1   [ RunTime:0.0010s ]
SQL: SHOW COLUMNS FROM `users` [ RunTime:0.0060s ]
SQL: SELECT * FROM `users` WHERE ( user_id=21 ) LIMIT 1   [ RunTime:0.0000s ]
SQL: SELECT * FROM `categories` WHERE ( category_id=1 ) LIMIT 1   [ RunTime:0.0000s ]
SQL: SELECT * FROM `categories` WHERE ( parent_category=0 )  [ RunTime:0.0010s ]
SQL: SELECT * FROM `categories` WHERE ( parent_category=1 )  [ RunTime:0.0010s ]
SQL: SELECT * FROM `categories` WHERE ( parent_category=3 )  [ RunTime:0.0000s ]
NOTIC: [2] file_get_contents(isMobile?user_agent=Mozilla/5.0 (Windows NT 6.1; WOW64; rv:45.0) Gecko/20100101 Firefox/45.0): failed to open stream: Result too large E:\wamp\www\scuthelper\3\Application\Home\Controller\ProductsController.class.php 第 54 行.
INFO: [ view_parse ] --START--
INFO: [ template_filter ] --START--
INFO: Run Behavior\ContentReplaceBehavior [ RunTime:0.000000s ]
INFO: [ template_filter ] --END-- [ RunTime:0.001000s ]
INFO: Run Behavior\ParseTemplateBehavior [ RunTime:0.019001s ]
INFO: [ view_parse ] --END-- [ RunTime:0.019001s ]
INFO: [ view_filter ] --START--
INFO: Run Behavior\WriteHtmlCacheBehavior [ RunTime:0.001000s ]
INFO: [ view_filter ] --END-- [ RunTime:0.001000s ]
INFO: [ view_parse ] --START--
INFO: [ template_filter ] --START--
INFO: Run Behavior\ContentReplaceBehavior [ RunTime:0.000000s ]
INFO: [ template_filter ] --END-- [ RunTime:-0.027002s ]

[ 2016-04-15T00:17:52+08:00 ] ::1 /scuthelper/3/market/type?category=1
INFO: [ app_init ] --START--
INFO: Run Behavior\BuildLiteBehavior [ RunTime:0.000000s ]
INFO: [ app_init ] --END-- [ RunTime:0.001000s ]
INFO: [ app_begin ] --START--
INFO: Run Behavior\ReadHtmlCacheBehavior [ RunTime:0.002000s ]
INFO: [ app_begin ] --END-- [ RunTime:0.002000s ]
NOTIC: [8] A session had already been started - ignoring session_start() E:\wamp\www\scuthelper\3\Application\Home\Controller\ProductsController.class.php 第 6 行.
NOTIC: [8] Undefined index: page E:\wamp\www\scuthelper\3\Application\Home\Controller\ProductsController.class.php 第 8 行.
SQL: SHOW COLUMNS FROM `categories` [ RunTime:0.0050s ]
SQL: SELECT * FROM `categories` WHERE ( category_id=1 ) LIMIT 1   [ RunTime:0.0010s ]
SQL: SHOW COLUMNS FROM `products` [ RunTime:0.0050s ]
SQL: SELECT * FROM `products` WHERE ( category=1 and quantity>quantity_sold and is_deleted=0 ) ORDER BY modify_time desc LIMIT 0,12   [ RunTime:0.0010s ]
SQL: SHOW COLUMNS FROM `pictures` [ RunTime:0.0040s ]
SQL: SELECT * FROM `pictures` WHERE ( subsequence=1 AND product_id=10 ) LIMIT 1   [ RunTime:0.0010s ]
SQL: SELECT * FROM `pictures` WHERE ( subsequence=1 AND product_id=8 ) LIMIT 1   [ RunTime:0.0010s ]
SQL: SELECT * FROM `pictures` WHERE ( subsequence=1 AND product_id=7 ) LIMIT 1   [ RunTime:0.0010s ]
SQL: SELECT * FROM `pictures` WHERE ( subsequence=1 AND product_id=1 ) LIMIT 1   [ RunTime:0.0000s ]
SQL: SHOW COLUMNS FROM `users` [ RunTime:0.0050s ]
SQL: SELECT * FROM `users` WHERE ( user_id=21 ) LIMIT 1   [ RunTime:0.0010s ]
SQL: SELECT * FROM `categories` WHERE ( category_id=1 ) LIMIT 1   [ RunTime:0.0000s ]
SQL: SELECT * FROM `categories` WHERE ( parent_category=0 )  [ RunTime:0.0000s ]
SQL: SELECT * FROM `categories` WHERE ( parent_category=1 )  [ RunTime:0.0010s ]
SQL: SELECT * FROM `categories` WHERE ( parent_category=3 )  [ RunTime:0.0010s ]
NOTIC: [2] file_get_contents(isMobile?user_agent=Mozilla/5.0 (Windows NT 6.1; WOW64; rv:45.0) Gecko/20100101 Firefox/45.0): failed to open stream: Result too large E:\wamp\www\scuthelper\3\Application\Home\Controller\ProductsController.class.php 第 54 行.
INFO: [ view_parse ] --START--
INFO: [ template_filter ] --START--
INFO: Run Behavior\ContentReplaceBehavior [ RunTime:0.001000s ]
INFO: [ template_filter ] --END-- [ RunTime:0.001000s ]
INFO: Run Behavior\ParseTemplateBehavior [ RunTime:0.019001s ]
INFO: [ view_parse ] --END-- [ RunTime:0.020001s ]
INFO: [ view_filter ] --START--
INFO: Run Behavior\WriteHtmlCacheBehavior [ RunTime:0.001001s ]
INFO: [ view_filter ] --END-- [ RunTime:0.001001s ]
INFO: [ view_parse ] --START--
INFO: [ template_filter ] --START--
INFO: Run Behavior\ContentReplaceBehavior [ RunTime:0.000000s ]
INFO: [ template_filter ] --END-- [ RunTime:-0.027002s ]
NOTIC: [8] Undefined variable: category_list_ E:\wamp\www\scuthelper\3\Application\Runtime\Cache\Home\949246e875b84c93f7b1e021832044b2.php 第 24 行.
NOTIC: [8] Undefined variable: category_list_ E:\wamp\www\scuthelper\3\Application\Runtime\Cache\Home\949246e875b84c93f7b1e021832044b2.php 第 24 行.
INFO: Run Behavior\ParseTemplateBehavior [ RunTime:0.030001s ]
INFO: [ view_parse ] --END-- [ RunTime:-0.002001s ]
INFO: [ view_filter ] --START--
INFO: Run Behavior\WriteHtmlCacheBehavior [ RunTime:0.000000s ]
INFO: [ view_filter ] --END-- [ RunTime:-0.031001s ]
INFO: [ view_parse ] --START--
INFO: [ template_filter ] --START--
INFO: Run Behavior\ContentReplaceBehavior [ RunTime:0.001000s ]
INFO: [ template_filter ] --END-- [ RunTime:-0.040003s ]
INFO: Run Behavior\ParseTemplateBehavior [ RunTime:0.006001s ]
INFO: [ view_parse ] --END-- [ RunTime:-0.033002s ]
INFO: [ view_filter ] --START--
INFO: Run Behavior\WriteHtmlCacheBehavior [ RunTime:0.000000s ]
INFO: [ view_filter ] --END-- [ RunTime:-0.039002s ]
NOTIC: [2] Cannot modify header information - headers already sent by (output started at E:\wamp\www\scuthelper\3\ThinkPHP\Library\Think\View.class.php:95) E:\wamp\www\scuthelper\3\ThinkPHP\Library\Think\View.class.php 第 91 行.
NOTIC: [2] Cannot modify header information - headers already sent by (output started at E:\wamp\www\scuthelper\3\ThinkPHP\Library\Think\View.class.php:95) E:\wamp\www\scuthelper\3\ThinkPHP\Library\Think\View.class.php 第 92 行.
NOTIC: [2] Cannot modify header information - headers already sent by (output started at E:\wamp\www\scuthelper\3\ThinkPHP\Library\Think\View.class.php:95) E:\wamp\www\scuthelper\3\ThinkPHP\Library\Think\View.class.php 第 93 行.
INFO: [ app_end ] --START--
INFO: Run Behavior\ShowPageTraceBehavior [ RunTime:0.001000s ]
INFO: [ app_end ] --END-- [ RunTime:0.003000s ]

[ 2016-04-15T00:18:09+08:00 ] ::1 /scuthelper/3/market/type?category=1
INFO: [ app_init ] --START--
INFO: Run Behavior\BuildLiteBehavior [ RunTime:0.000000s ]
INFO: [ app_init ] --END-- [ RunTime:0.001000s ]
INFO: [ app_begin ] --START--
INFO: Run Behavior\ReadHtmlCacheBehavior [ RunTime:0.002000s ]
INFO: [ app_begin ] --END-- [ RunTime:0.002000s ]
NOTIC: [8] A session had already been started - ignoring session_start() E:\wamp\www\scuthelper\3\Application\Home\Controller\ProductsController.class.php 第 6 行.
NOTIC: [8] Undefined index: page E:\wamp\www\scuthelper\3\Application\Home\Controller\ProductsController.class.php 第 8 行.
SQL: SHOW COLUMNS FROM `categories` [ RunTime:0.0040s ]
SQL: SELECT * FROM `categories` WHERE ( category_id=1 ) LIMIT 1   [ RunTime:0.0010s ]
SQL: SHOW COLUMNS FROM `products` [ RunTime:0.0040s ]
SQL: SELECT * FROM `products` WHERE ( category=1 and quantity>quantity_sold and is_deleted=0 ) ORDER BY modify_time desc LIMIT 0,12   [ RunTime:0.0020s ]
SQL: SHOW COLUMNS FROM `pictures` [ RunTime:0.0040s ]
SQL: SELECT * FROM `pictures` WHERE ( subsequence=1 AND product_id=10 ) LIMIT 1   [ RunTime:0.0010s ]
SQL: SELECT * FROM `pictures` WHERE ( subsequence=1 AND product_id=8 ) LIMIT 1   [ RunTime:0.0010s ]
SQL: SELECT * FROM `pictures` WHERE ( subsequence=1 AND product_id=7 ) LIMIT 1   [ RunTime:0.0010s ]
SQL: SELECT * FROM `pictures` WHERE ( subsequence=1 AND product_id=1 ) LIMIT 1   [ RunTime:0.0010s ]
SQL: SHOW COLUMNS FROM `users` [ RunTime:0.0040s ]
SQL: SELECT * FROM `users` WHERE ( user_id=21 ) LIMIT 1   [ RunTime:0.0010s ]
SQL: SELECT * FROM `categories` WHERE ( category_id=1 ) LIMIT 1   [ RunTime:0.0010s ]
SQL: SELECT * FROM `categories` WHERE ( parent_category=0 )  [ RunTime:0.0010s ]
SQL: SELECT * FROM `categories` WHERE ( parent_category=1 )  [ RunTime:0.0010s ]
SQL: SELECT * FROM `categories` WHERE ( parent_category=3 )  [ RunTime:0.0000s ]
NOTIC: [2] file_get_contents(isMobile?user_agent=Mozilla/5.0 (Windows NT 6.1; WOW64; rv:45.0) Gecko/20100101 Firefox/45.0): failed to open stream: Result too large E:\wamp\www\scuthelper\3\Application\Home\Controller\ProductsController.class.php 第 54 行.
INFO: [ view_parse ] --START--
INFO: [ template_filter ] --START--
INFO: Run Behavior\ContentReplaceBehavior [ RunTime:0.000000s ]
INFO: [ template_filter ] --END-- [ RunTime:0.001000s ]
INFO: Run Behavior\ParseTemplateBehavior [ RunTime:0.021001s ]
INFO: [ view_parse ] --END-- [ RunTime:0.022001s ]
INFO: [ view_filter ] --START--
INFO: Run Behavior\WriteHtmlCacheBehavior [ RunTime:0.001000s ]
INFO: [ view_filter ] --END-- [ RunTime:0.002000s ]
INFO: [ view_parse ] --START--
INFO: [ template_filter ] --START--
INFO: Run Behavior\ContentReplaceBehavior [ RunTime:0.000000s ]
INFO: [ template_filter ] --END-- [ RunTime:-0.030002s ]
INFO: Run Behavior\ParseTemplateBehavior [ RunTime:0.032002s ]
INFO: [ view_parse ] --END-- [ RunTime:-0.003000s ]
INFO: [ view_filter ] --START--
INFO: Run Behavior\WriteHtmlCacheBehavior [ RunTime:0.000000s ]
INFO: [ view_filter ] --END-- [ RunTime:-0.034002s ]
INFO: [ view_parse ] --START--
INFO: [ template_filter ] --START--
INFO: Run Behavior\ContentReplaceBehavior [ RunTime:0.000000s ]
INFO: [ template_filter ] --END-- [ RunTime:-0.047003s ]
INFO: Run Behavior\ParseTemplateBehavior [ RunTime:0.007001s ]
INFO: [ view_parse ] --END-- [ RunTime:-0.039002s ]
INFO: [ view_filter ] --START--
INFO: Run Behavior\WriteHtmlCacheBehavior [ RunTime:0.000000s ]
INFO: [ view_filter ] --END-- [ RunTime:-0.044003s ]
NOTIC: [2] Cannot modify header information - headers already sent by (output started at E:\wamp\www\scuthelper\3\ThinkPHP\Library\Think\View.class.php:95) E:\wamp\www\scuthelper\3\ThinkPHP\Library\Think\View.class.php 第 91 行.
NOTIC: [2] Cannot modify header information - headers already sent by (output started at E:\wamp\www\scuthelper\3\ThinkPHP\Library\Think\View.class.php:95) E:\wamp\www\scuthelper\3\ThinkPHP\Library\Think\View.class.php 第 92 行.
NOTIC: [2] Cannot modify header information - headers already sent by (output started at E:\wamp\www\scuthelper\3\ThinkPHP\Library\Think\View.class.php:95) E:\wamp\www\scuthelper\3\ThinkPHP\Library\Think\View.class.php 第 93 行.
INFO: [ app_end ] --START--
INFO: Run Behavior\ShowPageTraceBehavior [ RunTime:0.002000s ]
INFO: [ app_end ] --END-- [ RunTime:0.002000s ]

[ 2016-04-15T00:19:33+08:00 ] ::1 /scuthelper/3/market/type?category=1
INFO: [ app_init ] --START--
INFO: Run Behavior\BuildLiteBehavior [ RunTime:0.000000s ]
INFO: [ app_init ] --END-- [ RunTime:0.001000s ]
INFO: [ app_begin ] --START--
INFO: Run Behavior\ReadHtmlCacheBehavior [ RunTime:0.002000s ]
INFO: [ app_begin ] --END-- [ RunTime:0.002000s ]
NOTIC: [8] A session had already been started - ignoring session_start() E:\wamp\www\scuthelper\3\Application\Home\Controller\ProductsController.class.php 第 6 行.
NOTIC: [8] Undefined index: page E:\wamp\www\scuthelper\3\Application\Home\Controller\ProductsController.class.php 第 8 行.
SQL: SHOW COLUMNS FROM `categories` [ RunTime:0.0040s ]
SQL: SELECT * FROM `categories` WHERE ( category_id=1 ) LIMIT 1   [ RunTime:0.0000s ]
SQL: SHOW COLUMNS FROM `products` [ RunTime:0.0050s ]
SQL: SELECT * FROM `products` WHERE ( category=1 and quantity>quantity_sold and is_deleted=0 ) ORDER BY modify_time desc LIMIT 0,12   [ RunTime:0.0010s ]
SQL: SHOW COLUMNS FROM `pictures` [ RunTime:0.0040s ]
SQL: SELECT * FROM `pictures` WHERE ( subsequence=1 AND product_id=10 ) LIMIT 1   [ RunTime:0.0010s ]
SQL: SELECT * FROM `pictures` WHERE ( subsequence=1 AND product_id=8 ) LIMIT 1   [ RunTime:0.0000s ]
SQL: SELECT * FROM `pictures` WHERE ( subsequence=1 AND product_id=7 ) LIMIT 1   [ RunTime:0.0010s ]
SQL: SELECT * FROM `pictures` WHERE ( subsequence=1 AND product_id=1 ) LIMIT 1   [ RunTime:0.0000s ]
SQL: SHOW COLUMNS FROM `users` [ RunTime:0.0050s ]
SQL: SELECT * FROM `users` WHERE ( user_id=21 ) LIMIT 1   [ RunTime:0.0010s ]
SQL: SELECT * FROM `categories` WHERE ( category_id=1 ) LIMIT 1   [ RunTime:0.0010s ]
SQL: SELECT * FROM `categories` WHERE ( parent_category=0 )  [ RunTime:0.0000s ]
SQL: SELECT * FROM `categories` WHERE ( parent_category=1 )  [ RunTime:0.0010s ]
SQL: SELECT * FROM `categories` WHERE ( parent_category=3 )  [ RunTime:0.0000s ]
NOTIC: [2] file_get_contents(isMobile?user_agent=Mozilla/5.0 (Windows NT 6.1; WOW64; rv:45.0) Gecko/20100101 Firefox/45.0): failed to open stream: Result too large E:\wamp\www\scuthelper\3\Application\Home\Controller\ProductsController.class.php 第 54 行.
INFO: [ view_parse ] --START--
INFO: [ template_filter ] --START--
INFO: Run Behavior\ContentReplaceBehavior [ RunTime:0.000000s ]
INFO: [ template_filter ] --END-- [ RunTime:0.001000s ]
INFO: Run Behavior\ParseTemplateBehavior [ RunTime:0.021002s ]
INFO: [ view_parse ] --END-- [ RunTime:0.021002s ]
INFO: [ view_filter ] --START--
INFO: Run Behavior\WriteHtmlCacheBehavior [ RunTime:0.001000s ]
INFO: [ view_filter ] --END-- [ RunTime:0.001000s ]
INFO: [ view_parse ] --START--
INFO: [ template_filter ] --START--
INFO: Run Behavior\ContentReplaceBehavior [ RunTime:0.000000s ]
INFO: [ template_filter ] --END-- [ RunTime:-0.027002s ]
INFO: Run Behavior\ParseTemplateBehavior [ RunTime:0.032002s ]
INFO: [ view_parse ] --END-- [ RunTime:-0.003000s ]
INFO: [ view_filter ] --START--
INFO: Run Behavior\WriteHtmlCacheBehavior [ RunTime:0.000000s ]
INFO: [ view_filter ] --END-- [ RunTime:-0.034002s ]
INFO: [ view_parse ] --START--
INFO: [ template_filter ] --START--
INFO: Run Behavior\ContentReplaceBehavior [ RunTime:0.000000s ]
INFO: [ template_filter ] --END-- [ RunTime:-0.045003s ]
INFO: Run Behavior\ParseTemplateBehavior [ RunTime:0.007000s ]
INFO: [ view_parse ] --END-- [ RunTime:-0.037002s ]
INFO: [ view_filter ] --START--
INFO: Run Behavior\WriteHtmlCacheBehavior [ RunTime:0.000000s ]
INFO: [ view_filter ] --END-- [ RunTime:-0.044002s ]
NOTIC: [2] Cannot modify header information - headers already sent by (output started at E:\wamp\www\scuthelper\3\ThinkPHP\Library\Think\View.class.php:95) E:\wamp\www\scuthelper\3\ThinkPHP\Library\Think\View.class.php 第 91 行.
NOTIC: [2] Cannot modify header information - headers already sent by (output started at E:\wamp\www\scuthelper\3\ThinkPHP\Library\Think\View.class.php:95) E:\wamp\www\scuthelper\3\ThinkPHP\Library\Think\View.class.php 第 92 行.
NOTIC: [2] Cannot modify header information - headers already sent by (output started at E:\wamp\www\scuthelper\3\ThinkPHP\Library\Think\View.class.php:95) E:\wamp\www\scuthelper\3\ThinkPHP\Library\Think\View.class.php 第 93 行.
INFO: [ app_end ] --START--
INFO: Run Behavior\ShowPageTraceBehavior [ RunTime:0.002000s ]
INFO: [ app_end ] --END-- [ RunTime:0.002000s ]

[ 2016-04-15T00:30:33+08:00 ] ::1 /scuthelper/3/market/type?category=1
INFO: [ app_init ] --START--
INFO: Run Behavior\BuildLiteBehavior [ RunTime:0.000000s ]
INFO: [ app_init ] --END-- [ RunTime:0.001000s ]
INFO: [ app_begin ] --START--
INFO: Run Behavior\ReadHtmlCacheBehavior [ RunTime:0.001000s ]
INFO: [ app_begin ] --END-- [ RunTime:0.002000s ]
NOTIC: [8] A session had already been started - ignoring session_start() E:\wamp\www\scuthelper\3\Application\Home\Controller\ProductsController.class.php 第 6 行.
NOTIC: [8] Undefined index: page E:\wamp\www\scuthelper\3\Application\Home\Controller\ProductsController.class.php 第 8 行.
SQL: SHOW COLUMNS FROM `categories` [ RunTime:0.0040s ]
SQL: SELECT * FROM `categories` WHERE ( category_id=1 ) LIMIT 1   [ RunTime:0.0000s ]
SQL: SHOW COLUMNS FROM `products` [ RunTime:0.0050s ]
SQL: SELECT * FROM `products` WHERE ( category=1 and quantity>quantity_sold and is_deleted=0 ) ORDER BY modify_time desc LIMIT 0,12   [ RunTime:0.0010s ]
SQL: SHOW COLUMNS FROM `pictures` [ RunTime:0.0050s ]
SQL: SELECT * FROM `pictures` WHERE ( subsequence=1 AND product_id=10 ) LIMIT 1   [ RunTime:0.0010s ]
SQL: SELECT * FROM `pictures` WHERE ( subsequence=1 AND product_id=8 ) LIMIT 1   [ RunTime:0.0000s ]
SQL: SELECT * FROM `pictures` WHERE ( subsequence=1 AND product_id=7 ) LIMIT 1   [ RunTime:0.0000s ]
SQL: SELECT * FROM `pictures` WHERE ( subsequence=1 AND product_id=1 ) LIMIT 1   [ RunTime:0.0010s ]
SQL: SHOW COLUMNS FROM `users` [ RunTime:0.0040s ]
SQL: SELECT * FROM `users` WHERE ( user_id=21 ) LIMIT 1   [ RunTime:0.0010s ]
SQL: SELECT * FROM `categories` WHERE ( category_id=1 ) LIMIT 1   [ RunTime:0.0000s ]
SQL: SELECT * FROM `categories` WHERE ( parent_category=0 )  [ RunTime:0.0010s ]
SQL: SELECT * FROM `categories` WHERE ( parent_category=1 )  [ RunTime:0.0010s ]
SQL: SELECT * FROM `categories` WHERE ( parent_category=3 )  [ RunTime:0.0000s ]
NOTIC: [2] file_get_contents(isMobile?user_agent=Mozilla/5.0 (Windows NT 6.1; WOW64; rv:45.0) Gecko/20100101 Firefox/45.0): failed to open stream: Result too large E:\wamp\www\scuthelper\3\Application\Home\Controller\ProductsController.class.php 第 71 行.
INFO: [ view_parse ] --START--
INFO: [ template_filter ] --START--
INFO: Run Behavior\ContentReplaceBehavior [ RunTime:0.000000s ]
INFO: [ template_filter ] --END-- [ RunTime:0.001000s ]
INFO: Run Behavior\ParseTemplateBehavior [ RunTime:0.020001s ]
INFO: [ view_parse ] --END-- [ RunTime:0.020001s ]
INFO: [ view_filter ] --START--
INFO: Run Behavior\WriteHtmlCacheBehavior [ RunTime:0.000000s ]
INFO: [ view_filter ] --END-- [ RunTime:0.001000s ]
INFO: [ view_parse ] --START--
INFO: [ template_filter ] --START--
INFO: Run Behavior\ContentReplaceBehavior [ RunTime:0.000000s ]
INFO: [ template_filter ] --END-- [ RunTime:-0.028002s ]
NOTIC: [8] Array to string conversion E:\wamp\www\scuthelper\3\Application\Runtime\Cache\Home\949246e875b84c93f7b1e021832044b2.php 第 21 行.
NOTIC: [8] Array to string conversion E:\wamp\www\scuthelper\3\Application\Runtime\Cache\Home\949246e875b84c93f7b1e021832044b2.php 第 23 行.
NOTIC: [8] Undefined variable: category_list_1 E:\wamp\www\scuthelper\3\Application\Runtime\Cache\Home\949246e875b84c93f7b1e021832044b2.php 第 25 行.
NOTIC: [8] Array to string conversion E:\wamp\www\scuthelper\3\Application\Runtime\Cache\Home\949246e875b84c93f7b1e021832044b2.php 第 21 行.
NOTIC: [8] Array to string conversion E:\wamp\www\scuthelper\3\Application\Runtime\Cache\Home\949246e875b84c93f7b1e021832044b2.php 第 23 行.
NOTIC: [8] Undefined variable: category_list_1 E:\wamp\www\scuthelper\3\Application\Runtime\Cache\Home\949246e875b84c93f7b1e021832044b2.php 第 25 行.
INFO: Run Behavior\ParseTemplateBehavior [ RunTime:0.032002s ]
INFO: [ view_parse ] --END-- [ RunTime:-0.003000s ]
INFO: [ view_filter ] --START--
INFO: Run Behavior\WriteHtmlCacheBehavior [ RunTime:0.000000s ]
INFO: [ view_filter ] --END-- [ RunTime:-0.033002s ]
INFO: [ view_parse ] --START--
INFO: [ template_filter ] --START--
INFO: Run Behavior\ContentReplaceBehavior [ RunTime:0.001000s ]
INFO: [ template_filter ] --END-- [ RunTime:-0.044003s ]
INFO: Run Behavior\ParseTemplateBehavior [ RunTime:0.006001s ]
INFO: [ view_parse ] --END-- [ RunTime:-0.037002s ]
INFO: [ view_filter ] --START--
INFO: Run Behavior\WriteHtmlCacheBehavior [ RunTime:0.000000s ]
INFO: [ view_filter ] --END-- [ RunTime:-0.042003s ]
NOTIC: [2] Cannot modify header information - headers already sent by (output started at E:\wamp\www\scuthelper\3\ThinkPHP\Library\Think\View.class.php:95) E:\wamp\www\scuthelper\3\ThinkPHP\Library\Think\View.class.php 第 91 行.
NOTIC: [2] Cannot modify header information - headers already sent by (output started at E:\wamp\www\scuthelper\3\ThinkPHP\Library\Think\View.class.php:95) E:\wamp\www\scuthelper\3\ThinkPHP\Library\Think\View.class.php 第 92 行.
NOTIC: [2] Cannot modify header information - headers already sent by (output started at E:\wamp\www\scuthelper\3\ThinkPHP\Library\Think\View.class.php:95) E:\wamp\www\scuthelper\3\ThinkPHP\Library\Think\View.class.php 第 93 行.
INFO: [ app_end ] --START--
INFO: Run Behavior\ShowPageTraceBehavior [ RunTime:0.002000s ]
INFO: [ app_end ] --END-- [ RunTime:0.003000s ]

[ 2016-04-15T00:31:00+08:00 ] ::1 /scuthelper/3/market/type?category=2
INFO: [ app_init ] --START--
INFO: Run Behavior\BuildLiteBehavior [ RunTime:0.000000s ]
INFO: [ app_init ] --END-- [ RunTime:0.002000s ]
INFO: [ app_begin ] --START--
INFO: Run Behavior\ReadHtmlCacheBehavior [ RunTime:0.001000s ]
INFO: [ app_begin ] --END-- [ RunTime:0.002000s ]
NOTIC: [8] A session had already been started - ignoring session_start() E:\wamp\www\scuthelper\3\Application\Home\Controller\ProductsController.class.php 第 6 行.
NOTIC: [8] Undefined index: page E:\wamp\www\scuthelper\3\Application\Home\Controller\ProductsController.class.php 第 8 行.
SQL: SHOW COLUMNS FROM `categories` [ RunTime:0.0040s ]
SQL: SELECT * FROM `categories` WHERE ( category_id=2 ) LIMIT 1   [ RunTime:0.0010s ]
SQL: SHOW COLUMNS FROM `products` [ RunTime:0.0040s ]
SQL: SELECT * FROM `products` WHERE ( category=2 and quantity>quantity_sold and is_deleted=0 ) ORDER BY modify_time desc LIMIT 0,12   [ RunTime:0.0010s ]
NOTIC: [2] Invalid argument supplied for foreach() E:\wamp\www\scuthelper\3\Application\Home\Controller\ProductsController.class.php 第 22 行.
SQL: SHOW COLUMNS FROM `users` [ RunTime:0.0040s ]
SQL: SELECT * FROM `users` WHERE ( user_id=21 ) LIMIT 1   [ RunTime:0.0010s ]
SQL: SELECT * FROM `categories` WHERE ( category_id=2 ) LIMIT 1   [ RunTime:0.0000s ]
SQL: SELECT * FROM `categories` WHERE ( parent_category=0 )  [ RunTime:0.0010s ]
SQL: SELECT * FROM `categories` WHERE ( parent_category=1 )  [ RunTime:0.0010s ]
SQL: SELECT * FROM `categories` WHERE ( parent_category=3 )  [ RunTime:0.0000s ]
NOTIC: [2] file_get_contents(isMobile?user_agent=Mozilla/5.0 (Windows NT 6.1; WOW64; rv:45.0) Gecko/20100101 Firefox/45.0): failed to open stream: Result too large E:\wamp\www\scuthelper\3\Application\Home\Controller\ProductsController.class.php 第 71 行.
INFO: [ view_parse ] --START--
INFO: [ template_filter ] --START--
INFO: Run Behavior\ContentReplaceBehavior [ RunTime:0.000000s ]
INFO: [ template_filter ] --END-- [ RunTime:0.001000s ]
INFO: Run Behavior\ParseTemplateBehavior [ RunTime:0.022001s ]
INFO: [ view_parse ] --END-- [ RunTime:0.022001s ]
INFO: [ view_filter ] --START--
INFO: Run Behavior\WriteHtmlCacheBehavior [ RunTime:0.001000s ]
INFO: [ view_filter ] --END-- [ RunTime:0.002000s ]
INFO: [ view_parse ] --START--
INFO: [ template_filter ] --START--
INFO: Run Behavior\ContentReplaceBehavior [ RunTime:0.000000s ]
INFO: [ template_filter ] --END-- [ RunTime:-0.028002s ]
NOTIC: [8] Array to string conversion E:\wamp\www\scuthelper\3\Application\Runtime\Cache\Home\949246e875b84c93f7b1e021832044b2.php 第 21 行.
NOTIC: [8] Array to string conversion E:\wamp\www\scuthelper\3\Application\Runtime\Cache\Home\949246e875b84c93f7b1e021832044b2.php 第 23 行.
NOTIC: [8] Undefined variable: category_list_1 E:\wamp\www\scuthelper\3\Application\Runtime\Cache\Home\949246e875b84c93f7b1e021832044b2.php 第 25 行.
NOTIC: [8] Array to string conversion E:\wamp\www\scuthelper\3\Application\Runtime\Cache\Home\949246e875b84c93f7b1e021832044b2.php 第 21 行.
NOTIC: [8] Array to string conversion E:\wamp\www\scuthelper\3\Application\Runtime\Cache\Home\949246e875b84c93f7b1e021832044b2.php 第 23 行.
NOTIC: [8] Undefined variable: category_list_1 E:\wamp\www\scuthelper\3\Application\Runtime\Cache\Home\949246e875b84c93f7b1e021832044b2.php 第 25 行.
INFO: Run Behavior\ParseTemplateBehavior [ RunTime:0.030002s ]
INFO: [ view_parse ] --END-- [ RunTime:-0.003000s ]
INFO: [ view_filter ] --START--
INFO: Run Behavior\WriteHtmlCacheBehavior [ RunTime:0.000000s ]
INFO: [ view_filter ] --END-- [ RunTime:-0.032002s ]
INFO: [ view_parse ] --START--
INFO: [ template_filter ] --START--
INFO: Run Behavior\ContentReplaceBehavior [ RunTime:0.000000s ]
INFO: [ template_filter ] --END-- [ RunTime:-0.045003s ]
INFO: Run Behavior\ParseTemplateBehavior [ RunTime:0.006000s ]
INFO: [ view_parse ] --END-- [ RunTime:-0.036002s ]
INFO: [ view_filter ] --START--
INFO: Run Behavior\WriteHtmlCacheBehavior [ RunTime:0.000000s ]
INFO: [ view_filter ] --END-- [ RunTime:-0.040002s ]
NOTIC: [2] Cannot modify header information - headers already sent by (output started at E:\wamp\www\scuthelper\3\ThinkPHP\Library\Think\View.class.php:95) E:\wamp\www\scuthelper\3\ThinkPHP\Library\Think\View.class.php 第 91 行.
NOTIC: [2] Cannot modify header information - headers already sent by (output started at E:\wamp\www\scuthelper\3\ThinkPHP\Library\Think\View.class.php:95) E:\wamp\www\scuthelper\3\ThinkPHP\Library\Think\View.class.php 第 92 行.
NOTIC: [2] Cannot modify header information - headers already sent by (output started at E:\wamp\www\scuthelper\3\ThinkPHP\Library\Think\View.class.php:95) E:\wamp\www\scuthelper\3\ThinkPHP\Library\Think\View.class.php 第 93 行.
INFO: [ app_end ] --START--
INFO: Run Behavior\ShowPageTraceBehavior [ RunTime:0.002000s ]
INFO: [ app_end ] --END-- [ RunTime:0.002000s ]

[ 2016-04-15T00:32:14+08:00 ] ::1 /scuthelper/3/market/type?category=1
INFO: [ app_init ] --START--
INFO: Run Behavior\BuildLiteBehavior [ RunTime:0.001000s ]
INFO: [ app_init ] --END-- [ RunTime:0.002000s ]
INFO: [ app_begin ] --START--
INFO: Run Behavior\ReadHtmlCacheBehavior [ RunTime:0.002000s ]
INFO: [ app_begin ] --END-- [ RunTime:0.002000s ]
NOTIC: [8] A session had already been started - ignoring session_start() E:\wamp\www\scuthelper\3\Application\Home\Controller\ProductsController.class.php 第 6 行.
NOTIC: [8] Undefined index: page E:\wamp\www\scuthelper\3\Application\Home\Controller\ProductsController.class.php 第 8 行.
SQL: SHOW COLUMNS FROM `categories` [ RunTime:0.0050s ]
SQL: SELECT * FROM `categories` WHERE ( category_id=1 ) LIMIT 1   [ RunTime:0.0010s ]
SQL: SHOW COLUMNS FROM `products` [ RunTime:0.0040s ]
SQL: SELECT * FROM `products` WHERE ( category=1 and quantity>quantity_sold and is_deleted=0 ) ORDER BY modify_time desc LIMIT 0,12   [ RunTime:0.0010s ]
SQL: SHOW COLUMNS FROM `pictures` [ RunTime:0.0040s ]
SQL: SELECT * FROM `pictures` WHERE ( subsequence=1 AND product_id=10 ) LIMIT 1   [ RunTime:0.0010s ]
SQL: SELECT * FROM `pictures` WHERE ( subsequence=1 AND product_id=8 ) LIMIT 1   [ RunTime:0.0010s ]
SQL: SELECT * FROM `pictures` WHERE ( subsequence=1 AND product_id=7 ) LIMIT 1   [ RunTime:0.0000s ]
SQL: SELECT * FROM `pictures` WHERE ( subsequence=1 AND product_id=1 ) LIMIT 1   [ RunTime:0.0010s ]
SQL: SHOW COLUMNS FROM `users` [ RunTime:0.0050s ]
SQL: SELECT * FROM `users` WHERE ( user_id=21 ) LIMIT 1   [ RunTime:0.0010s ]
SQL: SELECT * FROM `categories` WHERE ( category_id=1 ) LIMIT 1   [ RunTime:0.0000s ]
SQL: SELECT * FROM `categories` WHERE ( parent_category=0 )  [ RunTime:0.0010s ]
SQL: SELECT * FROM `categories` WHERE ( parent_category=1 )  [ RunTime:0.0010s ]
SQL: SELECT * FROM `categories` WHERE ( parent_category=3 )  [ RunTime:0.0000s ]
NOTIC: [2] file_get_contents(isMobile?user_agent=Mozilla/5.0 (Windows NT 6.1; WOW64; rv:45.0) Gecko/20100101 Firefox/45.0): failed to open stream: Result too large E:\wamp\www\scuthelper\3\Application\Home\Controller\ProductsController.class.php 第 69 行.
INFO: [ view_parse ] --START--
INFO: [ template_filter ] --START--
INFO: Run Behavior\ContentReplaceBehavior [ RunTime:0.000000s ]
INFO: [ template_filter ] --END-- [ RunTime:0.001000s ]
INFO: Run Behavior\ParseTemplateBehavior [ RunTime:0.020001s ]
INFO: [ view_parse ] --END-- [ RunTime:0.020001s ]
INFO: [ view_filter ] --START--
INFO: Run Behavior\WriteHtmlCacheBehavior [ RunTime:0.001000s ]
INFO: [ view_filter ] --END-- [ RunTime:0.001000s ]
INFO: [ view_parse ] --START--
INFO: [ template_filter ] --START--
INFO: Run Behavior\ContentReplaceBehavior [ RunTime:0.000000s ]
INFO: [ template_filter ] --END-- [ RunTime:-0.023001s ]
INFO: Run Behavior\ParseTemplateBehavior [ RunTime:0.023001s ]
INFO: [ view_parse ] --END-- [ RunTime:-0.003000s ]
INFO: [ view_filter ] --START--
INFO: Run Behavior\WriteHtmlCacheBehavior [ RunTime:0.000000s ]
INFO: [ view_filter ] --END-- [ RunTime:-0.025001s ]
INFO: [ view_parse ] --START--
INFO: [ template_filter ] --START--
INFO: Run Behavior\ContentReplaceBehavior [ RunTime:0.000000s ]
INFO: [ template_filter ] --END-- [ RunTime:-0.036002s ]
INFO: Run Behavior\ParseTemplateBehavior [ RunTime:0.006001s ]
INFO: [ view_parse ] --END-- [ RunTime:-0.028001s ]
INFO: [ view_filter ] --START--
INFO: Run Behavior\WriteHtmlCacheBehavior [ RunTime:0.000000s ]
INFO: [ view_filter ] --END-- [ RunTime:-0.033002s ]
NOTIC: [2] Cannot modify header information - headers already sent by (output started at E:\wamp\www\scuthelper\3\ThinkPHP\Library\Think\View.class.php:95) E:\wamp\www\scuthelper\3\ThinkPHP\Library\Think\View.class.php 第 91 行.
NOTIC: [2] Cannot modify header information - headers already sent by (output started at E:\wamp\www\scuthelper\3\ThinkPHP\Library\Think\View.class.php:95) E:\wamp\www\scuthelper\3\ThinkPHP\Library\Think\View.class.php 第 92 行.
NOTIC: [2] Cannot modify header information - headers already sent by (output started at E:\wamp\www\scuthelper\3\ThinkPHP\Library\Think\View.class.php:95) E:\wamp\www\scuthelper\3\ThinkPHP\Library\Think\View.class.php 第 93 行.
INFO: [ app_end ] --START--
INFO: Run Behavior\ShowPageTraceBehavior [ RunTime:0.002000s ]
INFO: [ app_end ] --END-- [ RunTime:0.002000s ]

[ 2016-04-15T00:33:10+08:00 ] ::1 /scuthelper/3/market/type?category=3
INFO: [ app_init ] --START--
INFO: Run Behavior\BuildLiteBehavior [ RunTime:0.000000s ]
INFO: [ app_init ] --END-- [ RunTime:0.001000s ]
INFO: [ app_begin ] --START--
INFO: Run Behavior\ReadHtmlCacheBehavior [ RunTime:0.001000s ]
INFO: [ app_begin ] --END-- [ RunTime:0.002001s ]
NOTIC: [8] A session had already been started - ignoring session_start() E:\wamp\www\scuthelper\3\Application\Home\Controller\ProductsController.class.php 第 6 行.
NOTIC: [8] Undefined index: page E:\wamp\www\scuthelper\3\Application\Home\Controller\ProductsController.class.php 第 8 行.
SQL: SHOW COLUMNS FROM `categories` [ RunTime:0.0040s ]
SQL: SELECT * FROM `categories` WHERE ( category_id=3 ) LIMIT 1   [ RunTime:0.0000s ]
SQL: SHOW COLUMNS FROM `products` [ RunTime:0.0040s ]
SQL: SELECT * FROM `products` WHERE ( category=3 and quantity>quantity_sold and is_deleted=0 ) ORDER BY modify_time desc LIMIT 0,12   [ RunTime:0.0010s ]
NOTIC: [2] Invalid argument supplied for foreach() E:\wamp\www\scuthelper\3\Application\Home\Controller\ProductsController.class.php 第 22 行.
SQL: SHOW COLUMNS FROM `users` [ RunTime:0.0050s ]
SQL: SELECT * FROM `users` WHERE ( user_id=21 ) LIMIT 1   [ RunTime:0.0010s ]
SQL: SELECT * FROM `categories` WHERE ( category_id=3 ) LIMIT 1   [ RunTime:0.0010s ]
SQL: SELECT * FROM `categories` WHERE ( parent_category=0 )  [ RunTime:0.0010s ]
SQL: SELECT * FROM `categories` WHERE ( parent_category=1 )  [ RunTime:0.0000s ]
SQL: SELECT * FROM `categories` WHERE ( parent_category=3 )  [ RunTime:0.0010s ]
NOTIC: [2] file_get_contents(isMobile?user_agent=Mozilla/5.0 (Windows NT 6.1; WOW64; rv:45.0) Gecko/20100101 Firefox/45.0): failed to open stream: Result too large E:\wamp\www\scuthelper\3\Application\Home\Controller\ProductsController.class.php 第 69 行.
INFO: [ view_parse ] --START--
INFO: [ template_filter ] --START--
INFO: Run Behavior\ContentReplaceBehavior [ RunTime:0.000000s ]
INFO: [ template_filter ] --END-- [ RunTime:0.001000s ]
INFO: Run Behavior\ParseTemplateBehavior [ RunTime:0.021001s ]
INFO: [ view_parse ] --END-- [ RunTime:0.021001s ]
INFO: [ view_filter ] --START--
INFO: Run Behavior\WriteHtmlCacheBehavior [ RunTime:0.000000s ]
INFO: [ view_filter ] --END-- [ RunTime:0.002000s ]
INFO: [ view_parse ] --START--
INFO: [ template_filter ] --START--
INFO: Run Behavior\ContentReplaceBehavior [ RunTime:0.000000s ]
INFO: [ template_filter ] --END-- [ RunTime:-0.025001s ]
INFO: Run Behavior\ParseTemplateBehavior [ RunTime:0.028002s ]
INFO: [ view_parse ] --END-- [ RunTime:-0.003000s ]
INFO: [ view_filter ] --START--
INFO: Run Behavior\WriteHtmlCacheBehavior [ RunTime:0.000000s ]
INFO: [ view_filter ] --END-- [ RunTime:-0.029002s ]
INFO: [ view_parse ] --START--
INFO: [ template_filter ] --START--
INFO: Run Behavior\ContentReplaceBehavior [ RunTime:0.001000s ]
INFO: [ template_filter ] --END-- [ RunTime:-0.040002s ]
INFO: Run Behavior\ParseTemplateBehavior [ RunTime:0.007000s ]
INFO: [ view_parse ] --END-- [ RunTime:-0.033002s ]
INFO: [ view_filter ] --START--
INFO: Run Behavior\WriteHtmlCacheBehavior [ RunTime:0.000000s ]
INFO: [ view_filter ] --END-- [ RunTime:-0.038002s ]
NOTIC: [2] Cannot modify header information - headers already sent by (output started at E:\wamp\www\scuthelper\3\ThinkPHP\Library\Think\View.class.php:95) E:\wamp\www\scuthelper\3\ThinkPHP\Library\Think\View.class.php 第 91 行.
NOTIC: [2] Cannot modify header information - headers already sent by (output started at E:\wamp\www\scuthelper\3\ThinkPHP\Library\Think\View.class.php:95) E:\wamp\www\scuthelper\3\ThinkPHP\Library\Think\View.class.php 第 92 行.
NOTIC: [2] Cannot modify header information - headers already sent by (output started at E:\wamp\www\scuthelper\3\ThinkPHP\Library\Think\View.class.php:95) E:\wamp\www\scuthelper\3\ThinkPHP\Library\Think\View.class.php 第 93 行.
INFO: [ app_end ] --START--
INFO: Run Behavior\ShowPageTraceBehavior [ RunTime:0.002000s ]
INFO: [ app_end ] --END-- [ RunTime:0.002000s ]

[ 2016-04-15T00:34:29+08:00 ] ::1 /scuthelper/3/market/type?category=1
INFO: [ app_init ] --START--
INFO: Run Behavior\BuildLiteBehavior [ RunTime:0.000000s ]
INFO: [ app_init ] --END-- [ RunTime:0.001000s ]
INFO: [ app_begin ] --START--
INFO: Run Behavior\ReadHtmlCacheBehavior [ RunTime:0.001000s ]
INFO: [ app_begin ] --END-- [ RunTime:0.002000s ]
NOTIC: [8] A session had already been started - ignoring session_start() E:\wamp\www\scuthelper\3\Application\Home\Controller\ProductsController.class.php 第 6 行.
NOTIC: [8] Undefined index: page E:\wamp\www\scuthelper\3\Application\Home\Controller\ProductsController.class.php 第 8 行.
SQL: SHOW COLUMNS FROM `categories` [ RunTime:0.0040s ]
SQL: SELECT * FROM `categories` WHERE ( category_id=1 ) LIMIT 1   [ RunTime:0.0000s ]
SQL: SHOW COLUMNS FROM `products` [ RunTime:0.0040s ]
SQL: SELECT * FROM `products` WHERE ( category=1 and quantity>quantity_sold and is_deleted=0 ) ORDER BY modify_time desc LIMIT 0,12   [ RunTime:0.0010s ]
SQL: SHOW COLUMNS FROM `pictures` [ RunTime:0.0040s ]
SQL: SELECT * FROM `pictures` WHERE ( subsequence=1 AND product_id=10 ) LIMIT 1   [ RunTime:0.0010s ]
SQL: SELECT * FROM `pictures` WHERE ( subsequence=1 AND product_id=8 ) LIMIT 1   [ RunTime:0.0010s ]
SQL: SELECT * FROM `pictures` WHERE ( subsequence=1 AND product_id=7 ) LIMIT 1   [ RunTime:0.0000s ]
SQL: SELECT * FROM `pictures` WHERE ( subsequence=1 AND product_id=1 ) LIMIT 1   [ RunTime:0.0000s ]
SQL: SHOW COLUMNS FROM `users` [ RunTime:0.0040s ]
SQL: SELECT * FROM `users` WHERE ( user_id=21 ) LIMIT 1   [ RunTime:0.0030s ]
SQL: SELECT * FROM `categories` WHERE ( category_id=1 ) LIMIT 1   [ RunTime:0.0010s ]
SQL: SELECT * FROM `categories` WHERE ( parent_category=0 )  [ RunTime:0.0020s ]
SQL: SELECT * FROM `categories` WHERE ( parent_category=1 )  [ RunTime:0.0000s ]
SQL: SELECT * FROM `categories` WHERE ( parent_category=3 )  [ RunTime:0.0010s ]
NOTIC: [2] file_get_contents(isMobile?user_agent=Mozilla/5.0 (Windows NT 6.1; WOW64; rv:45.0) Gecko/20100101 Firefox/45.0): failed to open stream: Result too large E:\wamp\www\scuthelper\3\Application\Home\Controller\ProductsController.class.php 第 69 行.
INFO: [ view_parse ] --START--
INFO: [ template_filter ] --START--
INFO: Run Behavior\ContentReplaceBehavior [ RunTime:0.000000s ]
INFO: [ template_filter ] --END-- [ RunTime:0.001000s ]
INFO: Run Behavior\ParseTemplateBehavior [ RunTime:0.032002s ]
INFO: [ view_parse ] --END-- [ RunTime:0.032002s ]
INFO: [ view_filter ] --START--
INFO: Run Behavior\WriteHtmlCacheBehavior [ RunTime:0.001000s ]
INFO: [ view_filter ] --END-- [ RunTime:0.002000s ]
INFO: [ view_parse ] --START--
INFO: [ template_filter ] --START--
INFO: Run Behavior\ContentReplaceBehavior [ RunTime:0.001000s ]
INFO: [ template_filter ] --END-- [ RunTime:-0.022001s ]
INFO: Run Behavior\ParseTemplateBehavior [ RunTime:0.020001s ]
INFO: [ view_parse ] --END-- [ RunTime:-0.003000s ]
INFO: [ view_filter ] --START--
INFO: Run Behavior\WriteHtmlCacheBehavior [ RunTime:0.000000s ]
INFO: [ view_filter ] --END-- [ RunTime:-0.022001s ]
INFO: [ view_parse ] --START--
INFO: [ template_filter ] --START--
INFO: Run Behavior\ContentReplaceBehavior [ RunTime:0.000000s ]
INFO: [ template_filter ] --END-- [ RunTime:-0.033002s ]
INFO: Run Behavior\ParseTemplateBehavior [ RunTime:0.005001s ]
INFO: [ view_parse ] --END-- [ RunTime:-0.025001s ]
INFO: [ view_filter ] --START--
INFO: Run Behavior\WriteHtmlCacheBehavior [ RunTime:0.000000s ]
INFO: [ view_filter ] --END-- [ RunTime:-0.029002s ]
NOTIC: [2] Cannot modify header information - headers already sent by (output started at E:\wamp\www\scuthelper\3\ThinkPHP\Library\Think\View.class.php:95) E:\wamp\www\scuthelper\3\ThinkPHP\Library\Think\View.class.php 第 91 行.
NOTIC: [2] Cannot modify header information - headers already sent by (output started at E:\wamp\www\scuthelper\3\ThinkPHP\Library\Think\View.class.php:95) E:\wamp\www\scuthelper\3\ThinkPHP\Library\Think\View.class.php 第 92 行.
NOTIC: [2] Cannot modify header information - headers already sent by (output started at E:\wamp\www\scuthelper\3\ThinkPHP\Library\Think\View.class.php:95) E:\wamp\www\scuthelper\3\ThinkPHP\Library\Think\View.class.php 第 93 行.
INFO: [ app_end ] --START--
INFO: Run Behavior\ShowPageTraceBehavior [ RunTime:0.001000s ]
INFO: [ app_end ] --END-- [ RunTime:0.003000s ]

[ 2016-04-15T00:34:42+08:00 ] ::1 /scuthelper/3/market/type?category=3
INFO: [ app_init ] --START--
INFO: Run Behavior\BuildLiteBehavior [ RunTime:0.000000s ]
INFO: [ app_init ] --END-- [ RunTime:0.001000s ]
INFO: [ app_begin ] --START--
INFO: Run Behavior\ReadHtmlCacheBehavior [ RunTime:0.002000s ]
INFO: [ app_begin ] --END-- [ RunTime:0.002000s ]
NOTIC: [8] A session had already been started - ignoring session_start() E:\wamp\www\scuthelper\3\Application\Home\Controller\ProductsController.class.php 第 6 行.
NOTIC: [8] Undefined index: page E:\wamp\www\scuthelper\3\Application\Home\Controller\ProductsController.class.php 第 8 行.
SQL: SHOW COLUMNS FROM `categories` [ RunTime:0.0040s ]
SQL: SELECT * FROM `categories` WHERE ( category_id=3 ) LIMIT 1   [ RunTime:0.0000s ]
SQL: SHOW COLUMNS FROM `products` [ RunTime:0.0040s ]
SQL: SELECT * FROM `products` WHERE ( category=3 and quantity>quantity_sold and is_deleted=0 ) ORDER BY modify_time desc LIMIT 0,12   [ RunTime:0.0010s ]
NOTIC: [2] Invalid argument supplied for foreach() E:\wamp\www\scuthelper\3\Application\Home\Controller\ProductsController.class.php 第 22 行.
SQL: SHOW COLUMNS FROM `users` [ RunTime:0.0050s ]
SQL: SELECT * FROM `users` WHERE ( user_id=21 ) LIMIT 1   [ RunTime:0.0000s ]
SQL: SELECT * FROM `categories` WHERE ( category_id=3 ) LIMIT 1   [ RunTime:0.0010s ]
SQL: SELECT * FROM `categories` WHERE ( parent_category=0 )  [ RunTime:0.0010s ]
SQL: SELECT * FROM `categories` WHERE ( parent_category=1 )  [ RunTime:0.0000s ]
SQL: SELECT * FROM `categories` WHERE ( parent_category=3 )  [ RunTime:0.0000s ]
NOTIC: [2] file_get_contents(isMobile?user_agent=Mozilla/5.0 (Windows NT 6.1; WOW64; rv:45.0) Gecko/20100101 Firefox/45.0): failed to open stream: Result too large E:\wamp\www\scuthelper\3\Application\Home\Controller\ProductsController.class.php 第 69 行.
INFO: [ view_parse ] --START--
INFO: [ template_filter ] --START--
INFO: Run Behavior\ContentReplaceBehavior [ RunTime:0.000000s ]
INFO: [ template_filter ] --END-- [ RunTime:0.002000s ]
INFO: Run Behavior\ParseTemplateBehavior [ RunTime:0.022001s ]
INFO: [ view_parse ] --END-- [ RunTime:0.022001s ]
INFO: [ view_filter ] --START--
INFO: Run Behavior\WriteHtmlCacheBehavior [ RunTime:0.001000s ]
INFO: [ view_filter ] --END-- [ RunTime:0.002000s ]
INFO: [ view_parse ] --START--
INFO: [ template_filter ] --START--
INFO: Run Behavior\ContentReplaceBehavior [ RunTime:0.000000s ]
INFO: [ template_filter ] --END-- [ RunTime:-0.023001s ]
INFO: Run Behavior\ParseTemplateBehavior [ RunTime:0.023002s ]
INFO: [ view_parse ] --END-- [ RunTime:-0.003000s ]
INFO: [ view_filter ] --START--
INFO: Run Behavior\WriteHtmlCacheBehavior [ RunTime:0.000000s ]
INFO: [ view_filter ] --END-- [ RunTime:-0.025002s ]
INFO: [ view_parse ] --START--
INFO: [ template_filter ] --START--
INFO: Run Behavior\ContentReplaceBehavior [ RunTime:0.000000s ]
INFO: [ template_filter ] --END-- [ RunTime:-0.037002s ]
INFO: Run Behavior\ParseTemplateBehavior [ RunTime:0.007000s ]
INFO: [ view_parse ] --END-- [ RunTime:-0.028002s ]
INFO: [ view_filter ] --START--
INFO: Run Behavior\WriteHtmlCacheBehavior [ RunTime:0.000000s ]
INFO: [ view_filter ] --END-- [ RunTime:-0.035002s ]
NOTIC: [2] Cannot modify header information - headers already sent by (output started at E:\wamp\www\scuthelper\3\ThinkPHP\Library\Think\View.class.php:95) E:\wamp\www\scuthelper\3\ThinkPHP\Library\Think\View.class.php 第 91 行.
NOTIC: [2] Cannot modify header information - headers already sent by (output started at E:\wamp\www\scuthelper\3\ThinkPHP\Library\Think\View.class.php:95) E:\wamp\www\scuthelper\3\ThinkPHP\Library\Think\View.class.php 第 92 行.
NOTIC: [2] Cannot modify header information - headers already sent by (output started at E:\wamp\www\scuthelper\3\ThinkPHP\Library\Think\View.class.php:95) E:\wamp\www\scuthelper\3\ThinkPHP\Library\Think\View.class.php 第 93 行.
INFO: [ app_end ] --START--
INFO: Run Behavior\ShowPageTraceBehavior [ RunTime:0.002001s ]
INFO: [ app_end ] --END-- [ RunTime:0.002001s ]

[ 2016-04-15T00:35:27+08:00 ] ::1 /scuthelper/3/market/type?category=3
INFO: [ app_init ] --START--
INFO: Run Behavior\BuildLiteBehavior [ RunTime:0.000000s ]
INFO: [ app_init ] --END-- [ RunTime:0.003000s ]
INFO: [ app_begin ] --START--
INFO: Run Behavior\ReadHtmlCacheBehavior [ RunTime:0.003000s ]
INFO: [ app_begin ] --END-- [ RunTime:0.003000s ]
NOTIC: [8] A session had already been started - ignoring session_start() E:\wamp\www\scuthelper\3\Application\Home\Controller\ProductsController.class.php 第 6 行.
NOTIC: [8] Undefined index: page E:\wamp\www\scuthelper\3\Application\Home\Controller\ProductsController.class.php 第 8 行.
SQL: SHOW COLUMNS FROM `categories` [ RunTime:0.0050s ]
SQL: SELECT * FROM `categories` WHERE ( category_id=3 ) LIMIT 1   [ RunTime:0.0010s ]
SQL: SHOW COLUMNS FROM `products` [ RunTime:0.0050s ]
SQL: SELECT * FROM `products` WHERE ( category=3 and quantity>quantity_sold and is_deleted=0 ) ORDER BY modify_time desc LIMIT 0,12   [ RunTime:0.0010s ]
NOTIC: [2] Invalid argument supplied for foreach() E:\wamp\www\scuthelper\3\Application\Home\Controller\ProductsController.class.php 第 22 行.
SQL: SHOW COLUMNS FROM `users` [ RunTime:0.0040s ]
SQL: SELECT * FROM `users` WHERE ( user_id=21 ) LIMIT 1   [ RunTime:0.0010s ]
SQL: SELECT * FROM `categories` WHERE ( category_id=3 ) LIMIT 1   [ RunTime:0.0010s ]
SQL: SELECT * FROM `categories` WHERE ( parent_category=0 )  [ RunTime:0.0010s ]
SQL: SELECT * FROM `categories` WHERE ( parent_category=1 )  [ RunTime:0.0000s ]
SQL: SELECT * FROM `categories` WHERE ( parent_category=3 )  [ RunTime:0.0000s ]
NOTIC: [2] file_get_contents(isMobile?user_agent=Mozilla/5.0 (Windows NT 6.1; WOW64; rv:45.0) Gecko/20100101 Firefox/45.0): failed to open stream: Result too large E:\wamp\www\scuthelper\3\Application\Home\Controller\ProductsController.class.php 第 69 行.
INFO: [ view_parse ] --START--
INFO: [ template_filter ] --START--
INFO: Run Behavior\ContentReplaceBehavior [ RunTime:0.000000s ]
INFO: [ template_filter ] --END-- [ RunTime:0.001000s ]
INFO: Run Behavior\ParseTemplateBehavior [ RunTime:0.020001s ]
INFO: [ view_parse ] --END-- [ RunTime:0.021001s ]
INFO: [ view_filter ] --START--
INFO: Run Behavior\WriteHtmlCacheBehavior [ RunTime:0.002000s ]
INFO: [ view_filter ] --END-- [ RunTime:0.002000s ]
INFO: [ view_parse ] --START--
INFO: [ template_filter ] --START--
INFO: Run Behavior\ContentReplaceBehavior [ RunTime:0.001000s ]
INFO: [ template_filter ] --END-- [ RunTime:-0.023001s ]
INFO: Run Behavior\ParseTemplateBehavior [ RunTime:0.024002s ]
INFO: [ view_parse ] --END-- [ RunTime:-0.003000s ]
INFO: [ view_filter ] --START--
INFO: Run Behavior\WriteHtmlCacheBehavior [ RunTime:0.000000s ]
INFO: [ view_filter ] --END-- [ RunTime:-0.026002s ]
INFO: [ view_parse ] --START--
INFO: [ template_filter ] --START--
INFO: Run Behavior\ContentReplaceBehavior [ RunTime:0.000000s ]
INFO: [ template_filter ] --END-- [ RunTime:-0.038002s ]
INFO: Run Behavior\ParseTemplateBehavior [ RunTime:0.008000s ]
INFO: [ view_parse ] --END-- [ RunTime:-0.029002s ]
INFO: [ view_filter ] --START--
INFO: Run Behavior\WriteHtmlCacheBehavior [ RunTime:0.000000s ]
INFO: [ view_filter ] --END-- [ RunTime:-0.036002s ]
NOTIC: [2] Cannot modify header information - headers already sent by (output started at E:\wamp\www\scuthelper\3\ThinkPHP\Library\Think\View.class.php:95) E:\wamp\www\scuthelper\3\ThinkPHP\Library\Think\View.class.php 第 91 行.
NOTIC: [2] Cannot modify header information - headers already sent by (output started at E:\wamp\www\scuthelper\3\ThinkPHP\Library\Think\View.class.php:95) E:\wamp\www\scuthelper\3\ThinkPHP\Library\Think\View.class.php 第 92 行.
NOTIC: [2] Cannot modify header information - headers already sent by (output started at E:\wamp\www\scuthelper\3\ThinkPHP\Library\Think\View.class.php:95) E:\wamp\www\scuthelper\3\ThinkPHP\Library\Think\View.class.php 第 93 行.
INFO: [ app_end ] --START--
INFO: Run Behavior\ShowPageTraceBehavior [ RunTime:0.002000s ]
INFO: [ app_end ] --END-- [ RunTime:0.002000s ]

[ 2016-04-15T00:35:32+08:00 ] ::1 /scuthelper/3/market/type?category=2
INFO: [ app_init ] --START--
INFO: Run Behavior\BuildLiteBehavior [ RunTime:0.000000s ]
INFO: [ app_init ] --END-- [ RunTime:0.001000s ]
INFO: [ app_begin ] --START--
INFO: Run Behavior\ReadHtmlCacheBehavior [ RunTime:0.001000s ]
INFO: [ app_begin ] --END-- [ RunTime:0.002000s ]
NOTIC: [8] A session had already been started - ignoring session_start() E:\wamp\www\scuthelper\3\Application\Home\Controller\ProductsController.class.php 第 6 行.
NOTIC: [8] Undefined index: page E:\wamp\www\scuthelper\3\Application\Home\Controller\ProductsController.class.php 第 8 行.
SQL: SHOW COLUMNS FROM `categories` [ RunTime:0.0040s ]
SQL: SELECT * FROM `categories` WHERE ( category_id=2 ) LIMIT 1   [ RunTime:0.0000s ]
SQL: SHOW COLUMNS FROM `products` [ RunTime:0.0040s ]
SQL: SELECT * FROM `products` WHERE ( category=2 and quantity>quantity_sold and is_deleted=0 ) ORDER BY modify_time desc LIMIT 0,12   [ RunTime:0.0010s ]
NOTIC: [2] Invalid argument supplied for foreach() E:\wamp\www\scuthelper\3\Application\Home\Controller\ProductsController.class.php 第 22 行.
SQL: SHOW COLUMNS FROM `users` [ RunTime:0.0040s ]
SQL: SELECT * FROM `users` WHERE ( user_id=21 ) LIMIT 1   [ RunTime:0.0010s ]
SQL: SELECT * FROM `categories` WHERE ( category_id=2 ) LIMIT 1   [ RunTime:0.0010s ]
SQL: SELECT * FROM `categories` WHERE ( parent_category=0 )  [ RunTime:0.0010s ]
SQL: SELECT * FROM `categories` WHERE ( parent_category=1 )  [ RunTime:0.0000s ]
SQL: SELECT * FROM `categories` WHERE ( parent_category=3 )  [ RunTime:0.0010s ]
NOTIC: [2] file_get_contents(isMobile?user_agent=Mozilla/5.0 (Windows NT 6.1; WOW64; rv:45.0) Gecko/20100101 Firefox/45.0): failed to open stream: Result too large E:\wamp\www\scuthelper\3\Application\Home\Controller\ProductsController.class.php 第 69 行.
INFO: [ view_parse ] --START--
INFO: [ template_filter ] --START--
INFO: Run Behavior\ContentReplaceBehavior [ RunTime:0.001000s ]
INFO: [ template_filter ] --END-- [ RunTime:0.001000s ]
INFO: Run Behavior\ParseTemplateBehavior [ RunTime:0.020001s ]
INFO: [ view_parse ] --END-- [ RunTime:0.022001s ]
INFO: [ view_filter ] --START--
INFO: Run Behavior\WriteHtmlCacheBehavior [ RunTime:0.001000s ]
INFO: [ view_filter ] --END-- [ RunTime:0.001000s ]
INFO: [ view_parse ] --START--
INFO: [ template_filter ] --START--
INFO: Run Behavior\ContentReplaceBehavior [ RunTime:0.000000s ]
INFO: [ template_filter ] --END-- [ RunTime:-0.024001s ]
INFO: Run Behavior\ParseTemplateBehavior [ RunTime:0.024001s ]
INFO: [ view_parse ] --END-- [ RunTime:-0.002000s ]
INFO: [ view_filter ] --START--
INFO: Run Behavior\WriteHtmlCacheBehavior [ RunTime:0.000000s ]
INFO: [ view_filter ] --END-- [ RunTime:-0.026001s ]
INFO: [ view_parse ] --START--
INFO: [ template_filter ] --START--
INFO: Run Behavior\ContentReplaceBehavior [ RunTime:0.000000s ]
INFO: [ template_filter ] --END-- [ RunTime:-0.038002s ]
INFO: Run Behavior\ParseTemplateBehavior [ RunTime:0.008001s ]
INFO: [ view_parse ] --END-- [ RunTime:-0.029001s ]
INFO: [ view_filter ] --START--
INFO: Run Behavior\WriteHtmlCacheBehavior [ RunTime:0.001000s ]
INFO: [ view_filter ] --END-- [ RunTime:-0.036002s ]
NOTIC: [2] Cannot modify header information - headers already sent by (output started at E:\wamp\www\scuthelper\3\ThinkPHP\Library\Think\View.class.php:95) E:\wamp\www\scuthelper\3\ThinkPHP\Library\Think\View.class.php 第 91 行.
NOTIC: [2] Cannot modify header information - headers already sent by (output started at E:\wamp\www\scuthelper\3\ThinkPHP\Library\Think\View.class.php:95) E:\wamp\www\scuthelper\3\ThinkPHP\Library\Think\View.class.php 第 92 行.
NOTIC: [2] Cannot modify header information - headers already sent by (output started at E:\wamp\www\scuthelper\3\ThinkPHP\Library\Think\View.class.php:95) E:\wamp\www\scuthelper\3\ThinkPHP\Library\Think\View.class.php 第 93 行.
INFO: [ app_end ] --START--
INFO: Run Behavior\ShowPageTraceBehavior [ RunTime:0.002000s ]
INFO: [ app_end ] --END-- [ RunTime:0.002000s ]

[ 2016-04-15T00:35:36+08:00 ] ::1 /scuthelper/3/market/type?category=3
INFO: [ app_init ] --START--
INFO: Run Behavior\BuildLiteBehavior [ RunTime:0.000000s ]
INFO: [ app_init ] --END-- [ RunTime:0.001000s ]
INFO: [ app_begin ] --START--
INFO: Run Behavior\ReadHtmlCacheBehavior [ RunTime:0.001000s ]
INFO: [ app_begin ] --END-- [ RunTime:0.003000s ]
NOTIC: [8] A session had already been started - ignoring session_start() E:\wamp\www\scuthelper\3\Application\Home\Controller\ProductsController.class.php 第 6 行.
NOTIC: [8] Undefined index: page E:\wamp\www\scuthelper\3\Application\Home\Controller\ProductsController.class.php 第 8 行.
SQL: SHOW COLUMNS FROM `categories` [ RunTime:0.0040s ]
SQL: SELECT * FROM `categories` WHERE ( category_id=3 ) LIMIT 1   [ RunTime:0.0000s ]
SQL: SHOW COLUMNS FROM `products` [ RunTime:0.0050s ]
SQL: SELECT * FROM `products` WHERE ( category=3 and quantity>quantity_sold and is_deleted=0 ) ORDER BY modify_time desc LIMIT 0,12   [ RunTime:0.0000s ]
NOTIC: [2] Invalid argument supplied for foreach() E:\wamp\www\scuthelper\3\Application\Home\Controller\ProductsController.class.php 第 22 行.
SQL: SHOW COLUMNS FROM `users` [ RunTime:0.0050s ]
SQL: SELECT * FROM `users` WHERE ( user_id=21 ) LIMIT 1   [ RunTime:0.0010s ]
SQL: SELECT * FROM `categories` WHERE ( category_id=3 ) LIMIT 1   [ RunTime:0.0000s ]
SQL: SELECT * FROM `categories` WHERE ( parent_category=0 )  [ RunTime:0.0010s ]
SQL: SELECT * FROM `categories` WHERE ( parent_category=1 )  [ RunTime:0.0010s ]
SQL: SELECT * FROM `categories` WHERE ( parent_category=3 )  [ RunTime:0.0010s ]
NOTIC: [2] file_get_contents(isMobile?user_agent=Mozilla/5.0 (Windows NT 6.1; WOW64; rv:45.0) Gecko/20100101 Firefox/45.0): failed to open stream: Result too large E:\wamp\www\scuthelper\3\Application\Home\Controller\ProductsController.class.php 第 69 行.
INFO: [ view_parse ] --START--
INFO: [ template_filter ] --START--
INFO: Run Behavior\ContentReplaceBehavior [ RunTime:0.000000s ]
INFO: [ template_filter ] --END-- [ RunTime:0.001000s ]
INFO: Run Behavior\ParseTemplateBehavior [ RunTime:0.019001s ]
INFO: [ view_parse ] --END-- [ RunTime:0.020001s ]
INFO: [ view_filter ] --START--
INFO: Run Behavior\WriteHtmlCacheBehavior [ RunTime:0.001000s ]
INFO: [ view_filter ] --END-- [ RunTime:0.001000s ]
INFO: [ view_parse ] --START--
INFO: [ template_filter ] --START--
INFO: Run Behavior\ContentReplaceBehavior [ RunTime:0.000000s ]
INFO: [ template_filter ] --END-- [ RunTime:-0.024001s ]
INFO: Run Behavior\ParseTemplateBehavior [ RunTime:0.025002s ]
INFO: [ view_parse ] --END-- [ RunTime:-0.003000s ]
INFO: [ view_filter ] --START--
INFO: Run Behavior\WriteHtmlCacheBehavior [ RunTime:0.001000s ]
INFO: [ view_filter ] --END-- [ RunTime:-0.026002s ]
INFO: [ view_parse ] --START--
INFO: [ template_filter ] --START--
INFO: Run Behavior\ContentReplaceBehavior [ RunTime:0.000000s ]
INFO: [ template_filter ] --END-- [ RunTime:-0.037002s ]
INFO: Run Behavior\ParseTemplateBehavior [ RunTime:0.007000s ]
INFO: [ view_parse ] --END-- [ RunTime:-0.030002s ]
INFO: [ view_filter ] --START--
INFO: Run Behavior\WriteHtmlCacheBehavior [ RunTime:0.000000s ]
INFO: [ view_filter ] --END-- [ RunTime:-0.036002s ]
NOTIC: [2] Cannot modify header information - headers already sent by (output started at E:\wamp\www\scuthelper\3\ThinkPHP\Library\Think\View.class.php:95) E:\wamp\www\scuthelper\3\ThinkPHP\Library\Think\View.class.php 第 91 行.
NOTIC: [2] Cannot modify header information - headers already sent by (output started at E:\wamp\www\scuthelper\3\ThinkPHP\Library\Think\View.class.php:95) E:\wamp\www\scuthelper\3\ThinkPHP\Library\Think\View.class.php 第 92 行.
NOTIC: [2] Cannot modify header information - headers already sent by (output started at E:\wamp\www\scuthelper\3\ThinkPHP\Library\Think\View.class.php:95) E:\wamp\www\scuthelper\3\ThinkPHP\Library\Think\View.class.php 第 93 行.
INFO: [ app_end ] --START--
INFO: Run Behavior\ShowPageTraceBehavior [ RunTime:0.002000s ]
INFO: [ app_end ] --END-- [ RunTime:0.002000s ]

[ 2016-04-15T00:36:02+08:00 ] ::1 /scuthelper/3/market/type?category=3
INFO: [ app_init ] --START--
INFO: Run Behavior\BuildLiteBehavior [ RunTime:0.000000s ]
INFO: [ app_init ] --END-- [ RunTime:0.001000s ]
INFO: [ app_begin ] --START--
INFO: Run Behavior\ReadHtmlCacheBehavior [ RunTime:0.002000s ]
INFO: [ app_begin ] --END-- [ RunTime:0.002000s ]
NOTIC: [8] A session had already been started - ignoring session_start() E:\wamp\www\scuthelper\3\Application\Home\Controller\ProductsController.class.php 第 6 行.
NOTIC: [8] Undefined index: page E:\wamp\www\scuthelper\3\Application\Home\Controller\ProductsController.class.php 第 8 行.
SQL: SHOW COLUMNS FROM `categories` [ RunTime:0.0050s ]
SQL: SELECT * FROM `categories` WHERE ( category_id=3 ) LIMIT 1   [ RunTime:0.0010s ]
SQL: SHOW COLUMNS FROM `products` [ RunTime:0.0050s ]
SQL: SELECT * FROM `products` WHERE ( category=3 and quantity>quantity_sold and is_deleted=0 ) ORDER BY modify_time desc LIMIT 0,12   [ RunTime:0.0010s ]
NOTIC: [2] Invalid argument supplied for foreach() E:\wamp\www\scuthelper\3\Application\Home\Controller\ProductsController.class.php 第 22 行.
SQL: SHOW COLUMNS FROM `users` [ RunTime:0.0040s ]
SQL: SELECT * FROM `users` WHERE ( user_id=21 ) LIMIT 1   [ RunTime:0.0010s ]
SQL: SELECT * FROM `categories` WHERE ( category_id=3 ) LIMIT 1   [ RunTime:0.0010s ]
SQL: SELECT * FROM `categories` WHERE ( parent_category=0 )  [ RunTime:0.0000s ]
SQL: SELECT * FROM `categories` WHERE ( parent_category=1 )  [ RunTime:0.0000s ]
SQL: SELECT * FROM `categories` WHERE ( parent_category=3 )  [ RunTime:0.0010s ]
NOTIC: [2] file_get_contents(isMobile?user_agent=Mozilla/5.0 (Windows NT 6.1; WOW64; rv:45.0) Gecko/20100101 Firefox/45.0): failed to open stream: Result too large E:\wamp\www\scuthelper\3\Application\Home\Controller\ProductsController.class.php 第 69 行.
INFO: [ view_parse ] --START--
INFO: [ template_filter ] --START--
INFO: Run Behavior\ContentReplaceBehavior [ RunTime:0.001000s ]
INFO: [ template_filter ] --END-- [ RunTime:0.001000s ]
INFO: Run Behavior\ParseTemplateBehavior [ RunTime:0.021002s ]
INFO: [ view_parse ] --END-- [ RunTime:0.021002s ]
INFO: [ view_filter ] --START--
INFO: Run Behavior\WriteHtmlCacheBehavior [ RunTime:0.001000s ]
INFO: [ view_filter ] --END-- [ RunTime:0.002000s ]
INFO: [ view_parse ] --START--
INFO: [ template_filter ] --START--
INFO: Run Behavior\ContentReplaceBehavior [ RunTime:0.000000s ]
INFO: [ template_filter ] --END-- [ RunTime:-0.024002s ]
INFO: Run Behavior\ParseTemplateBehavior [ RunTime:0.024001s ]
INFO: [ view_parse ] --END-- [ RunTime:-0.003000s ]
INFO: [ view_filter ] --START--
INFO: Run Behavior\WriteHtmlCacheBehavior [ RunTime:0.000000s ]
INFO: [ view_filter ] --END-- [ RunTime:-0.025001s ]
INFO: [ view_parse ] --START--
INFO: [ template_filter ] --START--
INFO: Run Behavior\ContentReplaceBehavior [ RunTime:0.001000s ]
INFO: [ template_filter ] --END-- [ RunTime:-0.037002s ]
INFO: Run Behavior\ParseTemplateBehavior [ RunTime:0.007001s ]
INFO: [ view_parse ] --END-- [ RunTime:-0.029001s ]
INFO: [ view_filter ] --START--
INFO: Run Behavior\WriteHtmlCacheBehavior [ RunTime:0.000000s ]
INFO: [ view_filter ] --END-- [ RunTime:-0.034002s ]
NOTIC: [2] Cannot modify header information - headers already sent by (output started at E:\wamp\www\scuthelper\3\ThinkPHP\Library\Think\View.class.php:95) E:\wamp\www\scuthelper\3\ThinkPHP\Library\Think\View.class.php 第 91 行.
NOTIC: [2] Cannot modify header information - headers already sent by (output started at E:\wamp\www\scuthelper\3\ThinkPHP\Library\Think\View.class.php:95) E:\wamp\www\scuthelper\3\ThinkPHP\Library\Think\View.class.php 第 92 行.
NOTIC: [2] Cannot modify header information - headers already sent by (output started at E:\wamp\www\scuthelper\3\ThinkPHP\Library\Think\View.class.php:95) E:\wamp\www\scuthelper\3\ThinkPHP\Library\Think\View.class.php 第 93 行.
INFO: [ app_end ] --START--
INFO: Run Behavior\ShowPageTraceBehavior [ RunTime:0.001000s ]
INFO: [ app_end ] --END-- [ RunTime:0.001000s ]

[ 2016-04-15T00:36:29+08:00 ] ::1 /scuthelper/3/market/type?category=3
INFO: [ app_init ] --START--
INFO: Run Behavior\BuildLiteBehavior [ RunTime:0.000000s ]
INFO: [ app_init ] --END-- [ RunTime:0.001000s ]
INFO: [ app_begin ] --START--
INFO: Run Behavior\ReadHtmlCacheBehavior [ RunTime:0.001000s ]
INFO: [ app_begin ] --END-- [ RunTime:0.003000s ]
NOTIC: [8] A session had already been started - ignoring session_start() E:\wamp\www\scuthelper\3\Application\Home\Controller\ProductsController.class.php 第 6 行.
NOTIC: [8] Undefined index: page E:\wamp\www\scuthelper\3\Application\Home\Controller\ProductsController.class.php 第 8 行.
SQL: SHOW COLUMNS FROM `categories` [ RunTime:0.0040s ]
SQL: SELECT * FROM `categories` WHERE ( category_id=3 ) LIMIT 1   [ RunTime:0.0010s ]
SQL: SHOW COLUMNS FROM `products` [ RunTime:0.0040s ]
SQL: SELECT * FROM `products` WHERE ( category=3 and quantity>quantity_sold and is_deleted=0 ) ORDER BY modify_time desc LIMIT 0,12   [ RunTime:0.0010s ]
NOTIC: [2] Invalid argument supplied for foreach() E:\wamp\www\scuthelper\3\Application\Home\Controller\ProductsController.class.php 第 22 行.
SQL: SHOW COLUMNS FROM `users` [ RunTime:0.0050s ]
SQL: SELECT * FROM `users` WHERE ( user_id=21 ) LIMIT 1   [ RunTime:0.0010s ]
SQL: SELECT * FROM `categories` WHERE ( category_id=3 ) LIMIT 1   [ RunTime:0.0010s ]
SQL: SELECT * FROM `categories` WHERE ( parent_category=0 )  [ RunTime:0.0000s ]
SQL: SELECT * FROM `categories` WHERE ( parent_category=1 )  [ RunTime:0.0010s ]
SQL: SELECT * FROM `categories` WHERE ( parent_category=3 )  [ RunTime:0.0010s ]
NOTIC: [2] file_get_contents(isMobile?user_agent=Mozilla/5.0 (Windows NT 6.1; WOW64; rv:45.0) Gecko/20100101 Firefox/45.0): failed to open stream: Result too large E:\wamp\www\scuthelper\3\Application\Home\Controller\ProductsController.class.php 第 69 行.
INFO: [ view_parse ] --START--
INFO: [ template_filter ] --START--
INFO: Run Behavior\ContentReplaceBehavior [ RunTime:0.001000s ]
INFO: [ template_filter ] --END-- [ RunTime:0.001000s ]
INFO: Run Behavior\ParseTemplateBehavior [ RunTime:0.021001s ]
INFO: [ view_parse ] --END-- [ RunTime:0.021001s ]
INFO: [ view_filter ] --START--
INFO: Run Behavior\WriteHtmlCacheBehavior [ RunTime:0.001000s ]
INFO: [ view_filter ] --END-- [ RunTime:0.002000s ]
INFO: [ view_parse ] --START--
INFO: [ template_filter ] --START--
INFO: Run Behavior\ContentReplaceBehavior [ RunTime:0.000000s ]
INFO: [ template_filter ] --END-- [ RunTime:-0.022001s ]
INFO: Run Behavior\ParseTemplateBehavior [ RunTime:0.022002s ]
INFO: [ view_parse ] --END-- [ RunTime:-0.003000s ]
INFO: [ view_filter ] --START--
INFO: Run Behavior\WriteHtmlCacheBehavior [ RunTime:0.000000s ]
INFO: [ view_filter ] --END-- [ RunTime:-0.025002s ]
INFO: [ view_parse ] --START--
INFO: [ template_filter ] --START--
INFO: Run Behavior\ContentReplaceBehavior [ RunTime:0.000000s ]
INFO: [ template_filter ] --END-- [ RunTime:-0.035002s ]
INFO: Run Behavior\ParseTemplateBehavior [ RunTime:0.006000s ]
INFO: [ view_parse ] --END-- [ RunTime:-0.028002s ]
INFO: [ view_filter ] --START--
INFO: Run Behavior\WriteHtmlCacheBehavior [ RunTime:0.000000s ]
INFO: [ view_filter ] --END-- [ RunTime:-0.033002s ]
NOTIC: [2] Cannot modify header information - headers already sent by (output started at E:\wamp\www\scuthelper\3\ThinkPHP\Library\Think\View.class.php:95) E:\wamp\www\scuthelper\3\ThinkPHP\Library\Think\View.class.php 第 91 行.
NOTIC: [2] Cannot modify header information - headers already sent by (output started at E:\wamp\www\scuthelper\3\ThinkPHP\Library\Think\View.class.php:95) E:\wamp\www\scuthelper\3\ThinkPHP\Library\Think\View.class.php 第 92 行.
NOTIC: [2] Cannot modify header information - headers already sent by (output started at E:\wamp\www\scuthelper\3\ThinkPHP\Library\Think\View.class.php:95) E:\wamp\www\scuthelper\3\ThinkPHP\Library\Think\View.class.php 第 93 行.
INFO: [ app_end ] --START--
INFO: Run Behavior\ShowPageTraceBehavior [ RunTime:0.001000s ]
INFO: [ app_end ] --END-- [ RunTime:0.001000s ]

[ 2016-04-15T00:36:40+08:00 ] ::1 /scuthelper/3/market/type?category=3
INFO: [ app_init ] --START--
INFO: Run Behavior\BuildLiteBehavior [ RunTime:0.000000s ]
INFO: [ app_init ] --END-- [ RunTime:0.001000s ]
INFO: [ app_begin ] --START--
INFO: Run Behavior\ReadHtmlCacheBehavior [ RunTime:0.003001s ]
INFO: [ app_begin ] --END-- [ RunTime:0.003001s ]
NOTIC: [8] A session had already been started - ignoring session_start() E:\wamp\www\scuthelper\3\Application\Home\Controller\ProductsController.class.php 第 6 行.
NOTIC: [8] Undefined index: page E:\wamp\www\scuthelper\3\Application\Home\Controller\ProductsController.class.php 第 8 行.
SQL: SHOW COLUMNS FROM `categories` [ RunTime:0.0040s ]
SQL: SELECT * FROM `categories` WHERE ( category_id=3 ) LIMIT 1   [ RunTime:0.0000s ]
SQL: SHOW COLUMNS FROM `products` [ RunTime:0.0040s ]
SQL: SELECT * FROM `products` WHERE ( category=3 and quantity>quantity_sold and is_deleted=0 ) ORDER BY modify_time desc LIMIT 0,12   [ RunTime:0.0010s ]
NOTIC: [2] Invalid argument supplied for foreach() E:\wamp\www\scuthelper\3\Application\Home\Controller\ProductsController.class.php 第 22 行.
SQL: SHOW COLUMNS FROM `users` [ RunTime:0.0040s ]
SQL: SELECT * FROM `users` WHERE ( user_id=21 ) LIMIT 1   [ RunTime:0.0010s ]
SQL: SELECT * FROM `categories` WHERE ( category_id=3 ) LIMIT 1   [ RunTime:0.0000s ]
SQL: SELECT * FROM `categories` WHERE ( parent_category=0 )  [ RunTime:0.0000s ]
SQL: SELECT * FROM `categories` WHERE ( parent_category=1 )  [ RunTime:0.0000s ]
SQL: SELECT * FROM `categories` WHERE ( parent_category=3 )  [ RunTime:0.0010s ]
NOTIC: [2] file_get_contents(isMobile?user_agent=Mozilla/5.0 (Windows NT 6.1; WOW64; rv:45.0) Gecko/20100101 Firefox/45.0): failed to open stream: Result too large E:\wamp\www\scuthelper\3\Application\Home\Controller\ProductsController.class.php 第 69 行.
INFO: [ view_parse ] --START--
INFO: [ template_filter ] --START--
INFO: Run Behavior\ContentReplaceBehavior [ RunTime:0.000000s ]
INFO: [ template_filter ] --END-- [ RunTime:0.001000s ]
INFO: Run Behavior\ParseTemplateBehavior [ RunTime:0.020001s ]
INFO: [ view_parse ] --END-- [ RunTime:0.021001s ]
INFO: [ view_filter ] --START--
INFO: Run Behavior\WriteHtmlCacheBehavior [ RunTime:0.001001s ]
INFO: [ view_filter ] --END-- [ RunTime:0.001001s ]
INFO: [ view_parse ] --START--
INFO: [ template_filter ] --START--
INFO: Run Behavior\ContentReplaceBehavior [ RunTime:0.001000s ]
INFO: [ template_filter ] --END-- [ RunTime:-0.024002s ]
INFO: Run Behavior\ParseTemplateBehavior [ RunTime:0.024001s ]
INFO: [ view_parse ] --END-- [ RunTime:-0.003001s ]
INFO: [ view_filter ] --START--
INFO: Run Behavior\WriteHtmlCacheBehavior [ RunTime:0.000000s ]
INFO: [ view_filter ] --END-- [ RunTime:-0.027001s ]
INFO: [ view_parse ] --START--
INFO: [ template_filter ] --START--
INFO: Run Behavior\ContentReplaceBehavior [ RunTime:0.001000s ]
INFO: [ template_filter ] --END-- [ RunTime:-0.037002s ]
INFO: Run Behavior\ParseTemplateBehavior [ RunTime:0.006001s ]
INFO: [ view_parse ] --END-- [ RunTime:-0.029002s ]
INFO: [ view_filter ] --START--
INFO: Run Behavior\WriteHtmlCacheBehavior [ RunTime:0.000000s ]
INFO: [ view_filter ] --END-- [ RunTime:-0.036002s ]
NOTIC: [2] Cannot modify header information - headers already sent by (output started at E:\wamp\www\scuthelper\3\ThinkPHP\Library\Think\View.class.php:95) E:\wamp\www\scuthelper\3\ThinkPHP\Library\Think\View.class.php 第 91 行.
NOTIC: [2] Cannot modify header information - headers already sent by (output started at E:\wamp\www\scuthelper\3\ThinkPHP\Library\Think\View.class.php:95) E:\wamp\www\scuthelper\3\ThinkPHP\Library\Think\View.class.php 第 92 行.
NOTIC: [2] Cannot modify header information - headers already sent by (output started at E:\wamp\www\scuthelper\3\ThinkPHP\Library\Think\View.class.php:95) E:\wamp\www\scuthelper\3\ThinkPHP\Library\Think\View.class.php 第 93 行.
INFO: [ app_end ] --START--
INFO: Run Behavior\ShowPageTraceBehavior [ RunTime:0.002000s ]
INFO: [ app_end ] --END-- [ RunTime:0.002000s ]

[ 2016-04-15T00:36:55+08:00 ] ::1 /scuthelper/3/market/type?category=2
INFO: [ app_init ] --START--
INFO: Run Behavior\BuildLiteBehavior [ RunTime:0.000000s ]
INFO: [ app_init ] --END-- [ RunTime:0.000000s ]
INFO: [ app_begin ] --START--
INFO: Run Behavior\ReadHtmlCacheBehavior [ RunTime:0.002000s ]
INFO: [ app_begin ] --END-- [ RunTime:0.002000s ]
NOTIC: [8] A session had already been started - ignoring session_start() E:\wamp\www\scuthelper\3\Application\Home\Controller\ProductsController.class.php 第 6 行.
NOTIC: [8] Undefined index: page E:\wamp\www\scuthelper\3\Application\Home\Controller\ProductsController.class.php 第 8 行.
SQL: SHOW COLUMNS FROM `categories` [ RunTime:0.0040s ]
SQL: SELECT * FROM `categories` WHERE ( category_id=2 ) LIMIT 1   [ RunTime:0.0000s ]
SQL: SHOW COLUMNS FROM `products` [ RunTime:0.0050s ]
SQL: SELECT * FROM `products` WHERE ( category=2 and quantity>quantity_sold and is_deleted=0 ) ORDER BY modify_time desc LIMIT 0,12   [ RunTime:0.0010s ]
NOTIC: [2] Invalid argument supplied for foreach() E:\wamp\www\scuthelper\3\Application\Home\Controller\ProductsController.class.php 第 22 行.
SQL: SHOW COLUMNS FROM `users` [ RunTime:0.0040s ]
SQL: SELECT * FROM `users` WHERE ( user_id=21 ) LIMIT 1   [ RunTime:0.0010s ]
SQL: SELECT * FROM `categories` WHERE ( category_id=2 ) LIMIT 1   [ RunTime:0.0000s ]
SQL: SELECT * FROM `categories` WHERE ( parent_category=0 )  [ RunTime:0.0010s ]
SQL: SELECT * FROM `categories` WHERE ( parent_category=1 )  [ RunTime:0.0010s ]
SQL: SELECT * FROM `categories` WHERE ( parent_category=3 )  [ RunTime:0.0000s ]
NOTIC: [2] file_get_contents(isMobile?user_agent=Mozilla/5.0 (Windows NT 6.1; WOW64; rv:45.0) Gecko/20100101 Firefox/45.0): failed to open stream: Result too large E:\wamp\www\scuthelper\3\Application\Home\Controller\ProductsController.class.php 第 69 行.
INFO: [ view_parse ] --START--
INFO: [ template_filter ] --START--
INFO: Run Behavior\ContentReplaceBehavior [ RunTime:0.000000s ]
INFO: [ template_filter ] --END-- [ RunTime:0.000000s ]
INFO: Run Behavior\ParseTemplateBehavior [ RunTime:0.020001s ]
INFO: [ view_parse ] --END-- [ RunTime:0.020001s ]
INFO: [ view_filter ] --START--
INFO: Run Behavior\WriteHtmlCacheBehavior [ RunTime:0.001000s ]
INFO: [ view_filter ] --END-- [ RunTime:0.002000s ]
INFO: [ view_parse ] --START--
INFO: [ template_filter ] --START--
INFO: Run Behavior\ContentReplaceBehavior [ RunTime:0.000000s ]
INFO: [ template_filter ] --END-- [ RunTime:-0.023001s ]
INFO: Run Behavior\ParseTemplateBehavior [ RunTime:0.024002s ]
INFO: [ view_parse ] --END-- [ RunTime:-0.004000s ]
INFO: [ view_filter ] --START--
INFO: Run Behavior\WriteHtmlCacheBehavior [ RunTime:0.000000s ]
INFO: [ view_filter ] --END-- [ RunTime:-0.026002s ]
INFO: [ view_parse ] --START--
INFO: [ template_filter ] --START--
INFO: Run Behavior\ContentReplaceBehavior [ RunTime:0.001000s ]
INFO: [ template_filter ] --END-- [ RunTime:-0.037002s ]
INFO: Run Behavior\ParseTemplateBehavior [ RunTime:0.006000s ]
INFO: [ view_parse ] --END-- [ RunTime:-0.030002s ]
INFO: [ view_filter ] --START--
INFO: Run Behavior\WriteHtmlCacheBehavior [ RunTime:0.000000s ]
INFO: [ view_filter ] --END-- [ RunTime:-0.034002s ]
NOTIC: [2] Cannot modify header information - headers already sent by (output started at E:\wamp\www\scuthelper\3\ThinkPHP\Library\Think\View.class.php:95) E:\wamp\www\scuthelper\3\ThinkPHP\Library\Think\View.class.php 第 91 行.
NOTIC: [2] Cannot modify header information - headers already sent by (output started at E:\wamp\www\scuthelper\3\ThinkPHP\Library\Think\View.class.php:95) E:\wamp\www\scuthelper\3\ThinkPHP\Library\Think\View.class.php 第 92 行.
NOTIC: [2] Cannot modify header information - headers already sent by (output started at E:\wamp\www\scuthelper\3\ThinkPHP\Library\Think\View.class.php:95) E:\wamp\www\scuthelper\3\ThinkPHP\Library\Think\View.class.php 第 93 行.
INFO: [ app_end ] --START--
INFO: Run Behavior\ShowPageTraceBehavior [ RunTime:0.003001s ]
INFO: [ app_end ] --END-- [ RunTime:0.003001s ]

[ 2016-04-15T00:37:09+08:00 ] ::1 /scuthelper/3/market/type?category=2
INFO: [ app_init ] --START--
INFO: Run Behavior\BuildLiteBehavior [ RunTime:0.000000s ]
INFO: [ app_init ] --END-- [ RunTime:0.001000s ]
INFO: [ app_begin ] --START--
INFO: Run Behavior\ReadHtmlCacheBehavior [ RunTime:0.002000s ]
INFO: [ app_begin ] --END-- [ RunTime:0.003000s ]
NOTIC: [8] A session had already been started - ignoring session_start() E:\wamp\www\scuthelper\3\Application\Home\Controller\ProductsController.class.php 第 6 行.
NOTIC: [8] Undefined index: page E:\wamp\www\scuthelper\3\Application\Home\Controller\ProductsController.class.php 第 8 行.
SQL: SHOW COLUMNS FROM `categories` [ RunTime:0.0040s ]
SQL: SELECT * FROM `categories` WHERE ( category_id=2 ) LIMIT 1   [ RunTime:0.0230s ]
SQL: SHOW COLUMNS FROM `products` [ RunTime:0.0040s ]
SQL: SELECT * FROM `products` WHERE ( category=2 and quantity>quantity_sold and is_deleted=0 ) ORDER BY modify_time desc LIMIT 0,12   [ RunTime:0.0050s ]
NOTIC: [2] Invalid argument supplied for foreach() E:\wamp\www\scuthelper\3\Application\Home\Controller\ProductsController.class.php 第 22 行.
SQL: SHOW COLUMNS FROM `users` [ RunTime:0.0060s ]
SQL: SELECT * FROM `users` WHERE ( user_id=21 ) LIMIT 1   [ RunTime:0.0010s ]
SQL: SELECT * FROM `categories` WHERE ( category_id=2 ) LIMIT 1   [ RunTime:0.0010s ]
SQL: SELECT * FROM `categories` WHERE ( parent_category=0 )  [ RunTime:0.0020s ]
SQL: SELECT * FROM `categories` WHERE ( parent_category=1 )  [ RunTime:0.0050s ]
SQL: SELECT * FROM `categories` WHERE ( parent_category=3 )  [ RunTime:0.0010s ]
NOTIC: [2] file_get_contents(isMobile?user_agent=Mozilla/5.0 (Windows NT 6.1; WOW64; rv:45.0) Gecko/20100101 Firefox/45.0): failed to open stream: No such file or directory E:\wamp\www\scuthelper\3\Application\Home\Controller\ProductsController.class.php 第 69 行.
INFO: [ view_parse ] --START--
INFO: [ template_filter ] --START--
INFO: Run Behavior\ContentReplaceBehavior [ RunTime:0.001000s ]
INFO: [ template_filter ] --END-- [ RunTime:0.001000s ]
INFO: Run Behavior\ParseTemplateBehavior [ RunTime:0.019001s ]
INFO: [ view_parse ] --END-- [ RunTime:0.019001s ]
INFO: [ view_filter ] --START--
INFO: Run Behavior\WriteHtmlCacheBehavior [ RunTime:0.001000s ]
INFO: [ view_filter ] --END-- [ RunTime:0.002000s ]
INFO: [ view_parse ] --START--
INFO: [ template_filter ] --START--
INFO: Run Behavior\ContentReplaceBehavior [ RunTime:0.000000s ]
INFO: [ template_filter ] --END-- [ RunTime:-0.025001s ]
INFO: Run Behavior\ParseTemplateBehavior [ RunTime:0.023001s ]
INFO: [ view_parse ] --END-- [ RunTime:-0.005000s ]
INFO: [ view_filter ] --START--
INFO: Run Behavior\WriteHtmlCacheBehavior [ RunTime:0.000000s ]
INFO: [ view_filter ] --END-- [ RunTime:-0.026001s ]
INFO: [ view_parse ] --START--
INFO: [ template_filter ] --START--
INFO: Run Behavior\ContentReplaceBehavior [ RunTime:0.000000s ]
INFO: [ template_filter ] --END-- [ RunTime:-0.037002s ]
INFO: Run Behavior\ParseTemplateBehavior [ RunTime:0.008000s ]
INFO: [ view_parse ] --END-- [ RunTime:-0.030002s ]
INFO: [ view_filter ] --START--
INFO: Run Behavior\WriteHtmlCacheBehavior [ RunTime:0.000000s ]
INFO: [ view_filter ] --END-- [ RunTime:-0.036002s ]
NOTIC: [2] Cannot modify header information - headers already sent by (output started at E:\wamp\www\scuthelper\3\ThinkPHP\Library\Think\View.class.php:95) E:\wamp\www\scuthelper\3\ThinkPHP\Library\Think\View.class.php 第 91 行.
NOTIC: [2] Cannot modify header information - headers already sent by (output started at E:\wamp\www\scuthelper\3\ThinkPHP\Library\Think\View.class.php:95) E:\wamp\www\scuthelper\3\ThinkPHP\Library\Think\View.class.php 第 92 行.
NOTIC: [2] Cannot modify header information - headers already sent by (output started at E:\wamp\www\scuthelper\3\ThinkPHP\Library\Think\View.class.php:95) E:\wamp\www\scuthelper\3\ThinkPHP\Library\Think\View.class.php 第 93 行.
INFO: [ app_end ] --START--
INFO: Run Behavior\ShowPageTraceBehavior [ RunTime:0.002000s ]
INFO: [ app_end ] --END-- [ RunTime:0.002000s ]

[ 2016-04-15T00:37:59+08:00 ] ::1 /scuthelper/3/market/type?category=2
INFO: [ app_init ] --START--
INFO: Run Behavior\BuildLiteBehavior [ RunTime:0.000000s ]
INFO: [ app_init ] --END-- [ RunTime:0.002001s ]
INFO: [ app_begin ] --START--
INFO: Run Behavior\ReadHtmlCacheBehavior [ RunTime:0.002000s ]
INFO: [ app_begin ] --END-- [ RunTime:0.002000s ]
NOTIC: [8] A session had already been started - ignoring session_start() E:\wamp\www\scuthelper\3\Application\Home\Controller\ProductsController.class.php 第 6 行.
NOTIC: [8] Undefined index: page E:\wamp\www\scuthelper\3\Application\Home\Controller\ProductsController.class.php 第 8 行.
SQL: SHOW COLUMNS FROM `categories` [ RunTime:0.0040s ]
SQL: SELECT * FROM `categories` WHERE ( category_id=2 ) LIMIT 1   [ RunTime:0.0000s ]
SQL: SHOW COLUMNS FROM `products` [ RunTime:0.0040s ]
SQL: SELECT * FROM `products` WHERE ( category=2 and quantity>quantity_sold and is_deleted=0 ) ORDER BY modify_time desc LIMIT 0,12   [ RunTime:0.0010s ]
NOTIC: [2] Invalid argument supplied for foreach() E:\wamp\www\scuthelper\3\Application\Home\Controller\ProductsController.class.php 第 22 行.
SQL: SHOW COLUMNS FROM `users` [ RunTime:0.0050s ]
SQL: SELECT * FROM `users` WHERE ( user_id=21 ) LIMIT 1   [ RunTime:0.0010s ]
SQL: SELECT * FROM `categories` WHERE ( category_id=2 ) LIMIT 1   [ RunTime:0.0010s ]
SQL: SELECT * FROM `categories` WHERE ( parent_category=0 )  [ RunTime:0.0010s ]
SQL: SELECT * FROM `categories` WHERE ( parent_category=1 )  [ RunTime:0.0010s ]
SQL: SELECT * FROM `categories` WHERE ( parent_category=3 )  [ RunTime:0.0000s ]
NOTIC: [2] file_get_contents(isMobile?user_agent=Mozilla/5.0 (Windows NT 6.1; WOW64; rv:45.0) Gecko/20100101 Firefox/45.0): failed to open stream: Result too large E:\wamp\www\scuthelper\3\Application\Home\Controller\ProductsController.class.php 第 69 行.
INFO: [ view_parse ] --START--
INFO: [ template_filter ] --START--
INFO: Run Behavior\ContentReplaceBehavior [ RunTime:0.000000s ]
INFO: [ template_filter ] --END-- [ RunTime:0.001001s ]
INFO: Run Behavior\ParseTemplateBehavior [ RunTime:0.021001s ]
INFO: [ view_parse ] --END-- [ RunTime:0.021001s ]
INFO: [ view_filter ] --START--
INFO: Run Behavior\WriteHtmlCacheBehavior [ RunTime:0.001000s ]
INFO: [ view_filter ] --END-- [ RunTime:0.001000s ]
INFO: [ view_parse ] --START--
INFO: [ template_filter ] --START--
INFO: Run Behavior\ContentReplaceBehavior [ RunTime:0.001000s ]
INFO: [ template_filter ] --END-- [ RunTime:-0.023001s ]
INFO: Run Behavior\ParseTemplateBehavior [ RunTime:0.025001s ]
INFO: [ view_parse ] --END-- [ RunTime:-0.003000s ]
INFO: [ view_filter ] --START--
INFO: Run Behavior\WriteHtmlCacheBehavior [ RunTime:0.000000s ]
INFO: [ view_filter ] --END-- [ RunTime:-0.027001s ]
INFO: [ view_parse ] --START--
INFO: [ template_filter ] --START--
INFO: Run Behavior\ContentReplaceBehavior [ RunTime:0.000000s ]
INFO: [ template_filter ] --END-- [ RunTime:-0.038002s ]
INFO: Run Behavior\ParseTemplateBehavior [ RunTime:0.006001s ]
INFO: [ view_parse ] --END-- [ RunTime:-0.031001s ]
INFO: [ view_filter ] --START--
INFO: Run Behavior\WriteHtmlCacheBehavior [ RunTime:0.000000s ]
INFO: [ view_filter ] --END-- [ RunTime:-0.036002s ]
NOTIC: [2] Cannot modify header information - headers already sent by (output started at E:\wamp\www\scuthelper\3\ThinkPHP\Library\Think\View.class.php:95) E:\wamp\www\scuthelper\3\ThinkPHP\Library\Think\View.class.php 第 91 行.
NOTIC: [2] Cannot modify header information - headers already sent by (output started at E:\wamp\www\scuthelper\3\ThinkPHP\Library\Think\View.class.php:95) E:\wamp\www\scuthelper\3\ThinkPHP\Library\Think\View.class.php 第 92 行.
NOTIC: [2] Cannot modify header information - headers already sent by (output started at E:\wamp\www\scuthelper\3\ThinkPHP\Library\Think\View.class.php:95) E:\wamp\www\scuthelper\3\ThinkPHP\Library\Think\View.class.php 第 93 行.
INFO: [ app_end ] --START--
INFO: Run Behavior\ShowPageTraceBehavior [ RunTime:0.002000s ]
INFO: [ app_end ] --END-- [ RunTime:0.003000s ]

[ 2016-04-15T00:38:07+08:00 ] ::1 /scuthelper/3/market/type?category=2
INFO: [ app_init ] --START--
INFO: Run Behavior\BuildLiteBehavior [ RunTime:0.000000s ]
INFO: [ app_init ] --END-- [ RunTime:0.001000s ]
INFO: [ app_begin ] --START--
INFO: Run Behavior\ReadHtmlCacheBehavior [ RunTime:0.001000s ]
INFO: [ app_begin ] --END-- [ RunTime:0.003000s ]
NOTIC: [8] A session had already been started - ignoring session_start() E:\wamp\www\scuthelper\3\Application\Home\Controller\ProductsController.class.php 第 6 行.
NOTIC: [8] Undefined index: page E:\wamp\www\scuthelper\3\Application\Home\Controller\ProductsController.class.php 第 8 行.
SQL: SHOW COLUMNS FROM `categories` [ RunTime:0.0050s ]
SQL: SELECT * FROM `categories` WHERE ( category_id=2 ) LIMIT 1   [ RunTime:0.0010s ]
SQL: SHOW COLUMNS FROM `products` [ RunTime:0.0050s ]
SQL: SELECT * FROM `products` WHERE ( category=2 and quantity>quantity_sold and is_deleted=0 ) ORDER BY modify_time desc LIMIT 0,12   [ RunTime:0.0010s ]
NOTIC: [2] Invalid argument supplied for foreach() E:\wamp\www\scuthelper\3\Application\Home\Controller\ProductsController.class.php 第 22 行.
SQL: SHOW COLUMNS FROM `users` [ RunTime:0.0040s ]
SQL: SELECT * FROM `users` WHERE ( user_id=21 ) LIMIT 1   [ RunTime:0.0020s ]
SQL: SELECT * FROM `categories` WHERE ( category_id=2 ) LIMIT 1   [ RunTime:0.0000s ]
SQL: SELECT * FROM `categories` WHERE ( parent_category=0 )  [ RunTime:0.0000s ]
SQL: SELECT * FROM `categories` WHERE ( parent_category=1 )  [ RunTime:0.0010s ]
SQL: SELECT * FROM `categories` WHERE ( parent_category=3 )  [ RunTime:0.0010s ]
NOTIC: [2] file_get_contents(isMobile?user_agent=Mozilla/5.0 (Windows NT 6.1; WOW64; rv:45.0) Gecko/20100101 Firefox/45.0): failed to open stream: Result too large E:\wamp\www\scuthelper\3\Application\Home\Controller\ProductsController.class.php 第 69 行.
INFO: [ view_parse ] --START--
INFO: [ template_filter ] --START--
INFO: Run Behavior\ContentReplaceBehavior [ RunTime:0.000000s ]
INFO: [ template_filter ] --END-- [ RunTime:0.001000s ]
INFO: Run Behavior\ParseTemplateBehavior [ RunTime:0.021001s ]
INFO: [ view_parse ] --END-- [ RunTime:0.023001s ]
INFO: [ view_filter ] --START--
INFO: Run Behavior\WriteHtmlCacheBehavior [ RunTime:0.002000s ]
INFO: [ view_filter ] --END-- [ RunTime:0.002000s ]
INFO: [ view_parse ] --START--
INFO: [ template_filter ] --START--
INFO: Run Behavior\ContentReplaceBehavior [ RunTime:0.001000s ]
INFO: [ template_filter ] --END-- [ RunTime:-0.027001s ]
INFO: Run Behavior\ParseTemplateBehavior [ RunTime:0.027002s ]
INFO: [ view_parse ] --END-- [ RunTime:-0.004000s ]
INFO: [ view_filter ] --START--
INFO: Run Behavior\WriteHtmlCacheBehavior [ RunTime:0.000000s ]
INFO: [ view_filter ] --END-- [ RunTime:-0.030002s ]
INFO: [ view_parse ] --START--
INFO: [ template_filter ] --START--
INFO: Run Behavior\ContentReplaceBehavior [ RunTime:0.000000s ]
INFO: [ template_filter ] --END-- [ RunTime:-0.042002s ]
INFO: Run Behavior\ParseTemplateBehavior [ RunTime:0.008000s ]
INFO: [ view_parse ] --END-- [ RunTime:-0.033002s ]
INFO: [ view_filter ] --START--
INFO: Run Behavior\WriteHtmlCacheBehavior [ RunTime:0.000000s ]
INFO: [ view_filter ] --END-- [ RunTime:-0.039002s ]
NOTIC: [2] Cannot modify header information - headers already sent by (output started at E:\wamp\www\scuthelper\3\ThinkPHP\Library\Think\View.class.php:95) E:\wamp\www\scuthelper\3\ThinkPHP\Library\Think\View.class.php 第 91 行.
NOTIC: [2] Cannot modify header information - headers already sent by (output started at E:\wamp\www\scuthelper\3\ThinkPHP\Library\Think\View.class.php:95) E:\wamp\www\scuthelper\3\ThinkPHP\Library\Think\View.class.php 第 92 行.
NOTIC: [2] Cannot modify header information - headers already sent by (output started at E:\wamp\www\scuthelper\3\ThinkPHP\Library\Think\View.class.php:95) E:\wamp\www\scuthelper\3\ThinkPHP\Library\Think\View.class.php 第 93 行.
INFO: [ app_end ] --START--
INFO: Run Behavior\ShowPageTraceBehavior [ RunTime:0.001001s ]
INFO: [ app_end ] --END-- [ RunTime:0.001001s ]

[ 2016-04-15T00:38:09+08:00 ] ::1 /scuthelper/3/market/type?category=3
INFO: [ app_init ] --START--
INFO: Run Behavior\BuildLiteBehavior [ RunTime:0.001000s ]
INFO: [ app_init ] --END-- [ RunTime:0.001000s ]
INFO: [ app_begin ] --START--
INFO: Run Behavior\ReadHtmlCacheBehavior [ RunTime:0.002000s ]
INFO: [ app_begin ] --END-- [ RunTime:0.002000s ]
NOTIC: [8] A session had already been started - ignoring session_start() E:\wamp\www\scuthelper\3\Application\Home\Controller\ProductsController.class.php 第 6 行.
NOTIC: [8] Undefined index: page E:\wamp\www\scuthelper\3\Application\Home\Controller\ProductsController.class.php 第 8 行.
SQL: SHOW COLUMNS FROM `categories` [ RunTime:0.0040s ]
SQL: SELECT * FROM `categories` WHERE ( category_id=3 ) LIMIT 1   [ RunTime:0.0010s ]
SQL: SHOW COLUMNS FROM `products` [ RunTime:0.0040s ]
SQL: SELECT * FROM `products` WHERE ( category=3 and quantity>quantity_sold and is_deleted=0 ) ORDER BY modify_time desc LIMIT 0,12   [ RunTime:0.0010s ]
NOTIC: [2] Invalid argument supplied for foreach() E:\wamp\www\scuthelper\3\Application\Home\Controller\ProductsController.class.php 第 22 行.
SQL: SHOW COLUMNS FROM `users` [ RunTime:0.0040s ]
SQL: SELECT * FROM `users` WHERE ( user_id=21 ) LIMIT 1   [ RunTime:0.0010s ]
SQL: SELECT * FROM `categories` WHERE ( category_id=3 ) LIMIT 1   [ RunTime:0.0000s ]
SQL: SELECT * FROM `categories` WHERE ( parent_category=0 )  [ RunTime:0.0010s ]
SQL: SELECT * FROM `categories` WHERE ( parent_category=1 )  [ RunTime:0.0000s ]
SQL: SELECT * FROM `categories` WHERE ( parent_category=3 )  [ RunTime:0.0020s ]
NOTIC: [2] file_get_contents(isMobile?user_agent=Mozilla/5.0 (Windows NT 6.1; WOW64; rv:45.0) Gecko/20100101 Firefox/45.0): failed to open stream: Result too large E:\wamp\www\scuthelper\3\Application\Home\Controller\ProductsController.class.php 第 69 行.
INFO: [ view_parse ] --START--
INFO: [ template_filter ] --START--
INFO: Run Behavior\ContentReplaceBehavior [ RunTime:0.000000s ]
INFO: [ template_filter ] --END-- [ RunTime:0.000000s ]
INFO: Run Behavior\ParseTemplateBehavior [ RunTime:0.019001s ]
INFO: [ view_parse ] --END-- [ RunTime:0.019001s ]
INFO: [ view_filter ] --START--
INFO: Run Behavior\WriteHtmlCacheBehavior [ RunTime:0.001000s ]
INFO: [ view_filter ] --END-- [ RunTime:0.001000s ]
INFO: [ view_parse ] --START--
INFO: [ template_filter ] --START--
INFO: Run Behavior\ContentReplaceBehavior [ RunTime:0.001000s ]
INFO: [ template_filter ] --END-- [ RunTime:-0.024001s ]
INFO: Run Behavior\ParseTemplateBehavior [ RunTime:0.023002s ]
INFO: [ view_parse ] --END-- [ RunTime:-0.003000s ]
INFO: [ view_filter ] --START--
INFO: Run Behavior\WriteHtmlCacheBehavior [ RunTime:0.000000s ]
INFO: [ view_filter ] --END-- [ RunTime:-0.025002s ]
INFO: [ view_parse ] --START--
INFO: [ template_filter ] --START--
INFO: Run Behavior\ContentReplaceBehavior [ RunTime:0.000000s ]
INFO: [ template_filter ] --END-- [ RunTime:-0.037002s ]
INFO: Run Behavior\ParseTemplateBehavior [ RunTime:0.006000s ]
INFO: [ view_parse ] --END-- [ RunTime:-0.029002s ]
INFO: [ view_filter ] --START--
INFO: Run Behavior\WriteHtmlCacheBehavior [ RunTime:0.000000s ]
INFO: [ view_filter ] --END-- [ RunTime:-0.034002s ]
NOTIC: [2] Cannot modify header information - headers already sent by (output started at E:\wamp\www\scuthelper\3\ThinkPHP\Library\Think\View.class.php:95) E:\wamp\www\scuthelper\3\ThinkPHP\Library\Think\View.class.php 第 91 行.
NOTIC: [2] Cannot modify header information - headers already sent by (output started at E:\wamp\www\scuthelper\3\ThinkPHP\Library\Think\View.class.php:95) E:\wamp\www\scuthelper\3\ThinkPHP\Library\Think\View.class.php 第 92 行.
NOTIC: [2] Cannot modify header information - headers already sent by (output started at E:\wamp\www\scuthelper\3\ThinkPHP\Library\Think\View.class.php:95) E:\wamp\www\scuthelper\3\ThinkPHP\Library\Think\View.class.php 第 93 行.
INFO: [ app_end ] --START--
INFO: Run Behavior\ShowPageTraceBehavior [ RunTime:0.002000s ]
INFO: [ app_end ] --END-- [ RunTime:0.002000s ]

