[ 2016-04-06T22:46:17+08:00 ] ::1 /scuthelper/3/updateOrder
INFO: [ app_init ] --START--
INFO: Run Behavior\BuildLiteBehavior [ RunTime:0.000000s ]
INFO: [ app_init ] --END-- [ RunTime:0.002000s ]
ERR: 无法加载模块:UpdateOrder

[ 2016-04-06T22:46:22+08:00 ] ::1 /scuthelper/3/updateOrder
INFO: [ app_init ] --START--
INFO: Run Behavior\BuildLiteBehavior [ RunTime:0.000000s ]
INFO: [ app_init ] --END-- [ RunTime:0.001000s ]
ERR: 无法加载模块:UpdateOrder

[ 2016-04-06T22:49:39+08:00 ] ::1 /scuthelper/3/updateOrder
INFO: [ app_init ] --START--
INFO: Run Behavior\BuildLiteBehavior [ RunTime:0.000000s ]
INFO: [ app_init ] --END-- [ RunTime:0.002000s ]
ERR: 无法加载模块:UpdateOrder

[ 2016-04-06T22:49:43+08:00 ] ::1 /scuthelper/3/updateOrder
INFO: [ app_init ] --START--
INFO: Run Behavior\BuildLiteBehavior [ RunTime:0.001000s ]
INFO: [ app_init ] --END-- [ RunTime:0.002000s ]
ERR: 无法加载模块:UpdateOrder

[ 2016-04-06T22:50:56+08:00 ] ::1 /scuthelper/3/updateOrder
INFO: [ app_init ] --START--
INFO: Run Behavior\BuildLiteBehavior [ RunTime:0.000000s ]
INFO: [ app_init ] --END-- [ RunTime:0.001000s ]
ERR: 无法加载模块:UpdateOrder

[ 2016-04-06T22:51:02+08:00 ] ::1 /scuthelper/3/updateOrder
INFO: [ app_init ] --START--
INFO: Run Behavior\BuildLiteBehavior [ RunTime:0.000000s ]
INFO: [ app_init ] --END-- [ RunTime:0.002000s ]
ERR: 无法加载模块:UpdateOrder

[ 2016-04-06T22:53:34+08:00 ] ::1 /scuthelper/3/updateOrder
INFO: [ app_init ] --START--
INFO: Run Behavior\BuildLiteBehavior [ RunTime:0.000000s ]
INFO: [ app_init ] --END-- [ RunTime:0.001000s ]
ERR: 无法加载模块:UpdateOrder

[ 2016-04-06T22:56:45+08:00 ] ::1 /scuthelper/3/updateOrder
INFO: [ app_init ] --START--
INFO: Run Behavior\BuildLiteBehavior [ RunTime:0.000000s ]
INFO: [ app_init ] --END-- [ RunTime:0.003000s ]
ERR: 无法加载模块:UpdateOrder

[ 2016-04-06T23:05:45+08:00 ] ::1 /scuthelper/3/updateOrder
INFO: [ app_init ] --START--
INFO: Run Behavior\BuildLiteBehavior [ RunTime:0.000000s ]
INFO: [ app_init ] --END-- [ RunTime:0.002001s ]
ERR: 无法加载模块:UpdateOrder

