[ 2016-02-22T21:34:55+08:00 ] 127.0.0.1 /scuthelper/3/index.php/123
INFO: [ app_init ] --START--
INFO: Run Behavior\BuildLiteBehavior [ RunTime:0.000000s ]
INFO: [ app_init ] --END-- [ RunTime:0.001000s ]
ERR: 无法加载模块:123

[ 2016-02-22T21:58:38+08:00 ] 127.0.0.1 /scuthelper/3/index.php/123/index
INFO: [ app_init ] --START--
INFO: Run Behavior\BuildLiteBehavior [ RunTime:0.000000s ]
INFO: [ app_init ] --END-- [ RunTime:0.007000s ]
ERR: 无法加载模块:123

[ 2016-02-22T22:08:03+08:00 ] 127.0.0.1 /scuthelper/3/index.php/market
INFO: [ app_init ] --START--
INFO: Run Behavior\BuildLiteBehavior [ RunTime:0.000000s ]
INFO: [ app_init ] --END-- [ RunTime:0.000000s ]
ERR: 无法加载模块:Market

[ 2016-02-22T22:08:09+08:00 ] 127.0.0.1 /scuthelper/3/index.php/Market
INFO: [ app_init ] --START--
INFO: Run Behavior\BuildLiteBehavior [ RunTime:0.000000s ]
INFO: [ app_init ] --END-- [ RunTime:0.001000s ]
ERR: 无法加载模块:Market

[ 2016-02-22T22:25:47+08:00 ] 127.0.0.1 /scuthelper/3/index.php/Market/index
INFO: [ app_init ] --START--
INFO: Run Behavior\BuildLiteBehavior [ RunTime:0.000000s ]
INFO: [ app_init ] --END-- [ RunTime:0.002001s ]
ERR: 无法加载模块:Market

[ 2016-02-22T22:26:40+08:00 ] 127.0.0.1 /scuthelper/3/index.php/Market
INFO: [ app_init ] --START--
INFO: Run Behavior\BuildLiteBehavior [ RunTime:0.001000s ]
INFO: [ app_init ] --END-- [ RunTime:0.001000s ]
ERR: 无法加载模块:Market

[ 2016-02-22T22:26:43+08:00 ] 127.0.0.1 /scuthelper/3/index.php/market
INFO: [ app_init ] --START--
INFO: Run Behavior\BuildLiteBehavior [ RunTime:0.000000s ]
INFO: [ app_init ] --END-- [ RunTime:0.001000s ]
ERR: 无法加载模块:Market

[ 2016-02-22T22:30:30+08:00 ] 127.0.0.1 /scuthelper/3/index.php/Scut
INFO: [ app_init ] --START--
INFO: Run Behavior\BuildLiteBehavior [ RunTime:0.001000s ]
INFO: [ app_init ] --END-- [ RunTime:0.001000s ]
ERR: 无法加载模块:Scut

[ 2016-02-22T22:31:51+08:00 ] 127.0.0.1 /scuthelper/3/index.php/Application/Home/View/Image/logo.jpg
INFO: [ app_init ] --START--
INFO: Run Behavior\BuildLiteBehavior [ RunTime:0.000000s ]
INFO: [ app_init ] --END-- [ RunTime:0.001000s ]
ERR: 无法加载模块:Application

[ 2016-02-22T22:31:51+08:00 ] 127.0.0.1 /scuthelper/3/index.php/Application/Home/View/Image/logo.jpg
INFO: [ app_init ] --START--
INFO: Run Behavior\BuildLiteBehavior [ RunTime:0.000000s ]
INFO: [ app_init ] --END-- [ RunTime:0.001000s ]
ERR: 无法加载模块:Application

[ 2016-02-22T22:31:56+08:00 ] 127.0.0.1 /scuthelper/3/index.php/Scut
INFO: [ app_init ] --START--
INFO: Run Behavior\BuildLiteBehavior [ RunTime:0.000000s ]
INFO: [ app_init ] --END-- [ RunTime:0.000000s ]
ERR: 无法加载模块:Scut

[ 2016-02-22T22:45:51+08:00 ] 127.0.0.1 /scuthelper/3/index.php/Scut
INFO: [ app_init ] --START--
INFO: Run Behavior\BuildLiteBehavior [ RunTime:0.000000s ]
INFO: [ app_init ] --END-- [ RunTime:0.001000s ]
ERR: 无法加载模块:Scut

[ 2016-02-22T22:47:50+08:00 ] 127.0.0.1 /scuthelper/3/index.php/Scut
INFO: [ app_init ] --START--
INFO: Run Behavior\BuildLiteBehavior [ RunTime:0.000000s ]
INFO: [ app_init ] --END-- [ RunTime:0.001000s ]
ERR: 无法加载模块:Scut

[ 2016-02-22T23:25:55+08:00 ] 127.0.0.1 /scuthelper/3/index.php/assets/js/ie-emulation-modes-warning.js
INFO: [ app_init ] --START--
INFO: Run Behavior\BuildLiteBehavior [ RunTime:0.000000s ]
INFO: [ app_init ] --END-- [ RunTime:0.000000s ]
ERR: 无法加载模块:Assets

[ 2016-02-22T23:25:55+08:00 ] 127.0.0.1 /scuthelper/3/index.php/assets/js/ie10-viewport-bug-workaround.js
INFO: [ app_init ] --START--
INFO: Run Behavior\BuildLiteBehavior [ RunTime:0.000000s ]
INFO: [ app_init ] --END-- [ RunTime:0.001001s ]
ERR: 无法加载模块:Assets

[ 2016-02-22T23:25:55+08:00 ] 127.0.0.1 /scuthelper/3/index.php/assets/js/ie10-viewport-bug-workaround.js
INFO: [ app_init ] --START--
INFO: Run Behavior\BuildLiteBehavior [ RunTime:0.000000s ]
INFO: [ app_init ] --END-- [ RunTime:0.000000s ]
ERR: 无法加载模块:Assets

[ 2016-02-22T23:26:00+08:00 ] 127.0.0.1 /scuthelper/3/index.php/Market/index
INFO: [ app_init ] --START--
INFO: Run Behavior\BuildLiteBehavior [ RunTime:0.000000s ]
INFO: [ app_init ] --END-- [ RunTime:0.001000s ]
ERR: 无法加载模块:Market

