[ 2016-04-12T00:20:18+08:00 ] ::1 /scuthelper/3/index.php/Message/getMessage.html
INFO: [ app_init ] --START--
INFO: Run Behavior\BuildLiteBehavior [ RunTime:0.000000s ]
INFO: [ app_init ] --END-- [ RunTime:0.000000s ]
ERR: 无法加载模块:Message

[ 2016-04-12T00:21:32+08:00 ] ::1 /scuthelper/3/index.php/Messages/getMessage.html
INFO: [ app_init ] --START--
INFO: Run Behavior\BuildLiteBehavior [ RunTime:0.000000s ]
INFO: [ app_init ] --END-- [ RunTime:0.000000s ]
ERR: 无法加载模块:Messages

[ 2016-04-12T00:21:59+08:00 ] ::1 /scuthelper/3/index.php/Messages/getMessage
INFO: [ app_init ] --START--
INFO: Run Behavior\BuildLiteBehavior [ RunTime:0.000000s ]
INFO: [ app_init ] --END-- [ RunTime:0.001000s ]
ERR: 无法加载模块:Messages

[ 2016-04-12T00:23:08+08:00 ] ::1 /scuthelper/3/index.php/Messages/getMessage.html
INFO: [ app_init ] --START--
INFO: Run Behavior\BuildLiteBehavior [ RunTime:0.000000s ]
INFO: [ app_init ] --END-- [ RunTime:0.002000s ]
ERR: 无法加载模块:Messages

